<?xml version="1.0" encoding="UTF-8"?>
<testsuites>
  <testsuite name="betadiff" timestamp="2025-05-16T10:29:35Z" hostname="796bdca56e9f" tests="8" skipped="0" failures="0" errors="0" time="0.582">
    <testcase time="0.016" classname="betadiff" name="dbetadiff_gives_error_with_empty_numeric_for_z"/>
    <testcase time="0.208" classname="betadiff" name="Monte_Carlo_result_converges_to_Go_probability"/>
    <testcase time="0.205" classname="betadiff" name="Monte_Carlo_result_converges_to_Stop_probability"/>
    <testcase time="0.012" classname="betadiff" name="pbetadiff_gives_the_correct_number_result"/>
    <testcase time="0.018" classname="betadiff" name="The_pbetadiff_has_incrementally_higher_cdf_with_increase_x_support"/>
    <testcase time="0.01" classname="betadiff" name="The_entire_Z_domain_from_1_to_1_gives_a_pbetadiff_of_1"/>
    <testcase time="0.054" classname="betadiff" name="qbetadiff_gives_the_correct_number_result"/>
    <testcase time="0.0589999999999999" classname="betadiff" name="The_result_of_qbetadiff_corresponds_to_the_result_of_pbetadiff_"/>
  </testsuite>
  <testsuite name="boundsPostProb" timestamp="2025-05-16T10:29:36Z" hostname="796bdca56e9f" tests="16" skipped="0" failures="0" errors="0" time="0.074">
    <testcase time="0.024" classname="boundsPostProb" name="boundsPostProb_gives_correct_result"/>
    <testcase time="0.00299999999999989" classname="boundsPostProb" name="boundsPostProb_gives_correct_result"/>
    <testcase time="0.00300000000000011" classname="boundsPostProb" name="boundsPostProb_gives_correct_result"/>
    <testcase time="0.002" classname="boundsPostProb" name="boundsPostProb_gives_correct_result"/>
    <testcase time="0.00299999999999989" classname="boundsPostProb" name="boundsPostProb_gives_correct_result"/>
    <testcase time="0.00300000000000011" classname="boundsPostProb" name="boundsPostProb_gives_correct_result"/>
    <testcase time="0.00299999999999989" classname="boundsPostProb" name="boundsPostProb_gives_correct_result"/>
    <testcase time="0.002" classname="boundsPostProb" name="boundsPostProb_gives_correct_result"/>
    <testcase time="0.01" classname="boundsPostProb" name="boundsPostProb_for_beta_mixture_gives_correct_result"/>
    <testcase time="0.002" classname="boundsPostProb" name="boundsPostProb_for_beta_mixture_gives_correct_result"/>
    <testcase time="0.00300000000000011" classname="boundsPostProb" name="boundsPostProb_for_beta_mixture_gives_correct_result"/>
    <testcase time="0.00499999999999989" classname="boundsPostProb" name="boundsPostProb_for_beta_mixture_gives_correct_result"/>
    <testcase time="0.00300000000000011" classname="boundsPostProb" name="boundsPostProb_for_beta_mixture_gives_correct_result"/>
    <testcase time="0.00299999999999989" classname="boundsPostProb" name="boundsPostProb_for_beta_mixture_gives_correct_result"/>
    <testcase time="0.00300000000000011" classname="boundsPostProb" name="boundsPostProb_for_beta_mixture_gives_correct_result"/>
    <testcase time="0.002" classname="boundsPostProb" name="boundsPostProb_for_beta_mixture_gives_correct_result"/>
  </testsuite>
  <testsuite name="boundsPredprob" timestamp="2025-05-16T10:29:36Z" hostname="796bdca56e9f" tests="18" skipped="0" failures="0" errors="0" time="0.198">
    <testcase time="0.126" classname="boundsPredprob" name="boundsPredprob_gives_correct_result_and_when_default_weight_is_not_assigned"/>
    <testcase time="0.002" classname="boundsPredprob" name="boundsPredprob_gives_correct_result_and_when_default_weight_is_not_assigned"/>
    <testcase time="0.00300000000000011" classname="boundsPredprob" name="boundsPredprob_gives_correct_result_and_when_default_weight_is_not_assigned"/>
    <testcase time="0.00299999999999989" classname="boundsPredprob" name="boundsPredprob_gives_correct_result_and_when_default_weight_is_not_assigned"/>
    <testcase time="0.00300000000000011" classname="boundsPredprob" name="boundsPredprob_gives_correct_result_and_when_default_weight_is_not_assigned"/>
    <testcase time="0.002" classname="boundsPredprob" name="boundsPredprob_gives_correct_result_and_when_default_weight_is_not_assigned"/>
    <testcase time="0.00299999999999989" classname="boundsPredprob" name="boundsPredprob_gives_correct_result_and_when_default_weight_is_not_assigned"/>
    <testcase time="0.00300000000000011" classname="boundsPredprob" name="boundsPredprob_gives_correct_result_and_when_default_weight_is_not_assigned"/>
    <testcase time="0.0249999999999999" classname="boundsPredprob" name="boundsPredprob_with_Beta_Mixture_Priors_give_correct_results"/>
    <testcase time="0.004" classname="boundsPredprob" name="boundsPredprob_with_Beta_Mixture_Priors_give_correct_results"/>
    <testcase time="0.00299999999999989" classname="boundsPredprob" name="boundsPredprob_with_Beta_Mixture_Priors_give_correct_results"/>
    <testcase time="0.00300000000000011" classname="boundsPredprob" name="boundsPredprob_with_Beta_Mixture_Priors_give_correct_results"/>
    <testcase time="0.00299999999999989" classname="boundsPredprob" name="boundsPredprob_with_Beta_Mixture_Priors_give_correct_results"/>
    <testcase time="0.00300000000000011" classname="boundsPredprob" name="boundsPredprob_with_Beta_Mixture_Priors_give_correct_results"/>
    <testcase time="0.00299999999999989" classname="boundsPredprob" name="boundsPredprob_with_Beta_Mixture_Priors_give_correct_results"/>
    <testcase time="0.00300000000000011" classname="boundsPredprob" name="boundsPredprob_with_Beta_Mixture_Priors_give_correct_results"/>
    <testcase time="0.00299999999999989" classname="boundsPredprob" name="boundsPredprob_with_Beta_Mixture_Priors_give_correct_results"/>
    <testcase time="0.00300000000000011" classname="boundsPredprob" name="boundsPredprob_with_Beta_Mixture_Priors_give_correct_results"/>
  </testsuite>
  <testsuite name="dbetabinom" timestamp="2025-05-16T10:29:36Z" hostname="796bdca56e9f" tests="32" skipped="0" failures="0" errors="0" time="0.194">
    <testcase time="0.00800000000000001" classname="dbetabinom" name="dbetabinom_for_every_x_support_is_between_0_and_1"/>
    <testcase time="0.00499999999999989" classname="dbetabinom" name="sum_of_the_dbetabinom_values_over_the_whole_support_for_x_is_1"/>
    <testcase time="0.00700000000000012" classname="dbetabinom" name="dbetabinom_gives_correct_numeric_result_with_uniform_parameters"/>
    <testcase time="0.00600000000000001" classname="dbetabinom" name="dbetabinomMix_gives_a_result_between_0_and_1"/>
    <testcase time="0.0069999999999999" classname="dbetabinom" name="dbetabinomMix_gives_the_correct_numeric_result_with_non_uniform_parameters"/>
    <testcase time="0.00700000000000012" classname="dbetabinom" name="Sum_of_dbetabinomMix_for_all_x_is_1"/>
    <testcase time="0.00600000000000001" classname="dbetabinom" name="dbetabinomMix_gives_the_correct_numeric_result_with_beta_mixture"/>
    <testcase time="0.00600000000000001" classname="dbetabinom" name="The_pbetaMix_has_incrementally_higher_cdf_with_larger_x"/>
    <testcase time="0.00600000000000001" classname="dbetabinom" name="pbetaMix_gives_the_correct_number_result_with_beta_mixture"/>
    <testcase time="0.00600000000000001" classname="dbetabinom" name="pbetaMix_works_for_edge_cases"/>
    <testcase time="0.00299999999999989" classname="dbetabinom" name="pbetaMix_works_for_edge_cases"/>
    <testcase time="0.00500000000000012" classname="dbetabinom" name="The_complement_of_pbetaMix_can_be_derived_with_a_different_lower.tail_flag"/>
    <testcase time="0.0089999999999999" classname="dbetabinom" name="qbetaMix_gives_the_correct_number_result_with_beta_mixture"/>
    <testcase time="0.00700000000000012" classname="dbetabinom" name="qbetaMix_gives_the_correct_number_result_with_beta_mixture_with_increased_parameters"/>
    <testcase time="0.014" classname="dbetabinom" name="qbetaMix_gives_a_number_result_with_beta_mixture"/>
    <testcase time="0.00599999999999978" classname="dbetabinom" name="qbetaMix_works_as_expected_for_edge_cases"/>
    <testcase time="0.002" classname="dbetabinom" name="qbetaMix_works_as_expected_for_edge_cases"/>
    <testcase time="0.00700000000000012" classname="dbetabinom" name="dbetaMix_gives_the_correct_result_with_a_1_mixture_component"/>
    <testcase time="0.00600000000000001" classname="dbetabinom" name="dbetaMix_gives_the_correct_result_with_increased_parameters"/>
    <testcase time="0.0109999999999999" classname="dbetabinom" name="dbetaMix_gives_error_when_weights_do_not_sum_to_1"/>
    <testcase time="0.00600000000000001" classname="dbetabinom" name="dbetaMix_gives_the_correct_result_as_dbeta"/>
    <testcase time="0.00600000000000001" classname="dbetabinom" name="dbetaMix_handles_edge_cases"/>
    <testcase time="0.00300000000000011" classname="dbetabinom" name="dbetaMix_handles_edge_cases"/>
    <testcase time="0.00299999999999989" classname="dbetabinom" name="dbetaMix_handles_edge_cases"/>
    <testcase time="0.002" classname="dbetabinom" name="dbetaMix_handles_edge_cases"/>
    <testcase time="0.00600000000000001" classname="dbetabinom" name="h_getBetamixPost_gives_the_correct_beta_mixture_parameters"/>
    <testcase time="0.00600000000000001" classname="dbetabinom" name="h_getBetamixPost_gives_weight_of_1_for_a_single_beta_distribution"/>
    <testcase time="0.00600000000000001" classname="dbetabinom" name="h_getBetamixPost_gives_correct_weights_with_2_beta_mixture_component"/>
    <testcase time="0.00300000000000011" classname="dbetabinom" name="h_getBetamixPost_gives_correct_weights_with_2_beta_mixture_component"/>
    <testcase time="0.00600000000000001" classname="dbetabinom" name="h_getBetamixPost_gives_the_correct_weights_when_sum_of_weights_is_not_1_in_beta_mixture"/>
    <testcase time="0.00499999999999989" classname="dbetabinom" name="h_getBetamixPost_gives_the_correct_weights_when_sum_of_weights_is_not_1_in_beta_mixture"/>
    <testcase time="0.00800000000000001" classname="dbetabinom" name="h_getBetamixPost_gives_error_when_K_rows_of_weights_exceed_length_of_par"/>
  </testsuite>
  <testsuite name="ocPostprob" timestamp="2025-05-16T10:29:36Z" hostname="796bdca56e9f" tests="1031" skipped="0" failures="0" errors="0" time="25.089">
    <testcase time="0.00900000000000012" classname="ocPostprob" name="h_dist0_works_as_expected"/>
    <testcase time="0.00299999999999989" classname="ocPostprob" name="h_dist0_works_as_expected"/>
    <testcase time="0.002" classname="ocPostprob" name="h_dist0_works_as_expected"/>
    <testcase time="0.00300000000000011" classname="ocPostprob" name="h_dist0_works_as_expected"/>
    <testcase time="0.002" classname="ocPostprob" name="h_dist0_works_as_expected"/>
    <testcase time="0.00299999999999989" classname="ocPostprob" name="h_dist0_works_as_expected"/>
    <testcase time="0.00300000000000011" classname="ocPostprob" name="h_dist0_works_as_expected"/>
    <testcase time="0.0069999999999999" classname="ocPostprob" name="h_get_distance_gives_an_error_with_one_element_numeric"/>
    <testcase time="0.004" classname="ocPostprob" name="h_get_distance_gives_results_within_range"/>
    <testcase time="0.01" classname="ocPostprob" name="h_get_distance_gives_an_error_with_non_sorted_argument"/>
    <testcase time="0.00600000000000001" classname="ocPostprob" name="h_get_looks_gives_correct_results_if_input_is_identical"/>
    <testcase time="0.00600000000000001" classname="ocPostprob" name="h_get_looks_gives_correct_results_if_input_is_identical"/>
    <testcase time="0.004" classname="ocPostprob" name="h_get_looks_together_with_h_get_distance_always_gives_unique_looks"/>
    <testcase time="0.002" classname="ocPostprob" name="h_get_looks_together_with_h_get_distance_always_gives_unique_looks"/>
    <testcase time="0.00099999999999989" classname="ocPostprob" name="h_get_looks_together_with_h_get_distance_always_gives_unique_looks"/>
    <testcase time="0.00100000000000011" classname="ocPostprob" name="h_get_looks_together_with_h_get_distance_always_gives_unique_looks"/>
    <testcase time="0.00099999999999989" classname="ocPostprob" name="h_get_looks_together_with_h_get_distance_always_gives_unique_looks"/>
    <testcase time="0.00100000000000011" classname="ocPostprob" name="h_get_looks_together_with_h_get_distance_always_gives_unique_looks"/>
    <testcase time="0.00099999999999989" classname="ocPostprob" name="h_get_looks_together_with_h_get_distance_always_gives_unique_looks"/>
    <testcase time="0.002" classname="ocPostprob" name="h_get_looks_together_with_h_get_distance_always_gives_unique_looks"/>
    <testcase time="0.00100000000000011" classname="ocPostprob" name="h_get_looks_together_with_h_get_distance_always_gives_unique_looks"/>
    <testcase time="0.00099999999999989" classname="ocPostprob" name="h_get_looks_together_with_h_get_distance_always_gives_unique_looks"/>
    <testcase time="0.00100000000000011" classname="ocPostprob" name="h_get_looks_together_with_h_get_distance_always_gives_unique_looks"/>
    <testcase time="0.00099999999999989" classname="ocPostprob" name="h_get_looks_together_with_h_get_distance_always_gives_unique_looks"/>
    <testcase time="0.002" classname="ocPostprob" name="h_get_looks_together_with_h_get_distance_always_gives_unique_looks"/>
    <testcase time="0.00100000000000011" classname="ocPostprob" name="h_get_looks_together_with_h_get_distance_always_gives_unique_looks"/>
    <testcase time="0.00099999999999989" classname="ocPostprob" name="h_get_looks_together_with_h_get_distance_always_gives_unique_looks"/>
    <testcase time="0.00100000000000011" classname="ocPostprob" name="h_get_looks_together_with_h_get_distance_always_gives_unique_looks"/>
    <testcase time="0.00099999999999989" classname="ocPostprob" name="h_get_looks_together_with_h_get_distance_always_gives_unique_looks"/>
    <testcase time="0.002" classname="ocPostprob" name="h_get_looks_together_with_h_get_distance_always_gives_unique_looks"/>
    <testcase time="0.00100000000000011" classname="ocPostprob" name="h_get_looks_together_with_h_get_distance_always_gives_unique_looks"/>
    <testcase time="0.00099999999999989" classname="ocPostprob" name="h_get_looks_together_with_h_get_distance_always_gives_unique_looks"/>
    <testcase time="0.00100000000000011" classname="ocPostprob" name="h_get_looks_together_with_h_get_distance_always_gives_unique_looks"/>
    <testcase time="0.002" classname="ocPostprob" name="h_get_looks_together_with_h_get_distance_always_gives_unique_looks"/>
    <testcase time="0.00099999999999989" classname="ocPostprob" name="h_get_looks_together_with_h_get_distance_always_gives_unique_looks"/>
    <testcase time="0.00100000000000011" classname="ocPostprob" name="h_get_looks_together_with_h_get_distance_always_gives_unique_looks"/>
    <testcase time="0.00099999999999989" classname="ocPostprob" name="h_get_looks_together_with_h_get_distance_always_gives_unique_looks"/>
    <testcase time="0.002" classname="ocPostprob" name="h_get_looks_together_with_h_get_distance_always_gives_unique_looks"/>
    <testcase time="0.004" classname="ocPostprob" name="h_get_looks_together_with_h_get_distance_always_gives_unique_looks"/>
    <testcase time="0.00100000000000011" classname="ocPostprob" name="h_get_looks_together_with_h_get_distance_always_gives_unique_looks"/>
    <testcase time="0.00099999999999989" classname="ocPostprob" name="h_get_looks_together_with_h_get_distance_always_gives_unique_looks"/>
    <testcase time="0.00100000000000011" classname="ocPostprob" name="h_get_looks_together_with_h_get_distance_always_gives_unique_looks"/>
    <testcase time="0.002" classname="ocPostprob" name="h_get_looks_together_with_h_get_distance_always_gives_unique_looks"/>
    <testcase time="0.00099999999999989" classname="ocPostprob" name="h_get_looks_together_with_h_get_distance_always_gives_unique_looks"/>
    <testcase time="0.00100000000000011" classname="ocPostprob" name="h_get_looks_together_with_h_get_distance_always_gives_unique_looks"/>
    <testcase time="0.002" classname="ocPostprob" name="h_get_looks_together_with_h_get_distance_always_gives_unique_looks"/>
    <testcase time="0.00099999999999989" classname="ocPostprob" name="h_get_looks_together_with_h_get_distance_always_gives_unique_looks"/>
    <testcase time="0.00100000000000011" classname="ocPostprob" name="h_get_looks_together_with_h_get_distance_always_gives_unique_looks"/>
    <testcase time="0.002" classname="ocPostprob" name="h_get_looks_together_with_h_get_distance_always_gives_unique_looks"/>
    <testcase time="0.00099999999999989" classname="ocPostprob" name="h_get_looks_together_with_h_get_distance_always_gives_unique_looks"/>
    <testcase time="0.00100000000000011" classname="ocPostprob" name="h_get_looks_together_with_h_get_distance_always_gives_unique_looks"/>
    <testcase time="0.002" classname="ocPostprob" name="h_get_looks_together_with_h_get_distance_always_gives_unique_looks"/>
    <testcase time="0.00099999999999989" classname="ocPostprob" name="h_get_looks_together_with_h_get_distance_always_gives_unique_looks"/>
    <testcase time="0.00100000000000011" classname="ocPostprob" name="h_get_looks_together_with_h_get_distance_always_gives_unique_looks"/>
    <testcase time="0.002" classname="ocPostprob" name="h_get_looks_together_with_h_get_distance_always_gives_unique_looks"/>
    <testcase time="0.00099999999999989" classname="ocPostprob" name="h_get_looks_together_with_h_get_distance_always_gives_unique_looks"/>
    <testcase time="0.00100000000000011" classname="ocPostprob" name="h_get_looks_together_with_h_get_distance_always_gives_unique_looks"/>
    <testcase time="0.002" classname="ocPostprob" name="h_get_looks_together_with_h_get_distance_always_gives_unique_looks"/>
    <testcase time="0.00099999999999989" classname="ocPostprob" name="h_get_looks_together_with_h_get_distance_always_gives_unique_looks"/>
    <testcase time="0.00100000000000011" classname="ocPostprob" name="h_get_looks_together_with_h_get_distance_always_gives_unique_looks"/>
    <testcase time="0.002" classname="ocPostprob" name="h_get_looks_together_with_h_get_distance_always_gives_unique_looks"/>
    <testcase time="0.00099999999999989" classname="ocPostprob" name="h_get_looks_together_with_h_get_distance_always_gives_unique_looks"/>
    <testcase time="0.00100000000000011" classname="ocPostprob" name="h_get_looks_together_with_h_get_distance_always_gives_unique_looks"/>
    <testcase time="0.002" classname="ocPostprob" name="h_get_looks_together_with_h_get_distance_always_gives_unique_looks"/>
    <testcase time="0.00099999999999989" classname="ocPostprob" name="h_get_looks_together_with_h_get_distance_always_gives_unique_looks"/>
    <testcase time="0.00100000000000011" classname="ocPostprob" name="h_get_looks_together_with_h_get_distance_always_gives_unique_looks"/>
    <testcase time="0.002" classname="ocPostprob" name="h_get_looks_together_with_h_get_distance_always_gives_unique_looks"/>
    <testcase time="0.00099999999999989" classname="ocPostprob" name="h_get_looks_together_with_h_get_distance_always_gives_unique_looks"/>
    <testcase time="0.00100000000000011" classname="ocPostprob" name="h_get_looks_together_with_h_get_distance_always_gives_unique_looks"/>
    <testcase time="0.002" classname="ocPostprob" name="h_get_looks_together_with_h_get_distance_always_gives_unique_looks"/>
    <testcase time="0.00099999999999989" classname="ocPostprob" name="h_get_looks_together_with_h_get_distance_always_gives_unique_looks"/>
    <testcase time="0.004" classname="ocPostprob" name="h_get_looks_together_with_h_get_distance_always_gives_unique_looks"/>
    <testcase time="0.00100000000000011" classname="ocPostprob" name="h_get_looks_together_with_h_get_distance_always_gives_unique_looks"/>
    <testcase time="0.002" classname="ocPostprob" name="h_get_looks_together_with_h_get_distance_always_gives_unique_looks"/>
    <testcase time="0.00099999999999989" classname="ocPostprob" name="h_get_looks_together_with_h_get_distance_always_gives_unique_looks"/>
    <testcase time="0.002" classname="ocPostprob" name="h_get_looks_together_with_h_get_distance_always_gives_unique_looks"/>
    <testcase time="0.00100000000000011" classname="ocPostprob" name="h_get_looks_together_with_h_get_distance_always_gives_unique_looks"/>
    <testcase time="0.002" classname="ocPostprob" name="h_get_looks_together_with_h_get_distance_always_gives_unique_looks"/>
    <testcase time="0.00099999999999989" classname="ocPostprob" name="h_get_looks_together_with_h_get_distance_always_gives_unique_looks"/>
    <testcase time="0.00100000000000011" classname="ocPostprob" name="h_get_looks_together_with_h_get_distance_always_gives_unique_looks"/>
    <testcase time="0.002" classname="ocPostprob" name="h_get_looks_together_with_h_get_distance_always_gives_unique_looks"/>
    <testcase time="0.00099999999999989" classname="ocPostprob" name="h_get_looks_together_with_h_get_distance_always_gives_unique_looks"/>
    <testcase time="0.002" classname="ocPostprob" name="h_get_looks_together_with_h_get_distance_always_gives_unique_looks"/>
    <testcase time="0.00100000000000011" classname="ocPostprob" name="h_get_looks_together_with_h_get_distance_always_gives_unique_looks"/>
    <testcase time="0.00099999999999989" classname="ocPostprob" name="h_get_looks_together_with_h_get_distance_always_gives_unique_looks"/>
    <testcase time="0.002" classname="ocPostprob" name="h_get_looks_together_with_h_get_distance_always_gives_unique_looks"/>
    <testcase time="0.00100000000000011" classname="ocPostprob" name="h_get_looks_together_with_h_get_distance_always_gives_unique_looks"/>
    <testcase time="0.002" classname="ocPostprob" name="h_get_looks_together_with_h_get_distance_always_gives_unique_looks"/>
    <testcase time="0.00099999999999989" classname="ocPostprob" name="h_get_looks_together_with_h_get_distance_always_gives_unique_looks"/>
    <testcase time="0.00099999999999989" classname="ocPostprob" name="h_get_looks_together_with_h_get_distance_always_gives_unique_looks"/>
    <testcase time="0.00099999999999989" classname="ocPostprob" name="h_get_looks_together_with_h_get_distance_always_gives_unique_looks"/>
    <testcase time="0.00100000000000011" classname="ocPostprob" name="h_get_looks_together_with_h_get_distance_always_gives_unique_looks"/>
    <testcase time="0.002" classname="ocPostprob" name="h_get_looks_together_with_h_get_distance_always_gives_unique_looks"/>
    <testcase time="0.00099999999999989" classname="ocPostprob" name="h_get_looks_together_with_h_get_distance_always_gives_unique_looks"/>
    <testcase time="0.002" classname="ocPostprob" name="h_get_looks_together_with_h_get_distance_always_gives_unique_looks"/>
    <testcase time="0.00100000000000011" classname="ocPostprob" name="h_get_looks_together_with_h_get_distance_always_gives_unique_looks"/>
    <testcase time="0.002" classname="ocPostprob" name="h_get_looks_together_with_h_get_distance_always_gives_unique_looks"/>
    <testcase time="0.00099999999999989" classname="ocPostprob" name="h_get_looks_together_with_h_get_distance_always_gives_unique_looks"/>
    <testcase time="0.002" classname="ocPostprob" name="h_get_looks_together_with_h_get_distance_always_gives_unique_looks"/>
    <testcase time="0.00100000000000011" classname="ocPostprob" name="h_get_looks_together_with_h_get_distance_always_gives_unique_looks"/>
    <testcase time="0.00099999999999989" classname="ocPostprob" name="h_get_looks_together_with_h_get_distance_always_gives_unique_looks"/>
    <testcase time="0.00500000000000012" classname="ocPostprob" name="h_get_looks_together_with_h_get_distance_always_gives_unique_looks"/>
    <testcase time="0.00099999999999989" classname="ocPostprob" name="h_get_looks_together_with_h_get_distance_always_gives_unique_looks"/>
    <testcase time="0.002" classname="ocPostprob" name="h_get_looks_together_with_h_get_distance_always_gives_unique_looks"/>
    <testcase time="0.00100000000000011" classname="ocPostprob" name="h_get_looks_together_with_h_get_distance_always_gives_unique_looks"/>
    <testcase time="0.002" classname="ocPostprob" name="h_get_looks_together_with_h_get_distance_always_gives_unique_looks"/>
    <testcase time="0.00099999999999989" classname="ocPostprob" name="h_get_looks_together_with_h_get_distance_always_gives_unique_looks"/>
    <testcase time="0.002" classname="ocPostprob" name="h_get_looks_together_with_h_get_distance_always_gives_unique_looks"/>
    <testcase time="0.00100000000000011" classname="ocPostprob" name="h_get_looks_together_with_h_get_distance_always_gives_unique_looks"/>
    <testcase time="0.002" classname="ocPostprob" name="h_get_looks_together_with_h_get_distance_always_gives_unique_looks"/>
    <testcase time="0.00099999999999989" classname="ocPostprob" name="h_get_looks_together_with_h_get_distance_always_gives_unique_looks"/>
    <testcase time="0.002" classname="ocPostprob" name="h_get_looks_together_with_h_get_distance_always_gives_unique_looks"/>
    <testcase time="0.00100000000000011" classname="ocPostprob" name="h_get_looks_together_with_h_get_distance_always_gives_unique_looks"/>
    <testcase time="0.002" classname="ocPostprob" name="h_get_looks_together_with_h_get_distance_always_gives_unique_looks"/>
    <testcase time="0.00099999999999989" classname="ocPostprob" name="h_get_looks_together_with_h_get_distance_always_gives_unique_looks"/>
    <testcase time="0.002" classname="ocPostprob" name="h_get_looks_together_with_h_get_distance_always_gives_unique_looks"/>
    <testcase time="0.00100000000000011" classname="ocPostprob" name="h_get_looks_together_with_h_get_distance_always_gives_unique_looks"/>
    <testcase time="0.002" classname="ocPostprob" name="h_get_looks_together_with_h_get_distance_always_gives_unique_looks"/>
    <testcase time="0.00099999999999989" classname="ocPostprob" name="h_get_looks_together_with_h_get_distance_always_gives_unique_looks"/>
    <testcase time="0.002" classname="ocPostprob" name="h_get_looks_together_with_h_get_distance_always_gives_unique_looks"/>
    <testcase time="0.00100000000000011" classname="ocPostprob" name="h_get_looks_together_with_h_get_distance_always_gives_unique_looks"/>
    <testcase time="0.002" classname="ocPostprob" name="h_get_looks_together_with_h_get_distance_always_gives_unique_looks"/>
    <testcase time="0.002" classname="ocPostprob" name="h_get_looks_together_with_h_get_distance_always_gives_unique_looks"/>
    <testcase time="0.00099999999999989" classname="ocPostprob" name="h_get_looks_together_with_h_get_distance_always_gives_unique_looks"/>
    <testcase time="0.002" classname="ocPostprob" name="h_get_looks_together_with_h_get_distance_always_gives_unique_looks"/>
    <testcase time="0.00100000000000011" classname="ocPostprob" name="h_get_looks_together_with_h_get_distance_always_gives_unique_looks"/>
    <testcase time="0.002" classname="ocPostprob" name="h_get_looks_together_with_h_get_distance_always_gives_unique_looks"/>
    <testcase time="0.004" classname="ocPostprob" name="h_get_looks_together_with_h_get_distance_always_gives_unique_looks"/>
    <testcase time="0.00099999999999989" classname="ocPostprob" name="h_get_looks_together_with_h_get_distance_always_gives_unique_looks"/>
    <testcase time="0.002" classname="ocPostprob" name="h_get_looks_together_with_h_get_distance_always_gives_unique_looks"/>
    <testcase time="0.002" classname="ocPostprob" name="h_get_looks_together_with_h_get_distance_always_gives_unique_looks"/>
    <testcase time="0.00100000000000011" classname="ocPostprob" name="h_get_looks_together_with_h_get_distance_always_gives_unique_looks"/>
    <testcase time="0.002" classname="ocPostprob" name="h_get_looks_together_with_h_get_distance_always_gives_unique_looks"/>
    <testcase time="0.00099999999999989" classname="ocPostprob" name="h_get_looks_together_with_h_get_distance_always_gives_unique_looks"/>
    <testcase time="0.002" classname="ocPostprob" name="h_get_looks_together_with_h_get_distance_always_gives_unique_looks"/>
    <testcase time="0.002" classname="ocPostprob" name="h_get_looks_together_with_h_get_distance_always_gives_unique_looks"/>
    <testcase time="0.00100000000000011" classname="ocPostprob" name="h_get_looks_together_with_h_get_distance_always_gives_unique_looks"/>
    <testcase time="0.002" classname="ocPostprob" name="h_get_looks_together_with_h_get_distance_always_gives_unique_looks"/>
    <testcase time="0.00199999999999978" classname="ocPostprob" name="h_get_looks_together_with_h_get_distance_always_gives_unique_looks"/>
    <testcase time="0.00100000000000033" classname="ocPostprob" name="h_get_looks_together_with_h_get_distance_always_gives_unique_looks"/>
    <testcase time="0.00199999999999978" classname="ocPostprob" name="h_get_looks_together_with_h_get_distance_always_gives_unique_looks"/>
    <testcase time="0.00099999999999989" classname="ocPostprob" name="h_get_looks_together_with_h_get_distance_always_gives_unique_looks"/>
    <testcase time="0.00200000000000022" classname="ocPostprob" name="h_get_looks_together_with_h_get_distance_always_gives_unique_looks"/>
    <testcase time="0.00199999999999978" classname="ocPostprob" name="h_get_looks_together_with_h_get_distance_always_gives_unique_looks"/>
    <testcase time="0.00100000000000033" classname="ocPostprob" name="h_get_looks_together_with_h_get_distance_always_gives_unique_looks"/>
    <testcase time="0.00199999999999978" classname="ocPostprob" name="h_get_looks_together_with_h_get_distance_always_gives_unique_looks"/>
    <testcase time="0.00099999999999989" classname="ocPostprob" name="h_get_looks_together_with_h_get_distance_always_gives_unique_looks"/>
    <testcase time="0.00200000000000022" classname="ocPostprob" name="h_get_looks_together_with_h_get_distance_always_gives_unique_looks"/>
    <testcase time="0.00199999999999978" classname="ocPostprob" name="h_get_looks_together_with_h_get_distance_always_gives_unique_looks"/>
    <testcase time="0.00100000000000033" classname="ocPostprob" name="h_get_looks_together_with_h_get_distance_always_gives_unique_looks"/>
    <testcase time="0.00199999999999978" classname="ocPostprob" name="h_get_looks_together_with_h_get_distance_always_gives_unique_looks"/>
    <testcase time="0.004" classname="ocPostprob" name="h_get_looks_together_with_h_get_distance_always_gives_unique_looks"/>
    <testcase time="0.00200000000000022" classname="ocPostprob" name="h_get_looks_together_with_h_get_distance_always_gives_unique_looks"/>
    <testcase time="0.00199999999999978" classname="ocPostprob" name="h_get_looks_together_with_h_get_distance_always_gives_unique_looks"/>
    <testcase time="0.00099999999999989" classname="ocPostprob" name="h_get_looks_together_with_h_get_distance_always_gives_unique_looks"/>
    <testcase time="0.00200000000000022" classname="ocPostprob" name="h_get_looks_together_with_h_get_distance_always_gives_unique_looks"/>
    <testcase time="0.00199999999999978" classname="ocPostprob" name="h_get_looks_together_with_h_get_distance_always_gives_unique_looks"/>
    <testcase time="0.00100000000000033" classname="ocPostprob" name="h_get_looks_together_with_h_get_distance_always_gives_unique_looks"/>
    <testcase time="0.00199999999999978" classname="ocPostprob" name="h_get_looks_together_with_h_get_distance_always_gives_unique_looks"/>
    <testcase time="0.00200000000000022" classname="ocPostprob" name="h_get_looks_together_with_h_get_distance_always_gives_unique_looks"/>
    <testcase time="0.00099999999999989" classname="ocPostprob" name="h_get_looks_together_with_h_get_distance_always_gives_unique_looks"/>
    <testcase time="0.00199999999999978" classname="ocPostprob" name="h_get_looks_together_with_h_get_distance_always_gives_unique_looks"/>
    <testcase time="0.00200000000000022" classname="ocPostprob" name="h_get_looks_together_with_h_get_distance_always_gives_unique_looks"/>
    <testcase time="0.00099999999999989" classname="ocPostprob" name="h_get_looks_together_with_h_get_distance_always_gives_unique_looks"/>
    <testcase time="0.00200000000000022" classname="ocPostprob" name="h_get_looks_together_with_h_get_distance_always_gives_unique_looks"/>
    <testcase time="0.00199999999999978" classname="ocPostprob" name="h_get_looks_together_with_h_get_distance_always_gives_unique_looks"/>
    <testcase time="0.00099999999999989" classname="ocPostprob" name="h_get_looks_together_with_h_get_distance_always_gives_unique_looks"/>
    <testcase time="0.00200000000000022" classname="ocPostprob" name="h_get_looks_together_with_h_get_distance_always_gives_unique_looks"/>
    <testcase time="0.00199999999999978" classname="ocPostprob" name="h_get_looks_together_with_h_get_distance_always_gives_unique_looks"/>
    <testcase time="0.00200000000000022" classname="ocPostprob" name="h_get_looks_together_with_h_get_distance_always_gives_unique_looks"/>
    <testcase time="0.00099999999999989" classname="ocPostprob" name="h_get_looks_together_with_h_get_distance_always_gives_unique_looks"/>
    <testcase time="0.00199999999999978" classname="ocPostprob" name="h_get_looks_together_with_h_get_distance_always_gives_unique_looks"/>
    <testcase time="0.00200000000000022" classname="ocPostprob" name="h_get_looks_together_with_h_get_distance_always_gives_unique_looks"/>
    <testcase time="0.00099999999999989" classname="ocPostprob" name="h_get_looks_together_with_h_get_distance_always_gives_unique_looks"/>
    <testcase time="0.00499999999999989" classname="ocPostprob" name="h_get_looks_together_with_h_get_distance_always_gives_unique_looks"/>
    <testcase time="0.00100000000000033" classname="ocPostprob" name="h_get_looks_together_with_h_get_distance_always_gives_unique_looks"/>
    <testcase time="0.00199999999999978" classname="ocPostprob" name="h_get_looks_together_with_h_get_distance_always_gives_unique_looks"/>
    <testcase time="0.00200000000000022" classname="ocPostprob" name="h_get_looks_together_with_h_get_distance_always_gives_unique_looks"/>
    <testcase time="0.00199999999999978" classname="ocPostprob" name="h_get_looks_together_with_h_get_distance_always_gives_unique_looks"/>
    <testcase time="0.00099999999999989" classname="ocPostprob" name="h_get_looks_together_with_h_get_distance_always_gives_unique_looks"/>
    <testcase time="0.00099999999999989" classname="ocPostprob" name="h_get_looks_together_with_h_get_distance_always_gives_unique_looks"/>
    <testcase time="0.00199999999999978" classname="ocPostprob" name="h_get_looks_together_with_h_get_distance_always_gives_unique_looks"/>
    <testcase time="0.00200000000000022" classname="ocPostprob" name="h_get_looks_together_with_h_get_distance_always_gives_unique_looks"/>
    <testcase time="0.00099999999999989" classname="ocPostprob" name="h_get_looks_together_with_h_get_distance_always_gives_unique_looks"/>
    <testcase time="0.00100000000000033" classname="ocPostprob" name="h_get_looks_together_with_h_get_distance_always_gives_unique_looks"/>
    <testcase time="0.00199999999999978" classname="ocPostprob" name="h_get_looks_together_with_h_get_distance_always_gives_unique_looks"/>
    <testcase time="0.00200000000000022" classname="ocPostprob" name="h_get_looks_together_with_h_get_distance_always_gives_unique_looks"/>
    <testcase time="0.00199999999999978" classname="ocPostprob" name="h_get_looks_together_with_h_get_distance_always_gives_unique_looks"/>
    <testcase time="0.00099999999999989" classname="ocPostprob" name="h_get_looks_together_with_h_get_distance_always_gives_unique_looks"/>
    <testcase time="0.00200000000000022" classname="ocPostprob" name="h_get_looks_together_with_h_get_distance_always_gives_unique_looks"/>
    <testcase time="0.00199999999999978" classname="ocPostprob" name="h_get_looks_together_with_h_get_distance_always_gives_unique_looks"/>
    <testcase time="0.00200000000000022" classname="ocPostprob" name="h_get_looks_together_with_h_get_distance_always_gives_unique_looks"/>
    <testcase time="0.00099999999999989" classname="ocPostprob" name="h_get_looks_together_with_h_get_distance_always_gives_unique_looks"/>
    <testcase time="0.00200000000000022" classname="ocPostprob" name="h_get_looks_together_with_h_get_distance_always_gives_unique_looks"/>
    <testcase time="0.00199999999999978" classname="ocPostprob" name="h_get_looks_together_with_h_get_distance_always_gives_unique_looks"/>
    <testcase time="0.004" classname="ocPostprob" name="h_get_looks_together_with_h_get_distance_always_gives_unique_looks"/>
    <testcase time="0.00200000000000022" classname="ocPostprob" name="h_get_looks_together_with_h_get_distance_always_gives_unique_looks"/>
    <testcase time="0.00199999999999978" classname="ocPostprob" name="h_get_looks_together_with_h_get_distance_always_gives_unique_looks"/>
    <testcase time="0.00200000000000022" classname="ocPostprob" name="h_get_looks_together_with_h_get_distance_always_gives_unique_looks"/>
    <testcase time="0.00199999999999978" classname="ocPostprob" name="h_get_looks_together_with_h_get_distance_always_gives_unique_looks"/>
    <testcase time="0.00200000000000022" classname="ocPostprob" name="h_get_looks_together_with_h_get_distance_always_gives_unique_looks"/>
    <testcase time="0.00199999999999978" classname="ocPostprob" name="h_get_looks_together_with_h_get_distance_always_gives_unique_looks"/>
    <testcase time="0.00200000000000022" classname="ocPostprob" name="h_get_looks_together_with_h_get_distance_always_gives_unique_looks"/>
    <testcase time="0.00199999999999978" classname="ocPostprob" name="h_get_looks_together_with_h_get_distance_always_gives_unique_looks"/>
    <testcase time="0.00200000000000022" classname="ocPostprob" name="h_get_looks_together_with_h_get_distance_always_gives_unique_looks"/>
    <testcase time="0.00199999999999978" classname="ocPostprob" name="h_get_looks_together_with_h_get_distance_always_gives_unique_looks"/>
    <testcase time="0.00200000000000022" classname="ocPostprob" name="h_get_looks_together_with_h_get_distance_always_gives_unique_looks"/>
    <testcase time="0.00099999999999989" classname="ocPostprob" name="h_get_looks_together_with_h_get_distance_always_gives_unique_looks"/>
    <testcase time="0.00199999999999978" classname="ocPostprob" name="h_get_looks_together_with_h_get_distance_always_gives_unique_looks"/>
    <testcase time="0.00200000000000022" classname="ocPostprob" name="h_get_looks_together_with_h_get_distance_always_gives_unique_looks"/>
    <testcase time="0.00199999999999978" classname="ocPostprob" name="h_get_looks_together_with_h_get_distance_always_gives_unique_looks"/>
    <testcase time="0.00200000000000022" classname="ocPostprob" name="h_get_looks_together_with_h_get_distance_always_gives_unique_looks"/>
    <testcase time="0.00199999999999978" classname="ocPostprob" name="h_get_looks_together_with_h_get_distance_always_gives_unique_looks"/>
    <testcase time="0.00200000000000022" classname="ocPostprob" name="h_get_looks_together_with_h_get_distance_always_gives_unique_looks"/>
    <testcase time="0.00099999999999989" classname="ocPostprob" name="h_get_looks_together_with_h_get_distance_always_gives_unique_looks"/>
    <testcase time="0.00499999999999989" classname="ocPostprob" name="h_get_looks_together_with_h_get_distance_always_gives_unique_looks"/>
    <testcase time="0.00200000000000022" classname="ocPostprob" name="h_get_looks_together_with_h_get_distance_always_gives_unique_looks"/>
    <testcase time="0.00199999999999978" classname="ocPostprob" name="h_get_looks_together_with_h_get_distance_always_gives_unique_looks"/>
    <testcase time="0.00200000000000022" classname="ocPostprob" name="h_get_looks_together_with_h_get_distance_always_gives_unique_looks"/>
    <testcase time="0.00199999999999978" classname="ocPostprob" name="h_get_looks_together_with_h_get_distance_always_gives_unique_looks"/>
    <testcase time="0.00200000000000022" classname="ocPostprob" name="h_get_looks_together_with_h_get_distance_always_gives_unique_looks"/>
    <testcase time="0.00199999999999978" classname="ocPostprob" name="h_get_looks_together_with_h_get_distance_always_gives_unique_looks"/>
    <testcase time="0.00200000000000022" classname="ocPostprob" name="h_get_looks_together_with_h_get_distance_always_gives_unique_looks"/>
    <testcase time="0.00099999999999989" classname="ocPostprob" name="h_get_looks_together_with_h_get_distance_always_gives_unique_looks"/>
    <testcase time="0.00200000000000022" classname="ocPostprob" name="h_get_looks_together_with_h_get_distance_always_gives_unique_looks"/>
    <testcase time="0.00199999999999978" classname="ocPostprob" name="h_get_looks_together_with_h_get_distance_always_gives_unique_looks"/>
    <testcase time="0.00200000000000022" classname="ocPostprob" name="h_get_looks_together_with_h_get_distance_always_gives_unique_looks"/>
    <testcase time="0.00199999999999978" classname="ocPostprob" name="h_get_looks_together_with_h_get_distance_always_gives_unique_looks"/>
    <testcase time="0.00200000000000022" classname="ocPostprob" name="h_get_looks_together_with_h_get_distance_always_gives_unique_looks"/>
    <testcase time="0.00199999999999978" classname="ocPostprob" name="h_get_looks_together_with_h_get_distance_always_gives_unique_looks"/>
    <testcase time="0.00200000000000022" classname="ocPostprob" name="h_get_looks_together_with_h_get_distance_always_gives_unique_looks"/>
    <testcase time="0.00199999999999978" classname="ocPostprob" name="h_get_looks_together_with_h_get_distance_always_gives_unique_looks"/>
    <testcase time="0.00199999999999978" classname="ocPostprob" name="h_get_looks_together_with_h_get_distance_always_gives_unique_looks"/>
    <testcase time="0.00100000000000033" classname="ocPostprob" name="h_get_looks_together_with_h_get_distance_always_gives_unique_looks"/>
    <testcase time="0.00499999999999989" classname="ocPostprob" name="h_get_looks_together_with_h_get_distance_always_gives_unique_looks"/>
    <testcase time="0.00199999999999978" classname="ocPostprob" name="h_get_looks_together_with_h_get_distance_always_gives_unique_looks"/>
    <testcase time="0.00200000000000022" classname="ocPostprob" name="h_get_looks_together_with_h_get_distance_always_gives_unique_looks"/>
    <testcase time="0.00199999999999978" classname="ocPostprob" name="h_get_looks_together_with_h_get_distance_always_gives_unique_looks"/>
    <testcase time="0.00200000000000022" classname="ocPostprob" name="h_get_looks_together_with_h_get_distance_always_gives_unique_looks"/>
    <testcase time="0.00199999999999978" classname="ocPostprob" name="h_get_looks_together_with_h_get_distance_always_gives_unique_looks"/>
    <testcase time="0.00200000000000022" classname="ocPostprob" name="h_get_looks_together_with_h_get_distance_always_gives_unique_looks"/>
    <testcase time="0.00199999999999978" classname="ocPostprob" name="h_get_looks_together_with_h_get_distance_always_gives_unique_looks"/>
    <testcase time="0.00200000000000022" classname="ocPostprob" name="h_get_looks_together_with_h_get_distance_always_gives_unique_looks"/>
    <testcase time="0.00199999999999978" classname="ocPostprob" name="h_get_looks_together_with_h_get_distance_always_gives_unique_looks"/>
    <testcase time="0.00200000000000022" classname="ocPostprob" name="h_get_looks_together_with_h_get_distance_always_gives_unique_looks"/>
    <testcase time="0.00199999999999978" classname="ocPostprob" name="h_get_looks_together_with_h_get_distance_always_gives_unique_looks"/>
    <testcase time="0.00200000000000022" classname="ocPostprob" name="h_get_looks_together_with_h_get_distance_always_gives_unique_looks"/>
    <testcase time="0.00199999999999978" classname="ocPostprob" name="h_get_looks_together_with_h_get_distance_always_gives_unique_looks"/>
    <testcase time="0.00200000000000022" classname="ocPostprob" name="h_get_looks_together_with_h_get_distance_always_gives_unique_looks"/>
    <testcase time="0.00199999999999978" classname="ocPostprob" name="h_get_looks_together_with_h_get_distance_always_gives_unique_looks"/>
    <testcase time="0.00200000000000022" classname="ocPostprob" name="h_get_looks_together_with_h_get_distance_always_gives_unique_looks"/>
    <testcase time="0.00199999999999978" classname="ocPostprob" name="h_get_looks_together_with_h_get_distance_always_gives_unique_looks"/>
    <testcase time="0.00500000000000034" classname="ocPostprob" name="h_get_looks_together_with_h_get_distance_always_gives_unique_looks"/>
    <testcase time="0.00199999999999978" classname="ocPostprob" name="h_get_looks_together_with_h_get_distance_always_gives_unique_looks"/>
    <testcase time="0.00200000000000022" classname="ocPostprob" name="h_get_looks_together_with_h_get_distance_always_gives_unique_looks"/>
    <testcase time="0.00199999999999978" classname="ocPostprob" name="h_get_looks_together_with_h_get_distance_always_gives_unique_looks"/>
    <testcase time="0.00200000000000022" classname="ocPostprob" name="h_get_looks_together_with_h_get_distance_always_gives_unique_looks"/>
    <testcase time="0.00199999999999978" classname="ocPostprob" name="h_get_looks_together_with_h_get_distance_always_gives_unique_looks"/>
    <testcase time="0.00200000000000022" classname="ocPostprob" name="h_get_looks_together_with_h_get_distance_always_gives_unique_looks"/>
    <testcase time="0.00199999999999978" classname="ocPostprob" name="h_get_looks_together_with_h_get_distance_always_gives_unique_looks"/>
    <testcase time="0.00200000000000022" classname="ocPostprob" name="h_get_looks_together_with_h_get_distance_always_gives_unique_looks"/>
    <testcase time="0.00199999999999978" classname="ocPostprob" name="h_get_looks_together_with_h_get_distance_always_gives_unique_looks"/>
    <testcase time="0.00200000000000022" classname="ocPostprob" name="h_get_looks_together_with_h_get_distance_always_gives_unique_looks"/>
    <testcase time="0.00199999999999978" classname="ocPostprob" name="h_get_looks_together_with_h_get_distance_always_gives_unique_looks"/>
    <testcase time="0.00200000000000022" classname="ocPostprob" name="h_get_looks_together_with_h_get_distance_always_gives_unique_looks"/>
    <testcase time="0.00199999999999978" classname="ocPostprob" name="h_get_looks_together_with_h_get_distance_always_gives_unique_looks"/>
    <testcase time="0.00200000000000022" classname="ocPostprob" name="h_get_looks_together_with_h_get_distance_always_gives_unique_looks"/>
    <testcase time="0.00199999999999978" classname="ocPostprob" name="h_get_looks_together_with_h_get_distance_always_gives_unique_looks"/>
    <testcase time="0.00200000000000022" classname="ocPostprob" name="h_get_looks_together_with_h_get_distance_always_gives_unique_looks"/>
    <testcase time="0.004" classname="ocPostprob" name="h_get_looks_together_with_h_get_distance_always_gives_unique_looks"/>
    <testcase time="0.00300000000000011" classname="ocPostprob" name="h_get_looks_together_with_h_get_distance_always_gives_unique_looks"/>
    <testcase time="0.00199999999999978" classname="ocPostprob" name="h_get_looks_together_with_h_get_distance_always_gives_unique_looks"/>
    <testcase time="0.00200000000000022" classname="ocPostprob" name="h_get_looks_together_with_h_get_distance_always_gives_unique_looks"/>
    <testcase time="0.00199999999999978" classname="ocPostprob" name="h_get_looks_together_with_h_get_distance_always_gives_unique_looks"/>
    <testcase time="0.00200000000000022" classname="ocPostprob" name="h_get_looks_together_with_h_get_distance_always_gives_unique_looks"/>
    <testcase time="0.00199999999999978" classname="ocPostprob" name="h_get_looks_together_with_h_get_distance_always_gives_unique_looks"/>
    <testcase time="0.00200000000000022" classname="ocPostprob" name="h_get_looks_together_with_h_get_distance_always_gives_unique_looks"/>
    <testcase time="0.00199999999999978" classname="ocPostprob" name="h_get_looks_together_with_h_get_distance_always_gives_unique_looks"/>
    <testcase time="0.00200000000000022" classname="ocPostprob" name="h_get_looks_together_with_h_get_distance_always_gives_unique_looks"/>
    <testcase time="0.00199999999999978" classname="ocPostprob" name="h_get_looks_together_with_h_get_distance_always_gives_unique_looks"/>
    <testcase time="0.00200000000000022" classname="ocPostprob" name="h_get_looks_together_with_h_get_distance_always_gives_unique_looks"/>
    <testcase time="0.00199999999999978" classname="ocPostprob" name="h_get_looks_together_with_h_get_distance_always_gives_unique_looks"/>
    <testcase time="0.00300000000000011" classname="ocPostprob" name="h_get_looks_together_with_h_get_distance_always_gives_unique_looks"/>
    <testcase time="0.00199999999999978" classname="ocPostprob" name="h_get_looks_together_with_h_get_distance_always_gives_unique_looks"/>
    <testcase time="0.00200000000000022" classname="ocPostprob" name="h_get_looks_together_with_h_get_distance_always_gives_unique_looks"/>
    <testcase time="0.00199999999999978" classname="ocPostprob" name="h_get_looks_together_with_h_get_distance_always_gives_unique_looks"/>
    <testcase time="0.004" classname="ocPostprob" name="h_get_looks_together_with_h_get_distance_always_gives_unique_looks"/>
    <testcase time="0.00300000000000011" classname="ocPostprob" name="h_get_looks_together_with_h_get_distance_always_gives_unique_looks"/>
    <testcase time="0.00200000000000022" classname="ocPostprob" name="h_get_looks_together_with_h_get_distance_always_gives_unique_looks"/>
    <testcase time="0.00199999999999978" classname="ocPostprob" name="h_get_looks_together_with_h_get_distance_always_gives_unique_looks"/>
    <testcase time="0.00199999999999978" classname="ocPostprob" name="h_get_looks_together_with_h_get_distance_always_gives_unique_looks"/>
    <testcase time="0.00200000000000022" classname="ocPostprob" name="h_get_looks_together_with_h_get_distance_always_gives_unique_looks"/>
    <testcase time="0.00199999999999978" classname="ocPostprob" name="h_get_looks_together_with_h_get_distance_always_gives_unique_looks"/>
    <testcase time="0.00200000000000022" classname="ocPostprob" name="h_get_looks_together_with_h_get_distance_always_gives_unique_looks"/>
    <testcase time="0.00199999999999978" classname="ocPostprob" name="h_get_looks_together_with_h_get_distance_always_gives_unique_looks"/>
    <testcase time="0.00300000000000011" classname="ocPostprob" name="h_get_looks_together_with_h_get_distance_always_gives_unique_looks"/>
    <testcase time="0.00200000000000022" classname="ocPostprob" name="h_get_looks_together_with_h_get_distance_always_gives_unique_looks"/>
    <testcase time="0.00199999999999978" classname="ocPostprob" name="h_get_looks_together_with_h_get_distance_always_gives_unique_looks"/>
    <testcase time="0.00200000000000022" classname="ocPostprob" name="h_get_looks_together_with_h_get_distance_always_gives_unique_looks"/>
    <testcase time="0.00199999999999978" classname="ocPostprob" name="h_get_looks_together_with_h_get_distance_always_gives_unique_looks"/>
    <testcase time="0.00200000000000022" classname="ocPostprob" name="h_get_looks_together_with_h_get_distance_always_gives_unique_looks"/>
    <testcase time="0.0089999999999999" classname="ocPostprob" name="h_get_looks_together_with_h_get_distance_always_gives_unique_looks"/>
    <testcase time="0.00199999999999978" classname="ocPostprob" name="h_get_looks_together_with_h_get_distance_always_gives_unique_looks"/>
    <testcase time="0.00300000000000011" classname="ocPostprob" name="h_get_looks_together_with_h_get_distance_always_gives_unique_looks"/>
    <testcase time="0.00200000000000022" classname="ocPostprob" name="h_get_looks_together_with_h_get_distance_always_gives_unique_looks"/>
    <testcase time="0.00199999999999978" classname="ocPostprob" name="h_get_looks_together_with_h_get_distance_always_gives_unique_looks"/>
    <testcase time="0.00200000000000022" classname="ocPostprob" name="h_get_looks_together_with_h_get_distance_always_gives_unique_looks"/>
    <testcase time="0.00299999999999967" classname="ocPostprob" name="h_get_looks_together_with_h_get_distance_always_gives_unique_looks"/>
    <testcase time="0.00200000000000022" classname="ocPostprob" name="h_get_looks_together_with_h_get_distance_always_gives_unique_looks"/>
    <testcase time="0.00199999999999978" classname="ocPostprob" name="h_get_looks_together_with_h_get_distance_always_gives_unique_looks"/>
    <testcase time="0.00200000000000022" classname="ocPostprob" name="h_get_looks_together_with_h_get_distance_always_gives_unique_looks"/>
    <testcase time="0.00199999999999978" classname="ocPostprob" name="h_get_looks_together_with_h_get_distance_always_gives_unique_looks"/>
    <testcase time="0.00300000000000011" classname="ocPostprob" name="h_get_looks_together_with_h_get_distance_always_gives_unique_looks"/>
    <testcase time="0.00200000000000022" classname="ocPostprob" name="h_get_looks_together_with_h_get_distance_always_gives_unique_looks"/>
    <testcase time="0.00199999999999978" classname="ocPostprob" name="h_get_looks_together_with_h_get_distance_always_gives_unique_looks"/>
    <testcase time="0.00200000000000022" classname="ocPostprob" name="h_get_looks_together_with_h_get_distance_always_gives_unique_looks"/>
    <testcase time="0.00299999999999967" classname="ocPostprob" name="h_get_looks_together_with_h_get_distance_always_gives_unique_looks"/>
    <testcase time="0.00200000000000022" classname="ocPostprob" name="h_get_looks_together_with_h_get_distance_always_gives_unique_looks"/>
    <testcase time="0.00499999999999989" classname="ocPostprob" name="h_get_looks_together_with_h_get_distance_always_gives_unique_looks"/>
    <testcase time="0.00200000000000022" classname="ocPostprob" name="h_get_looks_together_with_h_get_distance_always_gives_unique_looks"/>
    <testcase time="0.00299999999999967" classname="ocPostprob" name="h_get_looks_together_with_h_get_distance_always_gives_unique_looks"/>
    <testcase time="0.00200000000000022" classname="ocPostprob" name="h_get_looks_together_with_h_get_distance_always_gives_unique_looks"/>
    <testcase time="0.00199999999999978" classname="ocPostprob" name="h_get_looks_together_with_h_get_distance_always_gives_unique_looks"/>
    <testcase time="0.00300000000000011" classname="ocPostprob" name="h_get_looks_together_with_h_get_distance_always_gives_unique_looks"/>
    <testcase time="0.00200000000000022" classname="ocPostprob" name="h_get_looks_together_with_h_get_distance_always_gives_unique_looks"/>
    <testcase time="0.00199999999999978" classname="ocPostprob" name="h_get_looks_together_with_h_get_distance_always_gives_unique_looks"/>
    <testcase time="0.00200000000000022" classname="ocPostprob" name="h_get_looks_together_with_h_get_distance_always_gives_unique_looks"/>
    <testcase time="0.00299999999999967" classname="ocPostprob" name="h_get_looks_together_with_h_get_distance_always_gives_unique_looks"/>
    <testcase time="0.00200000000000022" classname="ocPostprob" name="h_get_looks_together_with_h_get_distance_always_gives_unique_looks"/>
    <testcase time="0.00199999999999978" classname="ocPostprob" name="h_get_looks_together_with_h_get_distance_always_gives_unique_looks"/>
    <testcase time="0.00200000000000022" classname="ocPostprob" name="h_get_looks_together_with_h_get_distance_always_gives_unique_looks"/>
    <testcase time="0.00300000000000011" classname="ocPostprob" name="h_get_looks_together_with_h_get_distance_always_gives_unique_looks"/>
    <testcase time="0.00199999999999978" classname="ocPostprob" name="h_get_looks_together_with_h_get_distance_always_gives_unique_looks"/>
    <testcase time="0.00499999999999989" classname="ocPostprob" name="h_get_looks_together_with_h_get_distance_always_gives_unique_looks"/>
    <testcase time="0.00200000000000022" classname="ocPostprob" name="h_get_looks_together_with_h_get_distance_always_gives_unique_looks"/>
    <testcase time="0.00300000000000011" classname="ocPostprob" name="h_get_looks_together_with_h_get_distance_always_gives_unique_looks"/>
    <testcase time="0.00199999999999978" classname="ocPostprob" name="h_get_looks_together_with_h_get_distance_always_gives_unique_looks"/>
    <testcase time="0.00200000000000022" classname="ocPostprob" name="h_get_looks_together_with_h_get_distance_always_gives_unique_looks"/>
    <testcase time="0.00299999999999967" classname="ocPostprob" name="h_get_looks_together_with_h_get_distance_always_gives_unique_looks"/>
    <testcase time="0.00200000000000022" classname="ocPostprob" name="h_get_looks_together_with_h_get_distance_always_gives_unique_looks"/>
    <testcase time="0.00199999999999978" classname="ocPostprob" name="h_get_looks_together_with_h_get_distance_always_gives_unique_looks"/>
    <testcase time="0.00300000000000011" classname="ocPostprob" name="h_get_looks_together_with_h_get_distance_always_gives_unique_looks"/>
    <testcase time="0.00199999999999978" classname="ocPostprob" name="h_get_looks_together_with_h_get_distance_always_gives_unique_looks"/>
    <testcase time="0.00200000000000022" classname="ocPostprob" name="h_get_looks_together_with_h_get_distance_always_gives_unique_looks"/>
    <testcase time="0.00300000000000011" classname="ocPostprob" name="h_get_looks_together_with_h_get_distance_always_gives_unique_looks"/>
    <testcase time="0.00199999999999978" classname="ocPostprob" name="h_get_looks_together_with_h_get_distance_always_gives_unique_looks"/>
    <testcase time="0.00200000000000022" classname="ocPostprob" name="h_get_looks_together_with_h_get_distance_always_gives_unique_looks"/>
    <testcase time="0.00299999999999967" classname="ocPostprob" name="h_get_looks_together_with_h_get_distance_always_gives_unique_looks"/>
    <testcase time="0.004" classname="ocPostprob" name="h_get_looks_together_with_h_get_distance_always_gives_unique_looks"/>
    <testcase time="0.00300000000000011" classname="ocPostprob" name="h_get_looks_together_with_h_get_distance_always_gives_unique_looks"/>
    <testcase time="0.00300000000000011" classname="ocPostprob" name="h_get_looks_together_with_h_get_distance_always_gives_unique_looks"/>
    <testcase time="0.00199999999999978" classname="ocPostprob" name="h_get_looks_together_with_h_get_distance_always_gives_unique_looks"/>
    <testcase time="0.00300000000000011" classname="ocPostprob" name="h_get_looks_together_with_h_get_distance_always_gives_unique_looks"/>
    <testcase time="0.00200000000000022" classname="ocPostprob" name="h_get_looks_together_with_h_get_distance_always_gives_unique_looks"/>
    <testcase time="0.00199999999999978" classname="ocPostprob" name="h_get_looks_together_with_h_get_distance_always_gives_unique_looks"/>
    <testcase time="0.00300000000000011" classname="ocPostprob" name="h_get_looks_together_with_h_get_distance_always_gives_unique_looks"/>
    <testcase time="0.00199999999999978" classname="ocPostprob" name="h_get_looks_together_with_h_get_distance_always_gives_unique_looks"/>
    <testcase time="0.00200000000000022" classname="ocPostprob" name="h_get_looks_together_with_h_get_distance_always_gives_unique_looks"/>
    <testcase time="0.00300000000000011" classname="ocPostprob" name="h_get_looks_together_with_h_get_distance_always_gives_unique_looks"/>
    <testcase time="0.00199999999999978" classname="ocPostprob" name="h_get_looks_together_with_h_get_distance_always_gives_unique_looks"/>
    <testcase time="0.00300000000000011" classname="ocPostprob" name="h_get_looks_together_with_h_get_distance_always_gives_unique_looks"/>
    <testcase time="0.00199999999999978" classname="ocPostprob" name="h_get_looks_together_with_h_get_distance_always_gives_unique_looks"/>
    <testcase time="0.00200000000000022" classname="ocPostprob" name="h_get_looks_together_with_h_get_distance_always_gives_unique_looks"/>
    <testcase time="0.00499999999999989" classname="ocPostprob" name="h_get_looks_together_with_h_get_distance_always_gives_unique_looks"/>
    <testcase time="0.00300000000000011" classname="ocPostprob" name="h_get_looks_together_with_h_get_distance_always_gives_unique_looks"/>
    <testcase time="0.00300000000000011" classname="ocPostprob" name="h_get_looks_together_with_h_get_distance_always_gives_unique_looks"/>
    <testcase time="0.00199999999999978" classname="ocPostprob" name="h_get_looks_together_with_h_get_distance_always_gives_unique_looks"/>
    <testcase time="0.00300000000000011" classname="ocPostprob" name="h_get_looks_together_with_h_get_distance_always_gives_unique_looks"/>
    <testcase time="0.00199999999999978" classname="ocPostprob" name="h_get_looks_together_with_h_get_distance_always_gives_unique_looks"/>
    <testcase time="0.00200000000000022" classname="ocPostprob" name="h_get_looks_together_with_h_get_distance_always_gives_unique_looks"/>
    <testcase time="0.00300000000000011" classname="ocPostprob" name="h_get_looks_together_with_h_get_distance_always_gives_unique_looks"/>
    <testcase time="0.00199999999999978" classname="ocPostprob" name="h_get_looks_together_with_h_get_distance_always_gives_unique_looks"/>
    <testcase time="0.00300000000000011" classname="ocPostprob" name="h_get_looks_together_with_h_get_distance_always_gives_unique_looks"/>
    <testcase time="0.00199999999999978" classname="ocPostprob" name="h_get_looks_together_with_h_get_distance_always_gives_unique_looks"/>
    <testcase time="0.00300000000000011" classname="ocPostprob" name="h_get_looks_together_with_h_get_distance_always_gives_unique_looks"/>
    <testcase time="0.00200000000000022" classname="ocPostprob" name="h_get_looks_together_with_h_get_distance_always_gives_unique_looks"/>
    <testcase time="0.00199999999999978" classname="ocPostprob" name="h_get_looks_together_with_h_get_distance_always_gives_unique_looks"/>
    <testcase time="0.00499999999999989" classname="ocPostprob" name="h_get_looks_together_with_h_get_distance_always_gives_unique_looks"/>
    <testcase time="0.00300000000000011" classname="ocPostprob" name="h_get_looks_together_with_h_get_distance_always_gives_unique_looks"/>
    <testcase time="0.00300000000000011" classname="ocPostprob" name="h_get_looks_together_with_h_get_distance_always_gives_unique_looks"/>
    <testcase time="0.00199999999999978" classname="ocPostprob" name="h_get_looks_together_with_h_get_distance_always_gives_unique_looks"/>
    <testcase time="0.00300000000000011" classname="ocPostprob" name="h_get_looks_together_with_h_get_distance_always_gives_unique_looks"/>
    <testcase time="0.00200000000000022" classname="ocPostprob" name="h_get_looks_together_with_h_get_distance_always_gives_unique_looks"/>
    <testcase time="0.00299999999999967" classname="ocPostprob" name="h_get_looks_together_with_h_get_distance_always_gives_unique_looks"/>
    <testcase time="0.00200000000000022" classname="ocPostprob" name="h_get_looks_together_with_h_get_distance_always_gives_unique_looks"/>
    <testcase time="0.00300000000000011" classname="ocPostprob" name="h_get_looks_together_with_h_get_distance_always_gives_unique_looks"/>
    <testcase time="0.00199999999999978" classname="ocPostprob" name="h_get_looks_together_with_h_get_distance_always_gives_unique_looks"/>
    <testcase time="0.00300000000000011" classname="ocPostprob" name="h_get_looks_together_with_h_get_distance_always_gives_unique_looks"/>
    <testcase time="0.00199999999999978" classname="ocPostprob" name="h_get_looks_together_with_h_get_distance_always_gives_unique_looks"/>
    <testcase time="0.00300000000000011" classname="ocPostprob" name="h_get_looks_together_with_h_get_distance_always_gives_unique_looks"/>
    <testcase time="0.00199999999999978" classname="ocPostprob" name="h_get_looks_together_with_h_get_distance_always_gives_unique_looks"/>
    <testcase time="0.00500000000000034" classname="ocPostprob" name="h_get_looks_together_with_h_get_distance_always_gives_unique_looks"/>
    <testcase time="0.00299999999999967" classname="ocPostprob" name="h_get_looks_together_with_h_get_distance_always_gives_unique_looks"/>
    <testcase time="0.00300000000000011" classname="ocPostprob" name="h_get_looks_together_with_h_get_distance_always_gives_unique_looks"/>
    <testcase time="0.00200000000000022" classname="ocPostprob" name="h_get_looks_together_with_h_get_distance_always_gives_unique_looks"/>
    <testcase time="0.00299999999999967" classname="ocPostprob" name="h_get_looks_together_with_h_get_distance_always_gives_unique_looks"/>
    <testcase time="0.00200000000000022" classname="ocPostprob" name="h_get_looks_together_with_h_get_distance_always_gives_unique_looks"/>
    <testcase time="0.00300000000000011" classname="ocPostprob" name="h_get_looks_together_with_h_get_distance_always_gives_unique_looks"/>
    <testcase time="0.00199999999999978" classname="ocPostprob" name="h_get_looks_together_with_h_get_distance_always_gives_unique_looks"/>
    <testcase time="0.00300000000000011" classname="ocPostprob" name="h_get_looks_together_with_h_get_distance_always_gives_unique_looks"/>
    <testcase time="0.00199999999999978" classname="ocPostprob" name="h_get_looks_together_with_h_get_distance_always_gives_unique_looks"/>
    <testcase time="0.00300000000000011" classname="ocPostprob" name="h_get_looks_together_with_h_get_distance_always_gives_unique_looks"/>
    <testcase time="0.00200000000000022" classname="ocPostprob" name="h_get_looks_together_with_h_get_distance_always_gives_unique_looks"/>
    <testcase time="0.00299999999999967" classname="ocPostprob" name="h_get_looks_together_with_h_get_distance_always_gives_unique_looks"/>
    <testcase time="0.00200000000000022" classname="ocPostprob" name="h_get_looks_together_with_h_get_distance_always_gives_unique_looks"/>
    <testcase time="0.00599999999999978" classname="ocPostprob" name="h_get_looks_together_with_h_get_distance_always_gives_unique_looks"/>
    <testcase time="0.00200000000000022" classname="ocPostprob" name="h_get_looks_together_with_h_get_distance_always_gives_unique_looks"/>
    <testcase time="0.00300000000000011" classname="ocPostprob" name="h_get_looks_together_with_h_get_distance_always_gives_unique_looks"/>
    <testcase time="0.00299999999999967" classname="ocPostprob" name="h_get_looks_together_with_h_get_distance_always_gives_unique_looks"/>
    <testcase time="0.00200000000000022" classname="ocPostprob" name="h_get_looks_together_with_h_get_distance_always_gives_unique_looks"/>
    <testcase time="0.00300000000000011" classname="ocPostprob" name="h_get_looks_together_with_h_get_distance_always_gives_unique_looks"/>
    <testcase time="0.00199999999999978" classname="ocPostprob" name="h_get_looks_together_with_h_get_distance_always_gives_unique_looks"/>
    <testcase time="0.00300000000000011" classname="ocPostprob" name="h_get_looks_together_with_h_get_distance_always_gives_unique_looks"/>
    <testcase time="0.00199999999999978" classname="ocPostprob" name="h_get_looks_together_with_h_get_distance_always_gives_unique_looks"/>
    <testcase time="0.00300000000000011" classname="ocPostprob" name="h_get_looks_together_with_h_get_distance_always_gives_unique_looks"/>
    <testcase time="0.00300000000000011" classname="ocPostprob" name="h_get_looks_together_with_h_get_distance_always_gives_unique_looks"/>
    <testcase time="0.00199999999999978" classname="ocPostprob" name="h_get_looks_together_with_h_get_distance_always_gives_unique_looks"/>
    <testcase time="0.00300000000000011" classname="ocPostprob" name="h_get_looks_together_with_h_get_distance_always_gives_unique_looks"/>
    <testcase time="0.00499999999999989" classname="ocPostprob" name="h_get_looks_together_with_h_get_distance_always_gives_unique_looks"/>
    <testcase time="0.00300000000000011" classname="ocPostprob" name="h_get_looks_together_with_h_get_distance_always_gives_unique_looks"/>
    <testcase time="0.00300000000000011" classname="ocPostprob" name="h_get_looks_together_with_h_get_distance_always_gives_unique_looks"/>
    <testcase time="0.00199999999999978" classname="ocPostprob" name="h_get_looks_together_with_h_get_distance_always_gives_unique_looks"/>
    <testcase time="0.00300000000000011" classname="ocPostprob" name="h_get_looks_together_with_h_get_distance_always_gives_unique_looks"/>
    <testcase time="0.00200000000000022" classname="ocPostprob" name="h_get_looks_together_with_h_get_distance_always_gives_unique_looks"/>
    <testcase time="0.00299999999999967" classname="ocPostprob" name="h_get_looks_together_with_h_get_distance_always_gives_unique_looks"/>
    <testcase time="0.00300000000000011" classname="ocPostprob" name="h_get_looks_together_with_h_get_distance_always_gives_unique_looks"/>
    <testcase time="0.00200000000000022" classname="ocPostprob" name="h_get_looks_together_with_h_get_distance_always_gives_unique_looks"/>
    <testcase time="0.00299999999999967" classname="ocPostprob" name="h_get_looks_together_with_h_get_distance_always_gives_unique_looks"/>
    <testcase time="0.00200000000000022" classname="ocPostprob" name="h_get_looks_together_with_h_get_distance_always_gives_unique_looks"/>
    <testcase time="0.00300000000000011" classname="ocPostprob" name="h_get_looks_together_with_h_get_distance_always_gives_unique_looks"/>
    <testcase time="0.00499999999999989" classname="ocPostprob" name="h_get_looks_together_with_h_get_distance_always_gives_unique_looks"/>
    <testcase time="0.00300000000000011" classname="ocPostprob" name="h_get_looks_together_with_h_get_distance_always_gives_unique_looks"/>
    <testcase time="0.00299999999999967" classname="ocPostprob" name="h_get_looks_together_with_h_get_distance_always_gives_unique_looks"/>
    <testcase time="0.00300000000000011" classname="ocPostprob" name="h_get_looks_together_with_h_get_distance_always_gives_unique_looks"/>
    <testcase time="0.00200000000000022" classname="ocPostprob" name="h_get_looks_together_with_h_get_distance_always_gives_unique_looks"/>
    <testcase time="0.00299999999999967" classname="ocPostprob" name="h_get_looks_together_with_h_get_distance_always_gives_unique_looks"/>
    <testcase time="0.00300000000000011" classname="ocPostprob" name="h_get_looks_together_with_h_get_distance_always_gives_unique_looks"/>
    <testcase time="0.00300000000000011" classname="ocPostprob" name="h_get_looks_together_with_h_get_distance_always_gives_unique_looks"/>
    <testcase time="0.00299999999999967" classname="ocPostprob" name="h_get_looks_together_with_h_get_distance_always_gives_unique_looks"/>
    <testcase time="0.00200000000000022" classname="ocPostprob" name="h_get_looks_together_with_h_get_distance_always_gives_unique_looks"/>
    <testcase time="0.00300000000000011" classname="ocPostprob" name="h_get_looks_together_with_h_get_distance_always_gives_unique_looks"/>
    <testcase time="0.00299999999999967" classname="ocPostprob" name="h_get_looks_together_with_h_get_distance_always_gives_unique_looks"/>
    <testcase time="0.00200000000000022" classname="ocPostprob" name="h_get_looks_together_with_h_get_distance_always_gives_unique_looks"/>
    <testcase time="0.00599999999999978" classname="ocPostprob" name="h_get_looks_together_with_h_get_distance_always_gives_unique_looks"/>
    <testcase time="0.00300000000000011" classname="ocPostprob" name="h_get_looks_together_with_h_get_distance_always_gives_unique_looks"/>
    <testcase time="0.00300000000000011" classname="ocPostprob" name="h_get_looks_together_with_h_get_distance_always_gives_unique_looks"/>
    <testcase time="0.00199999999999978" classname="ocPostprob" name="h_get_looks_together_with_h_get_distance_always_gives_unique_looks"/>
    <testcase time="0.00300000000000011" classname="ocPostprob" name="h_get_looks_together_with_h_get_distance_always_gives_unique_looks"/>
    <testcase time="0.00300000000000011" classname="ocPostprob" name="h_get_looks_together_with_h_get_distance_always_gives_unique_looks"/>
    <testcase time="0.00199999999999978" classname="ocPostprob" name="h_get_looks_together_with_h_get_distance_always_gives_unique_looks"/>
    <testcase time="0.00300000000000011" classname="ocPostprob" name="h_get_looks_together_with_h_get_distance_always_gives_unique_looks"/>
    <testcase time="0.00300000000000011" classname="ocPostprob" name="h_get_looks_together_with_h_get_distance_always_gives_unique_looks"/>
    <testcase time="0.00199999999999978" classname="ocPostprob" name="h_get_looks_together_with_h_get_distance_always_gives_unique_looks"/>
    <testcase time="0.00300000000000011" classname="ocPostprob" name="h_get_looks_together_with_h_get_distance_always_gives_unique_looks"/>
    <testcase time="0.00300000000000011" classname="ocPostprob" name="h_get_looks_together_with_h_get_distance_always_gives_unique_looks"/>
    <testcase time="0.00499999999999989" classname="ocPostprob" name="h_get_looks_together_with_h_get_distance_always_gives_unique_looks"/>
    <testcase time="0.00300000000000011" classname="ocPostprob" name="h_get_looks_together_with_h_get_distance_always_gives_unique_looks"/>
    <testcase time="0.00300000000000011" classname="ocPostprob" name="h_get_looks_together_with_h_get_distance_always_gives_unique_looks"/>
    <testcase time="0.00299999999999967" classname="ocPostprob" name="h_get_looks_together_with_h_get_distance_always_gives_unique_looks"/>
    <testcase time="0.00300000000000011" classname="ocPostprob" name="h_get_looks_together_with_h_get_distance_always_gives_unique_looks"/>
    <testcase time="0.00200000000000022" classname="ocPostprob" name="h_get_looks_together_with_h_get_distance_always_gives_unique_looks"/>
    <testcase time="0.00299999999999967" classname="ocPostprob" name="h_get_looks_together_with_h_get_distance_always_gives_unique_looks"/>
    <testcase time="0.00300000000000011" classname="ocPostprob" name="h_get_looks_together_with_h_get_distance_always_gives_unique_looks"/>
    <testcase time="0.00300000000000011" classname="ocPostprob" name="h_get_looks_together_with_h_get_distance_always_gives_unique_looks"/>
    <testcase time="0.00199999999999978" classname="ocPostprob" name="h_get_looks_together_with_h_get_distance_always_gives_unique_looks"/>
    <testcase time="0.00300000000000011" classname="ocPostprob" name="h_get_looks_together_with_h_get_distance_always_gives_unique_looks"/>
    <testcase time="0.00300000000000011" classname="ocPostprob" name="h_get_looks_together_with_h_get_distance_always_gives_unique_looks"/>
    <testcase time="0.00599999999999978" classname="ocPostprob" name="h_get_looks_together_with_h_get_distance_always_gives_unique_looks"/>
    <testcase time="0.00200000000000022" classname="ocPostprob" name="h_get_looks_together_with_h_get_distance_always_gives_unique_looks"/>
    <testcase time="0.00300000000000011" classname="ocPostprob" name="h_get_looks_together_with_h_get_distance_always_gives_unique_looks"/>
    <testcase time="0.00299999999999967" classname="ocPostprob" name="h_get_looks_together_with_h_get_distance_always_gives_unique_looks"/>
    <testcase time="0.00300000000000011" classname="ocPostprob" name="h_get_looks_together_with_h_get_distance_always_gives_unique_looks"/>
    <testcase time="0.00300000000000011" classname="ocPostprob" name="h_get_looks_together_with_h_get_distance_always_gives_unique_looks"/>
    <testcase time="0.00199999999999978" classname="ocPostprob" name="h_get_looks_together_with_h_get_distance_always_gives_unique_looks"/>
    <testcase time="0.00300000000000011" classname="ocPostprob" name="h_get_looks_together_with_h_get_distance_always_gives_unique_looks"/>
    <testcase time="0.00300000000000011" classname="ocPostprob" name="h_get_looks_together_with_h_get_distance_always_gives_unique_looks"/>
    <testcase time="0.00300000000000011" classname="ocPostprob" name="h_get_looks_together_with_h_get_distance_always_gives_unique_looks"/>
    <testcase time="0.00199999999999978" classname="ocPostprob" name="h_get_looks_together_with_h_get_distance_always_gives_unique_looks"/>
    <testcase time="0.00599999999999978" classname="ocPostprob" name="h_get_looks_together_with_h_get_distance_always_gives_unique_looks"/>
    <testcase time="0.00300000000000011" classname="ocPostprob" name="h_get_looks_together_with_h_get_distance_always_gives_unique_looks"/>
    <testcase time="0.00300000000000011" classname="ocPostprob" name="h_get_looks_together_with_h_get_distance_always_gives_unique_looks"/>
    <testcase time="0.00300000000000011" classname="ocPostprob" name="h_get_looks_together_with_h_get_distance_always_gives_unique_looks"/>
    <testcase time="0.00199999999999978" classname="ocPostprob" name="h_get_looks_together_with_h_get_distance_always_gives_unique_looks"/>
    <testcase time="0.00300000000000011" classname="ocPostprob" name="h_get_looks_together_with_h_get_distance_always_gives_unique_looks"/>
    <testcase time="0.00300000000000011" classname="ocPostprob" name="h_get_looks_together_with_h_get_distance_always_gives_unique_looks"/>
    <testcase time="0.00299999999999967" classname="ocPostprob" name="h_get_looks_together_with_h_get_distance_always_gives_unique_looks"/>
    <testcase time="0.00300000000000011" classname="ocPostprob" name="h_get_looks_together_with_h_get_distance_always_gives_unique_looks"/>
    <testcase time="0.00200000000000022" classname="ocPostprob" name="h_get_looks_together_with_h_get_distance_always_gives_unique_looks"/>
    <testcase time="0.00299999999999967" classname="ocPostprob" name="h_get_looks_together_with_h_get_distance_always_gives_unique_looks"/>
    <testcase time="0.00600000000000023" classname="ocPostprob" name="h_get_looks_together_with_h_get_distance_always_gives_unique_looks"/>
    <testcase time="0.00300000000000011" classname="ocPostprob" name="h_get_looks_together_with_h_get_distance_always_gives_unique_looks"/>
    <testcase time="0.00299999999999967" classname="ocPostprob" name="h_get_looks_together_with_h_get_distance_always_gives_unique_looks"/>
    <testcase time="0.00300000000000011" classname="ocPostprob" name="h_get_looks_together_with_h_get_distance_always_gives_unique_looks"/>
    <testcase time="0.00200000000000022" classname="ocPostprob" name="h_get_looks_together_with_h_get_distance_always_gives_unique_looks"/>
    <testcase time="0.00299999999999967" classname="ocPostprob" name="h_get_looks_together_with_h_get_distance_always_gives_unique_looks"/>
    <testcase time="0.00300000000000011" classname="ocPostprob" name="h_get_looks_together_with_h_get_distance_always_gives_unique_looks"/>
    <testcase time="0.00300000000000011" classname="ocPostprob" name="h_get_looks_together_with_h_get_distance_always_gives_unique_looks"/>
    <testcase time="0.00300000000000011" classname="ocPostprob" name="h_get_looks_together_with_h_get_distance_always_gives_unique_looks"/>
    <testcase time="0.00299999999999967" classname="ocPostprob" name="h_get_looks_together_with_h_get_distance_always_gives_unique_looks"/>
    <testcase time="0.00300000000000011" classname="ocPostprob" name="h_get_looks_together_with_h_get_distance_always_gives_unique_looks"/>
    <testcase time="0.00499999999999989" classname="ocPostprob" name="h_get_looks_together_with_h_get_distance_always_gives_unique_looks"/>
    <testcase time="0.004" classname="ocPostprob" name="h_get_looks_together_with_h_get_distance_always_gives_unique_looks"/>
    <testcase time="0.00200000000000022" classname="ocPostprob" name="h_get_looks_together_with_h_get_distance_always_gives_unique_looks"/>
    <testcase time="0.00300000000000011" classname="ocPostprob" name="h_get_looks_together_with_h_get_distance_always_gives_unique_looks"/>
    <testcase time="0.00299999999999967" classname="ocPostprob" name="h_get_looks_together_with_h_get_distance_always_gives_unique_looks"/>
    <testcase time="0.00300000000000011" classname="ocPostprob" name="h_get_looks_together_with_h_get_distance_always_gives_unique_looks"/>
    <testcase time="0.00300000000000011" classname="ocPostprob" name="h_get_looks_together_with_h_get_distance_always_gives_unique_looks"/>
    <testcase time="0.00300000000000011" classname="ocPostprob" name="h_get_looks_together_with_h_get_distance_always_gives_unique_looks"/>
    <testcase time="0.00299999999999967" classname="ocPostprob" name="h_get_looks_together_with_h_get_distance_always_gives_unique_looks"/>
    <testcase time="0.00300000000000011" classname="ocPostprob" name="h_get_looks_together_with_h_get_distance_always_gives_unique_looks"/>
    <testcase time="0.00300000000000011" classname="ocPostprob" name="h_get_looks_together_with_h_get_distance_always_gives_unique_looks"/>
    <testcase time="0.00499999999999989" classname="ocPostprob" name="h_get_looks_together_with_h_get_distance_always_gives_unique_looks"/>
    <testcase time="0.00300000000000011" classname="ocPostprob" name="h_get_looks_together_with_h_get_distance_always_gives_unique_looks"/>
    <testcase time="0.00300000000000011" classname="ocPostprob" name="h_get_looks_together_with_h_get_distance_always_gives_unique_looks"/>
    <testcase time="0.00299999999999967" classname="ocPostprob" name="h_get_looks_together_with_h_get_distance_always_gives_unique_looks"/>
    <testcase time="0.00300000000000011" classname="ocPostprob" name="h_get_looks_together_with_h_get_distance_always_gives_unique_looks"/>
    <testcase time="0.00300000000000011" classname="ocPostprob" name="h_get_looks_together_with_h_get_distance_always_gives_unique_looks"/>
    <testcase time="0.00300000000000011" classname="ocPostprob" name="h_get_looks_together_with_h_get_distance_always_gives_unique_looks"/>
    <testcase time="0.00299999999999967" classname="ocPostprob" name="h_get_looks_together_with_h_get_distance_always_gives_unique_looks"/>
    <testcase time="0.00300000000000011" classname="ocPostprob" name="h_get_looks_together_with_h_get_distance_always_gives_unique_looks"/>
    <testcase time="0.00300000000000011" classname="ocPostprob" name="h_get_looks_together_with_h_get_distance_always_gives_unique_looks"/>
    <testcase time="0.00299999999999967" classname="ocPostprob" name="h_get_looks_together_with_h_get_distance_always_gives_unique_looks"/>
    <testcase time="0.00600000000000023" classname="ocPostprob" name="h_get_looks_together_with_h_get_distance_always_gives_unique_looks"/>
    <testcase time="0.00300000000000011" classname="ocPostprob" name="h_get_looks_together_with_h_get_distance_always_gives_unique_looks"/>
    <testcase time="0.00299999999999967" classname="ocPostprob" name="h_get_looks_together_with_h_get_distance_always_gives_unique_looks"/>
    <testcase time="0.00300000000000011" classname="ocPostprob" name="h_get_looks_together_with_h_get_distance_always_gives_unique_looks"/>
    <testcase time="0.00300000000000011" classname="ocPostprob" name="h_get_looks_together_with_h_get_distance_always_gives_unique_looks"/>
    <testcase time="0.00300000000000011" classname="ocPostprob" name="h_get_looks_together_with_h_get_distance_always_gives_unique_looks"/>
    <testcase time="0.00299999999999967" classname="ocPostprob" name="h_get_looks_together_with_h_get_distance_always_gives_unique_looks"/>
    <testcase time="0.00300000000000011" classname="ocPostprob" name="h_get_looks_together_with_h_get_distance_always_gives_unique_looks"/>
    <testcase time="0.00300000000000011" classname="ocPostprob" name="h_get_looks_together_with_h_get_distance_always_gives_unique_looks"/>
    <testcase time="0.00300000000000011" classname="ocPostprob" name="h_get_looks_together_with_h_get_distance_always_gives_unique_looks"/>
    <testcase time="0.00599999999999978" classname="ocPostprob" name="h_get_looks_together_with_h_get_distance_always_gives_unique_looks"/>
    <testcase time="0.00300000000000011" classname="ocPostprob" name="h_get_looks_together_with_h_get_distance_always_gives_unique_looks"/>
    <testcase time="0.004" classname="ocPostprob" name="h_get_looks_together_with_h_get_distance_always_gives_unique_looks"/>
    <testcase time="0.00300000000000011" classname="ocPostprob" name="h_get_looks_together_with_h_get_distance_always_gives_unique_looks"/>
    <testcase time="0.00299999999999967" classname="ocPostprob" name="h_get_looks_together_with_h_get_distance_always_gives_unique_looks"/>
    <testcase time="0.00300000000000011" classname="ocPostprob" name="h_get_looks_together_with_h_get_distance_always_gives_unique_looks"/>
    <testcase time="0.00300000000000011" classname="ocPostprob" name="h_get_looks_together_with_h_get_distance_always_gives_unique_looks"/>
    <testcase time="0.00300000000000011" classname="ocPostprob" name="h_get_looks_together_with_h_get_distance_always_gives_unique_looks"/>
    <testcase time="0.00299999999999967" classname="ocPostprob" name="h_get_looks_together_with_h_get_distance_always_gives_unique_looks"/>
    <testcase time="0.00300000000000011" classname="ocPostprob" name="h_get_looks_together_with_h_get_distance_always_gives_unique_looks"/>
    <testcase time="0.00600000000000023" classname="ocPostprob" name="h_get_looks_together_with_h_get_distance_always_gives_unique_looks"/>
    <testcase time="0.00299999999999967" classname="ocPostprob" name="h_get_looks_together_with_h_get_distance_always_gives_unique_looks"/>
    <testcase time="0.00300000000000011" classname="ocPostprob" name="h_get_looks_together_with_h_get_distance_always_gives_unique_looks"/>
    <testcase time="0.00300000000000011" classname="ocPostprob" name="h_get_looks_together_with_h_get_distance_always_gives_unique_looks"/>
    <testcase time="0.00300000000000011" classname="ocPostprob" name="h_get_looks_together_with_h_get_distance_always_gives_unique_looks"/>
    <testcase time="0.00299999999999967" classname="ocPostprob" name="h_get_looks_together_with_h_get_distance_always_gives_unique_looks"/>
    <testcase time="0.00300000000000011" classname="ocPostprob" name="h_get_looks_together_with_h_get_distance_always_gives_unique_looks"/>
    <testcase time="0.00300000000000011" classname="ocPostprob" name="h_get_looks_together_with_h_get_distance_always_gives_unique_looks"/>
    <testcase time="0.00300000000000011" classname="ocPostprob" name="h_get_looks_together_with_h_get_distance_always_gives_unique_looks"/>
    <testcase time="0.00299999999999967" classname="ocPostprob" name="h_get_looks_together_with_h_get_distance_always_gives_unique_looks"/>
    <testcase time="0.00600000000000023" classname="ocPostprob" name="h_get_looks_together_with_h_get_distance_always_gives_unique_looks"/>
    <testcase time="0.00300000000000011" classname="ocPostprob" name="h_get_looks_together_with_h_get_distance_always_gives_unique_looks"/>
    <testcase time="0.00299999999999967" classname="ocPostprob" name="h_get_looks_together_with_h_get_distance_always_gives_unique_looks"/>
    <testcase time="0.00300000000000011" classname="ocPostprob" name="h_get_looks_together_with_h_get_distance_always_gives_unique_looks"/>
    <testcase time="0.004" classname="ocPostprob" name="h_get_looks_together_with_h_get_distance_always_gives_unique_looks"/>
    <testcase time="0.00300000000000011" classname="ocPostprob" name="h_get_looks_together_with_h_get_distance_always_gives_unique_looks"/>
    <testcase time="0.00299999999999967" classname="ocPostprob" name="h_get_looks_together_with_h_get_distance_always_gives_unique_looks"/>
    <testcase time="0.00300000000000011" classname="ocPostprob" name="h_get_looks_together_with_h_get_distance_always_gives_unique_looks"/>
    <testcase time="0.00300000000000011" classname="ocPostprob" name="h_get_looks_together_with_h_get_distance_always_gives_unique_looks"/>
    <testcase time="0.00300000000000011" classname="ocPostprob" name="h_get_looks_together_with_h_get_distance_always_gives_unique_looks"/>
    <testcase time="0.00800000000000001" classname="ocPostprob" name="h_get_looks_together_with_h_get_distance_always_gives_unique_looks"/>
    <testcase time="0.004" classname="ocPostprob" name="h_get_looks_together_with_h_get_distance_always_gives_unique_looks"/>
    <testcase time="0.00299999999999967" classname="ocPostprob" name="h_get_looks_together_with_h_get_distance_always_gives_unique_looks"/>
    <testcase time="0.00300000000000011" classname="ocPostprob" name="h_get_looks_together_with_h_get_distance_always_gives_unique_looks"/>
    <testcase time="0.00300000000000011" classname="ocPostprob" name="h_get_looks_together_with_h_get_distance_always_gives_unique_looks"/>
    <testcase time="0.00300000000000011" classname="ocPostprob" name="h_get_looks_together_with_h_get_distance_always_gives_unique_looks"/>
    <testcase time="0.004" classname="ocPostprob" name="h_get_looks_together_with_h_get_distance_always_gives_unique_looks"/>
    <testcase time="0.00299999999999967" classname="ocPostprob" name="h_get_looks_together_with_h_get_distance_always_gives_unique_looks"/>
    <testcase time="0.00300000000000011" classname="ocPostprob" name="h_get_looks_together_with_h_get_distance_always_gives_unique_looks"/>
    <testcase time="0.00300000000000011" classname="ocPostprob" name="h_get_looks_together_with_h_get_distance_always_gives_unique_looks"/>
    <testcase time="0.00599999999999978" classname="ocPostprob" name="h_get_looks_together_with_h_get_distance_always_gives_unique_looks"/>
    <testcase time="0.004" classname="ocPostprob" name="h_get_looks_together_with_h_get_distance_always_gives_unique_looks"/>
    <testcase time="0.00300000000000011" classname="ocPostprob" name="h_get_looks_together_with_h_get_distance_always_gives_unique_looks"/>
    <testcase time="0.00300000000000011" classname="ocPostprob" name="h_get_looks_together_with_h_get_distance_always_gives_unique_looks"/>
    <testcase time="0.004" classname="ocPostprob" name="h_get_looks_together_with_h_get_distance_always_gives_unique_looks"/>
    <testcase time="0.00300000000000011" classname="ocPostprob" name="h_get_looks_together_with_h_get_distance_always_gives_unique_looks"/>
    <testcase time="0.00299999999999967" classname="ocPostprob" name="h_get_looks_together_with_h_get_distance_always_gives_unique_looks"/>
    <testcase time="0.00300000000000011" classname="ocPostprob" name="h_get_looks_together_with_h_get_distance_always_gives_unique_looks"/>
    <testcase time="0.00300000000000011" classname="ocPostprob" name="h_get_looks_together_with_h_get_distance_always_gives_unique_looks"/>
    <testcase time="0.004" classname="ocPostprob" name="h_get_looks_together_with_h_get_distance_always_gives_unique_looks"/>
    <testcase time="0.00599999999999978" classname="ocPostprob" name="h_get_looks_together_with_h_get_distance_always_gives_unique_looks"/>
    <testcase time="0.004" classname="ocPostprob" name="h_get_looks_together_with_h_get_distance_always_gives_unique_looks"/>
    <testcase time="0.00300000000000011" classname="ocPostprob" name="h_get_looks_together_with_h_get_distance_always_gives_unique_looks"/>
    <testcase time="0.004" classname="ocPostprob" name="h_get_looks_together_with_h_get_distance_always_gives_unique_looks"/>
    <testcase time="0.00300000000000011" classname="ocPostprob" name="h_get_looks_together_with_h_get_distance_always_gives_unique_looks"/>
    <testcase time="0.00300000000000011" classname="ocPostprob" name="h_get_looks_together_with_h_get_distance_always_gives_unique_looks"/>
    <testcase time="0.00299999999999967" classname="ocPostprob" name="h_get_looks_together_with_h_get_distance_always_gives_unique_looks"/>
    <testcase time="0.004" classname="ocPostprob" name="h_get_looks_together_with_h_get_distance_always_gives_unique_looks"/>
    <testcase time="0.00300000000000011" classname="ocPostprob" name="h_get_looks_together_with_h_get_distance_always_gives_unique_looks"/>
    <testcase time="0.00300000000000011" classname="ocPostprob" name="h_get_looks_together_with_h_get_distance_always_gives_unique_looks"/>
    <testcase time="0.00599999999999978" classname="ocPostprob" name="h_get_looks_together_with_h_get_distance_always_gives_unique_looks"/>
    <testcase time="0.004" classname="ocPostprob" name="h_get_looks_together_with_h_get_distance_always_gives_unique_looks"/>
    <testcase time="0.004" classname="ocPostprob" name="h_get_looks_together_with_h_get_distance_always_gives_unique_looks"/>
    <testcase time="0.00300000000000011" classname="ocPostprob" name="h_get_looks_together_with_h_get_distance_always_gives_unique_looks"/>
    <testcase time="0.00300000000000011" classname="ocPostprob" name="h_get_looks_together_with_h_get_distance_always_gives_unique_looks"/>
    <testcase time="0.00299999999999967" classname="ocPostprob" name="h_get_looks_together_with_h_get_distance_always_gives_unique_looks"/>
    <testcase time="0.004" classname="ocPostprob" name="h_get_looks_together_with_h_get_distance_always_gives_unique_looks"/>
    <testcase time="0.00300000000000011" classname="ocPostprob" name="h_get_looks_together_with_h_get_distance_always_gives_unique_looks"/>
    <testcase time="0.00300000000000011" classname="ocPostprob" name="h_get_looks_together_with_h_get_distance_always_gives_unique_looks"/>
    <testcase time="0.004" classname="ocPostprob" name="h_get_looks_together_with_h_get_distance_always_gives_unique_looks"/>
    <testcase time="0.00499999999999989" classname="ocPostprob" name="h_get_looks_together_with_h_get_distance_always_gives_unique_looks"/>
    <testcase time="0.00499999999999989" classname="ocPostprob" name="h_get_looks_together_with_h_get_distance_always_gives_unique_looks"/>
    <testcase time="0.00300000000000011" classname="ocPostprob" name="h_get_looks_together_with_h_get_distance_always_gives_unique_looks"/>
    <testcase time="0.004" classname="ocPostprob" name="h_get_looks_together_with_h_get_distance_always_gives_unique_looks"/>
    <testcase time="0.00300000000000011" classname="ocPostprob" name="h_get_looks_together_with_h_get_distance_always_gives_unique_looks"/>
    <testcase time="0.00300000000000011" classname="ocPostprob" name="h_get_looks_together_with_h_get_distance_always_gives_unique_looks"/>
    <testcase time="0.00299999999999967" classname="ocPostprob" name="h_get_looks_together_with_h_get_distance_always_gives_unique_looks"/>
    <testcase time="0.004" classname="ocPostprob" name="h_get_looks_together_with_h_get_distance_always_gives_unique_looks"/>
    <testcase time="0.00300000000000011" classname="ocPostprob" name="h_get_looks_together_with_h_get_distance_always_gives_unique_looks"/>
    <testcase time="0.00300000000000011" classname="ocPostprob" name="h_get_looks_together_with_h_get_distance_always_gives_unique_looks"/>
    <testcase time="0.00700000000000012" classname="ocPostprob" name="h_get_looks_together_with_h_get_distance_always_gives_unique_looks"/>
    <testcase time="0.004" classname="ocPostprob" name="h_get_looks_together_with_h_get_distance_always_gives_unique_looks"/>
    <testcase time="0.00299999999999967" classname="ocPostprob" name="h_get_looks_together_with_h_get_distance_always_gives_unique_looks"/>
    <testcase time="0.004" classname="ocPostprob" name="h_get_looks_together_with_h_get_distance_always_gives_unique_looks"/>
    <testcase time="0.00300000000000011" classname="ocPostprob" name="h_get_looks_together_with_h_get_distance_always_gives_unique_looks"/>
    <testcase time="0.00300000000000011" classname="ocPostprob" name="h_get_looks_together_with_h_get_distance_always_gives_unique_looks"/>
    <testcase time="0.004" classname="ocPostprob" name="h_get_looks_together_with_h_get_distance_always_gives_unique_looks"/>
    <testcase time="0.00300000000000011" classname="ocPostprob" name="h_get_looks_together_with_h_get_distance_always_gives_unique_looks"/>
    <testcase time="0.00299999999999967" classname="ocPostprob" name="h_get_looks_together_with_h_get_distance_always_gives_unique_looks"/>
    <testcase time="0.00300000000000011" classname="ocPostprob" name="h_get_looks_together_with_h_get_distance_always_gives_unique_looks"/>
    <testcase time="0.00700000000000012" classname="ocPostprob" name="h_get_looks_together_with_h_get_distance_always_gives_unique_looks"/>
    <testcase time="0.00300000000000011" classname="ocPostprob" name="h_get_looks_together_with_h_get_distance_always_gives_unique_looks"/>
    <testcase time="0.00300000000000011" classname="ocPostprob" name="h_get_looks_together_with_h_get_distance_always_gives_unique_looks"/>
    <testcase time="0.00299999999999967" classname="ocPostprob" name="h_get_looks_together_with_h_get_distance_always_gives_unique_looks"/>
    <testcase time="0.004" classname="ocPostprob" name="h_get_looks_together_with_h_get_distance_always_gives_unique_looks"/>
    <testcase time="0.004" classname="ocPostprob" name="h_get_looks_together_with_h_get_distance_always_gives_unique_looks"/>
    <testcase time="0.00300000000000011" classname="ocPostprob" name="h_get_looks_together_with_h_get_distance_always_gives_unique_looks"/>
    <testcase time="0.004" classname="ocPostprob" name="h_get_looks_together_with_h_get_distance_always_gives_unique_looks"/>
    <testcase time="0.00300000000000011" classname="ocPostprob" name="h_get_looks_together_with_h_get_distance_always_gives_unique_looks"/>
    <testcase time="0.00699999999999967" classname="ocPostprob" name="h_get_looks_together_with_h_get_distance_always_gives_unique_looks"/>
    <testcase time="0.004" classname="ocPostprob" name="h_get_looks_together_with_h_get_distance_always_gives_unique_looks"/>
    <testcase time="0.004" classname="ocPostprob" name="h_get_looks_together_with_h_get_distance_always_gives_unique_looks"/>
    <testcase time="0.00300000000000011" classname="ocPostprob" name="h_get_looks_together_with_h_get_distance_always_gives_unique_looks"/>
    <testcase time="0.004" classname="ocPostprob" name="h_get_looks_together_with_h_get_distance_always_gives_unique_looks"/>
    <testcase time="0.00300000000000011" classname="ocPostprob" name="h_get_looks_together_with_h_get_distance_always_gives_unique_looks"/>
    <testcase time="0.00300000000000011" classname="ocPostprob" name="h_get_looks_together_with_h_get_distance_always_gives_unique_looks"/>
    <testcase time="0.004" classname="ocPostprob" name="h_get_looks_together_with_h_get_distance_always_gives_unique_looks"/>
    <testcase time="0.00299999999999967" classname="ocPostprob" name="h_get_looks_together_with_h_get_distance_always_gives_unique_looks"/>
    <testcase time="0.00600000000000023" classname="ocPostprob" name="h_get_looks_together_with_h_get_distance_always_gives_unique_looks"/>
    <testcase time="0.00499999999999989" classname="ocPostprob" name="h_get_looks_together_with_h_get_distance_always_gives_unique_looks"/>
    <testcase time="0.00300000000000011" classname="ocPostprob" name="h_get_looks_together_with_h_get_distance_always_gives_unique_looks"/>
    <testcase time="0.004" classname="ocPostprob" name="h_get_looks_together_with_h_get_distance_always_gives_unique_looks"/>
    <testcase time="0.00300000000000011" classname="ocPostprob" name="h_get_looks_together_with_h_get_distance_always_gives_unique_looks"/>
    <testcase time="0.004" classname="ocPostprob" name="h_get_looks_together_with_h_get_distance_always_gives_unique_looks"/>
    <testcase time="0.00299999999999967" classname="ocPostprob" name="h_get_looks_together_with_h_get_distance_always_gives_unique_looks"/>
    <testcase time="0.00300000000000011" classname="ocPostprob" name="h_get_looks_together_with_h_get_distance_always_gives_unique_looks"/>
    <testcase time="0.004" classname="ocPostprob" name="h_get_looks_together_with_h_get_distance_always_gives_unique_looks"/>
    <testcase time="0.00600000000000023" classname="ocPostprob" name="h_get_looks_together_with_h_get_distance_always_gives_unique_looks"/>
    <testcase time="0.004" classname="ocPostprob" name="h_get_looks_together_with_h_get_distance_always_gives_unique_looks"/>
    <testcase time="0.004" classname="ocPostprob" name="h_get_looks_together_with_h_get_distance_always_gives_unique_looks"/>
    <testcase time="0.00299999999999967" classname="ocPostprob" name="h_get_looks_together_with_h_get_distance_always_gives_unique_looks"/>
    <testcase time="0.004" classname="ocPostprob" name="h_get_looks_together_with_h_get_distance_always_gives_unique_looks"/>
    <testcase time="0.00300000000000011" classname="ocPostprob" name="h_get_looks_together_with_h_get_distance_always_gives_unique_looks"/>
    <testcase time="0.004" classname="ocPostprob" name="h_get_looks_together_with_h_get_distance_always_gives_unique_looks"/>
    <testcase time="0.00300000000000011" classname="ocPostprob" name="h_get_looks_together_with_h_get_distance_always_gives_unique_looks"/>
    <testcase time="0.004" classname="ocPostprob" name="h_get_looks_together_with_h_get_distance_always_gives_unique_looks"/>
    <testcase time="0.00599999999999978" classname="ocPostprob" name="h_get_looks_together_with_h_get_distance_always_gives_unique_looks"/>
    <testcase time="0.00499999999999989" classname="ocPostprob" name="h_get_looks_together_with_h_get_distance_always_gives_unique_looks"/>
    <testcase time="0.00300000000000011" classname="ocPostprob" name="h_get_looks_together_with_h_get_distance_always_gives_unique_looks"/>
    <testcase time="0.004" classname="ocPostprob" name="h_get_looks_together_with_h_get_distance_always_gives_unique_looks"/>
    <testcase time="0.00300000000000011" classname="ocPostprob" name="h_get_looks_together_with_h_get_distance_always_gives_unique_looks"/>
    <testcase time="0.004" classname="ocPostprob" name="h_get_looks_together_with_h_get_distance_always_gives_unique_looks"/>
    <testcase time="0.00300000000000011" classname="ocPostprob" name="h_get_looks_together_with_h_get_distance_always_gives_unique_looks"/>
    <testcase time="0.004" classname="ocPostprob" name="h_get_looks_together_with_h_get_distance_always_gives_unique_looks"/>
    <testcase time="0.00299999999999967" classname="ocPostprob" name="h_get_looks_together_with_h_get_distance_always_gives_unique_looks"/>
    <testcase time="0.00700000000000012" classname="ocPostprob" name="h_get_looks_together_with_h_get_distance_always_gives_unique_looks"/>
    <testcase time="0.004" classname="ocPostprob" name="h_get_looks_together_with_h_get_distance_always_gives_unique_looks"/>
    <testcase time="0.004" classname="ocPostprob" name="h_get_looks_together_with_h_get_distance_always_gives_unique_looks"/>
    <testcase time="0.004" classname="ocPostprob" name="h_get_looks_together_with_h_get_distance_always_gives_unique_looks"/>
    <testcase time="0.00300000000000011" classname="ocPostprob" name="h_get_looks_together_with_h_get_distance_always_gives_unique_looks"/>
    <testcase time="0.004" classname="ocPostprob" name="h_get_looks_together_with_h_get_distance_always_gives_unique_looks"/>
    <testcase time="0.00300000000000011" classname="ocPostprob" name="h_get_looks_together_with_h_get_distance_always_gives_unique_looks"/>
    <testcase time="0.004" classname="ocPostprob" name="h_get_looks_together_with_h_get_distance_always_gives_unique_looks"/>
    <testcase time="0.00299999999999967" classname="ocPostprob" name="h_get_looks_together_with_h_get_distance_always_gives_unique_looks"/>
    <testcase time="0.00700000000000012" classname="ocPostprob" name="h_get_looks_together_with_h_get_distance_always_gives_unique_looks"/>
    <testcase time="0.00499999999999989" classname="ocPostprob" name="h_get_looks_together_with_h_get_distance_always_gives_unique_looks"/>
    <testcase time="0.00300000000000011" classname="ocPostprob" name="h_get_looks_together_with_h_get_distance_always_gives_unique_looks"/>
    <testcase time="0.004" classname="ocPostprob" name="h_get_looks_together_with_h_get_distance_always_gives_unique_looks"/>
    <testcase time="0.00300000000000011" classname="ocPostprob" name="h_get_looks_together_with_h_get_distance_always_gives_unique_looks"/>
    <testcase time="0.004" classname="ocPostprob" name="h_get_looks_together_with_h_get_distance_always_gives_unique_looks"/>
    <testcase time="0.00300000000000011" classname="ocPostprob" name="h_get_looks_together_with_h_get_distance_always_gives_unique_looks"/>
    <testcase time="0.004" classname="ocPostprob" name="h_get_looks_together_with_h_get_distance_always_gives_unique_looks"/>
    <testcase time="0.004" classname="ocPostprob" name="h_get_looks_together_with_h_get_distance_always_gives_unique_looks"/>
    <testcase time="0.00699999999999967" classname="ocPostprob" name="h_get_looks_together_with_h_get_distance_always_gives_unique_looks"/>
    <testcase time="0.004" classname="ocPostprob" name="h_get_looks_together_with_h_get_distance_always_gives_unique_looks"/>
    <testcase time="0.00300000000000011" classname="ocPostprob" name="h_get_looks_together_with_h_get_distance_always_gives_unique_looks"/>
    <testcase time="0.004" classname="ocPostprob" name="h_get_looks_together_with_h_get_distance_always_gives_unique_looks"/>
    <testcase time="0.00300000000000011" classname="ocPostprob" name="h_get_looks_together_with_h_get_distance_always_gives_unique_looks"/>
    <testcase time="0.004" classname="ocPostprob" name="h_get_looks_together_with_h_get_distance_always_gives_unique_looks"/>
    <testcase time="0.004" classname="ocPostprob" name="h_get_looks_together_with_h_get_distance_always_gives_unique_looks"/>
    <testcase time="0.00299999999999967" classname="ocPostprob" name="h_get_looks_together_with_h_get_distance_always_gives_unique_looks"/>
    <testcase time="0.00700000000000012" classname="ocPostprob" name="h_get_looks_together_with_h_get_distance_always_gives_unique_looks"/>
    <testcase time="0.004" classname="ocPostprob" name="h_get_looks_together_with_h_get_distance_always_gives_unique_looks"/>
    <testcase time="0.004" classname="ocPostprob" name="h_get_looks_together_with_h_get_distance_always_gives_unique_looks"/>
    <testcase time="0.004" classname="ocPostprob" name="h_get_looks_together_with_h_get_distance_always_gives_unique_looks"/>
    <testcase time="0.00300000000000011" classname="ocPostprob" name="h_get_looks_together_with_h_get_distance_always_gives_unique_looks"/>
    <testcase time="0.004" classname="ocPostprob" name="h_get_looks_together_with_h_get_distance_always_gives_unique_looks"/>
    <testcase time="0.00300000000000011" classname="ocPostprob" name="h_get_looks_together_with_h_get_distance_always_gives_unique_looks"/>
    <testcase time="0.004" classname="ocPostprob" name="h_get_looks_together_with_h_get_distance_always_gives_unique_looks"/>
    <testcase time="0.00699999999999967" classname="ocPostprob" name="h_get_looks_together_with_h_get_distance_always_gives_unique_looks"/>
    <testcase time="0.004" classname="ocPostprob" name="h_get_looks_together_with_h_get_distance_always_gives_unique_looks"/>
    <testcase time="0.004" classname="ocPostprob" name="h_get_looks_together_with_h_get_distance_always_gives_unique_looks"/>
    <testcase time="0.004" classname="ocPostprob" name="h_get_looks_together_with_h_get_distance_always_gives_unique_looks"/>
    <testcase time="0.00300000000000011" classname="ocPostprob" name="h_get_looks_together_with_h_get_distance_always_gives_unique_looks"/>
    <testcase time="0.004" classname="ocPostprob" name="h_get_looks_together_with_h_get_distance_always_gives_unique_looks"/>
    <testcase time="0.00300000000000011" classname="ocPostprob" name="h_get_looks_together_with_h_get_distance_always_gives_unique_looks"/>
    <testcase time="0.00300000000000011" classname="ocPostprob" name="h_get_looks_together_with_h_get_distance_always_gives_unique_looks"/>
    <testcase time="0.00700000000000012" classname="ocPostprob" name="h_get_looks_together_with_h_get_distance_always_gives_unique_looks"/>
    <testcase time="0.004" classname="ocPostprob" name="h_get_looks_together_with_h_get_distance_always_gives_unique_looks"/>
    <testcase time="0.004" classname="ocPostprob" name="h_get_looks_together_with_h_get_distance_always_gives_unique_looks"/>
    <testcase time="0.004" classname="ocPostprob" name="h_get_looks_together_with_h_get_distance_always_gives_unique_looks"/>
    <testcase time="0.004" classname="ocPostprob" name="h_get_looks_together_with_h_get_distance_always_gives_unique_looks"/>
    <testcase time="0.00299999999999967" classname="ocPostprob" name="h_get_looks_together_with_h_get_distance_always_gives_unique_looks"/>
    <testcase time="0.004" classname="ocPostprob" name="h_get_looks_together_with_h_get_distance_always_gives_unique_looks"/>
    <testcase time="0.004" classname="ocPostprob" name="h_get_looks_together_with_h_get_distance_always_gives_unique_looks"/>
    <testcase time="0.00600000000000023" classname="ocPostprob" name="h_get_looks_together_with_h_get_distance_always_gives_unique_looks"/>
    <testcase time="0.00499999999999989" classname="ocPostprob" name="h_get_looks_together_with_h_get_distance_always_gives_unique_looks"/>
    <testcase time="0.004" classname="ocPostprob" name="h_get_looks_together_with_h_get_distance_always_gives_unique_looks"/>
    <testcase time="0.004" classname="ocPostprob" name="h_get_looks_together_with_h_get_distance_always_gives_unique_looks"/>
    <testcase time="0.004" classname="ocPostprob" name="h_get_looks_together_with_h_get_distance_always_gives_unique_looks"/>
    <testcase time="0.00300000000000011" classname="ocPostprob" name="h_get_looks_together_with_h_get_distance_always_gives_unique_looks"/>
    <testcase time="0.004" classname="ocPostprob" name="h_get_looks_together_with_h_get_distance_always_gives_unique_looks"/>
    <testcase time="0.004" classname="ocPostprob" name="h_get_looks_together_with_h_get_distance_always_gives_unique_looks"/>
    <testcase time="0.00599999999999978" classname="ocPostprob" name="h_get_looks_together_with_h_get_distance_always_gives_unique_looks"/>
    <testcase time="0.00499999999999989" classname="ocPostprob" name="h_get_looks_together_with_h_get_distance_always_gives_unique_looks"/>
    <testcase time="0.004" classname="ocPostprob" name="h_get_looks_together_with_h_get_distance_always_gives_unique_looks"/>
    <testcase time="0.004" classname="ocPostprob" name="h_get_looks_together_with_h_get_distance_always_gives_unique_looks"/>
    <testcase time="0.004" classname="ocPostprob" name="h_get_looks_together_with_h_get_distance_always_gives_unique_looks"/>
    <testcase time="0.00300000000000011" classname="ocPostprob" name="h_get_looks_together_with_h_get_distance_always_gives_unique_looks"/>
    <testcase time="0.004" classname="ocPostprob" name="h_get_looks_together_with_h_get_distance_always_gives_unique_looks"/>
    <testcase time="0.004" classname="ocPostprob" name="h_get_looks_together_with_h_get_distance_always_gives_unique_looks"/>
    <testcase time="0.00700000000000012" classname="ocPostprob" name="h_get_looks_together_with_h_get_distance_always_gives_unique_looks"/>
    <testcase time="0.004" classname="ocPostprob" name="h_get_looks_together_with_h_get_distance_always_gives_unique_looks"/>
    <testcase time="0.004" classname="ocPostprob" name="h_get_looks_together_with_h_get_distance_always_gives_unique_looks"/>
    <testcase time="0.004" classname="ocPostprob" name="h_get_looks_together_with_h_get_distance_always_gives_unique_looks"/>
    <testcase time="0.004" classname="ocPostprob" name="h_get_looks_together_with_h_get_distance_always_gives_unique_looks"/>
    <testcase time="0.004" classname="ocPostprob" name="h_get_looks_together_with_h_get_distance_always_gives_unique_looks"/>
    <testcase time="0.00300000000000011" classname="ocPostprob" name="h_get_looks_together_with_h_get_distance_always_gives_unique_looks"/>
    <testcase time="0.004" classname="ocPostprob" name="h_get_looks_together_with_h_get_distance_always_gives_unique_looks"/>
    <testcase time="0.00800000000000001" classname="ocPostprob" name="h_get_looks_together_with_h_get_distance_always_gives_unique_looks"/>
    <testcase time="0.004" classname="ocPostprob" name="h_get_looks_together_with_h_get_distance_always_gives_unique_looks"/>
    <testcase time="0.004" classname="ocPostprob" name="h_get_looks_together_with_h_get_distance_always_gives_unique_looks"/>
    <testcase time="0.004" classname="ocPostprob" name="h_get_looks_together_with_h_get_distance_always_gives_unique_looks"/>
    <testcase time="0.00299999999999967" classname="ocPostprob" name="h_get_looks_together_with_h_get_distance_always_gives_unique_looks"/>
    <testcase time="0.004" classname="ocPostprob" name="h_get_looks_together_with_h_get_distance_always_gives_unique_looks"/>
    <testcase time="0.004" classname="ocPostprob" name="h_get_looks_together_with_h_get_distance_always_gives_unique_looks"/>
    <testcase time="0.004" classname="ocPostprob" name="h_get_looks_together_with_h_get_distance_always_gives_unique_looks"/>
    <testcase time="0.0110000000000001" classname="ocPostprob" name="h_get_looks_together_with_h_get_distance_always_gives_unique_looks"/>
    <testcase time="0.004" classname="ocPostprob" name="h_get_looks_together_with_h_get_distance_always_gives_unique_looks"/>
    <testcase time="0.004" classname="ocPostprob" name="h_get_looks_together_with_h_get_distance_always_gives_unique_looks"/>
    <testcase time="0.004" classname="ocPostprob" name="h_get_looks_together_with_h_get_distance_always_gives_unique_looks"/>
    <testcase time="0.004" classname="ocPostprob" name="h_get_looks_together_with_h_get_distance_always_gives_unique_looks"/>
    <testcase time="0.004" classname="ocPostprob" name="h_get_looks_together_with_h_get_distance_always_gives_unique_looks"/>
    <testcase time="0.004" classname="ocPostprob" name="h_get_looks_together_with_h_get_distance_always_gives_unique_looks"/>
    <testcase time="0.004" classname="ocPostprob" name="h_get_looks_together_with_h_get_distance_always_gives_unique_looks"/>
    <testcase time="0.00800000000000001" classname="ocPostprob" name="h_get_looks_together_with_h_get_distance_always_gives_unique_looks"/>
    <testcase time="0.004" classname="ocPostprob" name="h_get_looks_together_with_h_get_distance_always_gives_unique_looks"/>
    <testcase time="0.00499999999999989" classname="ocPostprob" name="h_get_looks_together_with_h_get_distance_always_gives_unique_looks"/>
    <testcase time="0.00300000000000011" classname="ocPostprob" name="h_get_looks_together_with_h_get_distance_always_gives_unique_looks"/>
    <testcase time="0.004" classname="ocPostprob" name="h_get_looks_together_with_h_get_distance_always_gives_unique_looks"/>
    <testcase time="0.004" classname="ocPostprob" name="h_get_looks_together_with_h_get_distance_always_gives_unique_looks"/>
    <testcase time="0.004" classname="ocPostprob" name="h_get_looks_together_with_h_get_distance_always_gives_unique_looks"/>
    <testcase time="0.004" classname="ocPostprob" name="h_get_looks_together_with_h_get_distance_always_gives_unique_looks"/>
    <testcase time="0.00700000000000012" classname="ocPostprob" name="h_get_looks_together_with_h_get_distance_always_gives_unique_looks"/>
    <testcase time="0.00499999999999989" classname="ocPostprob" name="h_get_looks_together_with_h_get_distance_always_gives_unique_looks"/>
    <testcase time="0.004" classname="ocPostprob" name="h_get_looks_together_with_h_get_distance_always_gives_unique_looks"/>
    <testcase time="0.004" classname="ocPostprob" name="h_get_looks_together_with_h_get_distance_always_gives_unique_looks"/>
    <testcase time="0.004" classname="ocPostprob" name="h_get_looks_together_with_h_get_distance_always_gives_unique_looks"/>
    <testcase time="0.004" classname="ocPostprob" name="h_get_looks_together_with_h_get_distance_always_gives_unique_looks"/>
    <testcase time="0.00300000000000011" classname="ocPostprob" name="h_get_looks_together_with_h_get_distance_always_gives_unique_looks"/>
    <testcase time="0.004" classname="ocPostprob" name="h_get_looks_together_with_h_get_distance_always_gives_unique_looks"/>
    <testcase time="0.00699999999999967" classname="ocPostprob" name="h_get_looks_together_with_h_get_distance_always_gives_unique_looks"/>
    <testcase time="0.00500000000000034" classname="ocPostprob" name="h_get_looks_together_with_h_get_distance_always_gives_unique_looks"/>
    <testcase time="0.004" classname="ocPostprob" name="h_get_looks_together_with_h_get_distance_always_gives_unique_looks"/>
    <testcase time="0.00299999999999967" classname="ocPostprob" name="h_get_looks_together_with_h_get_distance_always_gives_unique_looks"/>
    <testcase time="0.004" classname="ocPostprob" name="h_get_looks_together_with_h_get_distance_always_gives_unique_looks"/>
    <testcase time="0.004" classname="ocPostprob" name="h_get_looks_together_with_h_get_distance_always_gives_unique_looks"/>
    <testcase time="0.004" classname="ocPostprob" name="h_get_looks_together_with_h_get_distance_always_gives_unique_looks"/>
    <testcase time="0.004" classname="ocPostprob" name="h_get_looks_together_with_h_get_distance_always_gives_unique_looks"/>
    <testcase time="0.00800000000000001" classname="ocPostprob" name="h_get_looks_together_with_h_get_distance_always_gives_unique_looks"/>
    <testcase time="0.004" classname="ocPostprob" name="h_get_looks_together_with_h_get_distance_always_gives_unique_looks"/>
    <testcase time="0.004" classname="ocPostprob" name="h_get_looks_together_with_h_get_distance_always_gives_unique_looks"/>
    <testcase time="0.004" classname="ocPostprob" name="h_get_looks_together_with_h_get_distance_always_gives_unique_looks"/>
    <testcase time="0.004" classname="ocPostprob" name="h_get_looks_together_with_h_get_distance_always_gives_unique_looks"/>
    <testcase time="0.004" classname="ocPostprob" name="h_get_looks_together_with_h_get_distance_always_gives_unique_looks"/>
    <testcase time="0.004" classname="ocPostprob" name="h_get_looks_together_with_h_get_distance_always_gives_unique_looks"/>
    <testcase time="0.00400000000000045" classname="ocPostprob" name="h_get_looks_together_with_h_get_distance_always_gives_unique_looks"/>
    <testcase time="0.00800000000000001" classname="ocPostprob" name="h_get_looks_together_with_h_get_distance_always_gives_unique_looks"/>
    <testcase time="0.00399999999999956" classname="ocPostprob" name="h_get_looks_together_with_h_get_distance_always_gives_unique_looks"/>
    <testcase time="0.00400000000000045" classname="ocPostprob" name="h_get_looks_together_with_h_get_distance_always_gives_unique_looks"/>
    <testcase time="0.00399999999999956" classname="ocPostprob" name="h_get_looks_together_with_h_get_distance_always_gives_unique_looks"/>
    <testcase time="0.00400000000000045" classname="ocPostprob" name="h_get_looks_together_with_h_get_distance_always_gives_unique_looks"/>
    <testcase time="0.00399999999999956" classname="ocPostprob" name="h_get_looks_together_with_h_get_distance_always_gives_unique_looks"/>
    <testcase time="0.00400000000000045" classname="ocPostprob" name="h_get_looks_together_with_h_get_distance_always_gives_unique_looks"/>
    <testcase time="0.00699999999999967" classname="ocPostprob" name="h_get_looks_together_with_h_get_distance_always_gives_unique_looks"/>
    <testcase time="0.00499999999999989" classname="ocPostprob" name="h_get_looks_together_with_h_get_distance_always_gives_unique_looks"/>
    <testcase time="0.00400000000000045" classname="ocPostprob" name="h_get_looks_together_with_h_get_distance_always_gives_unique_looks"/>
    <testcase time="0.00399999999999956" classname="ocPostprob" name="h_get_looks_together_with_h_get_distance_always_gives_unique_looks"/>
    <testcase time="0.00400000000000045" classname="ocPostprob" name="h_get_looks_together_with_h_get_distance_always_gives_unique_looks"/>
    <testcase time="0.00399999999999956" classname="ocPostprob" name="h_get_looks_together_with_h_get_distance_always_gives_unique_looks"/>
    <testcase time="0.00400000000000045" classname="ocPostprob" name="h_get_looks_together_with_h_get_distance_always_gives_unique_looks"/>
    <testcase time="0.00399999999999956" classname="ocPostprob" name="h_get_looks_together_with_h_get_distance_always_gives_unique_looks"/>
    <testcase time="0.00699999999999967" classname="ocPostprob" name="h_get_looks_together_with_h_get_distance_always_gives_unique_looks"/>
    <testcase time="0.00400000000000045" classname="ocPostprob" name="h_get_looks_together_with_h_get_distance_always_gives_unique_looks"/>
    <testcase time="0.00399999999999956" classname="ocPostprob" name="h_get_looks_together_with_h_get_distance_always_gives_unique_looks"/>
    <testcase time="0.00400000000000045" classname="ocPostprob" name="h_get_looks_together_with_h_get_distance_always_gives_unique_looks"/>
    <testcase time="0.00499999999999989" classname="ocPostprob" name="h_get_looks_together_with_h_get_distance_always_gives_unique_looks"/>
    <testcase time="0.00399999999999956" classname="ocPostprob" name="h_get_looks_together_with_h_get_distance_always_gives_unique_looks"/>
    <testcase time="0.00400000000000045" classname="ocPostprob" name="h_get_looks_together_with_h_get_distance_always_gives_unique_looks"/>
    <testcase time="0.00699999999999967" classname="ocPostprob" name="h_get_looks_together_with_h_get_distance_always_gives_unique_looks"/>
    <testcase time="0.00499999999999989" classname="ocPostprob" name="h_get_looks_together_with_h_get_distance_always_gives_unique_looks"/>
    <testcase time="0.00400000000000045" classname="ocPostprob" name="h_get_looks_together_with_h_get_distance_always_gives_unique_looks"/>
    <testcase time="0.00399999999999956" classname="ocPostprob" name="h_get_looks_together_with_h_get_distance_always_gives_unique_looks"/>
    <testcase time="0.00400000000000045" classname="ocPostprob" name="h_get_looks_together_with_h_get_distance_always_gives_unique_looks"/>
    <testcase time="0.00399999999999956" classname="ocPostprob" name="h_get_looks_together_with_h_get_distance_always_gives_unique_looks"/>
    <testcase time="0.00400000000000045" classname="ocPostprob" name="h_get_looks_together_with_h_get_distance_always_gives_unique_looks"/>
    <testcase time="0.00800000000000001" classname="ocPostprob" name="h_get_looks_together_with_h_get_distance_always_gives_unique_looks"/>
    <testcase time="0.00399999999999956" classname="ocPostprob" name="h_get_looks_together_with_h_get_distance_always_gives_unique_looks"/>
    <testcase time="0.00400000000000045" classname="ocPostprob" name="h_get_looks_together_with_h_get_distance_always_gives_unique_looks"/>
    <testcase time="0.00399999999999956" classname="ocPostprob" name="h_get_looks_together_with_h_get_distance_always_gives_unique_looks"/>
    <testcase time="0.00400000000000045" classname="ocPostprob" name="h_get_looks_together_with_h_get_distance_always_gives_unique_looks"/>
    <testcase time="0.00399999999999956" classname="ocPostprob" name="h_get_looks_together_with_h_get_distance_always_gives_unique_looks"/>
    <testcase time="0.00500000000000078" classname="ocPostprob" name="h_get_looks_together_with_h_get_distance_always_gives_unique_looks"/>
    <testcase time="0.00699999999999967" classname="ocPostprob" name="h_get_looks_together_with_h_get_distance_always_gives_unique_looks"/>
    <testcase time="0.00499999999999989" classname="ocPostprob" name="h_get_looks_together_with_h_get_distance_always_gives_unique_looks"/>
    <testcase time="0.00400000000000045" classname="ocPostprob" name="h_get_looks_together_with_h_get_distance_always_gives_unique_looks"/>
    <testcase time="0.00399999999999956" classname="ocPostprob" name="h_get_looks_together_with_h_get_distance_always_gives_unique_looks"/>
    <testcase time="0.00400000000000045" classname="ocPostprob" name="h_get_looks_together_with_h_get_distance_always_gives_unique_looks"/>
    <testcase time="0.00499999999999989" classname="ocPostprob" name="h_get_looks_together_with_h_get_distance_always_gives_unique_looks"/>
    <testcase time="0.00399999999999956" classname="ocPostprob" name="h_get_looks_together_with_h_get_distance_always_gives_unique_looks"/>
    <testcase time="0.00700000000000056" classname="ocPostprob" name="h_get_looks_together_with_h_get_distance_always_gives_unique_looks"/>
    <testcase time="0.00499999999999989" classname="ocPostprob" name="h_get_looks_together_with_h_get_distance_always_gives_unique_looks"/>
    <testcase time="0.00399999999999956" classname="ocPostprob" name="h_get_looks_together_with_h_get_distance_always_gives_unique_looks"/>
    <testcase time="0.00400000000000045" classname="ocPostprob" name="h_get_looks_together_with_h_get_distance_always_gives_unique_looks"/>
    <testcase time="0.00399999999999956" classname="ocPostprob" name="h_get_looks_together_with_h_get_distance_always_gives_unique_looks"/>
    <testcase time="0.00400000000000045" classname="ocPostprob" name="h_get_looks_together_with_h_get_distance_always_gives_unique_looks"/>
    <testcase time="0.00499999999999989" classname="ocPostprob" name="h_get_looks_together_with_h_get_distance_always_gives_unique_looks"/>
    <testcase time="0.00699999999999967" classname="ocPostprob" name="h_get_looks_together_with_h_get_distance_always_gives_unique_looks"/>
    <testcase time="0.00499999999999989" classname="ocPostprob" name="h_get_looks_together_with_h_get_distance_always_gives_unique_looks"/>
    <testcase time="0.00400000000000045" classname="ocPostprob" name="h_get_looks_together_with_h_get_distance_always_gives_unique_looks"/>
    <testcase time="0.00399999999999956" classname="ocPostprob" name="h_get_looks_together_with_h_get_distance_always_gives_unique_looks"/>
    <testcase time="0.00400000000000045" classname="ocPostprob" name="h_get_looks_together_with_h_get_distance_always_gives_unique_looks"/>
    <testcase time="0.00399999999999956" classname="ocPostprob" name="h_get_looks_together_with_h_get_distance_always_gives_unique_looks"/>
    <testcase time="0.00499999999999989" classname="ocPostprob" name="h_get_looks_together_with_h_get_distance_always_gives_unique_looks"/>
    <testcase time="0.00700000000000056" classname="ocPostprob" name="h_get_looks_together_with_h_get_distance_always_gives_unique_looks"/>
    <testcase time="0.00499999999999989" classname="ocPostprob" name="h_get_looks_together_with_h_get_distance_always_gives_unique_looks"/>
    <testcase time="0.00399999999999956" classname="ocPostprob" name="h_get_looks_together_with_h_get_distance_always_gives_unique_looks"/>
    <testcase time="0.00400000000000045" classname="ocPostprob" name="h_get_looks_together_with_h_get_distance_always_gives_unique_looks"/>
    <testcase time="0.00399999999999956" classname="ocPostprob" name="h_get_looks_together_with_h_get_distance_always_gives_unique_looks"/>
    <testcase time="0.00400000000000045" classname="ocPostprob" name="h_get_looks_together_with_h_get_distance_always_gives_unique_looks"/>
    <testcase time="0.00800000000000001" classname="ocPostprob" name="h_get_looks_together_with_h_get_distance_always_gives_unique_looks"/>
    <testcase time="0.00499999999999989" classname="ocPostprob" name="h_get_looks_together_with_h_get_distance_always_gives_unique_looks"/>
    <testcase time="0.00399999999999956" classname="ocPostprob" name="h_get_looks_together_with_h_get_distance_always_gives_unique_looks"/>
    <testcase time="0.00400000000000045" classname="ocPostprob" name="h_get_looks_together_with_h_get_distance_always_gives_unique_looks"/>
    <testcase time="0.00399999999999956" classname="ocPostprob" name="h_get_looks_together_with_h_get_distance_always_gives_unique_looks"/>
    <testcase time="0.00400000000000045" classname="ocPostprob" name="h_get_looks_together_with_h_get_distance_always_gives_unique_looks"/>
    <testcase time="0.00499999999999989" classname="ocPostprob" name="h_get_looks_together_with_h_get_distance_always_gives_unique_looks"/>
    <testcase time="0.00800000000000001" classname="ocPostprob" name="h_get_looks_together_with_h_get_distance_always_gives_unique_looks"/>
    <testcase time="0.00400000000000045" classname="ocPostprob" name="h_get_looks_together_with_h_get_distance_always_gives_unique_looks"/>
    <testcase time="0.00399999999999956" classname="ocPostprob" name="h_get_looks_together_with_h_get_distance_always_gives_unique_looks"/>
    <testcase time="0.00499999999999989" classname="ocPostprob" name="h_get_looks_together_with_h_get_distance_always_gives_unique_looks"/>
    <testcase time="0.00400000000000045" classname="ocPostprob" name="h_get_looks_together_with_h_get_distance_always_gives_unique_looks"/>
    <testcase time="0.00399999999999956" classname="ocPostprob" name="h_get_looks_together_with_h_get_distance_always_gives_unique_looks"/>
    <testcase time="0.00800000000000001" classname="ocPostprob" name="h_get_looks_together_with_h_get_distance_always_gives_unique_looks"/>
    <testcase time="0.00499999999999989" classname="ocPostprob" name="h_get_looks_together_with_h_get_distance_always_gives_unique_looks"/>
    <testcase time="0.00400000000000045" classname="ocPostprob" name="h_get_looks_together_with_h_get_distance_always_gives_unique_looks"/>
    <testcase time="0.00399999999999956" classname="ocPostprob" name="h_get_looks_together_with_h_get_distance_always_gives_unique_looks"/>
    <testcase time="0.00499999999999989" classname="ocPostprob" name="h_get_looks_together_with_h_get_distance_always_gives_unique_looks"/>
    <testcase time="0.00400000000000045" classname="ocPostprob" name="h_get_looks_together_with_h_get_distance_always_gives_unique_looks"/>
    <testcase time="0.00800000000000001" classname="ocPostprob" name="h_get_looks_together_with_h_get_distance_always_gives_unique_looks"/>
    <testcase time="0.00399999999999956" classname="ocPostprob" name="h_get_looks_together_with_h_get_distance_always_gives_unique_looks"/>
    <testcase time="0.00400000000000045" classname="ocPostprob" name="h_get_looks_together_with_h_get_distance_always_gives_unique_looks"/>
    <testcase time="0.00400000000000045" classname="ocPostprob" name="h_get_looks_together_with_h_get_distance_always_gives_unique_looks"/>
    <testcase time="0.00399999999999956" classname="ocPostprob" name="h_get_looks_together_with_h_get_distance_always_gives_unique_looks"/>
    <testcase time="0.00400000000000045" classname="ocPostprob" name="h_get_looks_together_with_h_get_distance_always_gives_unique_looks"/>
    <testcase time="0.00800000000000001" classname="ocPostprob" name="h_get_looks_together_with_h_get_distance_always_gives_unique_looks"/>
    <testcase time="0.00499999999999989" classname="ocPostprob" name="h_get_looks_together_with_h_get_distance_always_gives_unique_looks"/>
    <testcase time="0.00400000000000045" classname="ocPostprob" name="h_get_looks_together_with_h_get_distance_always_gives_unique_looks"/>
    <testcase time="0.00399999999999956" classname="ocPostprob" name="h_get_looks_together_with_h_get_distance_always_gives_unique_looks"/>
    <testcase time="0.00499999999999989" classname="ocPostprob" name="h_get_looks_together_with_h_get_distance_always_gives_unique_looks"/>
    <testcase time="0.00400000000000045" classname="ocPostprob" name="h_get_looks_together_with_h_get_distance_always_gives_unique_looks"/>
    <testcase time="0.00699999999999967" classname="ocPostprob" name="h_get_looks_together_with_h_get_distance_always_gives_unique_looks"/>
    <testcase time="0.00499999999999989" classname="ocPostprob" name="h_get_looks_together_with_h_get_distance_always_gives_unique_looks"/>
    <testcase time="0.00499999999999989" classname="ocPostprob" name="h_get_looks_together_with_h_get_distance_always_gives_unique_looks"/>
    <testcase time="0.00400000000000045" classname="ocPostprob" name="h_get_looks_together_with_h_get_distance_always_gives_unique_looks"/>
    <testcase time="0.00399999999999956" classname="ocPostprob" name="h_get_looks_together_with_h_get_distance_always_gives_unique_looks"/>
    <testcase time="0.00499999999999989" classname="ocPostprob" name="h_get_looks_together_with_h_get_distance_always_gives_unique_looks"/>
    <testcase time="0.00800000000000001" classname="ocPostprob" name="h_get_looks_together_with_h_get_distance_always_gives_unique_looks"/>
    <testcase time="0.00400000000000045" classname="ocPostprob" name="h_get_looks_together_with_h_get_distance_always_gives_unique_looks"/>
    <testcase time="0.00499999999999989" classname="ocPostprob" name="h_get_looks_together_with_h_get_distance_always_gives_unique_looks"/>
    <testcase time="0.00399999999999956" classname="ocPostprob" name="h_get_looks_together_with_h_get_distance_always_gives_unique_looks"/>
    <testcase time="0.00400000000000045" classname="ocPostprob" name="h_get_looks_together_with_h_get_distance_always_gives_unique_looks"/>
    <testcase time="0.00499999999999989" classname="ocPostprob" name="h_get_looks_together_with_h_get_distance_always_gives_unique_looks"/>
    <testcase time="0.0629999999999997" classname="ocPostprob" name="h_get_looks_together_with_h_get_distance_always_gives_unique_looks"/>
    <testcase time="0.00500000000000078" classname="ocPostprob" name="h_get_looks_together_with_h_get_distance_always_gives_unique_looks"/>
    <testcase time="0.00399999999999956" classname="ocPostprob" name="h_get_looks_together_with_h_get_distance_always_gives_unique_looks"/>
    <testcase time="0.00499999999999989" classname="ocPostprob" name="h_get_looks_together_with_h_get_distance_always_gives_unique_looks"/>
    <testcase time="0.00400000000000045" classname="ocPostprob" name="h_get_looks_together_with_h_get_distance_always_gives_unique_looks"/>
    <testcase time="0.00399999999999956" classname="ocPostprob" name="h_get_looks_together_with_h_get_distance_always_gives_unique_looks"/>
    <testcase time="0.00499999999999989" classname="ocPostprob" name="h_get_looks_together_with_h_get_distance_always_gives_unique_looks"/>
    <testcase time="0.00400000000000045" classname="ocPostprob" name="h_get_looks_together_with_h_get_distance_always_gives_unique_looks"/>
    <testcase time="0.00499999999999989" classname="ocPostprob" name="h_get_looks_together_with_h_get_distance_always_gives_unique_looks"/>
    <testcase time="0.00499999999999989" classname="ocPostprob" name="h_get_looks_together_with_h_get_distance_always_gives_unique_looks"/>
    <testcase time="0.00499999999999989" classname="ocPostprob" name="h_get_looks_together_with_h_get_distance_always_gives_unique_looks"/>
    <testcase time="0.00400000000000045" classname="ocPostprob" name="h_get_looks_together_with_h_get_distance_always_gives_unique_looks"/>
    <testcase time="0.00700000000000056" classname="ocPostprob" name="h_get_looks_together_with_h_get_distance_always_gives_unique_looks"/>
    <testcase time="0.00399999999999956" classname="ocPostprob" name="h_get_looks_together_with_h_get_distance_always_gives_unique_looks"/>
    <testcase time="0.00400000000000045" classname="ocPostprob" name="h_get_looks_together_with_h_get_distance_always_gives_unique_looks"/>
    <testcase time="0.00499999999999989" classname="ocPostprob" name="h_get_looks_together_with_h_get_distance_always_gives_unique_looks"/>
    <testcase time="0.00399999999999956" classname="ocPostprob" name="h_get_looks_together_with_h_get_distance_always_gives_unique_looks"/>
    <testcase time="0.00400000000000045" classname="ocPostprob" name="h_get_looks_together_with_h_get_distance_always_gives_unique_looks"/>
    <testcase time="0.00399999999999956" classname="ocPostprob" name="h_get_looks_together_with_h_get_distance_always_gives_unique_looks"/>
    <testcase time="0.00499999999999989" classname="ocPostprob" name="h_get_looks_together_with_h_get_distance_always_gives_unique_looks"/>
    <testcase time="0.00400000000000045" classname="ocPostprob" name="h_get_looks_together_with_h_get_distance_always_gives_unique_looks"/>
    <testcase time="0.00399999999999956" classname="ocPostprob" name="h_get_looks_together_with_h_get_distance_always_gives_unique_looks"/>
    <testcase time="0.00499999999999989" classname="ocPostprob" name="h_get_looks_together_with_h_get_distance_always_gives_unique_looks"/>
    <testcase time="0.00400000000000045" classname="ocPostprob" name="h_get_looks_together_with_h_get_distance_always_gives_unique_looks"/>
    <testcase time="0.00399999999999956" classname="ocPostprob" name="h_get_looks_together_with_h_get_distance_always_gives_unique_looks"/>
    <testcase time="0.00700000000000056" classname="ocPostprob" name="h_get_looks_together_with_h_get_distance_always_gives_unique_looks"/>
    <testcase time="0.00399999999999956" classname="ocPostprob" name="h_get_looks_together_with_h_get_distance_always_gives_unique_looks"/>
    <testcase time="0.00499999999999989" classname="ocPostprob" name="h_get_looks_together_with_h_get_distance_always_gives_unique_looks"/>
    <testcase time="0.00400000000000045" classname="ocPostprob" name="h_get_looks_together_with_h_get_distance_always_gives_unique_looks"/>
    <testcase time="0.00399999999999956" classname="ocPostprob" name="h_get_looks_together_with_h_get_distance_always_gives_unique_looks"/>
    <testcase time="0.00500000000000078" classname="ocPostprob" name="h_get_looks_together_with_h_get_distance_always_gives_unique_looks"/>
    <testcase time="0.00399999999999956" classname="ocPostprob" name="h_get_looks_together_with_h_get_distance_always_gives_unique_looks"/>
    <testcase time="0.00499999999999989" classname="ocPostprob" name="h_get_looks_together_with_h_get_distance_always_gives_unique_looks"/>
    <testcase time="0.00400000000000045" classname="ocPostprob" name="h_get_looks_together_with_h_get_distance_always_gives_unique_looks"/>
    <testcase time="0.00399999999999956" classname="ocPostprob" name="h_get_looks_together_with_h_get_distance_always_gives_unique_looks"/>
    <testcase time="0.00499999999999989" classname="ocPostprob" name="h_get_looks_together_with_h_get_distance_always_gives_unique_looks"/>
    <testcase time="0.00400000000000045" classname="ocPostprob" name="h_get_looks_together_with_h_get_distance_always_gives_unique_looks"/>
    <testcase time="0.00699999999999967" classname="ocPostprob" name="h_get_looks_together_with_h_get_distance_always_gives_unique_looks"/>
    <testcase time="0.00400000000000045" classname="ocPostprob" name="h_get_looks_together_with_h_get_distance_always_gives_unique_looks"/>
    <testcase time="0.00499999999999989" classname="ocPostprob" name="h_get_looks_together_with_h_get_distance_always_gives_unique_looks"/>
    <testcase time="0.00399999999999956" classname="ocPostprob" name="h_get_looks_together_with_h_get_distance_always_gives_unique_looks"/>
    <testcase time="0.00400000000000045" classname="ocPostprob" name="h_get_looks_together_with_h_get_distance_always_gives_unique_looks"/>
    <testcase time="0.00499999999999989" classname="ocPostprob" name="h_get_looks_together_with_h_get_distance_always_gives_unique_looks"/>
    <testcase time="0.00399999999999956" classname="ocPostprob" name="h_get_looks_together_with_h_get_distance_always_gives_unique_looks"/>
    <testcase time="0.00499999999999989" classname="ocPostprob" name="h_get_looks_together_with_h_get_distance_always_gives_unique_looks"/>
    <testcase time="0.00400000000000045" classname="ocPostprob" name="h_get_looks_together_with_h_get_distance_always_gives_unique_looks"/>
    <testcase time="0.00399999999999956" classname="ocPostprob" name="h_get_looks_together_with_h_get_distance_always_gives_unique_looks"/>
    <testcase time="0.00500000000000078" classname="ocPostprob" name="h_get_looks_together_with_h_get_distance_always_gives_unique_looks"/>
    <testcase time="0.00699999999999967" classname="ocPostprob" name="h_get_looks_together_with_h_get_distance_always_gives_unique_looks"/>
    <testcase time="0.00399999999999956" classname="ocPostprob" name="h_get_looks_together_with_h_get_distance_always_gives_unique_looks"/>
    <testcase time="0.00400000000000045" classname="ocPostprob" name="h_get_looks_together_with_h_get_distance_always_gives_unique_looks"/>
    <testcase time="0.00399999999999956" classname="ocPostprob" name="h_get_looks_together_with_h_get_distance_always_gives_unique_looks"/>
    <testcase time="0.00499999999999989" classname="ocPostprob" name="h_get_looks_together_with_h_get_distance_always_gives_unique_looks"/>
    <testcase time="0.00400000000000045" classname="ocPostprob" name="h_get_looks_together_with_h_get_distance_always_gives_unique_looks"/>
    <testcase time="0.00499999999999989" classname="ocPostprob" name="h_get_looks_together_with_h_get_distance_always_gives_unique_looks"/>
    <testcase time="0.00399999999999956" classname="ocPostprob" name="h_get_looks_together_with_h_get_distance_always_gives_unique_looks"/>
    <testcase time="0.00400000000000045" classname="ocPostprob" name="h_get_looks_together_with_h_get_distance_always_gives_unique_looks"/>
    <testcase time="0.00499999999999989" classname="ocPostprob" name="h_get_looks_together_with_h_get_distance_always_gives_unique_looks"/>
    <testcase time="0.00399999999999956" classname="ocPostprob" name="h_get_looks_together_with_h_get_distance_always_gives_unique_looks"/>
    <testcase time="0.00500000000000078" classname="ocPostprob" name="h_get_looks_together_with_h_get_distance_always_gives_unique_looks"/>
    <testcase time="0.00699999999999967" classname="ocPostprob" name="h_get_looks_together_with_h_get_distance_always_gives_unique_looks"/>
    <testcase time="0.00399999999999956" classname="ocPostprob" name="h_get_looks_together_with_h_get_distance_always_gives_unique_looks"/>
    <testcase time="0.00500000000000078" classname="ocPostprob" name="h_get_looks_together_with_h_get_distance_always_gives_unique_looks"/>
    <testcase time="0.00399999999999956" classname="ocPostprob" name="h_get_looks_together_with_h_get_distance_always_gives_unique_looks"/>
    <testcase time="0.00499999999999989" classname="ocPostprob" name="h_get_looks_together_with_h_get_distance_always_gives_unique_looks"/>
    <testcase time="0.00400000000000045" classname="ocPostprob" name="h_get_looks_together_with_h_get_distance_always_gives_unique_looks"/>
    <testcase time="0.00499999999999989" classname="ocPostprob" name="h_get_looks_together_with_h_get_distance_always_gives_unique_looks"/>
    <testcase time="0.00399999999999956" classname="ocPostprob" name="h_get_looks_together_with_h_get_distance_always_gives_unique_looks"/>
    <testcase time="0.00499999999999989" classname="ocPostprob" name="h_get_looks_together_with_h_get_distance_always_gives_unique_looks"/>
    <testcase time="0.00400000000000045" classname="ocPostprob" name="h_get_looks_together_with_h_get_distance_always_gives_unique_looks"/>
    <testcase time="0.00499999999999989" classname="ocPostprob" name="h_get_looks_together_with_h_get_distance_always_gives_unique_looks"/>
    <testcase time="0.00699999999999967" classname="ocPostprob" name="h_get_looks_together_with_h_get_distance_always_gives_unique_looks"/>
    <testcase time="0.00400000000000045" classname="ocPostprob" name="h_get_looks_together_with_h_get_distance_always_gives_unique_looks"/>
    <testcase time="0.00499999999999989" classname="ocPostprob" name="h_get_looks_together_with_h_get_distance_always_gives_unique_looks"/>
    <testcase time="0.00399999999999956" classname="ocPostprob" name="h_get_looks_together_with_h_get_distance_always_gives_unique_looks"/>
    <testcase time="0.00500000000000078" classname="ocPostprob" name="h_get_looks_together_with_h_get_distance_always_gives_unique_looks"/>
    <testcase time="0.00399999999999956" classname="ocPostprob" name="h_get_looks_together_with_h_get_distance_always_gives_unique_looks"/>
    <testcase time="0.00499999999999989" classname="ocPostprob" name="h_get_looks_together_with_h_get_distance_always_gives_unique_looks"/>
    <testcase time="0.00400000000000045" classname="ocPostprob" name="h_get_looks_together_with_h_get_distance_always_gives_unique_looks"/>
    <testcase time="0.00499999999999989" classname="ocPostprob" name="h_get_looks_together_with_h_get_distance_always_gives_unique_looks"/>
    <testcase time="0.00399999999999956" classname="ocPostprob" name="h_get_looks_together_with_h_get_distance_always_gives_unique_looks"/>
    <testcase time="0.00499999999999989" classname="ocPostprob" name="h_get_looks_together_with_h_get_distance_always_gives_unique_looks"/>
    <testcase time="0.00700000000000056" classname="ocPostprob" name="h_get_looks_together_with_h_get_distance_always_gives_unique_looks"/>
    <testcase time="0.00499999999999989" classname="ocPostprob" name="h_get_looks_together_with_h_get_distance_always_gives_unique_looks"/>
    <testcase time="0.00399999999999956" classname="ocPostprob" name="h_get_looks_together_with_h_get_distance_always_gives_unique_looks"/>
    <testcase time="0.00500000000000078" classname="ocPostprob" name="h_get_looks_together_with_h_get_distance_always_gives_unique_looks"/>
    <testcase time="0.00399999999999956" classname="ocPostprob" name="h_get_looks_together_with_h_get_distance_always_gives_unique_looks"/>
    <testcase time="0.00499999999999989" classname="ocPostprob" name="h_get_looks_together_with_h_get_distance_always_gives_unique_looks"/>
    <testcase time="0.00400000000000045" classname="ocPostprob" name="h_get_looks_together_with_h_get_distance_always_gives_unique_looks"/>
    <testcase time="0.00499999999999989" classname="ocPostprob" name="h_get_looks_together_with_h_get_distance_always_gives_unique_looks"/>
    <testcase time="0.00399999999999956" classname="ocPostprob" name="h_get_looks_together_with_h_get_distance_always_gives_unique_looks"/>
    <testcase time="0.00499999999999989" classname="ocPostprob" name="h_get_looks_together_with_h_get_distance_always_gives_unique_looks"/>
    <testcase time="0.00499999999999989" classname="ocPostprob" name="h_get_looks_together_with_h_get_distance_always_gives_unique_looks"/>
    <testcase time="0.00700000000000056" classname="ocPostprob" name="h_get_looks_together_with_h_get_distance_always_gives_unique_looks"/>
    <testcase time="0.00399999999999956" classname="ocPostprob" name="h_get_looks_together_with_h_get_distance_always_gives_unique_looks"/>
    <testcase time="0.00499999999999989" classname="ocPostprob" name="h_get_looks_together_with_h_get_distance_always_gives_unique_looks"/>
    <testcase time="0.00400000000000045" classname="ocPostprob" name="h_get_looks_together_with_h_get_distance_always_gives_unique_looks"/>
    <testcase time="0.00499999999999989" classname="ocPostprob" name="h_get_looks_together_with_h_get_distance_always_gives_unique_looks"/>
    <testcase time="0.00499999999999989" classname="ocPostprob" name="h_get_looks_together_with_h_get_distance_always_gives_unique_looks"/>
    <testcase time="0.00400000000000045" classname="ocPostprob" name="h_get_looks_together_with_h_get_distance_always_gives_unique_looks"/>
    <testcase time="0.00499999999999989" classname="ocPostprob" name="h_get_looks_together_with_h_get_distance_always_gives_unique_looks"/>
    <testcase time="0.00499999999999989" classname="ocPostprob" name="h_get_looks_together_with_h_get_distance_always_gives_unique_looks"/>
    <testcase time="0.00399999999999956" classname="ocPostprob" name="h_get_looks_together_with_h_get_distance_always_gives_unique_looks"/>
    <testcase time="0.00500000000000078" classname="ocPostprob" name="h_get_looks_together_with_h_get_distance_always_gives_unique_looks"/>
    <testcase time="0.00699999999999967" classname="ocPostprob" name="h_get_looks_together_with_h_get_distance_always_gives_unique_looks"/>
    <testcase time="0.00499999999999989" classname="ocPostprob" name="h_get_looks_together_with_h_get_distance_always_gives_unique_looks"/>
    <testcase time="0.00400000000000045" classname="ocPostprob" name="h_get_looks_together_with_h_get_distance_always_gives_unique_looks"/>
    <testcase time="0.00499999999999989" classname="ocPostprob" name="h_get_looks_together_with_h_get_distance_always_gives_unique_looks"/>
    <testcase time="0.00399999999999956" classname="ocPostprob" name="h_get_looks_together_with_h_get_distance_always_gives_unique_looks"/>
    <testcase time="0.00399999999999956" classname="ocPostprob" name="h_get_looks_together_with_h_get_distance_always_gives_unique_looks"/>
    <testcase time="0.00499999999999989" classname="ocPostprob" name="h_get_looks_together_with_h_get_distance_always_gives_unique_looks"/>
    <testcase time="0.00500000000000078" classname="ocPostprob" name="h_get_looks_together_with_h_get_distance_always_gives_unique_looks"/>
    <testcase time="0.00399999999999956" classname="ocPostprob" name="h_get_looks_together_with_h_get_distance_always_gives_unique_looks"/>
    <testcase time="0.00499999999999989" classname="ocPostprob" name="h_get_looks_together_with_h_get_distance_always_gives_unique_looks"/>
    <testcase time="0.00499999999999989" classname="ocPostprob" name="h_get_looks_together_with_h_get_distance_always_gives_unique_looks"/>
    <testcase time="0.00700000000000056" classname="ocPostprob" name="h_get_looks_together_with_h_get_distance_always_gives_unique_looks"/>
    <testcase time="0.00499999999999989" classname="ocPostprob" name="h_get_looks_together_with_h_get_distance_always_gives_unique_looks"/>
    <testcase time="0.00999999999999979" classname="ocPostprob" name="h_get_decision_will_give_GO_decision_in_favourable_conditions"/>
    <testcase time="0.00600000000000023" classname="ocPostprob" name="h_get_decision_will_give_GO_decision_in_favourable_conditions"/>
    <testcase time="0.0110000000000001" classname="ocPostprob" name="the_probability_results_of_h_get_oc_are_less_than_1"/>
    <testcase time="0.00599999999999934" classname="ocPostprob" name="the_probability_results_of_h_get_oc_are_less_than_1"/>
    <testcase time="0.00600000000000023" classname="ocPostprob" name="the_probability_results_of_h_get_oc_are_less_than_1"/>
    <testcase time="0.00699999999999967" classname="ocPostprob" name="the_probability_results_of_h_get_oc_are_less_than_1"/>
    <testcase time="0.0120000000000005" classname="ocPostprob" name="the_ExpectedN_is_within_range_based_on_vector_of_looks"/>
    <testcase time="1.889" classname="ocPostprob" name="the_sum_of_Eff_Fut_Gray_zone_probabiliy_is_1"/>
    <testcase time="0.00800000000000001" classname="ocPostprob" name="the_sum_of_Eff_Fut_Gray_zone_probabiliy_is_1"/>
    <testcase time="3.072" classname="ocPostprob" name="the_PrFutility_increases_with_increase_futility_looks"/>
    <testcase time="2.498" classname="ocPostprob" name="the_PrFutility_increases_with_increase_futility_looks"/>
    <testcase time="0.00699999999999967" classname="ocPostprob" name="the_PrFutility_increases_with_increase_futility_looks"/>
    <testcase time="1.825" classname="ocPostprob" name="the_PrEfficacy_increases_with_increase_Efficacy_looks"/>
    <testcase time="3.034" classname="ocPostprob" name="the_PrEfficacy_increases_with_increase_Efficacy_looks"/>
    <testcase time="0.00700000000000145" classname="ocPostprob" name="the_PrEfficacy_increases_with_increase_Efficacy_looks"/>
    <testcase time="9.315" classname="ocPostprob" name="ocPostprob_gives_results_that_are_within_range_to_stats_pbinom"/>
    <testcase time="0.00600000000000023" classname="ocPostprob" name="ocPostprob_gives_results_that_are_within_range_to_stats_pbinom"/>
    <testcase time="0.00600000000000023" classname="ocPostprob" name="ocPostprob_gives_results_that_are_within_range_to_stats_pbinom"/>
    <testcase time="0.00799999999999912" classname="ocPostprob" name="ocPostprob_gives_results_that_are_within_range_to_stats_pbinom"/>
  </testsuite>
  <testsuite name="ocPostprobDist" timestamp="2025-05-16T10:30:01Z" hostname="796bdca56e9f" tests="17" skipped="0" failures="0" errors="0" time="0.474">
    <testcase time="0.0120000000000005" classname="ocPostprobDist" name="h_get_decisionDist_gives_correct_result_when_relativeDelta_TRUE"/>
    <testcase time="0.00300000000000011" classname="ocPostprobDist" name="h_get_decisionDist_gives_correct_result_when_relativeDelta_TRUE"/>
    <testcase time="0.00200000000000244" classname="ocPostprobDist" name="h_get_decisionDist_gives_correct_result_when_relativeDelta_TRUE"/>
    <testcase time="0.00600000000000023" classname="ocPostprobDist" name="h_get_decisionDist_gives_correct_result_relativeDelta_FALSE"/>
    <testcase time="0.00299999999999656" classname="ocPostprobDist" name="h_get_decisionDist_gives_correct_result_relativeDelta_FALSE"/>
    <testcase time="0.00200000000000244" classname="ocPostprobDist" name="h_get_decisionDist_gives_correct_result_relativeDelta_FALSE"/>
    <testcase time="0.00499999999999901" classname="ocPostprobDist" name="h_get_decisionDist_gives_correct_result_when_nnE_U_2260_nnF"/>
    <testcase time="0.00300000000000011" classname="ocPostprobDist" name="h_get_decisionDist_gives_correct_result_when_nnE_U_2260_nnF"/>
    <testcase time="0.00199999999999889" classname="ocPostprobDist" name="h_get_decisionDist_gives_correct_result_when_nnE_U_2260_nnF"/>
    <testcase time="0.0809999999999995" classname="ocPostprobDist" name="the_sum_of_Eff_Fut_Gray_zone_probabiliy_is_1"/>
    <testcase time="0.00300000000000011" classname="ocPostprobDist" name="the_sum_of_Eff_Fut_Gray_zone_probabiliy_is_1"/>
    <testcase time="0.110000000000003" classname="ocPostprobDist" name="the_PrFutility_increases_with_increase_futility_looks"/>
    <testcase time="0.0789999999999971" classname="ocPostprobDist" name="the_PrFutility_increases_with_increase_futility_looks"/>
    <testcase time="0.00300000000000011" classname="ocPostprobDist" name="the_PrFutility_increases_with_increase_futility_looks"/>
    <testcase time="0.0850000000000009" classname="ocPostprobDist" name="the_PrEfficacy_increases_with_increase_Efficacy_looks"/>
    <testcase time="0.0719999999999992" classname="ocPostprobDist" name="the_PrEfficacy_increases_with_increase_Efficacy_looks"/>
    <testcase time="0.00300000000000011" classname="ocPostprobDist" name="the_PrEfficacy_increases_with_increase_Efficacy_looks"/>
  </testsuite>
  <testsuite name="ocPredprob" timestamp="2025-05-16T10:30:02Z" hostname="796bdca56e9f" tests="17" skipped="0" failures="0" errors="0" time="3.004">
    <testcase time="0.017000000000003" classname="ocPredprob" name="h_get_decision_one_predprob_gives_correct_result_and_list"/>
    <testcase time="0.00199999999999889" classname="ocPredprob" name="h_get_decision_one_predprob_gives_correct_result_and_list"/>
    <testcase time="0.000999999999997669" classname="ocPredprob" name="h_get_decision_one_predprob_gives_correct_result_and_list"/>
    <testcase time="0.00900000000000034" classname="ocPredprob" name="h_get_decision_two_predprob_gives_correct_result_and_list"/>
    <testcase time="0.00200000000000244" classname="ocPredprob" name="h_get_decision_two_predprob_gives_correct_result_and_list"/>
    <testcase time="0.000999999999997669" classname="ocPredprob" name="h_get_decision_two_predprob_gives_correct_result_and_list"/>
    <testcase time="0.133000000000003" classname="ocPredprob" name="the_sum_of_Eff_Fut_Gray_zone_probability_is_1"/>
    <testcase time="0.00300000000000011" classname="ocPredprob" name="the_sum_of_Eff_Fut_Gray_zone_probability_is_1"/>
    <testcase time="0.132999999999999" classname="ocPredprob" name="the_PrFutility_increases_with_increase_futility_looks"/>
    <testcase time="0.128" classname="ocPredprob" name="the_PrFutility_increases_with_increase_futility_looks"/>
    <testcase time="0.00399999999999778" classname="ocPredprob" name="the_PrFutility_increases_with_increase_futility_looks"/>
    <testcase time="0.783000000000001" classname="ocPredprob" name="the_PrEfficacy_increases_with_increase_Efficacy_looks"/>
    <testcase time="1.396" classname="ocPredprob" name="the_PrEfficacy_increases_with_increase_Efficacy_looks"/>
    <testcase time="0.00300000000000011" classname="ocPredprob" name="the_PrEfficacy_increases_with_increase_Efficacy_looks"/>
    <testcase time="0.0069999999999979" classname="ocPredprob" name="ocPredprob_correctly_shows_maximum_sample_size_when_no_decision_reached"/>
    <testcase time="0.377000000000002" classname="ocPredprob" name="ocPredprob_correctly_shows_maximum_sample_size_when_no_decision_reached"/>
    <testcase time="0.00499999999999901" classname="ocPredprob" name="ocPredprob_correctly_shows_maximum_sample_size_when_no_decision_reached"/>
  </testsuite>
  <testsuite name="ocPredprobDist" timestamp="2025-05-16T10:30:05Z" hostname="796bdca56e9f" tests="16" skipped="0" failures="0" errors="0" time="90.56">
    <testcase time="0.00799999999999912" classname="ocPredprobDist" name="h_decision_one_predprobDist_gives_correct_result_and_list"/>
    <testcase time="0.00300000000000011" classname="ocPredprobDist" name="h_decision_one_predprobDist_gives_correct_result_and_list"/>
    <testcase time="0.00100000000000122" classname="ocPredprobDist" name="h_decision_one_predprobDist_gives_correct_result_and_list"/>
    <testcase time="0.00600000000000023" classname="ocPredprobDist" name="h_decision_two_predprobDist_gives_correct_result_and_list"/>
    <testcase time="0.00300000000000011" classname="ocPredprobDist" name="h_decision_two_predprobDist_gives_correct_result_and_list"/>
    <testcase time="0.000999999999997669" classname="ocPredprobDist" name="h_decision_two_predprobDist_gives_correct_result_and_list"/>
    <testcase time="3.861" classname="ocPredprobDist" name="ocPredprobDist_gives_correct_result_and_list_when_relativeDelta_FALSE"/>
    <testcase time="0.00300000000000011" classname="ocPredprobDist" name="ocPredprobDist_gives_correct_result_and_list_when_relativeDelta_FALSE"/>
    <testcase time="5.026" classname="ocPredprobDist" name="ocPredprobDist_gives_correct_result_and_list_when_relativeDelta_TRUE"/>
    <testcase time="0.00300000000000011" classname="ocPredprobDist" name="ocPredprobDist_gives_correct_result_and_list_when_relativeDelta_TRUE"/>
    <testcase time="14.274" classname="ocPredprobDist" name="ocPredprobDist_gives_higher_PrFutility_with_more_futility_looks"/>
    <testcase time="43.896" classname="ocPredprobDist" name="ocPredprobDist_gives_higher_PrFutility_with_more_futility_looks"/>
    <testcase time="0.00300000000000011" classname="ocPredprobDist" name="ocPredprobDist_gives_higher_PrFutility_with_more_futility_looks"/>
    <testcase time="7.04600000000001" classname="ocPredprobDist" name="ocPredprobDist_gives_higher_PrEfficacy_with_more_efficacy_looks"/>
    <testcase time="16.423" classname="ocPredprobDist" name="ocPredprobDist_gives_higher_PrEfficacy_with_more_efficacy_looks"/>
    <testcase time="0.00300000000000011" classname="ocPredprobDist" name="ocPredprobDist_gives_higher_PrEfficacy_with_more_efficacy_looks"/>
  </testsuite>
  <testsuite name="ocRctPostprobDist" timestamp="2025-05-16T10:31:35Z" hostname="796bdca56e9f" tests="24" skipped="0" failures="0" errors="0" time="0.635">
    <testcase time="0.00800000000000978" classname="ocRctPostprobDist" name="h_get_decisionDist_rct_gives_correct_result_and_list_when_relativeDelta_TRUE"/>
    <testcase time="0.00300000000000011" classname="ocRctPostprobDist" name="h_get_decisionDist_rct_gives_correct_result_and_list_when_relativeDelta_TRUE"/>
    <testcase time="0.00300000000000011" classname="ocRctPostprobDist" name="h_get_decisionDist_rct_gives_correct_result_and_list_when_relativeDelta_TRUE"/>
    <testcase time="0.00300000000000011" classname="ocRctPostprobDist" name="h_get_decisionDist_rct_gives_correct_result_and_list_when_relativeDelta_TRUE"/>
    <testcase time="0.000999999999990564" classname="ocRctPostprobDist" name="h_get_decisionDist_rct_gives_correct_result_and_list_when_relativeDelta_TRUE"/>
    <testcase time="0.00600000000000023" classname="ocRctPostprobDist" name="h_get_decisionDist_rct_gives_correct_result_and_list_when_relativeDelta_FALSE"/>
    <testcase time="0.00200000000000955" classname="ocRctPostprobDist" name="h_get_decisionDist_rct_gives_correct_result_and_list_when_relativeDelta_FALSE"/>
    <testcase time="0.00300000000000011" classname="ocRctPostprobDist" name="h_get_decisionDist_rct_gives_correct_result_and_list_when_relativeDelta_FALSE"/>
    <testcase time="0.00399999999999068" classname="ocRctPostprobDist" name="h_get_decisionDist_rct_gives_correct_result_and_list_when_relativeDelta_FALSE"/>
    <testcase time="0.00300000000000011" classname="ocRctPostprobDist" name="h_get_decisionDist_rct_gives_correct_result_and_list_when_relativeDelta_FALSE"/>
    <testcase time="0.00600000000000023" classname="ocRctPostprobDist" name="the_ExpectedN_is_within_range_based_on_vector_of_looks"/>
    <testcase time="0.00300000000000011" classname="ocRctPostprobDist" name="the_ExpectedN_is_within_range_based_on_vector_of_looks"/>
    <testcase time="0.00300000000000011" classname="ocRctPostprobDist" name="the_ExpectedN_is_within_range_based_on_vector_of_looks"/>
    <testcase time="0.00300000000000011" classname="ocRctPostprobDist" name="the_ExpectedN_is_within_range_based_on_vector_of_looks"/>
    <testcase time="0.00300000000000011" classname="ocRctPostprobDist" name="the_ExpectedN_is_within_range_based_on_vector_of_looks"/>
    <testcase time="0.00300000000000011" classname="ocRctPostprobDist" name="the_ExpectedN_is_within_range_based_on_vector_of_looks"/>
    <testcase time="0.134" classname="ocRctPostprobDist" name="the_sum_of_Eff_Fut_Gray_zone_probabiliy_is_1"/>
    <testcase time="0.00300000000000011" classname="ocRctPostprobDist" name="the_sum_of_Eff_Fut_Gray_zone_probabiliy_is_1"/>
    <testcase time="0.13300000000001" classname="ocRctPostprobDist" name="ocRctPostprobDist_gives_higher_PrFutility_with_decreased_pE"/>
    <testcase time="0.131" classname="ocRctPostprobDist" name="ocRctPostprobDist_gives_higher_PrFutility_with_decreased_pE"/>
    <testcase time="0.00300000000000011" classname="ocRctPostprobDist" name="ocRctPostprobDist_gives_higher_PrFutility_with_decreased_pE"/>
    <testcase time="0.0929999999999893" classname="ocRctPostprobDist" name="ocRctPostprobDist_gives_higher_PrEfficacy_with_increased_pE"/>
    <testcase time="0.078000000000003" classname="ocRctPostprobDist" name="ocRctPostprobDist_gives_higher_PrEfficacy_with_increased_pE"/>
    <testcase time="0.00300000000000011" classname="ocRctPostprobDist" name="ocRctPostprobDist_gives_higher_PrEfficacy_with_increased_pE"/>
  </testsuite>
  <testsuite name="ocRctPredprobDist" timestamp="2025-05-16T10:31:36Z" hostname="796bdca56e9f" tests="28" skipped="0" failures="0" errors="0" time="27.397">
    <testcase time="0.00799999999999557" classname="ocRctPredprobDist" name="h_decision_one_RctPredProbDist_gives_correct_result_and_list_when_relativeDelta_TRUE"/>
    <testcase time="0.00400000000000489" classname="ocRctPredprobDist" name="h_decision_one_RctPredProbDist_gives_correct_result_and_list_when_relativeDelta_TRUE"/>
    <testcase time="0.00300000000000011" classname="ocRctPredprobDist" name="h_decision_one_RctPredProbDist_gives_correct_result_and_list_when_relativeDelta_TRUE"/>
    <testcase time="0.00300000000000011" classname="ocRctPredprobDist" name="h_decision_one_RctPredProbDist_gives_correct_result_and_list_when_relativeDelta_TRUE"/>
    <testcase time="0.00100000000000477" classname="ocRctPredprobDist" name="h_decision_one_RctPredProbDist_gives_correct_result_and_list_when_relativeDelta_TRUE"/>
    <testcase time="0.00499999999999545" classname="ocRctPredprobDist" name="h_decision_one_RctPredProbDist_gives_correct_result_and_list_when_relativeDelta_FALSE"/>
    <testcase time="0.00300000000000011" classname="ocRctPredprobDist" name="h_decision_one_RctPredProbDist_gives_correct_result_and_list_when_relativeDelta_FALSE"/>
    <testcase time="0.00300000000000011" classname="ocRctPredprobDist" name="h_decision_one_RctPredProbDist_gives_correct_result_and_list_when_relativeDelta_FALSE"/>
    <testcase time="0.00400000000000489" classname="ocRctPredprobDist" name="h_decision_one_RctPredProbDist_gives_correct_result_and_list_when_relativeDelta_FALSE"/>
    <testcase time="0.000999999999990564" classname="ocRctPredprobDist" name="h_decision_one_RctPredProbDist_gives_correct_result_and_list_when_relativeDelta_FALSE"/>
    <testcase time="0.00500000000000966" classname="ocRctPredprobDist" name="h_decision_two_RctpredprobDist_gives_correct_result_and_list_when_relativeDelta_TRUE"/>
    <testcase time="0.00300000000000011" classname="ocRctPredprobDist" name="h_decision_two_RctpredprobDist_gives_correct_result_and_list_when_relativeDelta_TRUE"/>
    <testcase time="0.00300000000000011" classname="ocRctPredprobDist" name="h_decision_two_RctpredprobDist_gives_correct_result_and_list_when_relativeDelta_TRUE"/>
    <testcase time="0.00300000000000011" classname="ocRctPredprobDist" name="h_decision_two_RctpredprobDist_gives_correct_result_and_list_when_relativeDelta_TRUE"/>
    <testcase time="0.000999999999990564" classname="ocRctPredprobDist" name="h_decision_two_RctpredprobDist_gives_correct_result_and_list_when_relativeDelta_TRUE"/>
    <testcase time="0.00600000000000023" classname="ocRctPredprobDist" name="h_decision_two_RctpredprobDist_gives_correct_result_and_list_when_relativeDelta_FALSE"/>
    <testcase time="0.00300000000000011" classname="ocRctPredprobDist" name="h_decision_two_RctpredprobDist_gives_correct_result_and_list_when_relativeDelta_FALSE"/>
    <testcase time="0.00300000000000011" classname="ocRctPredprobDist" name="h_decision_two_RctpredprobDist_gives_correct_result_and_list_when_relativeDelta_FALSE"/>
    <testcase time="0.00300000000000011" classname="ocRctPredprobDist" name="h_decision_two_RctpredprobDist_gives_correct_result_and_list_when_relativeDelta_FALSE"/>
    <testcase time="0.00100000000000477" classname="ocRctPredprobDist" name="h_decision_two_RctpredprobDist_gives_correct_result_and_list_when_relativeDelta_FALSE"/>
    <testcase time="5.482" classname="ocRctPredprobDist" name="the_sum_of_Eff_Fut_Gray_zone_probability_is_1"/>
    <testcase time="0.00400000000000489" classname="ocRctPredprobDist" name="the_sum_of_Eff_Fut_Gray_zone_probability_is_1"/>
    <testcase time="5.47500000000001" classname="ocRctPredprobDist" name="ocRctPredprobDist_gives_higher_PrFutility_with_decreased_pE"/>
    <testcase time="5.52799999999999" classname="ocRctPredprobDist" name="ocRctPredprobDist_gives_higher_PrFutility_with_decreased_pE"/>
    <testcase time="0.0029999999999859" classname="ocRctPredprobDist" name="ocRctPredprobDist_gives_higher_PrFutility_with_decreased_pE"/>
    <testcase time="5.363" classname="ocRctPredprobDist" name="ocRctPredprobDist_gives_higher_PrEfficacy_with_increased_pE"/>
    <testcase time="5.47300000000001" classname="ocRctPredprobDist" name="ocRctPredprobDist_gives_higher_PrEfficacy_with_increased_pE"/>
    <testcase time="0.0029999999999859" classname="ocRctPredprobDist" name="ocRctPredprobDist_gives_higher_PrEfficacy_with_increased_pE"/>
  </testsuite>
  <testsuite name="plotBeta" timestamp="2025-05-16T10:32:03Z" hostname="796bdca56e9f" tests="5" skipped="0" failures="0" errors="0" time="0.032">
    <testcase time="0.0260000000000105" classname="plotBeta" name="plotBeta_gives_a_correct_result"/>
    <testcase time="0.00100000000000477" classname="plotBeta" name="plotBeta_gives_a_correct_result"/>
    <testcase time="0.00100000000000477" classname="plotBeta" name="plotBeta_gives_a_correct_result"/>
    <testcase time="0.00100000000000477" classname="plotBeta" name="plotBeta_gives_a_correct_result"/>
    <testcase time="0.0029999999999859" classname="plotBeta" name="plotBeta_gives_a_correct_result"/>
  </testsuite>
  <testsuite name="plotBetaDiff" timestamp="2025-05-16T10:32:03Z" hostname="796bdca56e9f" tests="1" skipped="1" failures="0" errors="0" time="0.742">
    <testcase time="0.74199999999999" classname="plotBetaDiff" name="plotBetaDiff_works_as_expected">
      <skipped message="Reason: On CRAN ('test-plotBetaDiff.R:21:3')"/>
    </testcase>
  </testsuite>
  <testsuite name="plotDecision" timestamp="2025-05-16T10:32:04Z" hostname="796bdca56e9f" tests="9" skipped="1" failures="0" errors="0" time="1.689">
    <testcase time="1.541" classname="plotDecision" name="plotDecision_gives_a_correct_result"/>
    <testcase time="0.00100000000000477" classname="plotDecision" name="plotDecision_gives_a_correct_result"/>
    <testcase time="0.00100000000000477" classname="plotDecision" name="plotDecision_gives_a_correct_result"/>
    <testcase time="0.00100000000000477" classname="plotDecision" name="plotDecision_gives_a_correct_result"/>
    <testcase time="0.00100000000000477" classname="plotDecision" name="plotDecision_gives_a_correct_result"/>
    <testcase time="0.00100000000000477" classname="plotDecision" name="plotDecision_gives_a_correct_result"/>
    <testcase time="0.000999999999976353" classname="plotDecision" name="plotDecision_gives_a_correct_result"/>
    <testcase time="0.00300000000001432" classname="plotDecision" name="plotDecision_gives_a_correct_result"/>
    <testcase time="0.13900000000001" classname="plotDecision" name="plotDecision_gives_a_correct_result">
      <skipped message="Reason: On CRAN ('test-plotDecision.R:22:3')"/>
    </testcase>
  </testsuite>
  <testsuite name="plotOc" timestamp="2025-05-16T10:32:06Z" hostname="796bdca56e9f" tests="17" skipped="2" failures="0" errors="0" time="201.654">
    <testcase time="0.0660000000000025" classname="plotOc" name="h_get_dataframe_oc_gives_correct_results_for_ocPostprob_for_wiggle_TRUE"/>
    <testcase time="0.046999999999997" classname="plotOc" name="h_get_dataframe_oc_gives_correct_results_for_ocPostprob_for_wiggle_TRUE"/>
    <testcase time="0.138999999999982" classname="plotOc" name="h_get_dataframe_oc_gives_correct_results_for_ocPredprob_when_decision1_FALSE"/>
    <testcase time="0.0109999999999957" classname="plotOc" name="h_get_dataframe_oc_gives_correct_results_for_ocPredprob_when_decision1_FALSE"/>
    <testcase time="53.882" classname="plotOc" name="h_get_dataframe_oc_gives_correct_results_for_ocPredprobDist_when_relativeDelta_FALSE"/>
    <testcase time="0.0109999999999957" classname="plotOc" name="h_get_dataframe_oc_gives_correct_results_for_ocPredprobDist_when_relativeDelta_FALSE"/>
    <testcase time="46.413" classname="plotOc" name="h_get_dataframe_oc_gives_correct_results_for_ocPredprobDist_when_relativeDelta_TRUE"/>
    <testcase time="0.0109999999999957" classname="plotOc" name="h_get_dataframe_oc_gives_correct_results_for_ocPredprobDist_when_relativeDelta_TRUE"/>
    <testcase time="0.0819999999999936" classname="plotOc" name="h_get_dataframe_oc_gives_correct_results_for_ocRctPostprobDist_when_relativeDelta_FALSE"/>
    <testcase time="1.97900000000001" classname="plotOc" name="h_get_dataframe_oc_gives_correct_results_for_ocRctPredprobDist_relativeDelta_TRUE"/>
    <testcase time="0.0109999999999957" classname="plotOc" name="h_get_dataframe_oc_gives_correct_results_for_ocRctPredprobDist_relativeDelta_TRUE"/>
    <testcase time="0.0480000000000018" classname="plotOc" name="plotOc_gives_expected_results_for_ocPostprob_and_ocPredprob_"/>
    <testcase time="0.126000000000005" classname="plotOc" name="plotOc_gives_expected_results_for_ocPostprob_and_ocPredprob_"/>
    <testcase time="0.144000000000005" classname="plotOc" name="plotOc_gives_expected_results_for_ocPostprob_and_ocPredprob_">
      <skipped message="Reason: On CRAN ('test-plotOc.R:269:3')"/>
    </testcase>
    <testcase time="53.331" classname="plotOc" name="plotOc_gives_expected_results_for_ocPredprobDist_with_different_relativeDelta_status"/>
    <testcase time="45.124" classname="plotOc" name="plotOc_gives_expected_results_for_ocPredprobDist_with_different_relativeDelta_status"/>
    <testcase time="0.228999999999985" classname="plotOc" name="plotOc_gives_expected_results_for_ocPredprobDist_with_different_relativeDelta_status">
      <skipped message="Reason: On CRAN ('test-plotOc.R:328:3')"/>
    </testcase>
  </testsuite>
  <testsuite name="postprob" timestamp="2025-05-16T10:35:27Z" hostname="796bdca56e9f" tests="6" skipped="0" failures="0" errors="0" time="0.057">
    <testcase time="0.0240000000000009" classname="postprob" name="postprobBeta_gives_the_correct_number_result"/>
    <testcase time="0.00600000000002865" classname="postprob" name="postprobBeta_gives_incrementally_higher_values_with_increase_x_support"/>
    <testcase time="0.00599999999997181" classname="postprob" name="postprob_gives_the_correct_number_result"/>
    <testcase time="0.00900000000001455" classname="postprob" name="postprob_gives_the_correct_number_result"/>
    <testcase time="0.00499999999999545" classname="postprob" name="postprob_gives_incrementally_higher_values_with_increased_x"/>
    <testcase time="0.007000000000005" classname="postprob" name="postprob_works_with_vector_x"/>
  </testsuite>
  <testsuite name="postprobDist" timestamp="2025-05-16T10:35:27Z" hostname="796bdca56e9f" tests="13" skipped="0" failures="0" errors="0" time="0.109">
    <testcase time="0.0110000000000241" classname="postprobDist" name="postprobDist_gives_the_correct_number_result."/>
    <testcase time="0.00799999999998136" classname="postprobDist" name="postprobDist_gives_incrementally_higher_values_with_larger_x"/>
    <testcase time="0.0110000000000241" classname="postprobDist" name="postprobDist_gives_higher_values_with_larger_x_and_returns_identical_result_when_x_is_a_vector"/>
    <testcase time="0.00799999999998136" classname="postprobDist" name="postprobDist_gives_the_correct_result_for_a_beta_mixture"/>
    <testcase time="0.00799999999998136" classname="postprobDist" name="postprobDist_gives_incrementally_higher_values_with_larger_x_for_a_beta_mixture"/>
    <testcase time="0.0080000000000382" classname="postprobDist" name="postprobDist_gives_the_correct_result_for_a_weighted_beta_mixture"/>
    <testcase time="0.0120000000000005" classname="postprobDist" name="postprobDist_works_with_vector_x"/>
    <testcase time="0.00999999999999091" classname="postprobDist" name="postprobDist_gives_an_error_when_n_is_not_a_number."/>
    <testcase time="0.00799999999998136" classname="postprobDist" name="postprobDist_gives_an_error_when_xS_and_nS_are_not_numbers"/>
    <testcase time="0.00600000000002865" classname="postprobDist" name="h_integrand_relDelta_gives_the_correct_numerical_result_for_a_beta_mixture."/>
    <testcase time="0.00599999999997181" classname="postprobDist" name="h_integrand_relDelta_gives_the_correct_numerical_result_for_a_weighted_beta_mixture."/>
    <testcase time="0.00599999999997181" classname="postprobDist" name="h_integrand_gives_the_correct_numerical_result_for_a_beta_mixture"/>
    <testcase time="0.007000000000005" classname="postprobDist" name="h_integrand_works_as_expected_for_a_weighted_beta_mixture."/>
  </testsuite>
  <testsuite name="predprob" timestamp="2025-05-16T10:35:28Z" hostname="796bdca56e9f" tests="10" skipped="0" failures="0" errors="0" time="0.09">
    <testcase time="0.0100000000000477" classname="predprob" name="predprob_gives_correct_result"/>
    <testcase time="0.00899999999995771" classname="predprob" name="Higher_thetaT_decreases_predprob"/>
    <testcase time="0.007000000000005" classname="predprob" name="predprob_gives_an_error_when_x_is_a_numeric"/>
    <testcase time="0.0080000000000382" classname="predprob" name="predprob_gives_an_error_when_K_columns_of_weights_exceed_rows_parE"/>
    <testcase time="0.00699999999994816" classname="predprob" name="predprob_gives_an_error_when_K_columns_of_weights_is_less_than_rows_parE"/>
    <testcase time="0.0100000000000477" classname="predprob" name="predprob_gives_an_error_when_thetaT_exceeds_1"/>
    <testcase time="0.00799999999998136" classname="predprob" name="predprob_gives_the_correct_numeric_result_with_a_beta_mixture"/>
    <testcase time="0.00799999999998136" classname="predprob" name="predprob_gives_an_error_when_x_exceeds_interim_n"/>
    <testcase time="0.0110000000000241" classname="predprob" name="predprob_gives_an_error_when_Nmax_is_less_than_n"/>
    <testcase time="0.0120000000000005" classname="predprob" name="predprob_gives_correct_list"/>
  </testsuite>
  <testsuite name="predprobDist" timestamp="2025-05-16T10:35:28Z" hostname="796bdca56e9f" tests="28" skipped="0" failures="0" errors="0" time="1.119">
    <testcase time="0.0160000000000196" classname="predprobDist" name="h_predprobdist_single_arm_gives_correct_results"/>
    <testcase time="0.0029999999999859" classname="predprobDist" name="h_predprobdist_single_arm_gives_correct_results"/>
    <testcase time="0.0029999999999859" classname="predprobDist" name="h_predprobdist_single_arm_gives_correct_results"/>
    <testcase time="0.0230000000000246" classname="predprobDist" name="h_predprobdist_single_arm_gives_higher_predictive_probability_when_thetaT_is_lower"/>
    <testcase time="0.0190000000000055" classname="predprobDist" name="h_predprobdist_single_arm_gives_correct_list"/>
    <testcase time="0.156999999999982" classname="predprobDist" name="h_predprobdist_gives_correct_list"/>
    <testcase time="0.0029999999999859" classname="predprobDist" name="h_predprobdist_gives_correct_list"/>
    <testcase time="0.00200000000000955" classname="predprobDist" name="h_predprobdist_gives_correct_list"/>
    <testcase time="0.00200000000000955" classname="predprobDist" name="h_predprobdist_gives_correct_list"/>
    <testcase time="0.0029999999999859" classname="predprobDist" name="h_predprobdist_gives_correct_list"/>
    <testcase time="0.0010000000000332" classname="predprobDist" name="h_predprobdist_gives_correct_list"/>
    <testcase time="0.00200000000000955" classname="predprobDist" name="h_predprobdist_gives_correct_list"/>
    <testcase time="0.00399999999996226" classname="predprobDist" name="h_predprobdist_gives_correct_list"/>
    <testcase time="0.00200000000000955" classname="predprobDist" name="h_predprobdist_gives_correct_list"/>
    <testcase time="0.0029999999999859" classname="predprobDist" name="h_predprobdist_gives_correct_list"/>
    <testcase time="0.00200000000000955" classname="predprobDist" name="h_predprobdist_gives_correct_list"/>
    <testcase time="0.317000000000007" classname="predprobDist" name="h_predprobdist_gives_higher_predictive_probability_when_thetaT_is_lower"/>
    <testcase time="0.021000000000015" classname="predprobDist" name="h_predprobdist_gives_correct_results"/>
    <testcase time="0.0029999999999859" classname="predprobDist" name="h_predprobdist_gives_correct_results"/>
    <testcase time="0.0029999999999859" classname="predprobDist" name="h_predprobdist_gives_correct_results"/>
    <testcase time="0.021000000000015" classname="predprobDist" name="predprobDist_gives_the_correct_results_in_a_single_arm_study"/>
    <testcase time="0.00200000000000955" classname="predprobDist" name="predprobDist_gives_the_correct_results_in_a_single_arm_study"/>
    <testcase time="0.0040000000000191" classname="predprobDist" name="predprobDist_gives_the_correct_results_in_a_single_arm_study"/>
    <testcase time="0.159999999999968" classname="predprobDist" name="predprobDist_gives_the_correct_results_in_a_two_arm_study"/>
    <testcase time="0.0029999999999859" classname="predprobDist" name="predprobDist_gives_the_correct_results_in_a_two_arm_study"/>
    <testcase time="0.00300000000004275" classname="predprobDist" name="predprobDist_gives_the_correct_results_in_a_two_arm_study"/>
    <testcase time="0.313999999999965" classname="predprobDist" name="predprobDist_gives_higher_predictive_probability_when_thetaT_is_lower_in_a_single_arm_trial"/>
    <testcase time="0.0230000000000246" classname="predprobDist" name="predprobDist_gives_higher_predictive_probability_when_thetaT_is_lower_in_a_two_arm_trial"/>
  </testsuite>
  <testsuite name="sumTable" timestamp="2025-05-16T10:35:29Z" hostname="796bdca56e9f" tests="4" skipped="0" failures="0" errors="0" time="0.278">
    <testcase time="0.189999999999998" classname="sumTable" name="sumTable_works_as_expected"/>
    <testcase time="0.00799999999998136" classname="sumTable" name="sumTable_gives_a_error_when_at_least_one_beta_prior_parameter_is_0"/>
    <testcase time="0.0730000000000359" classname="sumTable" name="sumTable_works_as_expected_when_x_0"/>
    <testcase time="0.00699999999994816" classname="sumTable" name="sumTable_gives_an_error_as_expected_when_n_0"/>
  </testsuite>
  <testsuite name="sumbetadiff" timestamp="2025-05-16T10:35:29Z" hostname="796bdca56e9f" tests="7" skipped="0" failures="0" errors="0" time="0.106">
    <testcase time="0.0850000000000364" classname="sumbetadiff" name="sumBetaDiff_works_as_expected"/>
    <testcase time="0.0029999999999859" classname="sumbetadiff" name="sumBetaDiff_works_as_expected"/>
    <testcase time="0.0029999999999859" classname="sumbetadiff" name="sumBetaDiff_works_as_expected"/>
    <testcase time="0.00300000000004275" classname="sumbetadiff" name="sumBetaDiff_works_as_expected"/>
    <testcase time="0.00399999999996226" classname="sumbetadiff" name="sumBetaDiff_works_as_expected"/>
    <testcase time="0.0010000000000332" classname="sumbetadiff" name="sumBetaDiff_works_as_expected"/>
    <testcase time="0.007000000000005" classname="sumbetadiff" name="sumBetaDiff_gives_a_error_when_at_least_one_alpha_0"/>
  </testsuite>
</testsuites>
