<?xml version="1.0" encoding="UTF-8"?>
<testsuites>
  <testsuite name="betadiff" timestamp="2025-06-17T12:26:59Z" hostname="6e81c72a5823" tests="8" skipped="0" failures="0" errors="0" time="0.581">
    <testcase time="0.015" classname="betadiff" name="dbetadiff_gives_error_with_empty_numeric_for_z"/>
    <testcase time="0.208" classname="betadiff" name="Monte_Carlo_result_converges_to_Go_probability"/>
    <testcase time="0.205" classname="betadiff" name="Monte_Carlo_result_converges_to_Stop_probability"/>
    <testcase time="0.012" classname="betadiff" name="pbetadiff_gives_the_correct_number_result"/>
    <testcase time="0.0179999999999998" classname="betadiff" name="The_pbetadiff_has_incrementally_higher_cdf_with_increase_x_support"/>
    <testcase time="0.01" classname="betadiff" name="The_entire_Z_domain_from_1_to_1_gives_a_pbetadiff_of_1"/>
    <testcase time="0.054" classname="betadiff" name="qbetadiff_gives_the_correct_number_result"/>
    <testcase time="0.0589999999999999" classname="betadiff" name="The_result_of_qbetadiff_corresponds_to_the_result_of_pbetadiff_"/>
  </testsuite>
  <testsuite name="boundsPostProb" timestamp="2025-06-17T12:26:59Z" hostname="6e81c72a5823" tests="16" skipped="0" failures="0" errors="0" time="0.073">
    <testcase time="0.0230000000000001" classname="boundsPostProb" name="boundsPostProb_gives_correct_result"/>
    <testcase time="0.00299999999999989" classname="boundsPostProb" name="boundsPostProb_gives_correct_result"/>
    <testcase time="0.002" classname="boundsPostProb" name="boundsPostProb_gives_correct_result"/>
    <testcase time="0.00300000000000011" classname="boundsPostProb" name="boundsPostProb_gives_correct_result"/>
    <testcase time="0.00299999999999989" classname="boundsPostProb" name="boundsPostProb_gives_correct_result"/>
    <testcase time="0.002" classname="boundsPostProb" name="boundsPostProb_gives_correct_result"/>
    <testcase time="0.00300000000000011" classname="boundsPostProb" name="boundsPostProb_gives_correct_result"/>
    <testcase time="0.002" classname="boundsPostProb" name="boundsPostProb_gives_correct_result"/>
    <testcase time="0.01" classname="boundsPostProb" name="boundsPostProb_for_beta_mixture_gives_correct_result"/>
    <testcase time="0.00299999999999989" classname="boundsPostProb" name="boundsPostProb_for_beta_mixture_gives_correct_result"/>
    <testcase time="0.002" classname="boundsPostProb" name="boundsPostProb_for_beta_mixture_gives_correct_result"/>
    <testcase time="0.00500000000000012" classname="boundsPostProb" name="boundsPostProb_for_beta_mixture_gives_correct_result"/>
    <testcase time="0.00299999999999989" classname="boundsPostProb" name="boundsPostProb_for_beta_mixture_gives_correct_result"/>
    <testcase time="0.00300000000000011" classname="boundsPostProb" name="boundsPostProb_for_beta_mixture_gives_correct_result"/>
    <testcase time="0.00299999999999989" classname="boundsPostProb" name="boundsPostProb_for_beta_mixture_gives_correct_result"/>
    <testcase time="0.00300000000000011" classname="boundsPostProb" name="boundsPostProb_for_beta_mixture_gives_correct_result"/>
  </testsuite>
  <testsuite name="boundsPredprob" timestamp="2025-06-17T12:26:59Z" hostname="6e81c72a5823" tests="18" skipped="0" failures="0" errors="0" time="0.197">
    <testcase time="0.126" classname="boundsPredprob" name="boundsPredprob_gives_correct_result_and_when_default_weight_is_not_assigned"/>
    <testcase time="0.002" classname="boundsPredprob" name="boundsPredprob_gives_correct_result_and_when_default_weight_is_not_assigned"/>
    <testcase time="0.00300000000000011" classname="boundsPredprob" name="boundsPredprob_gives_correct_result_and_when_default_weight_is_not_assigned"/>
    <testcase time="0.00299999999999989" classname="boundsPredprob" name="boundsPredprob_gives_correct_result_and_when_default_weight_is_not_assigned"/>
    <testcase time="0.00300000000000011" classname="boundsPredprob" name="boundsPredprob_gives_correct_result_and_when_default_weight_is_not_assigned"/>
    <testcase time="0.002" classname="boundsPredprob" name="boundsPredprob_gives_correct_result_and_when_default_weight_is_not_assigned"/>
    <testcase time="0.00299999999999989" classname="boundsPredprob" name="boundsPredprob_gives_correct_result_and_when_default_weight_is_not_assigned"/>
    <testcase time="0.00300000000000011" classname="boundsPredprob" name="boundsPredprob_gives_correct_result_and_when_default_weight_is_not_assigned"/>
    <testcase time="0.0249999999999999" classname="boundsPredprob" name="boundsPredprob_with_Beta_Mixture_Priors_give_correct_results"/>
    <testcase time="0.00300000000000011" classname="boundsPredprob" name="boundsPredprob_with_Beta_Mixture_Priors_give_correct_results"/>
    <testcase time="0.00300000000000011" classname="boundsPredprob" name="boundsPredprob_with_Beta_Mixture_Priors_give_correct_results"/>
    <testcase time="0.00299999999999989" classname="boundsPredprob" name="boundsPredprob_with_Beta_Mixture_Priors_give_correct_results"/>
    <testcase time="0.00299999999999989" classname="boundsPredprob" name="boundsPredprob_with_Beta_Mixture_Priors_give_correct_results"/>
    <testcase time="0.00300000000000011" classname="boundsPredprob" name="boundsPredprob_with_Beta_Mixture_Priors_give_correct_results"/>
    <testcase time="0.00299999999999989" classname="boundsPredprob" name="boundsPredprob_with_Beta_Mixture_Priors_give_correct_results"/>
    <testcase time="0.00300000000000011" classname="boundsPredprob" name="boundsPredprob_with_Beta_Mixture_Priors_give_correct_results"/>
    <testcase time="0.00299999999999989" classname="boundsPredprob" name="boundsPredprob_with_Beta_Mixture_Priors_give_correct_results"/>
    <testcase time="0.00300000000000011" classname="boundsPredprob" name="boundsPredprob_with_Beta_Mixture_Priors_give_correct_results"/>
  </testsuite>
  <testsuite name="dbetabinom" timestamp="2025-06-17T12:26:59Z" hostname="6e81c72a5823" tests="32" skipped="0" failures="0" errors="0" time="0.195">
    <testcase time="0.00800000000000001" classname="dbetabinom" name="dbetabinom_for_every_x_support_is_between_0_and_1"/>
    <testcase time="0.00499999999999989" classname="dbetabinom" name="sum_of_the_dbetabinom_values_over_the_whole_support_for_x_is_1"/>
    <testcase time="0.00700000000000012" classname="dbetabinom" name="dbetabinom_gives_correct_numeric_result_with_uniform_parameters"/>
    <testcase time="0.00600000000000001" classname="dbetabinom" name="dbetabinomMix_gives_a_result_between_0_and_1"/>
    <testcase time="0.0069999999999999" classname="dbetabinom" name="dbetabinomMix_gives_the_correct_numeric_result_with_non_uniform_parameters"/>
    <testcase time="0.00700000000000012" classname="dbetabinom" name="Sum_of_dbetabinomMix_for_all_x_is_1"/>
    <testcase time="0.00600000000000001" classname="dbetabinom" name="dbetabinomMix_gives_the_correct_numeric_result_with_beta_mixture"/>
    <testcase time="0.00600000000000001" classname="dbetabinom" name="The_pbetaMix_has_incrementally_higher_cdf_with_larger_x"/>
    <testcase time="0.00600000000000001" classname="dbetabinom" name="pbetaMix_gives_the_correct_number_result_with_beta_mixture"/>
    <testcase time="0.00600000000000001" classname="dbetabinom" name="pbetaMix_works_for_edge_cases"/>
    <testcase time="0.002" classname="dbetabinom" name="pbetaMix_works_for_edge_cases"/>
    <testcase time="0.00500000000000012" classname="dbetabinom" name="The_complement_of_pbetaMix_can_be_derived_with_a_different_lower.tail_flag"/>
    <testcase time="0.0089999999999999" classname="dbetabinom" name="qbetaMix_gives_the_correct_number_result_with_beta_mixture"/>
    <testcase time="0.00700000000000012" classname="dbetabinom" name="qbetaMix_gives_the_correct_number_result_with_beta_mixture_with_increased_parameters"/>
    <testcase time="0.014" classname="dbetabinom" name="qbetaMix_gives_a_number_result_with_beta_mixture"/>
    <testcase time="0.00600000000000001" classname="dbetabinom" name="qbetaMix_works_as_expected_for_edge_cases"/>
    <testcase time="0.00299999999999989" classname="dbetabinom" name="qbetaMix_works_as_expected_for_edge_cases"/>
    <testcase time="0.0069999999999999" classname="dbetabinom" name="dbetaMix_gives_the_correct_result_with_a_1_mixture_component"/>
    <testcase time="0.00600000000000001" classname="dbetabinom" name="dbetaMix_gives_the_correct_result_with_increased_parameters"/>
    <testcase time="0.012" classname="dbetabinom" name="dbetaMix_gives_error_when_weights_do_not_sum_to_1"/>
    <testcase time="0.00500000000000012" classname="dbetabinom" name="dbetaMix_gives_the_correct_result_as_dbeta"/>
    <testcase time="0.00600000000000001" classname="dbetabinom" name="dbetaMix_handles_edge_cases"/>
    <testcase time="0.00299999999999989" classname="dbetabinom" name="dbetaMix_handles_edge_cases"/>
    <testcase time="0.00300000000000011" classname="dbetabinom" name="dbetaMix_handles_edge_cases"/>
    <testcase time="0.00299999999999989" classname="dbetabinom" name="dbetaMix_handles_edge_cases"/>
    <testcase time="0.00500000000000012" classname="dbetabinom" name="h_getBetamixPost_gives_the_correct_beta_mixture_parameters"/>
    <testcase time="0.00600000000000001" classname="dbetabinom" name="h_getBetamixPost_gives_weight_of_1_for_a_single_beta_distribution"/>
    <testcase time="0.0069999999999999" classname="dbetabinom" name="h_getBetamixPost_gives_correct_weights_with_2_beta_mixture_component"/>
    <testcase time="0.00300000000000011" classname="dbetabinom" name="h_getBetamixPost_gives_correct_weights_with_2_beta_mixture_component"/>
    <testcase time="0.00600000000000001" classname="dbetabinom" name="h_getBetamixPost_gives_the_correct_weights_when_sum_of_weights_is_not_1_in_beta_mixture"/>
    <testcase time="0.00499999999999989" classname="dbetabinom" name="h_getBetamixPost_gives_the_correct_weights_when_sum_of_weights_is_not_1_in_beta_mixture"/>
    <testcase time="0.00800000000000001" classname="dbetabinom" name="h_getBetamixPost_gives_error_when_K_rows_of_weights_exceed_length_of_par"/>
  </testsuite>
  <testsuite name="ocPostprob" timestamp="2025-06-17T12:27:00Z" hostname="6e81c72a5823" tests="1031" skipped="0" failures="0" errors="0" time="25.098">
    <testcase time="0.00900000000000012" classname="ocPostprob" name="h_dist0_works_as_expected"/>
    <testcase time="0.00299999999999989" classname="ocPostprob" name="h_dist0_works_as_expected"/>
    <testcase time="0.002" classname="ocPostprob" name="h_dist0_works_as_expected"/>
    <testcase time="0.00300000000000011" classname="ocPostprob" name="h_dist0_works_as_expected"/>
    <testcase time="0.002" classname="ocPostprob" name="h_dist0_works_as_expected"/>
    <testcase time="0.00299999999999989" classname="ocPostprob" name="h_dist0_works_as_expected"/>
    <testcase time="0.00300000000000011" classname="ocPostprob" name="h_dist0_works_as_expected"/>
    <testcase time="0.0069999999999999" classname="ocPostprob" name="h_get_distance_gives_an_error_with_one_element_numeric"/>
    <testcase time="0.00500000000000012" classname="ocPostprob" name="h_get_distance_gives_results_within_range"/>
    <testcase time="0.00999999999999979" classname="ocPostprob" name="h_get_distance_gives_an_error_with_non_sorted_argument"/>
    <testcase time="0.00600000000000001" classname="ocPostprob" name="h_get_looks_gives_correct_results_if_input_is_identical"/>
    <testcase time="0.00500000000000012" classname="ocPostprob" name="h_get_looks_gives_correct_results_if_input_is_identical"/>
    <testcase time="0.00499999999999989" classname="ocPostprob" name="h_get_looks_together_with_h_get_distance_always_gives_unique_looks"/>
    <testcase time="0.00100000000000011" classname="ocPostprob" name="h_get_looks_together_with_h_get_distance_always_gives_unique_looks"/>
    <testcase time="0.00099999999999989" classname="ocPostprob" name="h_get_looks_together_with_h_get_distance_always_gives_unique_looks"/>
    <testcase time="0.00100000000000011" classname="ocPostprob" name="h_get_looks_together_with_h_get_distance_always_gives_unique_looks"/>
    <testcase time="0.002" classname="ocPostprob" name="h_get_looks_together_with_h_get_distance_always_gives_unique_looks"/>
    <testcase time="0.00099999999999989" classname="ocPostprob" name="h_get_looks_together_with_h_get_distance_always_gives_unique_looks"/>
    <testcase time="0.00100000000000011" classname="ocPostprob" name="h_get_looks_together_with_h_get_distance_always_gives_unique_looks"/>
    <testcase time="0.00099999999999989" classname="ocPostprob" name="h_get_looks_together_with_h_get_distance_always_gives_unique_looks"/>
    <testcase time="0.00100000000000011" classname="ocPostprob" name="h_get_looks_together_with_h_get_distance_always_gives_unique_looks"/>
    <testcase time="0.00099999999999989" classname="ocPostprob" name="h_get_looks_together_with_h_get_distance_always_gives_unique_looks"/>
    <testcase time="0.00099999999999989" classname="ocPostprob" name="h_get_looks_together_with_h_get_distance_always_gives_unique_looks"/>
    <testcase time="0.00100000000000011" classname="ocPostprob" name="h_get_looks_together_with_h_get_distance_always_gives_unique_looks"/>
    <testcase time="0.00099999999999989" classname="ocPostprob" name="h_get_looks_together_with_h_get_distance_always_gives_unique_looks"/>
    <testcase time="0.00100000000000011" classname="ocPostprob" name="h_get_looks_together_with_h_get_distance_always_gives_unique_looks"/>
    <testcase time="0.00099999999999989" classname="ocPostprob" name="h_get_looks_together_with_h_get_distance_always_gives_unique_looks"/>
    <testcase time="0.002" classname="ocPostprob" name="h_get_looks_together_with_h_get_distance_always_gives_unique_looks"/>
    <testcase time="0.00100000000000011" classname="ocPostprob" name="h_get_looks_together_with_h_get_distance_always_gives_unique_looks"/>
    <testcase time="0.00099999999999989" classname="ocPostprob" name="h_get_looks_together_with_h_get_distance_always_gives_unique_looks"/>
    <testcase time="0.00100000000000011" classname="ocPostprob" name="h_get_looks_together_with_h_get_distance_always_gives_unique_looks"/>
    <testcase time="0.00099999999999989" classname="ocPostprob" name="h_get_looks_together_with_h_get_distance_always_gives_unique_looks"/>
    <testcase time="0.002" classname="ocPostprob" name="h_get_looks_together_with_h_get_distance_always_gives_unique_looks"/>
    <testcase time="0.00100000000000011" classname="ocPostprob" name="h_get_looks_together_with_h_get_distance_always_gives_unique_looks"/>
    <testcase time="0.00099999999999989" classname="ocPostprob" name="h_get_looks_together_with_h_get_distance_always_gives_unique_looks"/>
    <testcase time="0.00100000000000011" classname="ocPostprob" name="h_get_looks_together_with_h_get_distance_always_gives_unique_looks"/>
    <testcase time="0.002" classname="ocPostprob" name="h_get_looks_together_with_h_get_distance_always_gives_unique_looks"/>
    <testcase time="0.00099999999999989" classname="ocPostprob" name="h_get_looks_together_with_h_get_distance_always_gives_unique_looks"/>
    <testcase time="0.00300000000000011" classname="ocPostprob" name="h_get_looks_together_with_h_get_distance_always_gives_unique_looks"/>
    <testcase time="0.002" classname="ocPostprob" name="h_get_looks_together_with_h_get_distance_always_gives_unique_looks"/>
    <testcase time="0.00099999999999989" classname="ocPostprob" name="h_get_looks_together_with_h_get_distance_always_gives_unique_looks"/>
    <testcase time="0.00100000000000011" classname="ocPostprob" name="h_get_looks_together_with_h_get_distance_always_gives_unique_looks"/>
    <testcase time="0.002" classname="ocPostprob" name="h_get_looks_together_with_h_get_distance_always_gives_unique_looks"/>
    <testcase time="0.00099999999999989" classname="ocPostprob" name="h_get_looks_together_with_h_get_distance_always_gives_unique_looks"/>
    <testcase time="0.00100000000000011" classname="ocPostprob" name="h_get_looks_together_with_h_get_distance_always_gives_unique_looks"/>
    <testcase time="0.002" classname="ocPostprob" name="h_get_looks_together_with_h_get_distance_always_gives_unique_looks"/>
    <testcase time="0.00099999999999989" classname="ocPostprob" name="h_get_looks_together_with_h_get_distance_always_gives_unique_looks"/>
    <testcase time="0.00100000000000011" classname="ocPostprob" name="h_get_looks_together_with_h_get_distance_always_gives_unique_looks"/>
    <testcase time="0.00099999999999989" classname="ocPostprob" name="h_get_looks_together_with_h_get_distance_always_gives_unique_looks"/>
    <testcase time="0.002" classname="ocPostprob" name="h_get_looks_together_with_h_get_distance_always_gives_unique_looks"/>
    <testcase time="0.00100000000000011" classname="ocPostprob" name="h_get_looks_together_with_h_get_distance_always_gives_unique_looks"/>
    <testcase time="0.00099999999999989" classname="ocPostprob" name="h_get_looks_together_with_h_get_distance_always_gives_unique_looks"/>
    <testcase time="0.002" classname="ocPostprob" name="h_get_looks_together_with_h_get_distance_always_gives_unique_looks"/>
    <testcase time="0.00100000000000011" classname="ocPostprob" name="h_get_looks_together_with_h_get_distance_always_gives_unique_looks"/>
    <testcase time="0.00099999999999989" classname="ocPostprob" name="h_get_looks_together_with_h_get_distance_always_gives_unique_looks"/>
    <testcase time="0.00100000000000011" classname="ocPostprob" name="h_get_looks_together_with_h_get_distance_always_gives_unique_looks"/>
    <testcase time="0.002" classname="ocPostprob" name="h_get_looks_together_with_h_get_distance_always_gives_unique_looks"/>
    <testcase time="0.00099999999999989" classname="ocPostprob" name="h_get_looks_together_with_h_get_distance_always_gives_unique_looks"/>
    <testcase time="0.00100000000000011" classname="ocPostprob" name="h_get_looks_together_with_h_get_distance_always_gives_unique_looks"/>
    <testcase time="0.002" classname="ocPostprob" name="h_get_looks_together_with_h_get_distance_always_gives_unique_looks"/>
    <testcase time="0.00099999999999989" classname="ocPostprob" name="h_get_looks_together_with_h_get_distance_always_gives_unique_looks"/>
    <testcase time="0.00100000000000011" classname="ocPostprob" name="h_get_looks_together_with_h_get_distance_always_gives_unique_looks"/>
    <testcase time="0.002" classname="ocPostprob" name="h_get_looks_together_with_h_get_distance_always_gives_unique_looks"/>
    <testcase time="0.00099999999999989" classname="ocPostprob" name="h_get_looks_together_with_h_get_distance_always_gives_unique_looks"/>
    <testcase time="0.00100000000000011" classname="ocPostprob" name="h_get_looks_together_with_h_get_distance_always_gives_unique_looks"/>
    <testcase time="0.002" classname="ocPostprob" name="h_get_looks_together_with_h_get_distance_always_gives_unique_looks"/>
    <testcase time="0.00099999999999989" classname="ocPostprob" name="h_get_looks_together_with_h_get_distance_always_gives_unique_looks"/>
    <testcase time="0.00100000000000011" classname="ocPostprob" name="h_get_looks_together_with_h_get_distance_always_gives_unique_looks"/>
    <testcase time="0.002" classname="ocPostprob" name="h_get_looks_together_with_h_get_distance_always_gives_unique_looks"/>
    <testcase time="0.00099999999999989" classname="ocPostprob" name="h_get_looks_together_with_h_get_distance_always_gives_unique_looks"/>
    <testcase time="0.00100000000000011" classname="ocPostprob" name="h_get_looks_together_with_h_get_distance_always_gives_unique_looks"/>
    <testcase time="0.00499999999999989" classname="ocPostprob" name="h_get_looks_together_with_h_get_distance_always_gives_unique_looks"/>
    <testcase time="0.00100000000000011" classname="ocPostprob" name="h_get_looks_together_with_h_get_distance_always_gives_unique_looks"/>
    <testcase time="0.00099999999999989" classname="ocPostprob" name="h_get_looks_together_with_h_get_distance_always_gives_unique_looks"/>
    <testcase time="0.002" classname="ocPostprob" name="h_get_looks_together_with_h_get_distance_always_gives_unique_looks"/>
    <testcase time="0.00100000000000011" classname="ocPostprob" name="h_get_looks_together_with_h_get_distance_always_gives_unique_looks"/>
    <testcase time="0.002" classname="ocPostprob" name="h_get_looks_together_with_h_get_distance_always_gives_unique_looks"/>
    <testcase time="0.00099999999999989" classname="ocPostprob" name="h_get_looks_together_with_h_get_distance_always_gives_unique_looks"/>
    <testcase time="0.00100000000000011" classname="ocPostprob" name="h_get_looks_together_with_h_get_distance_always_gives_unique_looks"/>
    <testcase time="0.002" classname="ocPostprob" name="h_get_looks_together_with_h_get_distance_always_gives_unique_looks"/>
    <testcase time="0.00099999999999989" classname="ocPostprob" name="h_get_looks_together_with_h_get_distance_always_gives_unique_looks"/>
    <testcase time="0.002" classname="ocPostprob" name="h_get_looks_together_with_h_get_distance_always_gives_unique_looks"/>
    <testcase time="0.00100000000000011" classname="ocPostprob" name="h_get_looks_together_with_h_get_distance_always_gives_unique_looks"/>
    <testcase time="0.00099999999999989" classname="ocPostprob" name="h_get_looks_together_with_h_get_distance_always_gives_unique_looks"/>
    <testcase time="0.002" classname="ocPostprob" name="h_get_looks_together_with_h_get_distance_always_gives_unique_looks"/>
    <testcase time="0.00100000000000011" classname="ocPostprob" name="h_get_looks_together_with_h_get_distance_always_gives_unique_looks"/>
    <testcase time="0.002" classname="ocPostprob" name="h_get_looks_together_with_h_get_distance_always_gives_unique_looks"/>
    <testcase time="0.00099999999999989" classname="ocPostprob" name="h_get_looks_together_with_h_get_distance_always_gives_unique_looks"/>
    <testcase time="0.002" classname="ocPostprob" name="h_get_looks_together_with_h_get_distance_always_gives_unique_looks"/>
    <testcase time="0.00099999999999989" classname="ocPostprob" name="h_get_looks_together_with_h_get_distance_always_gives_unique_looks"/>
    <testcase time="0.00100000000000011" classname="ocPostprob" name="h_get_looks_together_with_h_get_distance_always_gives_unique_looks"/>
    <testcase time="0.002" classname="ocPostprob" name="h_get_looks_together_with_h_get_distance_always_gives_unique_looks"/>
    <testcase time="0.00099999999999989" classname="ocPostprob" name="h_get_looks_together_with_h_get_distance_always_gives_unique_looks"/>
    <testcase time="0.002" classname="ocPostprob" name="h_get_looks_together_with_h_get_distance_always_gives_unique_looks"/>
    <testcase time="0.00100000000000011" classname="ocPostprob" name="h_get_looks_together_with_h_get_distance_always_gives_unique_looks"/>
    <testcase time="0.002" classname="ocPostprob" name="h_get_looks_together_with_h_get_distance_always_gives_unique_looks"/>
    <testcase time="0.00099999999999989" classname="ocPostprob" name="h_get_looks_together_with_h_get_distance_always_gives_unique_looks"/>
    <testcase time="0.00100000000000011" classname="ocPostprob" name="h_get_looks_together_with_h_get_distance_always_gives_unique_looks"/>
    <testcase time="0.002" classname="ocPostprob" name="h_get_looks_together_with_h_get_distance_always_gives_unique_looks"/>
    <testcase time="0.00099999999999989" classname="ocPostprob" name="h_get_looks_together_with_h_get_distance_always_gives_unique_looks"/>
    <testcase time="0.004" classname="ocPostprob" name="h_get_looks_together_with_h_get_distance_always_gives_unique_looks"/>
    <testcase time="0.002" classname="ocPostprob" name="h_get_looks_together_with_h_get_distance_always_gives_unique_looks"/>
    <testcase time="0.002" classname="ocPostprob" name="h_get_looks_together_with_h_get_distance_always_gives_unique_looks"/>
    <testcase time="0.00100000000000011" classname="ocPostprob" name="h_get_looks_together_with_h_get_distance_always_gives_unique_looks"/>
    <testcase time="0.002" classname="ocPostprob" name="h_get_looks_together_with_h_get_distance_always_gives_unique_looks"/>
    <testcase time="0.00099999999999989" classname="ocPostprob" name="h_get_looks_together_with_h_get_distance_always_gives_unique_looks"/>
    <testcase time="0.002" classname="ocPostprob" name="h_get_looks_together_with_h_get_distance_always_gives_unique_looks"/>
    <testcase time="0.00100000000000011" classname="ocPostprob" name="h_get_looks_together_with_h_get_distance_always_gives_unique_looks"/>
    <testcase time="0.002" classname="ocPostprob" name="h_get_looks_together_with_h_get_distance_always_gives_unique_looks"/>
    <testcase time="0.00099999999999989" classname="ocPostprob" name="h_get_looks_together_with_h_get_distance_always_gives_unique_looks"/>
    <testcase time="0.002" classname="ocPostprob" name="h_get_looks_together_with_h_get_distance_always_gives_unique_looks"/>
    <testcase time="0.00100000000000011" classname="ocPostprob" name="h_get_looks_together_with_h_get_distance_always_gives_unique_looks"/>
    <testcase time="0.002" classname="ocPostprob" name="h_get_looks_together_with_h_get_distance_always_gives_unique_looks"/>
    <testcase time="0.00099999999999989" classname="ocPostprob" name="h_get_looks_together_with_h_get_distance_always_gives_unique_looks"/>
    <testcase time="0.002" classname="ocPostprob" name="h_get_looks_together_with_h_get_distance_always_gives_unique_looks"/>
    <testcase time="0.00100000000000011" classname="ocPostprob" name="h_get_looks_together_with_h_get_distance_always_gives_unique_looks"/>
    <testcase time="0.002" classname="ocPostprob" name="h_get_looks_together_with_h_get_distance_always_gives_unique_looks"/>
    <testcase time="0.00099999999999989" classname="ocPostprob" name="h_get_looks_together_with_h_get_distance_always_gives_unique_looks"/>
    <testcase time="0.002" classname="ocPostprob" name="h_get_looks_together_with_h_get_distance_always_gives_unique_looks"/>
    <testcase time="0.00100000000000011" classname="ocPostprob" name="h_get_looks_together_with_h_get_distance_always_gives_unique_looks"/>
    <testcase time="0.002" classname="ocPostprob" name="h_get_looks_together_with_h_get_distance_always_gives_unique_looks"/>
    <testcase time="0.00099999999999989" classname="ocPostprob" name="h_get_looks_together_with_h_get_distance_always_gives_unique_looks"/>
    <testcase time="0.002" classname="ocPostprob" name="h_get_looks_together_with_h_get_distance_always_gives_unique_looks"/>
    <testcase time="0.00100000000000011" classname="ocPostprob" name="h_get_looks_together_with_h_get_distance_always_gives_unique_looks"/>
    <testcase time="0.002" classname="ocPostprob" name="h_get_looks_together_with_h_get_distance_always_gives_unique_looks"/>
    <testcase time="0.00099999999999989" classname="ocPostprob" name="h_get_looks_together_with_h_get_distance_always_gives_unique_looks"/>
    <testcase time="0.002" classname="ocPostprob" name="h_get_looks_together_with_h_get_distance_always_gives_unique_looks"/>
    <testcase time="0.004" classname="ocPostprob" name="h_get_looks_together_with_h_get_distance_always_gives_unique_looks"/>
    <testcase time="0.002" classname="ocPostprob" name="h_get_looks_together_with_h_get_distance_always_gives_unique_looks"/>
    <testcase time="0.00100000000000011" classname="ocPostprob" name="h_get_looks_together_with_h_get_distance_always_gives_unique_looks"/>
    <testcase time="0.002" classname="ocPostprob" name="h_get_looks_together_with_h_get_distance_always_gives_unique_looks"/>
    <testcase time="0.00099999999999989" classname="ocPostprob" name="h_get_looks_together_with_h_get_distance_always_gives_unique_looks"/>
    <testcase time="0.00099999999999989" classname="ocPostprob" name="h_get_looks_together_with_h_get_distance_always_gives_unique_looks"/>
    <testcase time="0.002" classname="ocPostprob" name="h_get_looks_together_with_h_get_distance_always_gives_unique_looks"/>
    <testcase time="0.00100000000000011" classname="ocPostprob" name="h_get_looks_together_with_h_get_distance_always_gives_unique_looks"/>
    <testcase time="0.002" classname="ocPostprob" name="h_get_looks_together_with_h_get_distance_always_gives_unique_looks"/>
    <testcase time="0.00099999999999989" classname="ocPostprob" name="h_get_looks_together_with_h_get_distance_always_gives_unique_looks"/>
    <testcase time="0.002" classname="ocPostprob" name="h_get_looks_together_with_h_get_distance_always_gives_unique_looks"/>
    <testcase time="0.002" classname="ocPostprob" name="h_get_looks_together_with_h_get_distance_always_gives_unique_looks"/>
    <testcase time="0.00099999999999989" classname="ocPostprob" name="h_get_looks_together_with_h_get_distance_always_gives_unique_looks"/>
    <testcase time="0.00200000000000022" classname="ocPostprob" name="h_get_looks_together_with_h_get_distance_always_gives_unique_looks"/>
    <testcase time="0.00099999999999989" classname="ocPostprob" name="h_get_looks_together_with_h_get_distance_always_gives_unique_looks"/>
    <testcase time="0.00200000000000022" classname="ocPostprob" name="h_get_looks_together_with_h_get_distance_always_gives_unique_looks"/>
    <testcase time="0.00199999999999978" classname="ocPostprob" name="h_get_looks_together_with_h_get_distance_always_gives_unique_looks"/>
    <testcase time="0.00099999999999989" classname="ocPostprob" name="h_get_looks_together_with_h_get_distance_always_gives_unique_looks"/>
    <testcase time="0.00200000000000022" classname="ocPostprob" name="h_get_looks_together_with_h_get_distance_always_gives_unique_looks"/>
    <testcase time="0.00099999999999989" classname="ocPostprob" name="h_get_looks_together_with_h_get_distance_always_gives_unique_looks"/>
    <testcase time="0.00200000000000022" classname="ocPostprob" name="h_get_looks_together_with_h_get_distance_always_gives_unique_looks"/>
    <testcase time="0.00199999999999978" classname="ocPostprob" name="h_get_looks_together_with_h_get_distance_always_gives_unique_looks"/>
    <testcase time="0.00099999999999989" classname="ocPostprob" name="h_get_looks_together_with_h_get_distance_always_gives_unique_looks"/>
    <testcase time="0.00200000000000022" classname="ocPostprob" name="h_get_looks_together_with_h_get_distance_always_gives_unique_looks"/>
    <testcase time="0.004" classname="ocPostprob" name="h_get_looks_together_with_h_get_distance_always_gives_unique_looks"/>
    <testcase time="0.00199999999999978" classname="ocPostprob" name="h_get_looks_together_with_h_get_distance_always_gives_unique_looks"/>
    <testcase time="0.00100000000000033" classname="ocPostprob" name="h_get_looks_together_with_h_get_distance_always_gives_unique_looks"/>
    <testcase time="0.00199999999999978" classname="ocPostprob" name="h_get_looks_together_with_h_get_distance_always_gives_unique_looks"/>
    <testcase time="0.00200000000000022" classname="ocPostprob" name="h_get_looks_together_with_h_get_distance_always_gives_unique_looks"/>
    <testcase time="0.00099999999999989" classname="ocPostprob" name="h_get_looks_together_with_h_get_distance_always_gives_unique_looks"/>
    <testcase time="0.00199999999999978" classname="ocPostprob" name="h_get_looks_together_with_h_get_distance_always_gives_unique_looks"/>
    <testcase time="0.00200000000000022" classname="ocPostprob" name="h_get_looks_together_with_h_get_distance_always_gives_unique_looks"/>
    <testcase time="0.00099999999999989" classname="ocPostprob" name="h_get_looks_together_with_h_get_distance_always_gives_unique_looks"/>
    <testcase time="0.00200000000000022" classname="ocPostprob" name="h_get_looks_together_with_h_get_distance_always_gives_unique_looks"/>
    <testcase time="0.00199999999999978" classname="ocPostprob" name="h_get_looks_together_with_h_get_distance_always_gives_unique_looks"/>
    <testcase time="0.00099999999999989" classname="ocPostprob" name="h_get_looks_together_with_h_get_distance_always_gives_unique_looks"/>
    <testcase time="0.00200000000000022" classname="ocPostprob" name="h_get_looks_together_with_h_get_distance_always_gives_unique_looks"/>
    <testcase time="0.00199999999999978" classname="ocPostprob" name="h_get_looks_together_with_h_get_distance_always_gives_unique_looks"/>
    <testcase time="0.00100000000000033" classname="ocPostprob" name="h_get_looks_together_with_h_get_distance_always_gives_unique_looks"/>
    <testcase time="0.00199999999999978" classname="ocPostprob" name="h_get_looks_together_with_h_get_distance_always_gives_unique_looks"/>
    <testcase time="0.00199999999999978" classname="ocPostprob" name="h_get_looks_together_with_h_get_distance_always_gives_unique_looks"/>
    <testcase time="0.00100000000000033" classname="ocPostprob" name="h_get_looks_together_with_h_get_distance_always_gives_unique_looks"/>
    <testcase time="0.00199999999999978" classname="ocPostprob" name="h_get_looks_together_with_h_get_distance_always_gives_unique_looks"/>
    <testcase time="0.00200000000000022" classname="ocPostprob" name="h_get_looks_together_with_h_get_distance_always_gives_unique_looks"/>
    <testcase time="0.00099999999999989" classname="ocPostprob" name="h_get_looks_together_with_h_get_distance_always_gives_unique_looks"/>
    <testcase time="0.00199999999999978" classname="ocPostprob" name="h_get_looks_together_with_h_get_distance_always_gives_unique_looks"/>
    <testcase time="0.00200000000000022" classname="ocPostprob" name="h_get_looks_together_with_h_get_distance_always_gives_unique_looks"/>
    <testcase time="0.004" classname="ocPostprob" name="h_get_looks_together_with_h_get_distance_always_gives_unique_looks"/>
    <testcase time="0.00199999999999978" classname="ocPostprob" name="h_get_looks_together_with_h_get_distance_always_gives_unique_looks"/>
    <testcase time="0.00200000000000022" classname="ocPostprob" name="h_get_looks_together_with_h_get_distance_always_gives_unique_looks"/>
    <testcase time="0.00199999999999978" classname="ocPostprob" name="h_get_looks_together_with_h_get_distance_always_gives_unique_looks"/>
    <testcase time="0.00100000000000033" classname="ocPostprob" name="h_get_looks_together_with_h_get_distance_always_gives_unique_looks"/>
    <testcase time="0.00199999999999978" classname="ocPostprob" name="h_get_looks_together_with_h_get_distance_always_gives_unique_looks"/>
    <testcase time="0.00200000000000022" classname="ocPostprob" name="h_get_looks_together_with_h_get_distance_always_gives_unique_looks"/>
    <testcase time="0.00199999999999978" classname="ocPostprob" name="h_get_looks_together_with_h_get_distance_always_gives_unique_looks"/>
    <testcase time="0.00099999999999989" classname="ocPostprob" name="h_get_looks_together_with_h_get_distance_always_gives_unique_looks"/>
    <testcase time="0.00200000000000022" classname="ocPostprob" name="h_get_looks_together_with_h_get_distance_always_gives_unique_looks"/>
    <testcase time="0.00199999999999978" classname="ocPostprob" name="h_get_looks_together_with_h_get_distance_always_gives_unique_looks"/>
    <testcase time="0.00200000000000022" classname="ocPostprob" name="h_get_looks_together_with_h_get_distance_always_gives_unique_looks"/>
    <testcase time="0.00099999999999989" classname="ocPostprob" name="h_get_looks_together_with_h_get_distance_always_gives_unique_looks"/>
    <testcase time="0.00200000000000022" classname="ocPostprob" name="h_get_looks_together_with_h_get_distance_always_gives_unique_looks"/>
    <testcase time="0.00199999999999978" classname="ocPostprob" name="h_get_looks_together_with_h_get_distance_always_gives_unique_looks"/>
    <testcase time="0.00200000000000022" classname="ocPostprob" name="h_get_looks_together_with_h_get_distance_always_gives_unique_looks"/>
    <testcase time="0.00099999999999989" classname="ocPostprob" name="h_get_looks_together_with_h_get_distance_always_gives_unique_looks"/>
    <testcase time="0.00199999999999978" classname="ocPostprob" name="h_get_looks_together_with_h_get_distance_always_gives_unique_looks"/>
    <testcase time="0.00200000000000022" classname="ocPostprob" name="h_get_looks_together_with_h_get_distance_always_gives_unique_looks"/>
    <testcase time="0.00199999999999978" classname="ocPostprob" name="h_get_looks_together_with_h_get_distance_always_gives_unique_looks"/>
    <testcase time="0.00100000000000033" classname="ocPostprob" name="h_get_looks_together_with_h_get_distance_always_gives_unique_looks"/>
    <testcase time="0.00499999999999989" classname="ocPostprob" name="h_get_looks_together_with_h_get_distance_always_gives_unique_looks"/>
    <testcase time="0.00199999999999978" classname="ocPostprob" name="h_get_looks_together_with_h_get_distance_always_gives_unique_looks"/>
    <testcase time="0.00200000000000022" classname="ocPostprob" name="h_get_looks_together_with_h_get_distance_always_gives_unique_looks"/>
    <testcase time="0.00099999999999989" classname="ocPostprob" name="h_get_looks_together_with_h_get_distance_always_gives_unique_looks"/>
    <testcase time="0.00200000000000022" classname="ocPostprob" name="h_get_looks_together_with_h_get_distance_always_gives_unique_looks"/>
    <testcase time="0.00199999999999978" classname="ocPostprob" name="h_get_looks_together_with_h_get_distance_always_gives_unique_looks"/>
    <testcase time="0.00200000000000022" classname="ocPostprob" name="h_get_looks_together_with_h_get_distance_always_gives_unique_looks"/>
    <testcase time="0.00199999999999978" classname="ocPostprob" name="h_get_looks_together_with_h_get_distance_always_gives_unique_looks"/>
    <testcase time="0.00200000000000022" classname="ocPostprob" name="h_get_looks_together_with_h_get_distance_always_gives_unique_looks"/>
    <testcase time="0.00099999999999989" classname="ocPostprob" name="h_get_looks_together_with_h_get_distance_always_gives_unique_looks"/>
    <testcase time="0.00099999999999989" classname="ocPostprob" name="h_get_looks_together_with_h_get_distance_always_gives_unique_looks"/>
    <testcase time="0.00200000000000022" classname="ocPostprob" name="h_get_looks_together_with_h_get_distance_always_gives_unique_looks"/>
    <testcase time="0.00199999999999978" classname="ocPostprob" name="h_get_looks_together_with_h_get_distance_always_gives_unique_looks"/>
    <testcase time="0.00200000000000022" classname="ocPostprob" name="h_get_looks_together_with_h_get_distance_always_gives_unique_looks"/>
    <testcase time="0.00199999999999978" classname="ocPostprob" name="h_get_looks_together_with_h_get_distance_always_gives_unique_looks"/>
    <testcase time="0.00200000000000022" classname="ocPostprob" name="h_get_looks_together_with_h_get_distance_always_gives_unique_looks"/>
    <testcase time="0.00099999999999989" classname="ocPostprob" name="h_get_looks_together_with_h_get_distance_always_gives_unique_looks"/>
    <testcase time="0.00200000000000022" classname="ocPostprob" name="h_get_looks_together_with_h_get_distance_always_gives_unique_looks"/>
    <testcase time="0.00199999999999978" classname="ocPostprob" name="h_get_looks_together_with_h_get_distance_always_gives_unique_looks"/>
    <testcase time="0.00200000000000022" classname="ocPostprob" name="h_get_looks_together_with_h_get_distance_always_gives_unique_looks"/>
    <testcase time="0.004" classname="ocPostprob" name="h_get_looks_together_with_h_get_distance_always_gives_unique_looks"/>
    <testcase time="0.00199999999999978" classname="ocPostprob" name="h_get_looks_together_with_h_get_distance_always_gives_unique_looks"/>
    <testcase time="0.00200000000000022" classname="ocPostprob" name="h_get_looks_together_with_h_get_distance_always_gives_unique_looks"/>
    <testcase time="0.00199999999999978" classname="ocPostprob" name="h_get_looks_together_with_h_get_distance_always_gives_unique_looks"/>
    <testcase time="0.00200000000000022" classname="ocPostprob" name="h_get_looks_together_with_h_get_distance_always_gives_unique_looks"/>
    <testcase time="0.00199999999999978" classname="ocPostprob" name="h_get_looks_together_with_h_get_distance_always_gives_unique_looks"/>
    <testcase time="0.00200000000000022" classname="ocPostprob" name="h_get_looks_together_with_h_get_distance_always_gives_unique_looks"/>
    <testcase time="0.00099999999999989" classname="ocPostprob" name="h_get_looks_together_with_h_get_distance_always_gives_unique_looks"/>
    <testcase time="0.00199999999999978" classname="ocPostprob" name="h_get_looks_together_with_h_get_distance_always_gives_unique_looks"/>
    <testcase time="0.00200000000000022" classname="ocPostprob" name="h_get_looks_together_with_h_get_distance_always_gives_unique_looks"/>
    <testcase time="0.00199999999999978" classname="ocPostprob" name="h_get_looks_together_with_h_get_distance_always_gives_unique_looks"/>
    <testcase time="0.00200000000000022" classname="ocPostprob" name="h_get_looks_together_with_h_get_distance_always_gives_unique_looks"/>
    <testcase time="0.00199999999999978" classname="ocPostprob" name="h_get_looks_together_with_h_get_distance_always_gives_unique_looks"/>
    <testcase time="0.00200000000000022" classname="ocPostprob" name="h_get_looks_together_with_h_get_distance_always_gives_unique_looks"/>
    <testcase time="0.00199999999999978" classname="ocPostprob" name="h_get_looks_together_with_h_get_distance_always_gives_unique_looks"/>
    <testcase time="0.00200000000000022" classname="ocPostprob" name="h_get_looks_together_with_h_get_distance_always_gives_unique_looks"/>
    <testcase time="0.00199999999999978" classname="ocPostprob" name="h_get_looks_together_with_h_get_distance_always_gives_unique_looks"/>
    <testcase time="0.00100000000000033" classname="ocPostprob" name="h_get_looks_together_with_h_get_distance_always_gives_unique_looks"/>
    <testcase time="0.00199999999999978" classname="ocPostprob" name="h_get_looks_together_with_h_get_distance_always_gives_unique_looks"/>
    <testcase time="0.00499999999999989" classname="ocPostprob" name="h_get_looks_together_with_h_get_distance_always_gives_unique_looks"/>
    <testcase time="0.00200000000000022" classname="ocPostprob" name="h_get_looks_together_with_h_get_distance_always_gives_unique_looks"/>
    <testcase time="0.00199999999999978" classname="ocPostprob" name="h_get_looks_together_with_h_get_distance_always_gives_unique_looks"/>
    <testcase time="0.00200000000000022" classname="ocPostprob" name="h_get_looks_together_with_h_get_distance_always_gives_unique_looks"/>
    <testcase time="0.00199999999999978" classname="ocPostprob" name="h_get_looks_together_with_h_get_distance_always_gives_unique_looks"/>
    <testcase time="0.00200000000000022" classname="ocPostprob" name="h_get_looks_together_with_h_get_distance_always_gives_unique_looks"/>
    <testcase time="0.00199999999999978" classname="ocPostprob" name="h_get_looks_together_with_h_get_distance_always_gives_unique_looks"/>
    <testcase time="0.00200000000000022" classname="ocPostprob" name="h_get_looks_together_with_h_get_distance_always_gives_unique_looks"/>
    <testcase time="0.00199999999999978" classname="ocPostprob" name="h_get_looks_together_with_h_get_distance_always_gives_unique_looks"/>
    <testcase time="0.00200000000000022" classname="ocPostprob" name="h_get_looks_together_with_h_get_distance_always_gives_unique_looks"/>
    <testcase time="0.00199999999999978" classname="ocPostprob" name="h_get_looks_together_with_h_get_distance_always_gives_unique_looks"/>
    <testcase time="0.00200000000000022" classname="ocPostprob" name="h_get_looks_together_with_h_get_distance_always_gives_unique_looks"/>
    <testcase time="0.00199999999999978" classname="ocPostprob" name="h_get_looks_together_with_h_get_distance_always_gives_unique_looks"/>
    <testcase time="0.00200000000000022" classname="ocPostprob" name="h_get_looks_together_with_h_get_distance_always_gives_unique_looks"/>
    <testcase time="0.00199999999999978" classname="ocPostprob" name="h_get_looks_together_with_h_get_distance_always_gives_unique_looks"/>
    <testcase time="0.00200000000000022" classname="ocPostprob" name="h_get_looks_together_with_h_get_distance_always_gives_unique_looks"/>
    <testcase time="0.00199999999999978" classname="ocPostprob" name="h_get_looks_together_with_h_get_distance_always_gives_unique_looks"/>
    <testcase time="0.00200000000000022" classname="ocPostprob" name="h_get_looks_together_with_h_get_distance_always_gives_unique_looks"/>
    <testcase time="0.004" classname="ocPostprob" name="h_get_looks_together_with_h_get_distance_always_gives_unique_looks"/>
    <testcase time="0.00199999999999978" classname="ocPostprob" name="h_get_looks_together_with_h_get_distance_always_gives_unique_looks"/>
    <testcase time="0.00200000000000022" classname="ocPostprob" name="h_get_looks_together_with_h_get_distance_always_gives_unique_looks"/>
    <testcase time="0.00199999999999978" classname="ocPostprob" name="h_get_looks_together_with_h_get_distance_always_gives_unique_looks"/>
    <testcase time="0.00200000000000022" classname="ocPostprob" name="h_get_looks_together_with_h_get_distance_always_gives_unique_looks"/>
    <testcase time="0.00199999999999978" classname="ocPostprob" name="h_get_looks_together_with_h_get_distance_always_gives_unique_looks"/>
    <testcase time="0.00200000000000022" classname="ocPostprob" name="h_get_looks_together_with_h_get_distance_always_gives_unique_looks"/>
    <testcase time="0.00199999999999978" classname="ocPostprob" name="h_get_looks_together_with_h_get_distance_always_gives_unique_looks"/>
    <testcase time="0.00200000000000022" classname="ocPostprob" name="h_get_looks_together_with_h_get_distance_always_gives_unique_looks"/>
    <testcase time="0.00199999999999978" classname="ocPostprob" name="h_get_looks_together_with_h_get_distance_always_gives_unique_looks"/>
    <testcase time="0.00200000000000022" classname="ocPostprob" name="h_get_looks_together_with_h_get_distance_always_gives_unique_looks"/>
    <testcase time="0.00199999999999978" classname="ocPostprob" name="h_get_looks_together_with_h_get_distance_always_gives_unique_looks"/>
    <testcase time="0.00200000000000022" classname="ocPostprob" name="h_get_looks_together_with_h_get_distance_always_gives_unique_looks"/>
    <testcase time="0.00199999999999978" classname="ocPostprob" name="h_get_looks_together_with_h_get_distance_always_gives_unique_looks"/>
    <testcase time="0.00200000000000022" classname="ocPostprob" name="h_get_looks_together_with_h_get_distance_always_gives_unique_looks"/>
    <testcase time="0.00199999999999978" classname="ocPostprob" name="h_get_looks_together_with_h_get_distance_always_gives_unique_looks"/>
    <testcase time="0.00300000000000011" classname="ocPostprob" name="h_get_looks_together_with_h_get_distance_always_gives_unique_looks"/>
    <testcase time="0.004" classname="ocPostprob" name="h_get_looks_together_with_h_get_distance_always_gives_unique_looks"/>
    <testcase time="0.00199999999999978" classname="ocPostprob" name="h_get_looks_together_with_h_get_distance_always_gives_unique_looks"/>
    <testcase time="0.00200000000000022" classname="ocPostprob" name="h_get_looks_together_with_h_get_distance_always_gives_unique_looks"/>
    <testcase time="0.00199999999999978" classname="ocPostprob" name="h_get_looks_together_with_h_get_distance_always_gives_unique_looks"/>
    <testcase time="0.00200000000000022" classname="ocPostprob" name="h_get_looks_together_with_h_get_distance_always_gives_unique_looks"/>
    <testcase time="0.00300000000000011" classname="ocPostprob" name="h_get_looks_together_with_h_get_distance_always_gives_unique_looks"/>
    <testcase time="0.00199999999999978" classname="ocPostprob" name="h_get_looks_together_with_h_get_distance_always_gives_unique_looks"/>
    <testcase time="0.00200000000000022" classname="ocPostprob" name="h_get_looks_together_with_h_get_distance_always_gives_unique_looks"/>
    <testcase time="0.00199999999999978" classname="ocPostprob" name="h_get_looks_together_with_h_get_distance_always_gives_unique_looks"/>
    <testcase time="0.00200000000000022" classname="ocPostprob" name="h_get_looks_together_with_h_get_distance_always_gives_unique_looks"/>
    <testcase time="0.00199999999999978" classname="ocPostprob" name="h_get_looks_together_with_h_get_distance_always_gives_unique_looks"/>
    <testcase time="0.00200000000000022" classname="ocPostprob" name="h_get_looks_together_with_h_get_distance_always_gives_unique_looks"/>
    <testcase time="0.00199999999999978" classname="ocPostprob" name="h_get_looks_together_with_h_get_distance_always_gives_unique_looks"/>
    <testcase time="0.00200000000000022" classname="ocPostprob" name="h_get_looks_together_with_h_get_distance_always_gives_unique_looks"/>
    <testcase time="0.00199999999999978" classname="ocPostprob" name="h_get_looks_together_with_h_get_distance_always_gives_unique_looks"/>
    <testcase time="0.00200000000000022" classname="ocPostprob" name="h_get_looks_together_with_h_get_distance_always_gives_unique_looks"/>
    <testcase time="0.00499999999999989" classname="ocPostprob" name="h_get_looks_together_with_h_get_distance_always_gives_unique_looks"/>
    <testcase time="0.00199999999999978" classname="ocPostprob" name="h_get_looks_together_with_h_get_distance_always_gives_unique_looks"/>
    <testcase time="0.00200000000000022" classname="ocPostprob" name="h_get_looks_together_with_h_get_distance_always_gives_unique_looks"/>
    <testcase time="0.00300000000000011" classname="ocPostprob" name="h_get_looks_together_with_h_get_distance_always_gives_unique_looks"/>
    <testcase time="0.00199999999999978" classname="ocPostprob" name="h_get_looks_together_with_h_get_distance_always_gives_unique_looks"/>
    <testcase time="0.00200000000000022" classname="ocPostprob" name="h_get_looks_together_with_h_get_distance_always_gives_unique_looks"/>
    <testcase time="0.00199999999999978" classname="ocPostprob" name="h_get_looks_together_with_h_get_distance_always_gives_unique_looks"/>
    <testcase time="0.00199999999999978" classname="ocPostprob" name="h_get_looks_together_with_h_get_distance_always_gives_unique_looks"/>
    <testcase time="0.00200000000000022" classname="ocPostprob" name="h_get_looks_together_with_h_get_distance_always_gives_unique_looks"/>
    <testcase time="0.00199999999999978" classname="ocPostprob" name="h_get_looks_together_with_h_get_distance_always_gives_unique_looks"/>
    <testcase time="0.00300000000000011" classname="ocPostprob" name="h_get_looks_together_with_h_get_distance_always_gives_unique_looks"/>
    <testcase time="0.00200000000000022" classname="ocPostprob" name="h_get_looks_together_with_h_get_distance_always_gives_unique_looks"/>
    <testcase time="0.00199999999999978" classname="ocPostprob" name="h_get_looks_together_with_h_get_distance_always_gives_unique_looks"/>
    <testcase time="0.00200000000000022" classname="ocPostprob" name="h_get_looks_together_with_h_get_distance_always_gives_unique_looks"/>
    <testcase time="0.00199999999999978" classname="ocPostprob" name="h_get_looks_together_with_h_get_distance_always_gives_unique_looks"/>
    <testcase time="0.00200000000000022" classname="ocPostprob" name="h_get_looks_together_with_h_get_distance_always_gives_unique_looks"/>
    <testcase time="0.00699999999999967" classname="ocPostprob" name="h_get_looks_together_with_h_get_distance_always_gives_unique_looks"/>
    <testcase time="0.00300000000000011" classname="ocPostprob" name="h_get_looks_together_with_h_get_distance_always_gives_unique_looks"/>
    <testcase time="0.00300000000000011" classname="ocPostprob" name="h_get_looks_together_with_h_get_distance_always_gives_unique_looks"/>
    <testcase time="0.00199999999999978" classname="ocPostprob" name="h_get_looks_together_with_h_get_distance_always_gives_unique_looks"/>
    <testcase time="0.00200000000000022" classname="ocPostprob" name="h_get_looks_together_with_h_get_distance_always_gives_unique_looks"/>
    <testcase time="0.00199999999999978" classname="ocPostprob" name="h_get_looks_together_with_h_get_distance_always_gives_unique_looks"/>
    <testcase time="0.00300000000000011" classname="ocPostprob" name="h_get_looks_together_with_h_get_distance_always_gives_unique_looks"/>
    <testcase time="0.00200000000000022" classname="ocPostprob" name="h_get_looks_together_with_h_get_distance_always_gives_unique_looks"/>
    <testcase time="0.00199999999999978" classname="ocPostprob" name="h_get_looks_together_with_h_get_distance_always_gives_unique_looks"/>
    <testcase time="0.00200000000000022" classname="ocPostprob" name="h_get_looks_together_with_h_get_distance_always_gives_unique_looks"/>
    <testcase time="0.00199999999999978" classname="ocPostprob" name="h_get_looks_together_with_h_get_distance_always_gives_unique_looks"/>
    <testcase time="0.00300000000000011" classname="ocPostprob" name="h_get_looks_together_with_h_get_distance_always_gives_unique_looks"/>
    <testcase time="0.00199999999999978" classname="ocPostprob" name="h_get_looks_together_with_h_get_distance_always_gives_unique_looks"/>
    <testcase time="0.00200000000000022" classname="ocPostprob" name="h_get_looks_together_with_h_get_distance_always_gives_unique_looks"/>
    <testcase time="0.00300000000000011" classname="ocPostprob" name="h_get_looks_together_with_h_get_distance_always_gives_unique_looks"/>
    <testcase time="0.00199999999999978" classname="ocPostprob" name="h_get_looks_together_with_h_get_distance_always_gives_unique_looks"/>
    <testcase time="0.00499999999999989" classname="ocPostprob" name="h_get_looks_together_with_h_get_distance_always_gives_unique_looks"/>
    <testcase time="0.00200000000000022" classname="ocPostprob" name="h_get_looks_together_with_h_get_distance_always_gives_unique_looks"/>
    <testcase time="0.00199999999999978" classname="ocPostprob" name="h_get_looks_together_with_h_get_distance_always_gives_unique_looks"/>
    <testcase time="0.00300000000000011" classname="ocPostprob" name="h_get_looks_together_with_h_get_distance_always_gives_unique_looks"/>
    <testcase time="0.00200000000000022" classname="ocPostprob" name="h_get_looks_together_with_h_get_distance_always_gives_unique_looks"/>
    <testcase time="0.00199999999999978" classname="ocPostprob" name="h_get_looks_together_with_h_get_distance_always_gives_unique_looks"/>
    <testcase time="0.00300000000000011" classname="ocPostprob" name="h_get_looks_together_with_h_get_distance_always_gives_unique_looks"/>
    <testcase time="0.00199999999999978" classname="ocPostprob" name="h_get_looks_together_with_h_get_distance_always_gives_unique_looks"/>
    <testcase time="0.00200000000000022" classname="ocPostprob" name="h_get_looks_together_with_h_get_distance_always_gives_unique_looks"/>
    <testcase time="0.00199999999999978" classname="ocPostprob" name="h_get_looks_together_with_h_get_distance_always_gives_unique_looks"/>
    <testcase time="0.00300000000000011" classname="ocPostprob" name="h_get_looks_together_with_h_get_distance_always_gives_unique_looks"/>
    <testcase time="0.00200000000000022" classname="ocPostprob" name="h_get_looks_together_with_h_get_distance_always_gives_unique_looks"/>
    <testcase time="0.00199999999999978" classname="ocPostprob" name="h_get_looks_together_with_h_get_distance_always_gives_unique_looks"/>
    <testcase time="0.00200000000000022" classname="ocPostprob" name="h_get_looks_together_with_h_get_distance_always_gives_unique_looks"/>
    <testcase time="0.00299999999999967" classname="ocPostprob" name="h_get_looks_together_with_h_get_distance_always_gives_unique_looks"/>
    <testcase time="0.00200000000000022" classname="ocPostprob" name="h_get_looks_together_with_h_get_distance_always_gives_unique_looks"/>
    <testcase time="0.00499999999999989" classname="ocPostprob" name="h_get_looks_together_with_h_get_distance_always_gives_unique_looks"/>
    <testcase time="0.00200000000000022" classname="ocPostprob" name="h_get_looks_together_with_h_get_distance_always_gives_unique_looks"/>
    <testcase time="0.00299999999999967" classname="ocPostprob" name="h_get_looks_together_with_h_get_distance_always_gives_unique_looks"/>
    <testcase time="0.00200000000000022" classname="ocPostprob" name="h_get_looks_together_with_h_get_distance_always_gives_unique_looks"/>
    <testcase time="0.00199999999999978" classname="ocPostprob" name="h_get_looks_together_with_h_get_distance_always_gives_unique_looks"/>
    <testcase time="0.00300000000000011" classname="ocPostprob" name="h_get_looks_together_with_h_get_distance_always_gives_unique_looks"/>
    <testcase time="0.00200000000000022" classname="ocPostprob" name="h_get_looks_together_with_h_get_distance_always_gives_unique_looks"/>
    <testcase time="0.00199999999999978" classname="ocPostprob" name="h_get_looks_together_with_h_get_distance_always_gives_unique_looks"/>
    <testcase time="0.00300000000000011" classname="ocPostprob" name="h_get_looks_together_with_h_get_distance_always_gives_unique_looks"/>
    <testcase time="0.00199999999999978" classname="ocPostprob" name="h_get_looks_together_with_h_get_distance_always_gives_unique_looks"/>
    <testcase time="0.00200000000000022" classname="ocPostprob" name="h_get_looks_together_with_h_get_distance_always_gives_unique_looks"/>
    <testcase time="0.00299999999999967" classname="ocPostprob" name="h_get_looks_together_with_h_get_distance_always_gives_unique_looks"/>
    <testcase time="0.00200000000000022" classname="ocPostprob" name="h_get_looks_together_with_h_get_distance_always_gives_unique_looks"/>
    <testcase time="0.00199999999999978" classname="ocPostprob" name="h_get_looks_together_with_h_get_distance_always_gives_unique_looks"/>
    <testcase time="0.00300000000000011" classname="ocPostprob" name="h_get_looks_together_with_h_get_distance_always_gives_unique_looks"/>
    <testcase time="0.00499999999999989" classname="ocPostprob" name="h_get_looks_together_with_h_get_distance_always_gives_unique_looks"/>
    <testcase time="0.00200000000000022" classname="ocPostprob" name="h_get_looks_together_with_h_get_distance_always_gives_unique_looks"/>
    <testcase time="0.00300000000000011" classname="ocPostprob" name="h_get_looks_together_with_h_get_distance_always_gives_unique_looks"/>
    <testcase time="0.00199999999999978" classname="ocPostprob" name="h_get_looks_together_with_h_get_distance_always_gives_unique_looks"/>
    <testcase time="0.00200000000000022" classname="ocPostprob" name="h_get_looks_together_with_h_get_distance_always_gives_unique_looks"/>
    <testcase time="0.00299999999999967" classname="ocPostprob" name="h_get_looks_together_with_h_get_distance_always_gives_unique_looks"/>
    <testcase time="0.00200000000000022" classname="ocPostprob" name="h_get_looks_together_with_h_get_distance_always_gives_unique_looks"/>
    <testcase time="0.00199999999999978" classname="ocPostprob" name="h_get_looks_together_with_h_get_distance_always_gives_unique_looks"/>
    <testcase time="0.00300000000000011" classname="ocPostprob" name="h_get_looks_together_with_h_get_distance_always_gives_unique_looks"/>
    <testcase time="0.00200000000000022" classname="ocPostprob" name="h_get_looks_together_with_h_get_distance_always_gives_unique_looks"/>
    <testcase time="0.00299999999999967" classname="ocPostprob" name="h_get_looks_together_with_h_get_distance_always_gives_unique_looks"/>
    <testcase time="0.00200000000000022" classname="ocPostprob" name="h_get_looks_together_with_h_get_distance_always_gives_unique_looks"/>
    <testcase time="0.00199999999999978" classname="ocPostprob" name="h_get_looks_together_with_h_get_distance_always_gives_unique_looks"/>
    <testcase time="0.00300000000000011" classname="ocPostprob" name="h_get_looks_together_with_h_get_distance_always_gives_unique_looks"/>
    <testcase time="0.00200000000000022" classname="ocPostprob" name="h_get_looks_together_with_h_get_distance_always_gives_unique_looks"/>
    <testcase time="0.00499999999999989" classname="ocPostprob" name="h_get_looks_together_with_h_get_distance_always_gives_unique_looks"/>
    <testcase time="0.00199999999999978" classname="ocPostprob" name="h_get_looks_together_with_h_get_distance_always_gives_unique_looks"/>
    <testcase time="0.00300000000000011" classname="ocPostprob" name="h_get_looks_together_with_h_get_distance_always_gives_unique_looks"/>
    <testcase time="0.00300000000000011" classname="ocPostprob" name="h_get_looks_together_with_h_get_distance_always_gives_unique_looks"/>
    <testcase time="0.00199999999999978" classname="ocPostprob" name="h_get_looks_together_with_h_get_distance_always_gives_unique_looks"/>
    <testcase time="0.00200000000000022" classname="ocPostprob" name="h_get_looks_together_with_h_get_distance_always_gives_unique_looks"/>
    <testcase time="0.00300000000000011" classname="ocPostprob" name="h_get_looks_together_with_h_get_distance_always_gives_unique_looks"/>
    <testcase time="0.00199999999999978" classname="ocPostprob" name="h_get_looks_together_with_h_get_distance_always_gives_unique_looks"/>
    <testcase time="0.00300000000000011" classname="ocPostprob" name="h_get_looks_together_with_h_get_distance_always_gives_unique_looks"/>
    <testcase time="0.00199999999999978" classname="ocPostprob" name="h_get_looks_together_with_h_get_distance_always_gives_unique_looks"/>
    <testcase time="0.00300000000000011" classname="ocPostprob" name="h_get_looks_together_with_h_get_distance_always_gives_unique_looks"/>
    <testcase time="0.00200000000000022" classname="ocPostprob" name="h_get_looks_together_with_h_get_distance_always_gives_unique_looks"/>
    <testcase time="0.00199999999999978" classname="ocPostprob" name="h_get_looks_together_with_h_get_distance_always_gives_unique_looks"/>
    <testcase time="0.00300000000000011" classname="ocPostprob" name="h_get_looks_together_with_h_get_distance_always_gives_unique_looks"/>
    <testcase time="0.00499999999999989" classname="ocPostprob" name="h_get_looks_together_with_h_get_distance_always_gives_unique_looks"/>
    <testcase time="0.00200000000000022" classname="ocPostprob" name="h_get_looks_together_with_h_get_distance_always_gives_unique_looks"/>
    <testcase time="0.00299999999999967" classname="ocPostprob" name="h_get_looks_together_with_h_get_distance_always_gives_unique_looks"/>
    <testcase time="0.00200000000000022" classname="ocPostprob" name="h_get_looks_together_with_h_get_distance_always_gives_unique_looks"/>
    <testcase time="0.00300000000000011" classname="ocPostprob" name="h_get_looks_together_with_h_get_distance_always_gives_unique_looks"/>
    <testcase time="0.00199999999999978" classname="ocPostprob" name="h_get_looks_together_with_h_get_distance_always_gives_unique_looks"/>
    <testcase time="0.00300000000000011" classname="ocPostprob" name="h_get_looks_together_with_h_get_distance_always_gives_unique_looks"/>
    <testcase time="0.00199999999999978" classname="ocPostprob" name="h_get_looks_together_with_h_get_distance_always_gives_unique_looks"/>
    <testcase time="0.00300000000000011" classname="ocPostprob" name="h_get_looks_together_with_h_get_distance_always_gives_unique_looks"/>
    <testcase time="0.00200000000000022" classname="ocPostprob" name="h_get_looks_together_with_h_get_distance_always_gives_unique_looks"/>
    <testcase time="0.00299999999999967" classname="ocPostprob" name="h_get_looks_together_with_h_get_distance_always_gives_unique_looks"/>
    <testcase time="0.00200000000000022" classname="ocPostprob" name="h_get_looks_together_with_h_get_distance_always_gives_unique_looks"/>
    <testcase time="0.00300000000000011" classname="ocPostprob" name="h_get_looks_together_with_h_get_distance_always_gives_unique_looks"/>
    <testcase time="0.00199999999999978" classname="ocPostprob" name="h_get_looks_together_with_h_get_distance_always_gives_unique_looks"/>
    <testcase time="0.00499999999999989" classname="ocPostprob" name="h_get_looks_together_with_h_get_distance_always_gives_unique_looks"/>
    <testcase time="0.00300000000000011" classname="ocPostprob" name="h_get_looks_together_with_h_get_distance_always_gives_unique_looks"/>
    <testcase time="0.00199999999999978" classname="ocPostprob" name="h_get_looks_together_with_h_get_distance_always_gives_unique_looks"/>
    <testcase time="0.00300000000000011" classname="ocPostprob" name="h_get_looks_together_with_h_get_distance_always_gives_unique_looks"/>
    <testcase time="0.00200000000000022" classname="ocPostprob" name="h_get_looks_together_with_h_get_distance_always_gives_unique_looks"/>
    <testcase time="0.00299999999999967" classname="ocPostprob" name="h_get_looks_together_with_h_get_distance_always_gives_unique_looks"/>
    <testcase time="0.00200000000000022" classname="ocPostprob" name="h_get_looks_together_with_h_get_distance_always_gives_unique_looks"/>
    <testcase time="0.00300000000000011" classname="ocPostprob" name="h_get_looks_together_with_h_get_distance_always_gives_unique_looks"/>
    <testcase time="0.00199999999999978" classname="ocPostprob" name="h_get_looks_together_with_h_get_distance_always_gives_unique_looks"/>
    <testcase time="0.00300000000000011" classname="ocPostprob" name="h_get_looks_together_with_h_get_distance_always_gives_unique_looks"/>
    <testcase time="0.00199999999999978" classname="ocPostprob" name="h_get_looks_together_with_h_get_distance_always_gives_unique_looks"/>
    <testcase time="0.00300000000000011" classname="ocPostprob" name="h_get_looks_together_with_h_get_distance_always_gives_unique_looks"/>
    <testcase time="0.00200000000000022" classname="ocPostprob" name="h_get_looks_together_with_h_get_distance_always_gives_unique_looks"/>
    <testcase time="0.00599999999999978" classname="ocPostprob" name="h_get_looks_together_with_h_get_distance_always_gives_unique_looks"/>
    <testcase time="0.00200000000000022" classname="ocPostprob" name="h_get_looks_together_with_h_get_distance_always_gives_unique_looks"/>
    <testcase time="0.00299999999999967" classname="ocPostprob" name="h_get_looks_together_with_h_get_distance_always_gives_unique_looks"/>
    <testcase time="0.00200000000000022" classname="ocPostprob" name="h_get_looks_together_with_h_get_distance_always_gives_unique_looks"/>
    <testcase time="0.00300000000000011" classname="ocPostprob" name="h_get_looks_together_with_h_get_distance_always_gives_unique_looks"/>
    <testcase time="0.00199999999999978" classname="ocPostprob" name="h_get_looks_together_with_h_get_distance_always_gives_unique_looks"/>
    <testcase time="0.00300000000000011" classname="ocPostprob" name="h_get_looks_together_with_h_get_distance_always_gives_unique_looks"/>
    <testcase time="0.00300000000000011" classname="ocPostprob" name="h_get_looks_together_with_h_get_distance_always_gives_unique_looks"/>
    <testcase time="0.00199999999999978" classname="ocPostprob" name="h_get_looks_together_with_h_get_distance_always_gives_unique_looks"/>
    <testcase time="0.00300000000000011" classname="ocPostprob" name="h_get_looks_together_with_h_get_distance_always_gives_unique_looks"/>
    <testcase time="0.00199999999999978" classname="ocPostprob" name="h_get_looks_together_with_h_get_distance_always_gives_unique_looks"/>
    <testcase time="0.00300000000000011" classname="ocPostprob" name="h_get_looks_together_with_h_get_distance_always_gives_unique_looks"/>
    <testcase time="0.00300000000000011" classname="ocPostprob" name="h_get_looks_together_with_h_get_distance_always_gives_unique_looks"/>
    <testcase time="0.00499999999999989" classname="ocPostprob" name="h_get_looks_together_with_h_get_distance_always_gives_unique_looks"/>
    <testcase time="0.00200000000000022" classname="ocPostprob" name="h_get_looks_together_with_h_get_distance_always_gives_unique_looks"/>
    <testcase time="0.00299999999999967" classname="ocPostprob" name="h_get_looks_together_with_h_get_distance_always_gives_unique_looks"/>
    <testcase time="0.00300000000000011" classname="ocPostprob" name="h_get_looks_together_with_h_get_distance_always_gives_unique_looks"/>
    <testcase time="0.00200000000000022" classname="ocPostprob" name="h_get_looks_together_with_h_get_distance_always_gives_unique_looks"/>
    <testcase time="0.00299999999999967" classname="ocPostprob" name="h_get_looks_together_with_h_get_distance_always_gives_unique_looks"/>
    <testcase time="0.00300000000000011" classname="ocPostprob" name="h_get_looks_together_with_h_get_distance_always_gives_unique_looks"/>
    <testcase time="0.00200000000000022" classname="ocPostprob" name="h_get_looks_together_with_h_get_distance_always_gives_unique_looks"/>
    <testcase time="0.00299999999999967" classname="ocPostprob" name="h_get_looks_together_with_h_get_distance_always_gives_unique_looks"/>
    <testcase time="0.00200000000000022" classname="ocPostprob" name="h_get_looks_together_with_h_get_distance_always_gives_unique_looks"/>
    <testcase time="0.00300000000000011" classname="ocPostprob" name="h_get_looks_together_with_h_get_distance_always_gives_unique_looks"/>
    <testcase time="0.00299999999999967" classname="ocPostprob" name="h_get_looks_together_with_h_get_distance_always_gives_unique_looks"/>
    <testcase time="0.00200000000000022" classname="ocPostprob" name="h_get_looks_together_with_h_get_distance_always_gives_unique_looks"/>
    <testcase time="0.00599999999999978" classname="ocPostprob" name="h_get_looks_together_with_h_get_distance_always_gives_unique_looks"/>
    <testcase time="0.00200000000000022" classname="ocPostprob" name="h_get_looks_together_with_h_get_distance_always_gives_unique_looks"/>
    <testcase time="0.00300000000000011" classname="ocPostprob" name="h_get_looks_together_with_h_get_distance_always_gives_unique_looks"/>
    <testcase time="0.00299999999999967" classname="ocPostprob" name="h_get_looks_together_with_h_get_distance_always_gives_unique_looks"/>
    <testcase time="0.00200000000000022" classname="ocPostprob" name="h_get_looks_together_with_h_get_distance_always_gives_unique_looks"/>
    <testcase time="0.00300000000000011" classname="ocPostprob" name="h_get_looks_together_with_h_get_distance_always_gives_unique_looks"/>
    <testcase time="0.00299999999999967" classname="ocPostprob" name="h_get_looks_together_with_h_get_distance_always_gives_unique_looks"/>
    <testcase time="0.00200000000000022" classname="ocPostprob" name="h_get_looks_together_with_h_get_distance_always_gives_unique_looks"/>
    <testcase time="0.00299999999999967" classname="ocPostprob" name="h_get_looks_together_with_h_get_distance_always_gives_unique_looks"/>
    <testcase time="0.00300000000000011" classname="ocPostprob" name="h_get_looks_together_with_h_get_distance_always_gives_unique_looks"/>
    <testcase time="0.00200000000000022" classname="ocPostprob" name="h_get_looks_together_with_h_get_distance_always_gives_unique_looks"/>
    <testcase time="0.00299999999999967" classname="ocPostprob" name="h_get_looks_together_with_h_get_distance_always_gives_unique_looks"/>
    <testcase time="0.00600000000000023" classname="ocPostprob" name="h_get_looks_together_with_h_get_distance_always_gives_unique_looks"/>
    <testcase time="0.00199999999999978" classname="ocPostprob" name="h_get_looks_together_with_h_get_distance_always_gives_unique_looks"/>
    <testcase time="0.00300000000000011" classname="ocPostprob" name="h_get_looks_together_with_h_get_distance_always_gives_unique_looks"/>
    <testcase time="0.00300000000000011" classname="ocPostprob" name="h_get_looks_together_with_h_get_distance_always_gives_unique_looks"/>
    <testcase time="0.00199999999999978" classname="ocPostprob" name="h_get_looks_together_with_h_get_distance_always_gives_unique_looks"/>
    <testcase time="0.00300000000000011" classname="ocPostprob" name="h_get_looks_together_with_h_get_distance_always_gives_unique_looks"/>
    <testcase time="0.00300000000000011" classname="ocPostprob" name="h_get_looks_together_with_h_get_distance_always_gives_unique_looks"/>
    <testcase time="0.00300000000000011" classname="ocPostprob" name="h_get_looks_together_with_h_get_distance_always_gives_unique_looks"/>
    <testcase time="0.00199999999999978" classname="ocPostprob" name="h_get_looks_together_with_h_get_distance_always_gives_unique_looks"/>
    <testcase time="0.00300000000000011" classname="ocPostprob" name="h_get_looks_together_with_h_get_distance_always_gives_unique_looks"/>
    <testcase time="0.00300000000000011" classname="ocPostprob" name="h_get_looks_together_with_h_get_distance_always_gives_unique_looks"/>
    <testcase time="0.00199999999999978" classname="ocPostprob" name="h_get_looks_together_with_h_get_distance_always_gives_unique_looks"/>
    <testcase time="0.00600000000000023" classname="ocPostprob" name="h_get_looks_together_with_h_get_distance_always_gives_unique_looks"/>
    <testcase time="0.00299999999999967" classname="ocPostprob" name="h_get_looks_together_with_h_get_distance_always_gives_unique_looks"/>
    <testcase time="0.00300000000000011" classname="ocPostprob" name="h_get_looks_together_with_h_get_distance_always_gives_unique_looks"/>
    <testcase time="0.00300000000000011" classname="ocPostprob" name="h_get_looks_together_with_h_get_distance_always_gives_unique_looks"/>
    <testcase time="0.00199999999999978" classname="ocPostprob" name="h_get_looks_together_with_h_get_distance_always_gives_unique_looks"/>
    <testcase time="0.00300000000000011" classname="ocPostprob" name="h_get_looks_together_with_h_get_distance_always_gives_unique_looks"/>
    <testcase time="0.00300000000000011" classname="ocPostprob" name="h_get_looks_together_with_h_get_distance_always_gives_unique_looks"/>
    <testcase time="0.00300000000000011" classname="ocPostprob" name="h_get_looks_together_with_h_get_distance_always_gives_unique_looks"/>
    <testcase time="0.00199999999999978" classname="ocPostprob" name="h_get_looks_together_with_h_get_distance_always_gives_unique_looks"/>
    <testcase time="0.00300000000000011" classname="ocPostprob" name="h_get_looks_together_with_h_get_distance_always_gives_unique_looks"/>
    <testcase time="0.00300000000000011" classname="ocPostprob" name="h_get_looks_together_with_h_get_distance_always_gives_unique_looks"/>
    <testcase time="0.00299999999999967" classname="ocPostprob" name="h_get_looks_together_with_h_get_distance_always_gives_unique_looks"/>
    <testcase time="0.00500000000000034" classname="ocPostprob" name="h_get_looks_together_with_h_get_distance_always_gives_unique_looks"/>
    <testcase time="0.00299999999999967" classname="ocPostprob" name="h_get_looks_together_with_h_get_distance_always_gives_unique_looks"/>
    <testcase time="0.00300000000000011" classname="ocPostprob" name="h_get_looks_together_with_h_get_distance_always_gives_unique_looks"/>
    <testcase time="0.00200000000000022" classname="ocPostprob" name="h_get_looks_together_with_h_get_distance_always_gives_unique_looks"/>
    <testcase time="0.00299999999999967" classname="ocPostprob" name="h_get_looks_together_with_h_get_distance_always_gives_unique_looks"/>
    <testcase time="0.00300000000000011" classname="ocPostprob" name="h_get_looks_together_with_h_get_distance_always_gives_unique_looks"/>
    <testcase time="0.00300000000000011" classname="ocPostprob" name="h_get_looks_together_with_h_get_distance_always_gives_unique_looks"/>
    <testcase time="0.00199999999999978" classname="ocPostprob" name="h_get_looks_together_with_h_get_distance_always_gives_unique_looks"/>
    <testcase time="0.00300000000000011" classname="ocPostprob" name="h_get_looks_together_with_h_get_distance_always_gives_unique_looks"/>
    <testcase time="0.00300000000000011" classname="ocPostprob" name="h_get_looks_together_with_h_get_distance_always_gives_unique_looks"/>
    <testcase time="0.00300000000000011" classname="ocPostprob" name="h_get_looks_together_with_h_get_distance_always_gives_unique_looks"/>
    <testcase time="0.00499999999999989" classname="ocPostprob" name="h_get_looks_together_with_h_get_distance_always_gives_unique_looks"/>
    <testcase time="0.00300000000000011" classname="ocPostprob" name="h_get_looks_together_with_h_get_distance_always_gives_unique_looks"/>
    <testcase time="0.00299999999999967" classname="ocPostprob" name="h_get_looks_together_with_h_get_distance_always_gives_unique_looks"/>
    <testcase time="0.00300000000000011" classname="ocPostprob" name="h_get_looks_together_with_h_get_distance_always_gives_unique_looks"/>
    <testcase time="0.00199999999999978" classname="ocPostprob" name="h_get_looks_together_with_h_get_distance_always_gives_unique_looks"/>
    <testcase time="0.00199999999999978" classname="ocPostprob" name="h_get_looks_together_with_h_get_distance_always_gives_unique_looks"/>
    <testcase time="0.00300000000000011" classname="ocPostprob" name="h_get_looks_together_with_h_get_distance_always_gives_unique_looks"/>
    <testcase time="0.00300000000000011" classname="ocPostprob" name="h_get_looks_together_with_h_get_distance_always_gives_unique_looks"/>
    <testcase time="0.00299999999999967" classname="ocPostprob" name="h_get_looks_together_with_h_get_distance_always_gives_unique_looks"/>
    <testcase time="0.00300000000000011" classname="ocPostprob" name="h_get_looks_together_with_h_get_distance_always_gives_unique_looks"/>
    <testcase time="0.00200000000000022" classname="ocPostprob" name="h_get_looks_together_with_h_get_distance_always_gives_unique_looks"/>
    <testcase time="0.00599999999999978" classname="ocPostprob" name="h_get_looks_together_with_h_get_distance_always_gives_unique_looks"/>
    <testcase time="0.00300000000000011" classname="ocPostprob" name="h_get_looks_together_with_h_get_distance_always_gives_unique_looks"/>
    <testcase time="0.00300000000000011" classname="ocPostprob" name="h_get_looks_together_with_h_get_distance_always_gives_unique_looks"/>
    <testcase time="0.00299999999999967" classname="ocPostprob" name="h_get_looks_together_with_h_get_distance_always_gives_unique_looks"/>
    <testcase time="0.00300000000000011" classname="ocPostprob" name="h_get_looks_together_with_h_get_distance_always_gives_unique_looks"/>
    <testcase time="0.00300000000000011" classname="ocPostprob" name="h_get_looks_together_with_h_get_distance_always_gives_unique_looks"/>
    <testcase time="0.00300000000000011" classname="ocPostprob" name="h_get_looks_together_with_h_get_distance_always_gives_unique_looks"/>
    <testcase time="0.00299999999999967" classname="ocPostprob" name="h_get_looks_together_with_h_get_distance_always_gives_unique_looks"/>
    <testcase time="0.00300000000000011" classname="ocPostprob" name="h_get_looks_together_with_h_get_distance_always_gives_unique_looks"/>
    <testcase time="0.00300000000000011" classname="ocPostprob" name="h_get_looks_together_with_h_get_distance_always_gives_unique_looks"/>
    <testcase time="0.00300000000000011" classname="ocPostprob" name="h_get_looks_together_with_h_get_distance_always_gives_unique_looks"/>
    <testcase time="0.00499999999999989" classname="ocPostprob" name="h_get_looks_together_with_h_get_distance_always_gives_unique_looks"/>
    <testcase time="0.004" classname="ocPostprob" name="h_get_looks_together_with_h_get_distance_always_gives_unique_looks"/>
    <testcase time="0.00300000000000011" classname="ocPostprob" name="h_get_looks_together_with_h_get_distance_always_gives_unique_looks"/>
    <testcase time="0.00199999999999978" classname="ocPostprob" name="h_get_looks_together_with_h_get_distance_always_gives_unique_looks"/>
    <testcase time="0.00300000000000011" classname="ocPostprob" name="h_get_looks_together_with_h_get_distance_always_gives_unique_looks"/>
    <testcase time="0.00300000000000011" classname="ocPostprob" name="h_get_looks_together_with_h_get_distance_always_gives_unique_looks"/>
    <testcase time="0.00299999999999967" classname="ocPostprob" name="h_get_looks_together_with_h_get_distance_always_gives_unique_looks"/>
    <testcase time="0.00300000000000011" classname="ocPostprob" name="h_get_looks_together_with_h_get_distance_always_gives_unique_looks"/>
    <testcase time="0.00300000000000011" classname="ocPostprob" name="h_get_looks_together_with_h_get_distance_always_gives_unique_looks"/>
    <testcase time="0.00300000000000011" classname="ocPostprob" name="h_get_looks_together_with_h_get_distance_always_gives_unique_looks"/>
    <testcase time="0.00299999999999967" classname="ocPostprob" name="h_get_looks_together_with_h_get_distance_always_gives_unique_looks"/>
    <testcase time="0.00500000000000034" classname="ocPostprob" name="h_get_looks_together_with_h_get_distance_always_gives_unique_looks"/>
    <testcase time="0.00299999999999967" classname="ocPostprob" name="h_get_looks_together_with_h_get_distance_always_gives_unique_looks"/>
    <testcase time="0.00300000000000011" classname="ocPostprob" name="h_get_looks_together_with_h_get_distance_always_gives_unique_looks"/>
    <testcase time="0.00300000000000011" classname="ocPostprob" name="h_get_looks_together_with_h_get_distance_always_gives_unique_looks"/>
    <testcase time="0.00300000000000011" classname="ocPostprob" name="h_get_looks_together_with_h_get_distance_always_gives_unique_looks"/>
    <testcase time="0.00299999999999967" classname="ocPostprob" name="h_get_looks_together_with_h_get_distance_always_gives_unique_looks"/>
    <testcase time="0.00300000000000011" classname="ocPostprob" name="h_get_looks_together_with_h_get_distance_always_gives_unique_looks"/>
    <testcase time="0.00300000000000011" classname="ocPostprob" name="h_get_looks_together_with_h_get_distance_always_gives_unique_looks"/>
    <testcase time="0.00300000000000011" classname="ocPostprob" name="h_get_looks_together_with_h_get_distance_always_gives_unique_looks"/>
    <testcase time="0.00299999999999967" classname="ocPostprob" name="h_get_looks_together_with_h_get_distance_always_gives_unique_looks"/>
    <testcase time="0.00499999999999989" classname="ocPostprob" name="h_get_looks_together_with_h_get_distance_always_gives_unique_looks"/>
    <testcase time="0.00300000000000011" classname="ocPostprob" name="h_get_looks_together_with_h_get_distance_always_gives_unique_looks"/>
    <testcase time="0.00300000000000011" classname="ocPostprob" name="h_get_looks_together_with_h_get_distance_always_gives_unique_looks"/>
    <testcase time="0.00300000000000011" classname="ocPostprob" name="h_get_looks_together_with_h_get_distance_always_gives_unique_looks"/>
    <testcase time="0.00299999999999967" classname="ocPostprob" name="h_get_looks_together_with_h_get_distance_always_gives_unique_looks"/>
    <testcase time="0.00300000000000011" classname="ocPostprob" name="h_get_looks_together_with_h_get_distance_always_gives_unique_looks"/>
    <testcase time="0.00300000000000011" classname="ocPostprob" name="h_get_looks_together_with_h_get_distance_always_gives_unique_looks"/>
    <testcase time="0.00300000000000011" classname="ocPostprob" name="h_get_looks_together_with_h_get_distance_always_gives_unique_looks"/>
    <testcase time="0.00299999999999967" classname="ocPostprob" name="h_get_looks_together_with_h_get_distance_always_gives_unique_looks"/>
    <testcase time="0.004" classname="ocPostprob" name="h_get_looks_together_with_h_get_distance_always_gives_unique_looks"/>
    <testcase time="0.00500000000000034" classname="ocPostprob" name="h_get_looks_together_with_h_get_distance_always_gives_unique_looks"/>
    <testcase time="0.00599999999999978" classname="ocPostprob" name="h_get_looks_together_with_h_get_distance_always_gives_unique_looks"/>
    <testcase time="0.00300000000000011" classname="ocPostprob" name="h_get_looks_together_with_h_get_distance_always_gives_unique_looks"/>
    <testcase time="0.00300000000000011" classname="ocPostprob" name="h_get_looks_together_with_h_get_distance_always_gives_unique_looks"/>
    <testcase time="0.00299999999999967" classname="ocPostprob" name="h_get_looks_together_with_h_get_distance_always_gives_unique_looks"/>
    <testcase time="0.00300000000000011" classname="ocPostprob" name="h_get_looks_together_with_h_get_distance_always_gives_unique_looks"/>
    <testcase time="0.00300000000000011" classname="ocPostprob" name="h_get_looks_together_with_h_get_distance_always_gives_unique_looks"/>
    <testcase time="0.00300000000000011" classname="ocPostprob" name="h_get_looks_together_with_h_get_distance_always_gives_unique_looks"/>
    <testcase time="0.00299999999999967" classname="ocPostprob" name="h_get_looks_together_with_h_get_distance_always_gives_unique_looks"/>
    <testcase time="0.00300000000000011" classname="ocPostprob" name="h_get_looks_together_with_h_get_distance_always_gives_unique_looks"/>
    <testcase time="0.00300000000000011" classname="ocPostprob" name="h_get_looks_together_with_h_get_distance_always_gives_unique_looks"/>
    <testcase time="0.00599999999999978" classname="ocPostprob" name="h_get_looks_together_with_h_get_distance_always_gives_unique_looks"/>
    <testcase time="0.00300000000000011" classname="ocPostprob" name="h_get_looks_together_with_h_get_distance_always_gives_unique_looks"/>
    <testcase time="0.00300000000000011" classname="ocPostprob" name="h_get_looks_together_with_h_get_distance_always_gives_unique_looks"/>
    <testcase time="0.00300000000000011" classname="ocPostprob" name="h_get_looks_together_with_h_get_distance_always_gives_unique_looks"/>
    <testcase time="0.00299999999999967" classname="ocPostprob" name="h_get_looks_together_with_h_get_distance_always_gives_unique_looks"/>
    <testcase time="0.00300000000000011" classname="ocPostprob" name="h_get_looks_together_with_h_get_distance_always_gives_unique_looks"/>
    <testcase time="0.00300000000000011" classname="ocPostprob" name="h_get_looks_together_with_h_get_distance_always_gives_unique_looks"/>
    <testcase time="0.00300000000000011" classname="ocPostprob" name="h_get_looks_together_with_h_get_distance_always_gives_unique_looks"/>
    <testcase time="0.00299999999999967" classname="ocPostprob" name="h_get_looks_together_with_h_get_distance_always_gives_unique_looks"/>
    <testcase time="0.00300000000000011" classname="ocPostprob" name="h_get_looks_together_with_h_get_distance_always_gives_unique_looks"/>
    <testcase time="0.00600000000000023" classname="ocPostprob" name="h_get_looks_together_with_h_get_distance_always_gives_unique_looks"/>
    <testcase time="0.00299999999999967" classname="ocPostprob" name="h_get_looks_together_with_h_get_distance_always_gives_unique_looks"/>
    <testcase time="0.00300000000000011" classname="ocPostprob" name="h_get_looks_together_with_h_get_distance_always_gives_unique_looks"/>
    <testcase time="0.00300000000000011" classname="ocPostprob" name="h_get_looks_together_with_h_get_distance_always_gives_unique_looks"/>
    <testcase time="0.00300000000000011" classname="ocPostprob" name="h_get_looks_together_with_h_get_distance_always_gives_unique_looks"/>
    <testcase time="0.00299999999999967" classname="ocPostprob" name="h_get_looks_together_with_h_get_distance_always_gives_unique_looks"/>
    <testcase time="0.00300000000000011" classname="ocPostprob" name="h_get_looks_together_with_h_get_distance_always_gives_unique_looks"/>
    <testcase time="0.004" classname="ocPostprob" name="h_get_looks_together_with_h_get_distance_always_gives_unique_looks"/>
    <testcase time="0.00300000000000011" classname="ocPostprob" name="h_get_looks_together_with_h_get_distance_always_gives_unique_looks"/>
    <testcase time="0.00699999999999967" classname="ocPostprob" name="h_get_looks_together_with_h_get_distance_always_gives_unique_looks"/>
    <testcase time="0.00300000000000011" classname="ocPostprob" name="h_get_looks_together_with_h_get_distance_always_gives_unique_looks"/>
    <testcase time="0.00300000000000011" classname="ocPostprob" name="h_get_looks_together_with_h_get_distance_always_gives_unique_looks"/>
    <testcase time="0.00300000000000011" classname="ocPostprob" name="h_get_looks_together_with_h_get_distance_always_gives_unique_looks"/>
    <testcase time="0.00299999999999967" classname="ocPostprob" name="h_get_looks_together_with_h_get_distance_always_gives_unique_looks"/>
    <testcase time="0.00299999999999967" classname="ocPostprob" name="h_get_looks_together_with_h_get_distance_always_gives_unique_looks"/>
    <testcase time="0.00300000000000011" classname="ocPostprob" name="h_get_looks_together_with_h_get_distance_always_gives_unique_looks"/>
    <testcase time="0.00300000000000011" classname="ocPostprob" name="h_get_looks_together_with_h_get_distance_always_gives_unique_looks"/>
    <testcase time="0.00300000000000011" classname="ocPostprob" name="h_get_looks_together_with_h_get_distance_always_gives_unique_looks"/>
    <testcase time="0.00299999999999967" classname="ocPostprob" name="h_get_looks_together_with_h_get_distance_always_gives_unique_looks"/>
    <testcase time="0.00300000000000011" classname="ocPostprob" name="h_get_looks_together_with_h_get_distance_always_gives_unique_looks"/>
    <testcase time="0.00600000000000023" classname="ocPostprob" name="h_get_looks_together_with_h_get_distance_always_gives_unique_looks"/>
    <testcase time="0.004" classname="ocPostprob" name="h_get_looks_together_with_h_get_distance_always_gives_unique_looks"/>
    <testcase time="0.00299999999999967" classname="ocPostprob" name="h_get_looks_together_with_h_get_distance_always_gives_unique_looks"/>
    <testcase time="0.00300000000000011" classname="ocPostprob" name="h_get_looks_together_with_h_get_distance_always_gives_unique_looks"/>
    <testcase time="0.00300000000000011" classname="ocPostprob" name="h_get_looks_together_with_h_get_distance_always_gives_unique_looks"/>
    <testcase time="0.00300000000000011" classname="ocPostprob" name="h_get_looks_together_with_h_get_distance_always_gives_unique_looks"/>
    <testcase time="0.00299999999999967" classname="ocPostprob" name="h_get_looks_together_with_h_get_distance_always_gives_unique_looks"/>
    <testcase time="0.004" classname="ocPostprob" name="h_get_looks_together_with_h_get_distance_always_gives_unique_looks"/>
    <testcase time="0.00300000000000011" classname="ocPostprob" name="h_get_looks_together_with_h_get_distance_always_gives_unique_looks"/>
    <testcase time="0.00300000000000011" classname="ocPostprob" name="h_get_looks_together_with_h_get_distance_always_gives_unique_looks"/>
    <testcase time="0.00599999999999978" classname="ocPostprob" name="h_get_looks_together_with_h_get_distance_always_gives_unique_looks"/>
    <testcase time="0.00300000000000011" classname="ocPostprob" name="h_get_looks_together_with_h_get_distance_always_gives_unique_looks"/>
    <testcase time="0.004" classname="ocPostprob" name="h_get_looks_together_with_h_get_distance_always_gives_unique_looks"/>
    <testcase time="0.00300000000000011" classname="ocPostprob" name="h_get_looks_together_with_h_get_distance_always_gives_unique_looks"/>
    <testcase time="0.00300000000000011" classname="ocPostprob" name="h_get_looks_together_with_h_get_distance_always_gives_unique_looks"/>
    <testcase time="0.00299999999999967" classname="ocPostprob" name="h_get_looks_together_with_h_get_distance_always_gives_unique_looks"/>
    <testcase time="0.00300000000000011" classname="ocPostprob" name="h_get_looks_together_with_h_get_distance_always_gives_unique_looks"/>
    <testcase time="0.00300000000000011" classname="ocPostprob" name="h_get_looks_together_with_h_get_distance_always_gives_unique_looks"/>
    <testcase time="0.004" classname="ocPostprob" name="h_get_looks_together_with_h_get_distance_always_gives_unique_looks"/>
    <testcase time="0.00300000000000011" classname="ocPostprob" name="h_get_looks_together_with_h_get_distance_always_gives_unique_looks"/>
    <testcase time="0.00599999999999978" classname="ocPostprob" name="h_get_looks_together_with_h_get_distance_always_gives_unique_looks"/>
    <testcase time="0.00300000000000011" classname="ocPostprob" name="h_get_looks_together_with_h_get_distance_always_gives_unique_looks"/>
    <testcase time="0.00300000000000011" classname="ocPostprob" name="h_get_looks_together_with_h_get_distance_always_gives_unique_looks"/>
    <testcase time="0.004" classname="ocPostprob" name="h_get_looks_together_with_h_get_distance_always_gives_unique_looks"/>
    <testcase time="0.00299999999999967" classname="ocPostprob" name="h_get_looks_together_with_h_get_distance_always_gives_unique_looks"/>
    <testcase time="0.00300000000000011" classname="ocPostprob" name="h_get_looks_together_with_h_get_distance_always_gives_unique_looks"/>
    <testcase time="0.00300000000000011" classname="ocPostprob" name="h_get_looks_together_with_h_get_distance_always_gives_unique_looks"/>
    <testcase time="0.004" classname="ocPostprob" name="h_get_looks_together_with_h_get_distance_always_gives_unique_looks"/>
    <testcase time="0.00299999999999967" classname="ocPostprob" name="h_get_looks_together_with_h_get_distance_always_gives_unique_looks"/>
    <testcase time="0.00300000000000011" classname="ocPostprob" name="h_get_looks_together_with_h_get_distance_always_gives_unique_looks"/>
    <testcase time="0.00600000000000023" classname="ocPostprob" name="h_get_looks_together_with_h_get_distance_always_gives_unique_looks"/>
    <testcase time="0.004" classname="ocPostprob" name="h_get_looks_together_with_h_get_distance_always_gives_unique_looks"/>
    <testcase time="0.00299999999999967" classname="ocPostprob" name="h_get_looks_together_with_h_get_distance_always_gives_unique_looks"/>
    <testcase time="0.00300000000000011" classname="ocPostprob" name="h_get_looks_together_with_h_get_distance_always_gives_unique_looks"/>
    <testcase time="0.004" classname="ocPostprob" name="h_get_looks_together_with_h_get_distance_always_gives_unique_looks"/>
    <testcase time="0.00300000000000011" classname="ocPostprob" name="h_get_looks_together_with_h_get_distance_always_gives_unique_looks"/>
    <testcase time="0.00300000000000011" classname="ocPostprob" name="h_get_looks_together_with_h_get_distance_always_gives_unique_looks"/>
    <testcase time="0.00299999999999967" classname="ocPostprob" name="h_get_looks_together_with_h_get_distance_always_gives_unique_looks"/>
    <testcase time="0.004" classname="ocPostprob" name="h_get_looks_together_with_h_get_distance_always_gives_unique_looks"/>
    <testcase time="0.00500000000000034" classname="ocPostprob" name="h_get_looks_together_with_h_get_distance_always_gives_unique_looks"/>
    <testcase time="0.004" classname="ocPostprob" name="h_get_looks_together_with_h_get_distance_always_gives_unique_looks"/>
    <testcase time="0.00299999999999967" classname="ocPostprob" name="h_get_looks_together_with_h_get_distance_always_gives_unique_looks"/>
    <testcase time="0.004" classname="ocPostprob" name="h_get_looks_together_with_h_get_distance_always_gives_unique_looks"/>
    <testcase time="0.00300000000000011" classname="ocPostprob" name="h_get_looks_together_with_h_get_distance_always_gives_unique_looks"/>
    <testcase time="0.004" classname="ocPostprob" name="h_get_looks_together_with_h_get_distance_always_gives_unique_looks"/>
    <testcase time="0.00300000000000011" classname="ocPostprob" name="h_get_looks_together_with_h_get_distance_always_gives_unique_looks"/>
    <testcase time="0.00300000000000011" classname="ocPostprob" name="h_get_looks_together_with_h_get_distance_always_gives_unique_looks"/>
    <testcase time="0.004" classname="ocPostprob" name="h_get_looks_together_with_h_get_distance_always_gives_unique_looks"/>
    <testcase time="0.00299999999999967" classname="ocPostprob" name="h_get_looks_together_with_h_get_distance_always_gives_unique_looks"/>
    <testcase time="0.00600000000000023" classname="ocPostprob" name="h_get_looks_together_with_h_get_distance_always_gives_unique_looks"/>
    <testcase time="0.004" classname="ocPostprob" name="h_get_looks_together_with_h_get_distance_always_gives_unique_looks"/>
    <testcase time="0.00300000000000011" classname="ocPostprob" name="h_get_looks_together_with_h_get_distance_always_gives_unique_looks"/>
    <testcase time="0.004" classname="ocPostprob" name="h_get_looks_together_with_h_get_distance_always_gives_unique_looks"/>
    <testcase time="0.00299999999999967" classname="ocPostprob" name="h_get_looks_together_with_h_get_distance_always_gives_unique_looks"/>
    <testcase time="0.00300000000000011" classname="ocPostprob" name="h_get_looks_together_with_h_get_distance_always_gives_unique_looks"/>
    <testcase time="0.004" classname="ocPostprob" name="h_get_looks_together_with_h_get_distance_always_gives_unique_looks"/>
    <testcase time="0.00300000000000011" classname="ocPostprob" name="h_get_looks_together_with_h_get_distance_always_gives_unique_looks"/>
    <testcase time="0.00300000000000011" classname="ocPostprob" name="h_get_looks_together_with_h_get_distance_always_gives_unique_looks"/>
    <testcase time="0.00499999999999989" classname="ocPostprob" name="h_get_looks_together_with_h_get_distance_always_gives_unique_looks"/>
    <testcase time="0.004" classname="ocPostprob" name="h_get_looks_together_with_h_get_distance_always_gives_unique_looks"/>
    <testcase time="0.004" classname="ocPostprob" name="h_get_looks_together_with_h_get_distance_always_gives_unique_looks"/>
    <testcase time="0.00300000000000011" classname="ocPostprob" name="h_get_looks_together_with_h_get_distance_always_gives_unique_looks"/>
    <testcase time="0.00299999999999967" classname="ocPostprob" name="h_get_looks_together_with_h_get_distance_always_gives_unique_looks"/>
    <testcase time="0.004" classname="ocPostprob" name="h_get_looks_together_with_h_get_distance_always_gives_unique_looks"/>
    <testcase time="0.00300000000000011" classname="ocPostprob" name="h_get_looks_together_with_h_get_distance_always_gives_unique_looks"/>
    <testcase time="0.004" classname="ocPostprob" name="h_get_looks_together_with_h_get_distance_always_gives_unique_looks"/>
    <testcase time="0.00300000000000011" classname="ocPostprob" name="h_get_looks_together_with_h_get_distance_always_gives_unique_looks"/>
    <testcase time="0.00599999999999978" classname="ocPostprob" name="h_get_looks_together_with_h_get_distance_always_gives_unique_looks"/>
    <testcase time="0.004" classname="ocPostprob" name="h_get_looks_together_with_h_get_distance_always_gives_unique_looks"/>
    <testcase time="0.00300000000000011" classname="ocPostprob" name="h_get_looks_together_with_h_get_distance_always_gives_unique_looks"/>
    <testcase time="0.004" classname="ocPostprob" name="h_get_looks_together_with_h_get_distance_always_gives_unique_looks"/>
    <testcase time="0.00300000000000011" classname="ocPostprob" name="h_get_looks_together_with_h_get_distance_always_gives_unique_looks"/>
    <testcase time="0.00300000000000011" classname="ocPostprob" name="h_get_looks_together_with_h_get_distance_always_gives_unique_looks"/>
    <testcase time="0.004" classname="ocPostprob" name="h_get_looks_together_with_h_get_distance_always_gives_unique_looks"/>
    <testcase time="0.00299999999999967" classname="ocPostprob" name="h_get_looks_together_with_h_get_distance_always_gives_unique_looks"/>
    <testcase time="0.004" classname="ocPostprob" name="h_get_looks_together_with_h_get_distance_always_gives_unique_looks"/>
    <testcase time="0.00600000000000023" classname="ocPostprob" name="h_get_looks_together_with_h_get_distance_always_gives_unique_looks"/>
    <testcase time="0.004" classname="ocPostprob" name="h_get_looks_together_with_h_get_distance_always_gives_unique_looks"/>
    <testcase time="0.00300000000000011" classname="ocPostprob" name="h_get_looks_together_with_h_get_distance_always_gives_unique_looks"/>
    <testcase time="0.004" classname="ocPostprob" name="h_get_looks_together_with_h_get_distance_always_gives_unique_looks"/>
    <testcase time="0.00299999999999967" classname="ocPostprob" name="h_get_looks_together_with_h_get_distance_always_gives_unique_looks"/>
    <testcase time="0.00300000000000011" classname="ocPostprob" name="h_get_looks_together_with_h_get_distance_always_gives_unique_looks"/>
    <testcase time="0.004" classname="ocPostprob" name="h_get_looks_together_with_h_get_distance_always_gives_unique_looks"/>
    <testcase time="0.00300000000000011" classname="ocPostprob" name="h_get_looks_together_with_h_get_distance_always_gives_unique_looks"/>
    <testcase time="0.004" classname="ocPostprob" name="h_get_looks_together_with_h_get_distance_always_gives_unique_looks"/>
    <testcase time="0.00599999999999978" classname="ocPostprob" name="h_get_looks_together_with_h_get_distance_always_gives_unique_looks"/>
    <testcase time="0.004" classname="ocPostprob" name="h_get_looks_together_with_h_get_distance_always_gives_unique_looks"/>
    <testcase time="0.00300000000000011" classname="ocPostprob" name="h_get_looks_together_with_h_get_distance_always_gives_unique_looks"/>
    <testcase time="0.004" classname="ocPostprob" name="h_get_looks_together_with_h_get_distance_always_gives_unique_looks"/>
    <testcase time="0.00300000000000011" classname="ocPostprob" name="h_get_looks_together_with_h_get_distance_always_gives_unique_looks"/>
    <testcase time="0.004" classname="ocPostprob" name="h_get_looks_together_with_h_get_distance_always_gives_unique_looks"/>
    <testcase time="0.00300000000000011" classname="ocPostprob" name="h_get_looks_together_with_h_get_distance_always_gives_unique_looks"/>
    <testcase time="0.004" classname="ocPostprob" name="h_get_looks_together_with_h_get_distance_always_gives_unique_looks"/>
    <testcase time="0.00499999999999989" classname="ocPostprob" name="h_get_looks_together_with_h_get_distance_always_gives_unique_looks"/>
    <testcase time="0.00499999999999989" classname="ocPostprob" name="h_get_looks_together_with_h_get_distance_always_gives_unique_looks"/>
    <testcase time="0.00300000000000011" classname="ocPostprob" name="h_get_looks_together_with_h_get_distance_always_gives_unique_looks"/>
    <testcase time="0.004" classname="ocPostprob" name="h_get_looks_together_with_h_get_distance_always_gives_unique_looks"/>
    <testcase time="0.00299999999999967" classname="ocPostprob" name="h_get_looks_together_with_h_get_distance_always_gives_unique_looks"/>
    <testcase time="0.004" classname="ocPostprob" name="h_get_looks_together_with_h_get_distance_always_gives_unique_looks"/>
    <testcase time="0.00300000000000011" classname="ocPostprob" name="h_get_looks_together_with_h_get_distance_always_gives_unique_looks"/>
    <testcase time="0.004" classname="ocPostprob" name="h_get_looks_together_with_h_get_distance_always_gives_unique_looks"/>
    <testcase time="0.00300000000000011" classname="ocPostprob" name="h_get_looks_together_with_h_get_distance_always_gives_unique_looks"/>
    <testcase time="0.00700000000000012" classname="ocPostprob" name="h_get_looks_together_with_h_get_distance_always_gives_unique_looks"/>
    <testcase time="0.004" classname="ocPostprob" name="h_get_looks_together_with_h_get_distance_always_gives_unique_looks"/>
    <testcase time="0.00299999999999967" classname="ocPostprob" name="h_get_looks_together_with_h_get_distance_always_gives_unique_looks"/>
    <testcase time="0.004" classname="ocPostprob" name="h_get_looks_together_with_h_get_distance_always_gives_unique_looks"/>
    <testcase time="0.00300000000000011" classname="ocPostprob" name="h_get_looks_together_with_h_get_distance_always_gives_unique_looks"/>
    <testcase time="0.004" classname="ocPostprob" name="h_get_looks_together_with_h_get_distance_always_gives_unique_looks"/>
    <testcase time="0.00300000000000011" classname="ocPostprob" name="h_get_looks_together_with_h_get_distance_always_gives_unique_looks"/>
    <testcase time="0.004" classname="ocPostprob" name="h_get_looks_together_with_h_get_distance_always_gives_unique_looks"/>
    <testcase time="0.00599999999999978" classname="ocPostprob" name="h_get_looks_together_with_h_get_distance_always_gives_unique_looks"/>
    <testcase time="0.004" classname="ocPostprob" name="h_get_looks_together_with_h_get_distance_always_gives_unique_looks"/>
    <testcase time="0.004" classname="ocPostprob" name="h_get_looks_together_with_h_get_distance_always_gives_unique_looks"/>
    <testcase time="0.004" classname="ocPostprob" name="h_get_looks_together_with_h_get_distance_always_gives_unique_looks"/>
    <testcase time="0.00300000000000011" classname="ocPostprob" name="h_get_looks_together_with_h_get_distance_always_gives_unique_looks"/>
    <testcase time="0.004" classname="ocPostprob" name="h_get_looks_together_with_h_get_distance_always_gives_unique_looks"/>
    <testcase time="0.00300000000000011" classname="ocPostprob" name="h_get_looks_together_with_h_get_distance_always_gives_unique_looks"/>
    <testcase time="0.004" classname="ocPostprob" name="h_get_looks_together_with_h_get_distance_always_gives_unique_looks"/>
    <testcase time="0.00599999999999978" classname="ocPostprob" name="h_get_looks_together_with_h_get_distance_always_gives_unique_looks"/>
    <testcase time="0.004" classname="ocPostprob" name="h_get_looks_together_with_h_get_distance_always_gives_unique_looks"/>
    <testcase time="0.004" classname="ocPostprob" name="h_get_looks_together_with_h_get_distance_always_gives_unique_looks"/>
    <testcase time="0.00300000000000011" classname="ocPostprob" name="h_get_looks_together_with_h_get_distance_always_gives_unique_looks"/>
    <testcase time="0.004" classname="ocPostprob" name="h_get_looks_together_with_h_get_distance_always_gives_unique_looks"/>
    <testcase time="0.004" classname="ocPostprob" name="h_get_looks_together_with_h_get_distance_always_gives_unique_looks"/>
    <testcase time="0.00300000000000011" classname="ocPostprob" name="h_get_looks_together_with_h_get_distance_always_gives_unique_looks"/>
    <testcase time="0.004" classname="ocPostprob" name="h_get_looks_together_with_h_get_distance_always_gives_unique_looks"/>
    <testcase time="0.00599999999999978" classname="ocPostprob" name="h_get_looks_together_with_h_get_distance_always_gives_unique_looks"/>
    <testcase time="0.004" classname="ocPostprob" name="h_get_looks_together_with_h_get_distance_always_gives_unique_looks"/>
    <testcase time="0.004" classname="ocPostprob" name="h_get_looks_together_with_h_get_distance_always_gives_unique_looks"/>
    <testcase time="0.00300000000000011" classname="ocPostprob" name="h_get_looks_together_with_h_get_distance_always_gives_unique_looks"/>
    <testcase time="0.004" classname="ocPostprob" name="h_get_looks_together_with_h_get_distance_always_gives_unique_looks"/>
    <testcase time="0.004" classname="ocPostprob" name="h_get_looks_together_with_h_get_distance_always_gives_unique_looks"/>
    <testcase time="0.00300000000000011" classname="ocPostprob" name="h_get_looks_together_with_h_get_distance_always_gives_unique_looks"/>
    <testcase time="0.004" classname="ocPostprob" name="h_get_looks_together_with_h_get_distance_always_gives_unique_looks"/>
    <testcase time="0.00599999999999978" classname="ocPostprob" name="h_get_looks_together_with_h_get_distance_always_gives_unique_looks"/>
    <testcase time="0.004" classname="ocPostprob" name="h_get_looks_together_with_h_get_distance_always_gives_unique_looks"/>
    <testcase time="0.004" classname="ocPostprob" name="h_get_looks_together_with_h_get_distance_always_gives_unique_looks"/>
    <testcase time="0.004" classname="ocPostprob" name="h_get_looks_together_with_h_get_distance_always_gives_unique_looks"/>
    <testcase time="0.00300000000000011" classname="ocPostprob" name="h_get_looks_together_with_h_get_distance_always_gives_unique_looks"/>
    <testcase time="0.004" classname="ocPostprob" name="h_get_looks_together_with_h_get_distance_always_gives_unique_looks"/>
    <testcase time="0.004" classname="ocPostprob" name="h_get_looks_together_with_h_get_distance_always_gives_unique_looks"/>
    <testcase time="0.00300000000000011" classname="ocPostprob" name="h_get_looks_together_with_h_get_distance_always_gives_unique_looks"/>
    <testcase time="0.00699999999999967" classname="ocPostprob" name="h_get_looks_together_with_h_get_distance_always_gives_unique_looks"/>
    <testcase time="0.004" classname="ocPostprob" name="h_get_looks_together_with_h_get_distance_always_gives_unique_looks"/>
    <testcase time="0.004" classname="ocPostprob" name="h_get_looks_together_with_h_get_distance_always_gives_unique_looks"/>
    <testcase time="0.004" classname="ocPostprob" name="h_get_looks_together_with_h_get_distance_always_gives_unique_looks"/>
    <testcase time="0.00300000000000011" classname="ocPostprob" name="h_get_looks_together_with_h_get_distance_always_gives_unique_looks"/>
    <testcase time="0.004" classname="ocPostprob" name="h_get_looks_together_with_h_get_distance_always_gives_unique_looks"/>
    <testcase time="0.004" classname="ocPostprob" name="h_get_looks_together_with_h_get_distance_always_gives_unique_looks"/>
    <testcase time="0.00600000000000023" classname="ocPostprob" name="h_get_looks_together_with_h_get_distance_always_gives_unique_looks"/>
    <testcase time="0.004" classname="ocPostprob" name="h_get_looks_together_with_h_get_distance_always_gives_unique_looks"/>
    <testcase time="0.004" classname="ocPostprob" name="h_get_looks_together_with_h_get_distance_always_gives_unique_looks"/>
    <testcase time="0.004" classname="ocPostprob" name="h_get_looks_together_with_h_get_distance_always_gives_unique_looks"/>
    <testcase time="0.00299999999999967" classname="ocPostprob" name="h_get_looks_together_with_h_get_distance_always_gives_unique_looks"/>
    <testcase time="0.004" classname="ocPostprob" name="h_get_looks_together_with_h_get_distance_always_gives_unique_looks"/>
    <testcase time="0.004" classname="ocPostprob" name="h_get_looks_together_with_h_get_distance_always_gives_unique_looks"/>
    <testcase time="0.00300000000000011" classname="ocPostprob" name="h_get_looks_together_with_h_get_distance_always_gives_unique_looks"/>
    <testcase time="0.00800000000000001" classname="ocPostprob" name="h_get_looks_together_with_h_get_distance_always_gives_unique_looks"/>
    <testcase time="0.004" classname="ocPostprob" name="h_get_looks_together_with_h_get_distance_always_gives_unique_looks"/>
    <testcase time="0.004" classname="ocPostprob" name="h_get_looks_together_with_h_get_distance_always_gives_unique_looks"/>
    <testcase time="0.00300000000000011" classname="ocPostprob" name="h_get_looks_together_with_h_get_distance_always_gives_unique_looks"/>
    <testcase time="0.004" classname="ocPostprob" name="h_get_looks_together_with_h_get_distance_always_gives_unique_looks"/>
    <testcase time="0.004" classname="ocPostprob" name="h_get_looks_together_with_h_get_distance_always_gives_unique_looks"/>
    <testcase time="0.004" classname="ocPostprob" name="h_get_looks_together_with_h_get_distance_always_gives_unique_looks"/>
    <testcase time="0.00699999999999967" classname="ocPostprob" name="h_get_looks_together_with_h_get_distance_always_gives_unique_looks"/>
    <testcase time="0.004" classname="ocPostprob" name="h_get_looks_together_with_h_get_distance_always_gives_unique_looks"/>
    <testcase time="0.004" classname="ocPostprob" name="h_get_looks_together_with_h_get_distance_always_gives_unique_looks"/>
    <testcase time="0.004" classname="ocPostprob" name="h_get_looks_together_with_h_get_distance_always_gives_unique_looks"/>
    <testcase time="0.004" classname="ocPostprob" name="h_get_looks_together_with_h_get_distance_always_gives_unique_looks"/>
    <testcase time="0.00300000000000011" classname="ocPostprob" name="h_get_looks_together_with_h_get_distance_always_gives_unique_looks"/>
    <testcase time="0.004" classname="ocPostprob" name="h_get_looks_together_with_h_get_distance_always_gives_unique_looks"/>
    <testcase time="0.0110000000000001" classname="ocPostprob" name="h_get_looks_together_with_h_get_distance_always_gives_unique_looks"/>
    <testcase time="0.00499999999999989" classname="ocPostprob" name="h_get_looks_together_with_h_get_distance_always_gives_unique_looks"/>
    <testcase time="0.004" classname="ocPostprob" name="h_get_looks_together_with_h_get_distance_always_gives_unique_looks"/>
    <testcase time="0.004" classname="ocPostprob" name="h_get_looks_together_with_h_get_distance_always_gives_unique_looks"/>
    <testcase time="0.004" classname="ocPostprob" name="h_get_looks_together_with_h_get_distance_always_gives_unique_looks"/>
    <testcase time="0.00300000000000011" classname="ocPostprob" name="h_get_looks_together_with_h_get_distance_always_gives_unique_looks"/>
    <testcase time="0.004" classname="ocPostprob" name="h_get_looks_together_with_h_get_distance_always_gives_unique_looks"/>
    <testcase time="0.004" classname="ocPostprob" name="h_get_looks_together_with_h_get_distance_always_gives_unique_looks"/>
    <testcase time="0.00700000000000012" classname="ocPostprob" name="h_get_looks_together_with_h_get_distance_always_gives_unique_looks"/>
    <testcase time="0.004" classname="ocPostprob" name="h_get_looks_together_with_h_get_distance_always_gives_unique_looks"/>
    <testcase time="0.004" classname="ocPostprob" name="h_get_looks_together_with_h_get_distance_always_gives_unique_looks"/>
    <testcase time="0.004" classname="ocPostprob" name="h_get_looks_together_with_h_get_distance_always_gives_unique_looks"/>
    <testcase time="0.004" classname="ocPostprob" name="h_get_looks_together_with_h_get_distance_always_gives_unique_looks"/>
    <testcase time="0.004" classname="ocPostprob" name="h_get_looks_together_with_h_get_distance_always_gives_unique_looks"/>
    <testcase time="0.00399999999999956" classname="ocPostprob" name="h_get_looks_together_with_h_get_distance_always_gives_unique_looks"/>
    <testcase time="0.004" classname="ocPostprob" name="h_get_looks_together_with_h_get_distance_always_gives_unique_looks"/>
    <testcase time="0.00300000000000011" classname="ocPostprob" name="h_get_looks_together_with_h_get_distance_always_gives_unique_looks"/>
    <testcase time="0.00700000000000012" classname="ocPostprob" name="h_get_looks_together_with_h_get_distance_always_gives_unique_looks"/>
    <testcase time="0.004" classname="ocPostprob" name="h_get_looks_together_with_h_get_distance_always_gives_unique_looks"/>
    <testcase time="0.004" classname="ocPostprob" name="h_get_looks_together_with_h_get_distance_always_gives_unique_looks"/>
    <testcase time="0.004" classname="ocPostprob" name="h_get_looks_together_with_h_get_distance_always_gives_unique_looks"/>
    <testcase time="0.004" classname="ocPostprob" name="h_get_looks_together_with_h_get_distance_always_gives_unique_looks"/>
    <testcase time="0.004" classname="ocPostprob" name="h_get_looks_together_with_h_get_distance_always_gives_unique_looks"/>
    <testcase time="0.004" classname="ocPostprob" name="h_get_looks_together_with_h_get_distance_always_gives_unique_looks"/>
    <testcase time="0.004" classname="ocPostprob" name="h_get_looks_together_with_h_get_distance_always_gives_unique_looks"/>
    <testcase time="0.00700000000000012" classname="ocPostprob" name="h_get_looks_together_with_h_get_distance_always_gives_unique_looks"/>
    <testcase time="0.004" classname="ocPostprob" name="h_get_looks_together_with_h_get_distance_always_gives_unique_looks"/>
    <testcase time="0.004" classname="ocPostprob" name="h_get_looks_together_with_h_get_distance_always_gives_unique_looks"/>
    <testcase time="0.004" classname="ocPostprob" name="h_get_looks_together_with_h_get_distance_always_gives_unique_looks"/>
    <testcase time="0.004" classname="ocPostprob" name="h_get_looks_together_with_h_get_distance_always_gives_unique_looks"/>
    <testcase time="0.004" classname="ocPostprob" name="h_get_looks_together_with_h_get_distance_always_gives_unique_looks"/>
    <testcase time="0.004" classname="ocPostprob" name="h_get_looks_together_with_h_get_distance_always_gives_unique_looks"/>
    <testcase time="0.00299999999999967" classname="ocPostprob" name="h_get_looks_together_with_h_get_distance_always_gives_unique_looks"/>
    <testcase time="0.00700000000000012" classname="ocPostprob" name="h_get_looks_together_with_h_get_distance_always_gives_unique_looks"/>
    <testcase time="0.00499999999999989" classname="ocPostprob" name="h_get_looks_together_with_h_get_distance_always_gives_unique_looks"/>
    <testcase time="0.00300000000000011" classname="ocPostprob" name="h_get_looks_together_with_h_get_distance_always_gives_unique_looks"/>
    <testcase time="0.004" classname="ocPostprob" name="h_get_looks_together_with_h_get_distance_always_gives_unique_looks"/>
    <testcase time="0.004" classname="ocPostprob" name="h_get_looks_together_with_h_get_distance_always_gives_unique_looks"/>
    <testcase time="0.004" classname="ocPostprob" name="h_get_looks_together_with_h_get_distance_always_gives_unique_looks"/>
    <testcase time="0.004" classname="ocPostprob" name="h_get_looks_together_with_h_get_distance_always_gives_unique_looks"/>
    <testcase time="0.004" classname="ocPostprob" name="h_get_looks_together_with_h_get_distance_always_gives_unique_looks"/>
    <testcase time="0.00800000000000001" classname="ocPostprob" name="h_get_looks_together_with_h_get_distance_always_gives_unique_looks"/>
    <testcase time="0.004" classname="ocPostprob" name="h_get_looks_together_with_h_get_distance_always_gives_unique_looks"/>
    <testcase time="0.004" classname="ocPostprob" name="h_get_looks_together_with_h_get_distance_always_gives_unique_looks"/>
    <testcase time="0.004" classname="ocPostprob" name="h_get_looks_together_with_h_get_distance_always_gives_unique_looks"/>
    <testcase time="0.004" classname="ocPostprob" name="h_get_looks_together_with_h_get_distance_always_gives_unique_looks"/>
    <testcase time="0.004" classname="ocPostprob" name="h_get_looks_together_with_h_get_distance_always_gives_unique_looks"/>
    <testcase time="0.004" classname="ocPostprob" name="h_get_looks_together_with_h_get_distance_always_gives_unique_looks"/>
    <testcase time="0.00300000000000011" classname="ocPostprob" name="h_get_looks_together_with_h_get_distance_always_gives_unique_looks"/>
    <testcase time="0.00800000000000001" classname="ocPostprob" name="h_get_looks_together_with_h_get_distance_always_gives_unique_looks"/>
    <testcase time="0.004" classname="ocPostprob" name="h_get_looks_together_with_h_get_distance_always_gives_unique_looks"/>
    <testcase time="0.00399999999999956" classname="ocPostprob" name="h_get_looks_together_with_h_get_distance_always_gives_unique_looks"/>
    <testcase time="0.00400000000000045" classname="ocPostprob" name="h_get_looks_together_with_h_get_distance_always_gives_unique_looks"/>
    <testcase time="0.00399999999999956" classname="ocPostprob" name="h_get_looks_together_with_h_get_distance_always_gives_unique_looks"/>
    <testcase time="0.00300000000000011" classname="ocPostprob" name="h_get_looks_together_with_h_get_distance_always_gives_unique_looks"/>
    <testcase time="0.00499999999999989" classname="ocPostprob" name="h_get_looks_together_with_h_get_distance_always_gives_unique_looks"/>
    <testcase time="0.00600000000000023" classname="ocPostprob" name="h_get_looks_together_with_h_get_distance_always_gives_unique_looks"/>
    <testcase time="0.00499999999999989" classname="ocPostprob" name="h_get_looks_together_with_h_get_distance_always_gives_unique_looks"/>
    <testcase time="0.00400000000000045" classname="ocPostprob" name="h_get_looks_together_with_h_get_distance_always_gives_unique_looks"/>
    <testcase time="0.00399999999999956" classname="ocPostprob" name="h_get_looks_together_with_h_get_distance_always_gives_unique_looks"/>
    <testcase time="0.00400000000000045" classname="ocPostprob" name="h_get_looks_together_with_h_get_distance_always_gives_unique_looks"/>
    <testcase time="0.00300000000000011" classname="ocPostprob" name="h_get_looks_together_with_h_get_distance_always_gives_unique_looks"/>
    <testcase time="0.00399999999999956" classname="ocPostprob" name="h_get_looks_together_with_h_get_distance_always_gives_unique_looks"/>
    <testcase time="0.00400000000000045" classname="ocPostprob" name="h_get_looks_together_with_h_get_distance_always_gives_unique_looks"/>
    <testcase time="0.00699999999999967" classname="ocPostprob" name="h_get_looks_together_with_h_get_distance_always_gives_unique_looks"/>
    <testcase time="0.00399999999999956" classname="ocPostprob" name="h_get_looks_together_with_h_get_distance_always_gives_unique_looks"/>
    <testcase time="0.00400000000000045" classname="ocPostprob" name="h_get_looks_together_with_h_get_distance_always_gives_unique_looks"/>
    <testcase time="0.00399999999999956" classname="ocPostprob" name="h_get_looks_together_with_h_get_distance_always_gives_unique_looks"/>
    <testcase time="0.00400000000000045" classname="ocPostprob" name="h_get_looks_together_with_h_get_distance_always_gives_unique_looks"/>
    <testcase time="0.00399999999999956" classname="ocPostprob" name="h_get_looks_together_with_h_get_distance_always_gives_unique_looks"/>
    <testcase time="0.00400000000000045" classname="ocPostprob" name="h_get_looks_together_with_h_get_distance_always_gives_unique_looks"/>
    <testcase time="0.00699999999999967" classname="ocPostprob" name="h_get_looks_together_with_h_get_distance_always_gives_unique_looks"/>
    <testcase time="0.00400000000000045" classname="ocPostprob" name="h_get_looks_together_with_h_get_distance_always_gives_unique_looks"/>
    <testcase time="0.00399999999999956" classname="ocPostprob" name="h_get_looks_together_with_h_get_distance_always_gives_unique_looks"/>
    <testcase time="0.00400000000000045" classname="ocPostprob" name="h_get_looks_together_with_h_get_distance_always_gives_unique_looks"/>
    <testcase time="0.00399999999999956" classname="ocPostprob" name="h_get_looks_together_with_h_get_distance_always_gives_unique_looks"/>
    <testcase time="0.00400000000000045" classname="ocPostprob" name="h_get_looks_together_with_h_get_distance_always_gives_unique_looks"/>
    <testcase time="0.00399999999999956" classname="ocPostprob" name="h_get_looks_together_with_h_get_distance_always_gives_unique_looks"/>
    <testcase time="0.00700000000000056" classname="ocPostprob" name="h_get_looks_together_with_h_get_distance_always_gives_unique_looks"/>
    <testcase time="0.00399999999999956" classname="ocPostprob" name="h_get_looks_together_with_h_get_distance_always_gives_unique_looks"/>
    <testcase time="0.00400000000000045" classname="ocPostprob" name="h_get_looks_together_with_h_get_distance_always_gives_unique_looks"/>
    <testcase time="0.00399999999999956" classname="ocPostprob" name="h_get_looks_together_with_h_get_distance_always_gives_unique_looks"/>
    <testcase time="0.00300000000000011" classname="ocPostprob" name="h_get_looks_together_with_h_get_distance_always_gives_unique_looks"/>
    <testcase time="0.00399999999999956" classname="ocPostprob" name="h_get_looks_together_with_h_get_distance_always_gives_unique_looks"/>
    <testcase time="0.00499999999999989" classname="ocPostprob" name="h_get_looks_together_with_h_get_distance_always_gives_unique_looks"/>
    <testcase time="0.00600000000000023" classname="ocPostprob" name="h_get_looks_together_with_h_get_distance_always_gives_unique_looks"/>
    <testcase time="0.00399999999999956" classname="ocPostprob" name="h_get_looks_together_with_h_get_distance_always_gives_unique_looks"/>
    <testcase time="0.00400000000000045" classname="ocPostprob" name="h_get_looks_together_with_h_get_distance_always_gives_unique_looks"/>
    <testcase time="0.00399999999999956" classname="ocPostprob" name="h_get_looks_together_with_h_get_distance_always_gives_unique_looks"/>
    <testcase time="0.00500000000000078" classname="ocPostprob" name="h_get_looks_together_with_h_get_distance_always_gives_unique_looks"/>
    <testcase time="0.00399999999999956" classname="ocPostprob" name="h_get_looks_together_with_h_get_distance_always_gives_unique_looks"/>
    <testcase time="0.00400000000000045" classname="ocPostprob" name="h_get_looks_together_with_h_get_distance_always_gives_unique_looks"/>
    <testcase time="0.00599999999999934" classname="ocPostprob" name="h_get_looks_together_with_h_get_distance_always_gives_unique_looks"/>
    <testcase time="0.00499999999999989" classname="ocPostprob" name="h_get_looks_together_with_h_get_distance_always_gives_unique_looks"/>
    <testcase time="0.00400000000000045" classname="ocPostprob" name="h_get_looks_together_with_h_get_distance_always_gives_unique_looks"/>
    <testcase time="0.00399999999999956" classname="ocPostprob" name="h_get_looks_together_with_h_get_distance_always_gives_unique_looks"/>
    <testcase time="0.00400000000000045" classname="ocPostprob" name="h_get_looks_together_with_h_get_distance_always_gives_unique_looks"/>
    <testcase time="0.00399999999999956" classname="ocPostprob" name="h_get_looks_together_with_h_get_distance_always_gives_unique_looks"/>
    <testcase time="0.00500000000000078" classname="ocPostprob" name="h_get_looks_together_with_h_get_distance_always_gives_unique_looks"/>
    <testcase time="0.00599999999999934" classname="ocPostprob" name="h_get_looks_together_with_h_get_distance_always_gives_unique_looks"/>
    <testcase time="0.00400000000000045" classname="ocPostprob" name="h_get_looks_together_with_h_get_distance_always_gives_unique_looks"/>
    <testcase time="0.00499999999999989" classname="ocPostprob" name="h_get_looks_together_with_h_get_distance_always_gives_unique_looks"/>
    <testcase time="0.00399999999999956" classname="ocPostprob" name="h_get_looks_together_with_h_get_distance_always_gives_unique_looks"/>
    <testcase time="0.00400000000000045" classname="ocPostprob" name="h_get_looks_together_with_h_get_distance_always_gives_unique_looks"/>
    <testcase time="0.00399999999999956" classname="ocPostprob" name="h_get_looks_together_with_h_get_distance_always_gives_unique_looks"/>
    <testcase time="0.00400000000000045" classname="ocPostprob" name="h_get_looks_together_with_h_get_distance_always_gives_unique_looks"/>
    <testcase time="0.00600000000000023" classname="ocPostprob" name="h_get_looks_together_with_h_get_distance_always_gives_unique_looks"/>
    <testcase time="0.00499999999999989" classname="ocPostprob" name="h_get_looks_together_with_h_get_distance_always_gives_unique_looks"/>
    <testcase time="0.00399999999999956" classname="ocPostprob" name="h_get_looks_together_with_h_get_distance_always_gives_unique_looks"/>
    <testcase time="0.00400000000000045" classname="ocPostprob" name="h_get_looks_together_with_h_get_distance_always_gives_unique_looks"/>
    <testcase time="0.00399999999999956" classname="ocPostprob" name="h_get_looks_together_with_h_get_distance_always_gives_unique_looks"/>
    <testcase time="0.00499999999999989" classname="ocPostprob" name="h_get_looks_together_with_h_get_distance_always_gives_unique_looks"/>
    <testcase time="0.00400000000000045" classname="ocPostprob" name="h_get_looks_together_with_h_get_distance_always_gives_unique_looks"/>
    <testcase time="0.00800000000000001" classname="ocPostprob" name="h_get_looks_together_with_h_get_distance_always_gives_unique_looks"/>
    <testcase time="0.00499999999999989" classname="ocPostprob" name="h_get_looks_together_with_h_get_distance_always_gives_unique_looks"/>
    <testcase time="0.00499999999999989" classname="ocPostprob" name="h_get_looks_together_with_h_get_distance_always_gives_unique_looks"/>
    <testcase time="0.00400000000000045" classname="ocPostprob" name="h_get_looks_together_with_h_get_distance_always_gives_unique_looks"/>
    <testcase time="0.00399999999999956" classname="ocPostprob" name="h_get_looks_together_with_h_get_distance_always_gives_unique_looks"/>
    <testcase time="0.00400000000000045" classname="ocPostprob" name="h_get_looks_together_with_h_get_distance_always_gives_unique_looks"/>
    <testcase time="0.00399999999999956" classname="ocPostprob" name="h_get_looks_together_with_h_get_distance_always_gives_unique_looks"/>
    <testcase time="0.00699999999999967" classname="ocPostprob" name="h_get_looks_together_with_h_get_distance_always_gives_unique_looks"/>
    <testcase time="0.00400000000000045" classname="ocPostprob" name="h_get_looks_together_with_h_get_distance_always_gives_unique_looks"/>
    <testcase time="0.00399999999999956" classname="ocPostprob" name="h_get_looks_together_with_h_get_distance_always_gives_unique_looks"/>
    <testcase time="0.00400000000000045" classname="ocPostprob" name="h_get_looks_together_with_h_get_distance_always_gives_unique_looks"/>
    <testcase time="0.00399999999999956" classname="ocPostprob" name="h_get_looks_together_with_h_get_distance_always_gives_unique_looks"/>
    <testcase time="0.00400000000000045" classname="ocPostprob" name="h_get_looks_together_with_h_get_distance_always_gives_unique_looks"/>
    <testcase time="0.00699999999999967" classname="ocPostprob" name="h_get_looks_together_with_h_get_distance_always_gives_unique_looks"/>
    <testcase time="0.00399999999999956" classname="ocPostprob" name="h_get_looks_together_with_h_get_distance_always_gives_unique_looks"/>
    <testcase time="0.00500000000000078" classname="ocPostprob" name="h_get_looks_together_with_h_get_distance_always_gives_unique_looks"/>
    <testcase time="0.00399999999999956" classname="ocPostprob" name="h_get_looks_together_with_h_get_distance_always_gives_unique_looks"/>
    <testcase time="0.00399999999999956" classname="ocPostprob" name="h_get_looks_together_with_h_get_distance_always_gives_unique_looks"/>
    <testcase time="0.00400000000000045" classname="ocPostprob" name="h_get_looks_together_with_h_get_distance_always_gives_unique_looks"/>
    <testcase time="0.00499999999999989" classname="ocPostprob" name="h_get_looks_together_with_h_get_distance_always_gives_unique_looks"/>
    <testcase time="0.00699999999999967" classname="ocPostprob" name="h_get_looks_together_with_h_get_distance_always_gives_unique_looks"/>
    <testcase time="0.00400000000000045" classname="ocPostprob" name="h_get_looks_together_with_h_get_distance_always_gives_unique_looks"/>
    <testcase time="0.00499999999999989" classname="ocPostprob" name="h_get_looks_together_with_h_get_distance_always_gives_unique_looks"/>
    <testcase time="0.00400000000000045" classname="ocPostprob" name="h_get_looks_together_with_h_get_distance_always_gives_unique_looks"/>
    <testcase time="0.00399999999999956" classname="ocPostprob" name="h_get_looks_together_with_h_get_distance_always_gives_unique_looks"/>
    <testcase time="0.00400000000000045" classname="ocPostprob" name="h_get_looks_together_with_h_get_distance_always_gives_unique_looks"/>
    <testcase time="0.00699999999999967" classname="ocPostprob" name="h_get_looks_together_with_h_get_distance_always_gives_unique_looks"/>
    <testcase time="0.00499999999999989" classname="ocPostprob" name="h_get_looks_together_with_h_get_distance_always_gives_unique_looks"/>
    <testcase time="0.00400000000000045" classname="ocPostprob" name="h_get_looks_together_with_h_get_distance_always_gives_unique_looks"/>
    <testcase time="0.00399999999999956" classname="ocPostprob" name="h_get_looks_together_with_h_get_distance_always_gives_unique_looks"/>
    <testcase time="0.00400000000000045" classname="ocPostprob" name="h_get_looks_together_with_h_get_distance_always_gives_unique_looks"/>
    <testcase time="0.00499999999999989" classname="ocPostprob" name="h_get_looks_together_with_h_get_distance_always_gives_unique_looks"/>
    <testcase time="0.00599999999999934" classname="ocPostprob" name="h_get_looks_together_with_h_get_distance_always_gives_unique_looks"/>
    <testcase time="0.00500000000000078" classname="ocPostprob" name="h_get_looks_together_with_h_get_distance_always_gives_unique_looks"/>
    <testcase time="0.00399999999999956" classname="ocPostprob" name="h_get_looks_together_with_h_get_distance_always_gives_unique_looks"/>
    <testcase time="0.00499999999999989" classname="ocPostprob" name="h_get_looks_together_with_h_get_distance_always_gives_unique_looks"/>
    <testcase time="0.00400000000000045" classname="ocPostprob" name="h_get_looks_together_with_h_get_distance_always_gives_unique_looks"/>
    <testcase time="0.00399999999999956" classname="ocPostprob" name="h_get_looks_together_with_h_get_distance_always_gives_unique_looks"/>
    <testcase time="0.0579999999999998" classname="ocPostprob" name="h_get_looks_together_with_h_get_distance_always_gives_unique_looks"/>
    <testcase time="0.00400000000000045" classname="ocPostprob" name="h_get_looks_together_with_h_get_distance_always_gives_unique_looks"/>
    <testcase time="0.00499999999999989" classname="ocPostprob" name="h_get_looks_together_with_h_get_distance_always_gives_unique_looks"/>
    <testcase time="0.00399999999999956" classname="ocPostprob" name="h_get_looks_together_with_h_get_distance_always_gives_unique_looks"/>
    <testcase time="0.00400000000000045" classname="ocPostprob" name="h_get_looks_together_with_h_get_distance_always_gives_unique_looks"/>
    <testcase time="0.00499999999999989" classname="ocPostprob" name="h_get_looks_together_with_h_get_distance_always_gives_unique_looks"/>
    <testcase time="0.00400000000000045" classname="ocPostprob" name="h_get_looks_together_with_h_get_distance_always_gives_unique_looks"/>
    <testcase time="0.00399999999999956" classname="ocPostprob" name="h_get_looks_together_with_h_get_distance_always_gives_unique_looks"/>
    <testcase time="0.00499999999999989" classname="ocPostprob" name="h_get_looks_together_with_h_get_distance_always_gives_unique_looks"/>
    <testcase time="0.00400000000000045" classname="ocPostprob" name="h_get_looks_together_with_h_get_distance_always_gives_unique_looks"/>
    <testcase time="0.00499999999999989" classname="ocPostprob" name="h_get_looks_together_with_h_get_distance_always_gives_unique_looks"/>
    <testcase time="0.00499999999999989" classname="ocPostprob" name="h_get_looks_together_with_h_get_distance_always_gives_unique_looks"/>
    <testcase time="0.00499999999999989" classname="ocPostprob" name="h_get_looks_together_with_h_get_distance_always_gives_unique_looks"/>
    <testcase time="0.00600000000000023" classname="ocPostprob" name="h_get_looks_together_with_h_get_distance_always_gives_unique_looks"/>
    <testcase time="0.00499999999999989" classname="ocPostprob" name="h_get_looks_together_with_h_get_distance_always_gives_unique_looks"/>
    <testcase time="0.00399999999999956" classname="ocPostprob" name="h_get_looks_together_with_h_get_distance_always_gives_unique_looks"/>
    <testcase time="0.00400000000000045" classname="ocPostprob" name="h_get_looks_together_with_h_get_distance_always_gives_unique_looks"/>
    <testcase time="0.00499999999999989" classname="ocPostprob" name="h_get_looks_together_with_h_get_distance_always_gives_unique_looks"/>
    <testcase time="0.00400000000000045" classname="ocPostprob" name="h_get_looks_together_with_h_get_distance_always_gives_unique_looks"/>
    <testcase time="0.00399999999999956" classname="ocPostprob" name="h_get_looks_together_with_h_get_distance_always_gives_unique_looks"/>
    <testcase time="0.00400000000000045" classname="ocPostprob" name="h_get_looks_together_with_h_get_distance_always_gives_unique_looks"/>
    <testcase time="0.00499999999999989" classname="ocPostprob" name="h_get_looks_together_with_h_get_distance_always_gives_unique_looks"/>
    <testcase time="0.00399999999999956" classname="ocPostprob" name="h_get_looks_together_with_h_get_distance_always_gives_unique_looks"/>
    <testcase time="0.00400000000000045" classname="ocPostprob" name="h_get_looks_together_with_h_get_distance_always_gives_unique_looks"/>
    <testcase time="0.00499999999999989" classname="ocPostprob" name="h_get_looks_together_with_h_get_distance_always_gives_unique_looks"/>
    <testcase time="0.00599999999999934" classname="ocPostprob" name="h_get_looks_together_with_h_get_distance_always_gives_unique_looks"/>
    <testcase time="0.00500000000000078" classname="ocPostprob" name="h_get_looks_together_with_h_get_distance_always_gives_unique_looks"/>
    <testcase time="0.00399999999999956" classname="ocPostprob" name="h_get_looks_together_with_h_get_distance_always_gives_unique_looks"/>
    <testcase time="0.00400000000000045" classname="ocPostprob" name="h_get_looks_together_with_h_get_distance_always_gives_unique_looks"/>
    <testcase time="0.00399999999999956" classname="ocPostprob" name="h_get_looks_together_with_h_get_distance_always_gives_unique_looks"/>
    <testcase time="0.00499999999999989" classname="ocPostprob" name="h_get_looks_together_with_h_get_distance_always_gives_unique_looks"/>
    <testcase time="0.00400000000000045" classname="ocPostprob" name="h_get_looks_together_with_h_get_distance_always_gives_unique_looks"/>
    <testcase time="0.00399999999999956" classname="ocPostprob" name="h_get_looks_together_with_h_get_distance_always_gives_unique_looks"/>
    <testcase time="0.00499999999999989" classname="ocPostprob" name="h_get_looks_together_with_h_get_distance_always_gives_unique_looks"/>
    <testcase time="0.00400000000000045" classname="ocPostprob" name="h_get_looks_together_with_h_get_distance_always_gives_unique_looks"/>
    <testcase time="0.00399999999999956" classname="ocPostprob" name="h_get_looks_together_with_h_get_distance_always_gives_unique_looks"/>
    <testcase time="0.00499999999999989" classname="ocPostprob" name="h_get_looks_together_with_h_get_distance_always_gives_unique_looks"/>
    <testcase time="0.00600000000000023" classname="ocPostprob" name="h_get_looks_together_with_h_get_distance_always_gives_unique_looks"/>
    <testcase time="0.00499999999999989" classname="ocPostprob" name="h_get_looks_together_with_h_get_distance_always_gives_unique_looks"/>
    <testcase time="0.00400000000000045" classname="ocPostprob" name="h_get_looks_together_with_h_get_distance_always_gives_unique_looks"/>
    <testcase time="0.00399999999999956" classname="ocPostprob" name="h_get_looks_together_with_h_get_distance_always_gives_unique_looks"/>
    <testcase time="0.00499999999999989" classname="ocPostprob" name="h_get_looks_together_with_h_get_distance_always_gives_unique_looks"/>
    <testcase time="0.00400000000000045" classname="ocPostprob" name="h_get_looks_together_with_h_get_distance_always_gives_unique_looks"/>
    <testcase time="0.00499999999999989" classname="ocPostprob" name="h_get_looks_together_with_h_get_distance_always_gives_unique_looks"/>
    <testcase time="0.00400000000000045" classname="ocPostprob" name="h_get_looks_together_with_h_get_distance_always_gives_unique_looks"/>
    <testcase time="0.00399999999999956" classname="ocPostprob" name="h_get_looks_together_with_h_get_distance_always_gives_unique_looks"/>
    <testcase time="0.00499999999999989" classname="ocPostprob" name="h_get_looks_together_with_h_get_distance_always_gives_unique_looks"/>
    <testcase time="0.00400000000000045" classname="ocPostprob" name="h_get_looks_together_with_h_get_distance_always_gives_unique_looks"/>
    <testcase time="0.00499999999999989" classname="ocPostprob" name="h_get_looks_together_with_h_get_distance_always_gives_unique_looks"/>
    <testcase time="0.00600000000000023" classname="ocPostprob" name="h_get_looks_together_with_h_get_distance_always_gives_unique_looks"/>
    <testcase time="0.00499999999999989" classname="ocPostprob" name="h_get_looks_together_with_h_get_distance_always_gives_unique_looks"/>
    <testcase time="0.00399999999999956" classname="ocPostprob" name="h_get_looks_together_with_h_get_distance_always_gives_unique_looks"/>
    <testcase time="0.00499999999999989" classname="ocPostprob" name="h_get_looks_together_with_h_get_distance_always_gives_unique_looks"/>
    <testcase time="0.00400000000000045" classname="ocPostprob" name="h_get_looks_together_with_h_get_distance_always_gives_unique_looks"/>
    <testcase time="0.00399999999999956" classname="ocPostprob" name="h_get_looks_together_with_h_get_distance_always_gives_unique_looks"/>
    <testcase time="0.00499999999999989" classname="ocPostprob" name="h_get_looks_together_with_h_get_distance_always_gives_unique_looks"/>
    <testcase time="0.00400000000000045" classname="ocPostprob" name="h_get_looks_together_with_h_get_distance_always_gives_unique_looks"/>
    <testcase time="0.00499999999999989" classname="ocPostprob" name="h_get_looks_together_with_h_get_distance_always_gives_unique_looks"/>
    <testcase time="0.00399999999999956" classname="ocPostprob" name="h_get_looks_together_with_h_get_distance_always_gives_unique_looks"/>
    <testcase time="0.00500000000000078" classname="ocPostprob" name="h_get_looks_together_with_h_get_distance_always_gives_unique_looks"/>
    <testcase time="0.00599999999999934" classname="ocPostprob" name="h_get_looks_together_with_h_get_distance_always_gives_unique_looks"/>
    <testcase time="0.00499999999999989" classname="ocPostprob" name="h_get_looks_together_with_h_get_distance_always_gives_unique_looks"/>
    <testcase time="0.00400000000000045" classname="ocPostprob" name="h_get_looks_together_with_h_get_distance_always_gives_unique_looks"/>
    <testcase time="0.00499999999999989" classname="ocPostprob" name="h_get_looks_together_with_h_get_distance_always_gives_unique_looks"/>
    <testcase time="0.00400000000000045" classname="ocPostprob" name="h_get_looks_together_with_h_get_distance_always_gives_unique_looks"/>
    <testcase time="0.00399999999999956" classname="ocPostprob" name="h_get_looks_together_with_h_get_distance_always_gives_unique_looks"/>
    <testcase time="0.00499999999999989" classname="ocPostprob" name="h_get_looks_together_with_h_get_distance_always_gives_unique_looks"/>
    <testcase time="0.00400000000000045" classname="ocPostprob" name="h_get_looks_together_with_h_get_distance_always_gives_unique_looks"/>
    <testcase time="0.00499999999999989" classname="ocPostprob" name="h_get_looks_together_with_h_get_distance_always_gives_unique_looks"/>
    <testcase time="0.00399999999999956" classname="ocPostprob" name="h_get_looks_together_with_h_get_distance_always_gives_unique_looks"/>
    <testcase time="0.00499999999999989" classname="ocPostprob" name="h_get_looks_together_with_h_get_distance_always_gives_unique_looks"/>
    <testcase time="0.00400000000000045" classname="ocPostprob" name="h_get_looks_together_with_h_get_distance_always_gives_unique_looks"/>
    <testcase time="0.00699999999999967" classname="ocPostprob" name="h_get_looks_together_with_h_get_distance_always_gives_unique_looks"/>
    <testcase time="0.00499999999999989" classname="ocPostprob" name="h_get_looks_together_with_h_get_distance_always_gives_unique_looks"/>
    <testcase time="0.00400000000000045" classname="ocPostprob" name="h_get_looks_together_with_h_get_distance_always_gives_unique_looks"/>
    <testcase time="0.00499999999999989" classname="ocPostprob" name="h_get_looks_together_with_h_get_distance_always_gives_unique_looks"/>
    <testcase time="0.00400000000000045" classname="ocPostprob" name="h_get_looks_together_with_h_get_distance_always_gives_unique_looks"/>
    <testcase time="0.00499999999999989" classname="ocPostprob" name="h_get_looks_together_with_h_get_distance_always_gives_unique_looks"/>
    <testcase time="0.00399999999999956" classname="ocPostprob" name="h_get_looks_together_with_h_get_distance_always_gives_unique_looks"/>
    <testcase time="0.00499999999999989" classname="ocPostprob" name="h_get_looks_together_with_h_get_distance_always_gives_unique_looks"/>
    <testcase time="0.00400000000000045" classname="ocPostprob" name="h_get_looks_together_with_h_get_distance_always_gives_unique_looks"/>
    <testcase time="0.00499999999999989" classname="ocPostprob" name="h_get_looks_together_with_h_get_distance_always_gives_unique_looks"/>
    <testcase time="0.00399999999999956" classname="ocPostprob" name="h_get_looks_together_with_h_get_distance_always_gives_unique_looks"/>
    <testcase time="0.00700000000000056" classname="ocPostprob" name="h_get_looks_together_with_h_get_distance_always_gives_unique_looks"/>
    <testcase time="0.00399999999999956" classname="ocPostprob" name="h_get_looks_together_with_h_get_distance_always_gives_unique_looks"/>
    <testcase time="0.00399999999999956" classname="ocPostprob" name="h_get_looks_together_with_h_get_distance_always_gives_unique_looks"/>
    <testcase time="0.00400000000000045" classname="ocPostprob" name="h_get_looks_together_with_h_get_distance_always_gives_unique_looks"/>
    <testcase time="0.00499999999999989" classname="ocPostprob" name="h_get_looks_together_with_h_get_distance_always_gives_unique_looks"/>
    <testcase time="0.00399999999999956" classname="ocPostprob" name="h_get_looks_together_with_h_get_distance_always_gives_unique_looks"/>
    <testcase time="0.00500000000000078" classname="ocPostprob" name="h_get_looks_together_with_h_get_distance_always_gives_unique_looks"/>
    <testcase time="0.00499999999999989" classname="ocPostprob" name="h_get_looks_together_with_h_get_distance_always_gives_unique_looks"/>
    <testcase time="0.00399999999999956" classname="ocPostprob" name="h_get_looks_together_with_h_get_distance_always_gives_unique_looks"/>
    <testcase time="0.00499999999999989" classname="ocPostprob" name="h_get_looks_together_with_h_get_distance_always_gives_unique_looks"/>
    <testcase time="0.00400000000000045" classname="ocPostprob" name="h_get_looks_together_with_h_get_distance_always_gives_unique_looks"/>
    <testcase time="0.00699999999999967" classname="ocPostprob" name="h_get_looks_together_with_h_get_distance_always_gives_unique_looks"/>
    <testcase time="0.00499999999999989" classname="ocPostprob" name="h_get_looks_together_with_h_get_distance_always_gives_unique_looks"/>
    <testcase time="0.00400000000000045" classname="ocPostprob" name="h_get_looks_together_with_h_get_distance_always_gives_unique_looks"/>
    <testcase time="0.00499999999999989" classname="ocPostprob" name="h_get_looks_together_with_h_get_distance_always_gives_unique_looks"/>
    <testcase time="0.00399999999999956" classname="ocPostprob" name="h_get_looks_together_with_h_get_distance_always_gives_unique_looks"/>
    <testcase time="0.00500000000000078" classname="ocPostprob" name="h_get_looks_together_with_h_get_distance_always_gives_unique_looks"/>
    <testcase time="0.00399999999999956" classname="ocPostprob" name="h_get_looks_together_with_h_get_distance_always_gives_unique_looks"/>
    <testcase time="0.00499999999999989" classname="ocPostprob" name="h_get_looks_together_with_h_get_distance_always_gives_unique_looks"/>
    <testcase time="0.00499999999999989" classname="ocPostprob" name="h_get_looks_together_with_h_get_distance_always_gives_unique_looks"/>
    <testcase time="0.00400000000000045" classname="ocPostprob" name="h_get_looks_together_with_h_get_distance_always_gives_unique_looks"/>
    <testcase time="0.00499999999999989" classname="ocPostprob" name="h_get_looks_together_with_h_get_distance_always_gives_unique_looks"/>
    <testcase time="0.00699999999999967" classname="ocPostprob" name="h_get_looks_together_with_h_get_distance_always_gives_unique_looks"/>
    <testcase time="0.00400000000000045" classname="ocPostprob" name="h_get_looks_together_with_h_get_distance_always_gives_unique_looks"/>
    <testcase time="0.00499999999999989" classname="ocPostprob" name="h_get_looks_together_with_h_get_distance_always_gives_unique_looks"/>
    <testcase time="0.00399999999999956" classname="ocPostprob" name="h_get_looks_together_with_h_get_distance_always_gives_unique_looks"/>
    <testcase time="0.00499999999999989" classname="ocPostprob" name="h_get_looks_together_with_h_get_distance_always_gives_unique_looks"/>
    <testcase time="0.00400000000000045" classname="ocPostprob" name="h_get_looks_together_with_h_get_distance_always_gives_unique_looks"/>
    <testcase time="0.00499999999999989" classname="ocPostprob" name="h_get_looks_together_with_h_get_distance_always_gives_unique_looks"/>
    <testcase time="0.00499999999999989" classname="ocPostprob" name="h_get_looks_together_with_h_get_distance_always_gives_unique_looks"/>
    <testcase time="0.00400000000000045" classname="ocPostprob" name="h_get_looks_together_with_h_get_distance_always_gives_unique_looks"/>
    <testcase time="0.00499999999999989" classname="ocPostprob" name="h_get_looks_together_with_h_get_distance_always_gives_unique_looks"/>
    <testcase time="0.00499999999999989" classname="ocPostprob" name="h_get_looks_together_with_h_get_distance_always_gives_unique_looks"/>
    <testcase time="0.00699999999999967" classname="ocPostprob" name="h_get_looks_together_with_h_get_distance_always_gives_unique_looks"/>
    <testcase time="0.00400000000000045" classname="ocPostprob" name="h_get_looks_together_with_h_get_distance_always_gives_unique_looks"/>
    <testcase time="0.00499999999999989" classname="ocPostprob" name="h_get_looks_together_with_h_get_distance_always_gives_unique_looks"/>
    <testcase time="0.00999999999999979" classname="ocPostprob" name="h_get_decision_will_give_GO_decision_in_favourable_conditions"/>
    <testcase time="0.00600000000000023" classname="ocPostprob" name="h_get_decision_will_give_GO_decision_in_favourable_conditions"/>
    <testcase time="0.0110000000000001" classname="ocPostprob" name="the_probability_results_of_h_get_oc_are_less_than_1"/>
    <testcase time="0.00600000000000023" classname="ocPostprob" name="the_probability_results_of_h_get_oc_are_less_than_1"/>
    <testcase time="0.00599999999999934" classname="ocPostprob" name="the_probability_results_of_h_get_oc_are_less_than_1"/>
    <testcase time="0.00600000000000023" classname="ocPostprob" name="the_probability_results_of_h_get_oc_are_less_than_1"/>
    <testcase time="0.0120000000000005" classname="ocPostprob" name="the_ExpectedN_is_within_range_based_on_vector_of_looks"/>
    <testcase time="1.906" classname="ocPostprob" name="the_sum_of_Eff_Fut_Gray_zone_probabiliy_is_1"/>
    <testcase time="0.00699999999999967" classname="ocPostprob" name="the_sum_of_Eff_Fut_Gray_zone_probabiliy_is_1"/>
    <testcase time="3.044" classname="ocPostprob" name="the_PrFutility_increases_with_increase_futility_looks"/>
    <testcase time="2.513" classname="ocPostprob" name="the_PrFutility_increases_with_increase_futility_looks"/>
    <testcase time="0.00699999999999967" classname="ocPostprob" name="the_PrFutility_increases_with_increase_futility_looks"/>
    <testcase time="1.858" classname="ocPostprob" name="the_PrEfficacy_increases_with_increase_Efficacy_looks"/>
    <testcase time="3.05" classname="ocPostprob" name="the_PrEfficacy_increases_with_increase_Efficacy_looks"/>
    <testcase time="0.0069999999999979" classname="ocPostprob" name="the_PrEfficacy_increases_with_increase_Efficacy_looks"/>
    <testcase time="9.332" classname="ocPostprob" name="ocPostprob_gives_results_that_are_within_range_to_stats_pbinom"/>
    <testcase time="0.00700000000000145" classname="ocPostprob" name="ocPostprob_gives_results_that_are_within_range_to_stats_pbinom"/>
    <testcase time="0.00600000000000023" classname="ocPostprob" name="ocPostprob_gives_results_that_are_within_range_to_stats_pbinom"/>
    <testcase time="0.00600000000000023" classname="ocPostprob" name="ocPostprob_gives_results_that_are_within_range_to_stats_pbinom"/>
  </testsuite>
  <testsuite name="ocPostprobDist" timestamp="2025-06-17T12:27:25Z" hostname="6e81c72a5823" tests="17" skipped="0" failures="0" errors="0" time="0.481">
    <testcase time="0.0129999999999981" classname="ocPostprobDist" name="h_get_decisionDist_gives_correct_result_when_relativeDelta_TRUE"/>
    <testcase time="0.00300000000000011" classname="ocPostprobDist" name="h_get_decisionDist_gives_correct_result_when_relativeDelta_TRUE"/>
    <testcase time="0.00300000000000011" classname="ocPostprobDist" name="h_get_decisionDist_gives_correct_result_when_relativeDelta_TRUE"/>
    <testcase time="0.00600000000000023" classname="ocPostprobDist" name="h_get_decisionDist_gives_correct_result_relativeDelta_FALSE"/>
    <testcase time="0.00199999999999889" classname="ocPostprobDist" name="h_get_decisionDist_gives_correct_result_relativeDelta_FALSE"/>
    <testcase time="0.00300000000000011" classname="ocPostprobDist" name="h_get_decisionDist_gives_correct_result_relativeDelta_FALSE"/>
    <testcase time="0.00500000000000256" classname="ocPostprobDist" name="h_get_decisionDist_gives_correct_result_when_nnE_U_2260_nnF"/>
    <testcase time="0.00300000000000011" classname="ocPostprobDist" name="h_get_decisionDist_gives_correct_result_when_nnE_U_2260_nnF"/>
    <testcase time="0.00199999999999889" classname="ocPostprobDist" name="h_get_decisionDist_gives_correct_result_when_nnE_U_2260_nnF"/>
    <testcase time="0.0839999999999996" classname="ocPostprobDist" name="the_sum_of_Eff_Fut_Gray_zone_probabiliy_is_1"/>
    <testcase time="0.00300000000000011" classname="ocPostprobDist" name="the_sum_of_Eff_Fut_Gray_zone_probabiliy_is_1"/>
    <testcase time="0.106999999999999" classname="ocPostprobDist" name="the_PrFutility_increases_with_increase_futility_looks"/>
    <testcase time="0.0790000000000006" classname="ocPostprobDist" name="the_PrFutility_increases_with_increase_futility_looks"/>
    <testcase time="0.00300000000000011" classname="ocPostprobDist" name="the_PrFutility_increases_with_increase_futility_looks"/>
    <testcase time="0.0889999999999986" classname="ocPostprobDist" name="the_PrEfficacy_increases_with_increase_Efficacy_looks"/>
    <testcase time="0.0730000000000004" classname="ocPostprobDist" name="the_PrEfficacy_increases_with_increase_Efficacy_looks"/>
    <testcase time="0.00300000000000011" classname="ocPostprobDist" name="the_PrEfficacy_increases_with_increase_Efficacy_looks"/>
  </testsuite>
  <testsuite name="ocPredprob" timestamp="2025-06-17T12:27:25Z" hostname="6e81c72a5823" tests="17" skipped="0" failures="0" errors="0" time="3.01">
    <testcase time="0.0130000000000017" classname="ocPredprob" name="h_get_decision_one_predprob_gives_correct_result_and_list"/>
    <testcase time="0.00199999999999889" classname="ocPredprob" name="h_get_decision_one_predprob_gives_correct_result_and_list"/>
    <testcase time="0.00100000000000122" classname="ocPredprob" name="h_get_decision_one_predprob_gives_correct_result_and_list"/>
    <testcase time="0.00799999999999912" classname="ocPredprob" name="h_get_decision_two_predprob_gives_correct_result_and_list"/>
    <testcase time="0.00300000000000011" classname="ocPredprob" name="h_get_decision_two_predprob_gives_correct_result_and_list"/>
    <testcase time="0.00100000000000122" classname="ocPredprob" name="h_get_decision_two_predprob_gives_correct_result_and_list"/>
    <testcase time="0.131999999999998" classname="ocPredprob" name="the_sum_of_Eff_Fut_Gray_zone_probability_is_1"/>
    <testcase time="0.00300000000000011" classname="ocPredprob" name="the_sum_of_Eff_Fut_Gray_zone_probability_is_1"/>
    <testcase time="0.131" classname="ocPredprob" name="the_PrFutility_increases_with_increase_futility_looks"/>
    <testcase time="0.128" classname="ocPredprob" name="the_PrFutility_increases_with_increase_futility_looks"/>
    <testcase time="0.00300000000000011" classname="ocPredprob" name="the_PrFutility_increases_with_increase_futility_looks"/>
    <testcase time="0.782" classname="ocPredprob" name="the_PrEfficacy_increases_with_increase_Efficacy_looks"/>
    <testcase time="1.411" classname="ocPredprob" name="the_PrEfficacy_increases_with_increase_Efficacy_looks"/>
    <testcase time="0.00300000000000011" classname="ocPredprob" name="the_PrEfficacy_increases_with_increase_Efficacy_looks"/>
    <testcase time="0.0069999999999979" classname="ocPredprob" name="ocPredprob_correctly_shows_maximum_sample_size_when_no_decision_reached"/>
    <testcase time="0.378999999999998" classname="ocPredprob" name="ocPredprob_correctly_shows_maximum_sample_size_when_no_decision_reached"/>
    <testcase time="0.00300000000000011" classname="ocPredprob" name="ocPredprob_correctly_shows_maximum_sample_size_when_no_decision_reached"/>
  </testsuite>
  <testsuite name="ocPredprobDist" timestamp="2025-06-17T12:27:28Z" hostname="6e81c72a5823" tests="16" skipped="0" failures="0" errors="0" time="92.66">
    <testcase time="0.00900000000000034" classname="ocPredprobDist" name="h_decision_one_predprobDist_gives_correct_result_and_list"/>
    <testcase time="0.00300000000000011" classname="ocPredprobDist" name="h_decision_one_predprobDist_gives_correct_result_and_list"/>
    <testcase time="0.00100000000000122" classname="ocPredprobDist" name="h_decision_one_predprobDist_gives_correct_result_and_list"/>
    <testcase time="0.00600000000000023" classname="ocPredprobDist" name="h_decision_two_predprobDist_gives_correct_result_and_list"/>
    <testcase time="0.00199999999999889" classname="ocPredprobDist" name="h_decision_two_predprobDist_gives_correct_result_and_list"/>
    <testcase time="0.00200000000000244" classname="ocPredprobDist" name="h_decision_two_predprobDist_gives_correct_result_and_list"/>
    <testcase time="3.887" classname="ocPredprobDist" name="ocPredprobDist_gives_correct_result_and_list_when_relativeDelta_FALSE"/>
    <testcase time="0.00300000000000011" classname="ocPredprobDist" name="ocPredprobDist_gives_correct_result_and_list_when_relativeDelta_FALSE"/>
    <testcase time="5.097" classname="ocPredprobDist" name="ocPredprobDist_gives_correct_result_and_list_when_relativeDelta_TRUE"/>
    <testcase time="0.00399999999999778" classname="ocPredprobDist" name="ocPredprobDist_gives_correct_result_and_list_when_relativeDelta_TRUE"/>
    <testcase time="14.7" classname="ocPredprobDist" name="ocPredprobDist_gives_higher_PrFutility_with_more_futility_looks"/>
    <testcase time="45.027" classname="ocPredprobDist" name="ocPredprobDist_gives_higher_PrFutility_with_more_futility_looks"/>
    <testcase time="0.00300000000000011" classname="ocPredprobDist" name="ocPredprobDist_gives_higher_PrFutility_with_more_futility_looks"/>
    <testcase time="7.21600000000001" classname="ocPredprobDist" name="ocPredprobDist_gives_higher_PrEfficacy_with_more_efficacy_looks"/>
    <testcase time="16.697" classname="ocPredprobDist" name="ocPredprobDist_gives_higher_PrEfficacy_with_more_efficacy_looks"/>
    <testcase time="0.00300000000000011" classname="ocPredprobDist" name="ocPredprobDist_gives_higher_PrEfficacy_with_more_efficacy_looks"/>
  </testsuite>
  <testsuite name="ocRctPostprobDist" timestamp="2025-06-17T12:29:01Z" hostname="6e81c72a5823" tests="24" skipped="0" failures="0" errors="0" time="0.703">
    <testcase time="0.00900000000000034" classname="ocRctPostprobDist" name="h_get_decisionDist_rct_gives_correct_result_and_list_when_relativeDelta_TRUE"/>
    <testcase time="0.00200000000000955" classname="ocRctPostprobDist" name="h_get_decisionDist_rct_gives_correct_result_and_list_when_relativeDelta_TRUE"/>
    <testcase time="0.00399999999999068" classname="ocRctPostprobDist" name="h_get_decisionDist_rct_gives_correct_result_and_list_when_relativeDelta_TRUE"/>
    <testcase time="0.00300000000000011" classname="ocRctPostprobDist" name="h_get_decisionDist_rct_gives_correct_result_and_list_when_relativeDelta_TRUE"/>
    <testcase time="0.00100000000000477" classname="ocRctPostprobDist" name="h_get_decisionDist_rct_gives_correct_result_and_list_when_relativeDelta_TRUE"/>
    <testcase time="0.00499999999999545" classname="ocRctPostprobDist" name="h_get_decisionDist_rct_gives_correct_result_and_list_when_relativeDelta_FALSE"/>
    <testcase time="0.00300000000000011" classname="ocRctPostprobDist" name="h_get_decisionDist_rct_gives_correct_result_and_list_when_relativeDelta_FALSE"/>
    <testcase time="0.00400000000000489" classname="ocRctPostprobDist" name="h_get_decisionDist_rct_gives_correct_result_and_list_when_relativeDelta_FALSE"/>
    <testcase time="0.00499999999999545" classname="ocRctPostprobDist" name="h_get_decisionDist_rct_gives_correct_result_and_list_when_relativeDelta_FALSE"/>
    <testcase time="0.00100000000000477" classname="ocRctPostprobDist" name="h_get_decisionDist_rct_gives_correct_result_and_list_when_relativeDelta_FALSE"/>
    <testcase time="0.00600000000000023" classname="ocRctPostprobDist" name="the_ExpectedN_is_within_range_based_on_vector_of_looks"/>
    <testcase time="0.00600000000000023" classname="ocRctPostprobDist" name="the_ExpectedN_is_within_range_based_on_vector_of_looks"/>
    <testcase time="0.00300000000000011" classname="ocRctPostprobDist" name="the_ExpectedN_is_within_range_based_on_vector_of_looks"/>
    <testcase time="0.00300000000000011" classname="ocRctPostprobDist" name="the_ExpectedN_is_within_range_based_on_vector_of_looks"/>
    <testcase time="0.00400000000000489" classname="ocRctPostprobDist" name="the_ExpectedN_is_within_range_based_on_vector_of_looks"/>
    <testcase time="0.00199999999999534" classname="ocRctPostprobDist" name="the_ExpectedN_is_within_range_based_on_vector_of_looks"/>
    <testcase time="0.138999999999996" classname="ocRctPostprobDist" name="the_sum_of_Eff_Fut_Gray_zone_probabiliy_is_1"/>
    <testcase time="0.00300000000000011" classname="ocRctPostprobDist" name="the_sum_of_Eff_Fut_Gray_zone_probabiliy_is_1"/>
    <testcase time="0.189000000000007" classname="ocRctPostprobDist" name="ocRctPostprobDist_gives_higher_PrFutility_with_decreased_pE"/>
    <testcase time="0.134" classname="ocRctPostprobDist" name="ocRctPostprobDist_gives_higher_PrFutility_with_decreased_pE"/>
    <testcase time="0.00300000000000011" classname="ocRctPostprobDist" name="ocRctPostprobDist_gives_higher_PrFutility_with_decreased_pE"/>
    <testcase time="0.0939999999999941" classname="ocRctPostprobDist" name="ocRctPostprobDist_gives_higher_PrEfficacy_with_increased_pE"/>
    <testcase time="0.0760000000000076" classname="ocRctPostprobDist" name="ocRctPostprobDist_gives_higher_PrEfficacy_with_increased_pE"/>
    <testcase time="0.00399999999999068" classname="ocRctPostprobDist" name="ocRctPostprobDist_gives_higher_PrEfficacy_with_increased_pE"/>
  </testsuite>
  <testsuite name="ocRctPredprobDist" timestamp="2025-06-17T12:29:02Z" hostname="6e81c72a5823" tests="28" skipped="0" failures="0" errors="0" time="27.999">
    <testcase time="0.0110000000000099" classname="ocRctPredprobDist" name="h_decision_one_RctPredProbDist_gives_correct_result_and_list_when_relativeDelta_TRUE"/>
    <testcase time="0.00300000000000011" classname="ocRctPredprobDist" name="h_decision_one_RctPredProbDist_gives_correct_result_and_list_when_relativeDelta_TRUE"/>
    <testcase time="0.00300000000000011" classname="ocRctPredprobDist" name="h_decision_one_RctPredProbDist_gives_correct_result_and_list_when_relativeDelta_TRUE"/>
    <testcase time="0.00399999999999068" classname="ocRctPredprobDist" name="h_decision_one_RctPredProbDist_gives_correct_result_and_list_when_relativeDelta_TRUE"/>
    <testcase time="0.00100000000000477" classname="ocRctPredprobDist" name="h_decision_one_RctPredProbDist_gives_correct_result_and_list_when_relativeDelta_TRUE"/>
    <testcase time="0.00499999999999545" classname="ocRctPredprobDist" name="h_decision_one_RctPredProbDist_gives_correct_result_and_list_when_relativeDelta_FALSE"/>
    <testcase time="0.00300000000000011" classname="ocRctPredprobDist" name="h_decision_one_RctPredProbDist_gives_correct_result_and_list_when_relativeDelta_FALSE"/>
    <testcase time="0.00400000000000489" classname="ocRctPredprobDist" name="h_decision_one_RctPredProbDist_gives_correct_result_and_list_when_relativeDelta_FALSE"/>
    <testcase time="0.00300000000000011" classname="ocRctPredprobDist" name="h_decision_one_RctPredProbDist_gives_correct_result_and_list_when_relativeDelta_FALSE"/>
    <testcase time="0.00100000000000477" classname="ocRctPredprobDist" name="h_decision_one_RctPredProbDist_gives_correct_result_and_list_when_relativeDelta_FALSE"/>
    <testcase time="0.00499999999999545" classname="ocRctPredprobDist" name="h_decision_two_RctpredprobDist_gives_correct_result_and_list_when_relativeDelta_TRUE"/>
    <testcase time="0.00399999999999068" classname="ocRctPredprobDist" name="h_decision_two_RctpredprobDist_gives_correct_result_and_list_when_relativeDelta_TRUE"/>
    <testcase time="0.00300000000000011" classname="ocRctPredprobDist" name="h_decision_two_RctpredprobDist_gives_correct_result_and_list_when_relativeDelta_TRUE"/>
    <testcase time="0.00300000000000011" classname="ocRctPredprobDist" name="h_decision_two_RctpredprobDist_gives_correct_result_and_list_when_relativeDelta_TRUE"/>
    <testcase time="0.00100000000000477" classname="ocRctPredprobDist" name="h_decision_two_RctpredprobDist_gives_correct_result_and_list_when_relativeDelta_TRUE"/>
    <testcase time="0.00499999999999545" classname="ocRctPredprobDist" name="h_decision_two_RctpredprobDist_gives_correct_result_and_list_when_relativeDelta_FALSE"/>
    <testcase time="0.00400000000000489" classname="ocRctPredprobDist" name="h_decision_two_RctpredprobDist_gives_correct_result_and_list_when_relativeDelta_FALSE"/>
    <testcase time="0.00300000000000011" classname="ocRctPredprobDist" name="h_decision_two_RctpredprobDist_gives_correct_result_and_list_when_relativeDelta_FALSE"/>
    <testcase time="0.00300000000000011" classname="ocRctPredprobDist" name="h_decision_two_RctpredprobDist_gives_correct_result_and_list_when_relativeDelta_FALSE"/>
    <testcase time="0.00100000000000477" classname="ocRctPredprobDist" name="h_decision_two_RctpredprobDist_gives_correct_result_and_list_when_relativeDelta_FALSE"/>
    <testcase time="5.60600000000001" classname="ocRctPredprobDist" name="the_sum_of_Eff_Fut_Gray_zone_probability_is_1"/>
    <testcase time="0.00399999999999068" classname="ocRctPredprobDist" name="the_sum_of_Eff_Fut_Gray_zone_probability_is_1"/>
    <testcase time="5.541" classname="ocRctPredprobDist" name="ocRctPredprobDist_gives_higher_PrFutility_with_decreased_pE"/>
    <testcase time="5.63499999999999" classname="ocRctPredprobDist" name="ocRctPredprobDist_gives_higher_PrFutility_with_decreased_pE"/>
    <testcase time="0.00300000000001432" classname="ocRctPredprobDist" name="ocRctPredprobDist_gives_higher_PrFutility_with_decreased_pE"/>
    <testcase time="5.511" classname="ocRctPredprobDist" name="ocRctPredprobDist_gives_higher_PrEfficacy_with_increased_pE"/>
    <testcase time="5.626" classname="ocRctPredprobDist" name="ocRctPredprobDist_gives_higher_PrEfficacy_with_increased_pE"/>
    <testcase time="0.0029999999999859" classname="ocRctPredprobDist" name="ocRctPredprobDist_gives_higher_PrEfficacy_with_increased_pE"/>
  </testsuite>
  <testsuite name="plotBeta" timestamp="2025-06-17T12:29:30Z" hostname="6e81c72a5823" tests="5" skipped="0" failures="0" errors="0" time="0.033">
    <testcase time="0.0270000000000152" classname="plotBeta" name="plotBeta_gives_a_correct_result"/>
    <testcase time="0.00100000000000477" classname="plotBeta" name="plotBeta_gives_a_correct_result"/>
    <testcase time="0.00199999999998113" classname="plotBeta" name="plotBeta_gives_a_correct_result"/>
    <testcase time="0.00100000000000477" classname="plotBeta" name="plotBeta_gives_a_correct_result"/>
    <testcase time="0.00200000000000955" classname="plotBeta" name="plotBeta_gives_a_correct_result"/>
  </testsuite>
  <testsuite name="plotBetaDiff" timestamp="2025-06-17T12:29:30Z" hostname="6e81c72a5823" tests="2" skipped="0" failures="1" errors="0" time="1.555">
    <testcase time="0.794999999999987" classname="plotBetaDiff" name="plotBetaDiff_works_as_expected"/>
    <testcase time="0.760000000000019" classname="plotBetaDiff" name="plotBetaDiff_works_as_expected">
      <failure type="failure" message="Snapshot of `testcase` to 'plotBetaDiff/plot-of-distibution-of-difference-of-two-arms-with-beta-mixture.svg' has changed ('test-plotBetaDiff.R:22:3')">Snapshot of `testcase` to 'plotBetaDiff/plot-of-distibution-of-difference-of-two-arms-with-beta-mixture.svg' has changed
* Download and unzip run artifact
* Copy 'tests/testthat/_snaps/plotBetaDiff/plot-of-distibution-of-difference-of-two-arms-with-beta-mixture.new.svg' to local test directory
* Run `testthat::snapshot_review('plotBetaDiff/')` to review changes
Backtrace:
    x
 1. \-vdiffr::expect_doppelganger(...) at test-plotBetaDiff.R:22:3
 2.   +-base::withCallingHandlers(...)
 3.   \-testthat::expect_snapshot_file(...)</failure>
    </testcase>
  </testsuite>
  <testsuite name="plotOc" timestamp="2025-06-17T12:29:31Z" hostname="6e81c72a5823" tests="19" skipped="0" failures="0" errors="0" time="208.815">
    <testcase time="0.0689999999999884" classname="plotOc" name="h_get_dataframe_oc_gives_correct_results_for_ocPostprob_for_wiggle_TRUE"/>
    <testcase time="0.0449999999999875" classname="plotOc" name="h_get_dataframe_oc_gives_correct_results_for_ocPostprob_for_wiggle_TRUE"/>
    <testcase time="0.135000000000019" classname="plotOc" name="h_get_dataframe_oc_gives_correct_results_for_ocPredprob_when_decision1_FALSE"/>
    <testcase time="0.0120000000000005" classname="plotOc" name="h_get_dataframe_oc_gives_correct_results_for_ocPredprob_when_decision1_FALSE"/>
    <testcase time="55.18" classname="plotOc" name="h_get_dataframe_oc_gives_correct_results_for_ocPredprobDist_when_relativeDelta_FALSE"/>
    <testcase time="0.0110000000000241" classname="plotOc" name="h_get_dataframe_oc_gives_correct_results_for_ocPredprobDist_when_relativeDelta_FALSE"/>
    <testcase time="48.07" classname="plotOc" name="h_get_dataframe_oc_gives_correct_results_for_ocPredprobDist_when_relativeDelta_TRUE"/>
    <testcase time="0.0150000000000432" classname="plotOc" name="h_get_dataframe_oc_gives_correct_results_for_ocPredprobDist_when_relativeDelta_TRUE"/>
    <testcase time="0.0819999999999936" classname="plotOc" name="h_get_dataframe_oc_gives_correct_results_for_ocRctPostprobDist_when_relativeDelta_FALSE"/>
    <testcase time="1.99399999999997" classname="plotOc" name="h_get_dataframe_oc_gives_correct_results_for_ocRctPredprobDist_relativeDelta_TRUE"/>
    <testcase time="0.0110000000000241" classname="plotOc" name="h_get_dataframe_oc_gives_correct_results_for_ocRctPredprobDist_relativeDelta_TRUE"/>
    <testcase time="0.0489999999999782" classname="plotOc" name="plotOc_gives_expected_results_for_ocPostprob_and_ocPredprob_"/>
    <testcase time="0.12700000000001" classname="plotOc" name="plotOc_gives_expected_results_for_ocPostprob_and_ocPredprob_"/>
    <testcase time="0.151999999999987" classname="plotOc" name="plotOc_gives_expected_results_for_ocPostprob_and_ocPredprob_"/>
    <testcase time="0.221000000000004" classname="plotOc" name="plotOc_gives_expected_results_for_ocPostprob_and_ocPredprob_"/>
    <testcase time="55.581" classname="plotOc" name="plotOc_gives_expected_results_for_ocPredprobDist_with_different_relativeDelta_status"/>
    <testcase time="46.826" classname="plotOc" name="plotOc_gives_expected_results_for_ocPredprobDist_with_different_relativeDelta_status"/>
    <testcase time="0.132000000000005" classname="plotOc" name="plotOc_gives_expected_results_for_ocPredprobDist_with_different_relativeDelta_status"/>
    <testcase time="0.103000000000009" classname="plotOc" name="plotOc_gives_expected_results_for_ocPredprobDist_with_different_relativeDelta_status"/>
  </testsuite>
  <testsuite name="postprob" timestamp="2025-06-17T12:33:00Z" hostname="6e81c72a5823" tests="6" skipped="0" failures="0" errors="0" time="0.047">
    <testcase time="0.00999999999999091" classname="postprob" name="postprobBeta_gives_the_correct_number_result"/>
    <testcase time="0.00599999999997181" classname="postprob" name="postprobBeta_gives_incrementally_higher_values_with_increase_x_support"/>
    <testcase time="0.007000000000005" classname="postprob" name="postprob_gives_the_correct_number_result"/>
    <testcase time="0.0100000000000477" classname="postprob" name="postprob_gives_the_correct_number_result"/>
    <testcase time="0.00599999999997181" classname="postprob" name="postprob_gives_incrementally_higher_values_with_increased_x"/>
    <testcase time="0.00799999999998136" classname="postprob" name="postprob_works_with_vector_x"/>
  </testsuite>
  <testsuite name="postprobDist" timestamp="2025-06-17T12:33:00Z" hostname="6e81c72a5823" tests="13" skipped="0" failures="0" errors="0" time="0.118">
    <testcase time="0.0110000000000241" classname="postprobDist" name="postprobDist_gives_the_correct_number_result."/>
    <testcase time="0.00900000000001455" classname="postprobDist" name="postprobDist_gives_incrementally_higher_values_with_larger_x"/>
    <testcase time="0.0120000000000005" classname="postprobDist" name="postprobDist_gives_higher_values_with_larger_x_and_returns_identical_result_when_x_is_a_vector"/>
    <testcase time="0.00799999999998136" classname="postprobDist" name="postprobDist_gives_the_correct_result_for_a_beta_mixture"/>
    <testcase time="0.00999999999999091" classname="postprobDist" name="postprobDist_gives_incrementally_higher_values_with_larger_x_for_a_beta_mixture"/>
    <testcase time="0.00799999999998136" classname="postprobDist" name="postprobDist_gives_the_correct_result_for_a_weighted_beta_mixture"/>
    <testcase time="0.0130000000000337" classname="postprobDist" name="postprobDist_works_with_vector_x"/>
    <testcase time="0.00799999999998136" classname="postprobDist" name="postprobDist_gives_an_error_when_n_is_not_a_number."/>
    <testcase time="0.00900000000001455" classname="postprobDist" name="postprobDist_gives_an_error_when_xS_and_nS_are_not_numbers"/>
    <testcase time="0.007000000000005" classname="postprobDist" name="h_integrand_relDelta_gives_the_correct_numerical_result_for_a_beta_mixture."/>
    <testcase time="0.007000000000005" classname="postprobDist" name="h_integrand_relDelta_gives_the_correct_numerical_result_for_a_weighted_beta_mixture."/>
    <testcase time="0.00599999999997181" classname="postprobDist" name="h_integrand_gives_the_correct_numerical_result_for_a_beta_mixture"/>
    <testcase time="0.00999999999999091" classname="postprobDist" name="h_integrand_works_as_expected_for_a_weighted_beta_mixture."/>
  </testsuite>
  <testsuite name="predprob" timestamp="2025-06-17T12:33:00Z" hostname="6e81c72a5823" tests="10" skipped="0" failures="0" errors="0" time="0.098">
    <testcase time="0.0120000000000005" classname="predprob" name="predprob_gives_correct_result"/>
    <testcase time="0.00900000000001455" classname="predprob" name="Higher_thetaT_decreases_predprob"/>
    <testcase time="0.0080000000000382" classname="predprob" name="predprob_gives_an_error_when_x_is_a_numeric"/>
    <testcase time="0.00799999999998136" classname="predprob" name="predprob_gives_an_error_when_K_columns_of_weights_exceed_rows_parE"/>
    <testcase time="0.00799999999998136" classname="predprob" name="predprob_gives_an_error_when_K_columns_of_weights_is_less_than_rows_parE"/>
    <testcase time="0.00900000000001455" classname="predprob" name="predprob_gives_an_error_when_thetaT_exceeds_1"/>
    <testcase time="0.00900000000001455" classname="predprob" name="predprob_gives_the_correct_numeric_result_with_a_beta_mixture"/>
    <testcase time="0.00799999999998136" classname="predprob" name="predprob_gives_an_error_when_x_exceeds_interim_n"/>
    <testcase time="0.0129999999999768" classname="predprob" name="predprob_gives_an_error_when_Nmax_is_less_than_n"/>
    <testcase time="0.01400000000001" classname="predprob" name="predprob_gives_correct_list"/>
  </testsuite>
  <testsuite name="predprobDist" timestamp="2025-06-17T12:33:00Z" hostname="6e81c72a5823" tests="28" skipped="0" failures="0" errors="0" time="1.171">
    <testcase time="0.0180000000000291" classname="predprobDist" name="h_predprobdist_single_arm_gives_correct_results"/>
    <testcase time="0.007000000000005" classname="predprobDist" name="h_predprobdist_single_arm_gives_correct_results"/>
    <testcase time="0.0029999999999859" classname="predprobDist" name="h_predprobdist_single_arm_gives_correct_results"/>
    <testcase time="0.021000000000015" classname="predprobDist" name="h_predprobdist_single_arm_gives_higher_predictive_probability_when_thetaT_is_lower"/>
    <testcase time="0.0209999999999582" classname="predprobDist" name="h_predprobdist_single_arm_gives_correct_list"/>
    <testcase time="0.16700000000003" classname="predprobDist" name="h_predprobdist_gives_correct_list"/>
    <testcase time="0.0029999999999859" classname="predprobDist" name="h_predprobdist_gives_correct_list"/>
    <testcase time="0.00200000000000955" classname="predprobDist" name="h_predprobdist_gives_correct_list"/>
    <testcase time="0.00200000000000955" classname="predprobDist" name="h_predprobdist_gives_correct_list"/>
    <testcase time="0.0029999999999859" classname="predprobDist" name="h_predprobdist_gives_correct_list"/>
    <testcase time="0.000999999999976353" classname="predprobDist" name="h_predprobdist_gives_correct_list"/>
    <testcase time="0.00300000000004275" classname="predprobDist" name="h_predprobdist_gives_correct_list"/>
    <testcase time="0.00199999999995271" classname="predprobDist" name="h_predprobdist_gives_correct_list"/>
    <testcase time="0.0010000000000332" classname="predprobDist" name="h_predprobdist_gives_correct_list"/>
    <testcase time="0.00200000000000955" classname="predprobDist" name="h_predprobdist_gives_correct_list"/>
    <testcase time="0.0029999999999859" classname="predprobDist" name="h_predprobdist_gives_correct_list"/>
    <testcase time="0.330000000000041" classname="predprobDist" name="h_predprobdist_gives_higher_predictive_probability_when_thetaT_is_lower"/>
    <testcase time="0.0219999999999914" classname="predprobDist" name="h_predprobdist_gives_correct_results"/>
    <testcase time="0.0029999999999859" classname="predprobDist" name="h_predprobdist_gives_correct_results"/>
    <testcase time="0.0029999999999859" classname="predprobDist" name="h_predprobdist_gives_correct_results"/>
    <testcase time="0.0219999999999914" classname="predprobDist" name="predprobDist_gives_the_correct_results_in_a_single_arm_study"/>
    <testcase time="0.00300000000004275" classname="predprobDist" name="predprobDist_gives_the_correct_results_in_a_single_arm_study"/>
    <testcase time="0.0029999999999859" classname="predprobDist" name="predprobDist_gives_the_correct_results_in_a_single_arm_study"/>
    <testcase time="0.168000000000006" classname="predprobDist" name="predprobDist_gives_the_correct_results_in_a_two_arm_study"/>
    <testcase time="0.0029999999999859" classname="predprobDist" name="predprobDist_gives_the_correct_results_in_a_two_arm_study"/>
    <testcase time="0.00499999999999545" classname="predprobDist" name="predprobDist_gives_the_correct_results_in_a_two_arm_study"/>
    <testcase time="0.324999999999989" classname="predprobDist" name="predprobDist_gives_higher_predictive_probability_when_thetaT_is_lower_in_a_single_arm_trial"/>
    <testcase time="0.0250000000000341" classname="predprobDist" name="predprobDist_gives_higher_predictive_probability_when_thetaT_is_lower_in_a_two_arm_trial"/>
  </testsuite>
  <testsuite name="sumTable" timestamp="2025-06-17T12:33:01Z" hostname="6e81c72a5823" tests="4" skipped="0" failures="0" errors="0" time="0.305">
    <testcase time="0.211999999999989" classname="sumTable" name="sumTable_works_as_expected"/>
    <testcase time="0.00799999999998136" classname="sumTable" name="sumTable_gives_a_error_when_at_least_one_beta_prior_parameter_is_0"/>
    <testcase time="0.0769999999999982" classname="sumTable" name="sumTable_works_as_expected_when_x_0"/>
    <testcase time="0.0080000000000382" classname="sumTable" name="sumTable_gives_an_error_as_expected_when_n_0"/>
  </testsuite>
  <testsuite name="sumbetadiff" timestamp="2025-06-17T12:33:02Z" hostname="6e81c72a5823" tests="7" skipped="0" failures="0" errors="0" time="0.11">
    <testcase time="0.0859999999999559" classname="sumbetadiff" name="sumbetadiff_works_as_expected"/>
    <testcase time="0.0040000000000191" classname="sumbetadiff" name="sumbetadiff_works_as_expected"/>
    <testcase time="0.0029999999999859" classname="sumbetadiff" name="sumbetadiff_works_as_expected"/>
    <testcase time="0.0040000000000191" classname="sumbetadiff" name="sumbetadiff_works_as_expected"/>
    <testcase time="0.0029999999999859" classname="sumbetadiff" name="sumbetadiff_works_as_expected"/>
    <testcase time="0.00200000000000955" classname="sumbetadiff" name="sumbetadiff_works_as_expected"/>
    <testcase time="0.00799999999998136" classname="sumbetadiff" name="sumbetadiff_gives_a_error_when_at_least_one_alpha_0"/>
  </testsuite>
</testsuites>
