<?xml version="1.0" encoding="UTF-8"?>
<testsuites>
  <testsuite name="helpers" timestamp="2023-08-16T12:48:12Z" hostname="c3205e6e7dfb" tests="4" skipped="0" failures="0" errors="0" time="0.14">
    <testcase time="0.04" classname="helpers" name="logit_works_as_expected"/>
    <testcase time="0.0660000000000001" classname="helpers" name="logit_works_as_expected"/>
    <testcase time="0.019" classname="helpers" name="logit_works_as_expected"/>
    <testcase time="0.0149999999999999" classname="helpers" name="logit_gives_expected_value_for_example_value_0.2"/>
  </testsuite>
</testsuites>
