<?xml version="1.0" encoding="UTF-8"?>
<testsuites>
  <testsuite name="helpers" timestamp="2023-08-16T13:30:58Z" hostname="34c140f06294" tests="4" skipped="0" failures="0" errors="0" time="0.17">
    <testcase time="0.056" classname="helpers" name="logit_works_as_expected"/>
    <testcase time="0.073" classname="helpers" name="logit_works_as_expected"/>
    <testcase time="0.022" classname="helpers" name="logit_works_as_expected"/>
    <testcase time="0.019" classname="helpers" name="logit_gives_expected_value_for_example_value_0.2"/>
  </testsuite>
</testsuites>
