<?xml version="1.0" encoding="UTF-8"?>
<testsuites>
  <testsuite name="betadiff" timestamp="2024-05-18T14:35:00Z" hostname="a62121b28de0" tests="8" skipped="0" failures="0" errors="0" time="0.666">
    <testcase time="0.013" classname="betadiff" name="dbetadiff_gives_error_with_empty_numeric_for_z"/>
    <testcase time="0.288" classname="betadiff" name="Monte_Carlo_result_converges_to_Go_probability"/>
    <testcase time="0.204" classname="betadiff" name="Monte_Carlo_result_converges_to_Stop_probability"/>
    <testcase time="0.014" classname="betadiff" name="pbetadiff_gives_the_correct_number_result"/>
    <testcase time="0.0229999999999999" classname="betadiff" name="The_pbetadiff_has_incrementally_higher_cdf_with_increase_x_support"/>
    <testcase time="0.00900000000000001" classname="betadiff" name="The_entire_Z_domain_from_1_to_1_gives_a_pbetadiff_of_1"/>
    <testcase time="0.0570000000000001" classname="betadiff" name="qbetadiff_gives_the_correct_number_result"/>
    <testcase time="0.0579999999999999" classname="betadiff" name="The_result_of_qbetadiff_corresponds_to_the_result_of_pbetadiff_"/>
  </testsuite>
  <testsuite name="dbetabinom" timestamp="2024-05-18T14:35:01Z" hostname="a62121b28de0" tests="26" skipped="0" failures="0" errors="0" time="0.268">
    <testcase time="0.013" classname="dbetabinom" name="dbetabinom_for_every_x_support_is_between_0_and_1"/>
    <testcase time="0.005" classname="dbetabinom" name="sum_of_the_dbetabinom_values_over_the_whole_support_for_x_is_1"/>
    <testcase time="0.00800000000000001" classname="dbetabinom" name="dbetabinom_gives_correct_numeric_result_with_uniform_parameters"/>
    <testcase time="0.004" classname="dbetabinom" name="dbetabinomMix_gives_a_result_between_0_and_1"/>
    <testcase time="0.00700000000000012" classname="dbetabinom" name="dbetabinomMix_gives_the_correct_numeric_result_with_non_uniform_parameters"/>
    <testcase time="0.00600000000000001" classname="dbetabinom" name="Sum_of_dbetabinomMix_for_all_x_is_1"/>
    <testcase time="0.00599999999999978" classname="dbetabinom" name="dbetabinomMix_gives_the_correct_numeric_result_with_beta_mixture"/>
    <testcase time="0.00600000000000001" classname="dbetabinom" name="The_pbetaMix_has_incrementally_higher_cdf_with_larger_x"/>
    <testcase time="0.00500000000000012" classname="dbetabinom" name="pbetaMix_gives_the_correct_number_result_with_beta_mixture"/>
    <testcase time="0.00600000000000001" classname="dbetabinom" name="The_complement_of_pbetaMix_can_be_derived_with_a_different_lower.tail_flag"/>
    <testcase time="0.0069999999999999" classname="dbetabinom" name="qbetaMix_gives_the_correct_number_result_with_beta_mixture"/>
    <testcase time="0.00700000000000012" classname="dbetabinom" name="qbetaMix_gives_the_correct_number_result_with_beta_mixture_with_increased_parameters"/>
    <testcase time="0.0720000000000001" classname="dbetabinom" name="qbetaMix_gives_a_number_result_with_beta_mixture"/>
    <testcase time="0.00499999999999989" classname="dbetabinom" name="qbetaMix_works_as_expected_for_edge_cases"/>
    <testcase time="0.00300000000000011" classname="dbetabinom" name="qbetaMix_works_as_expected_for_edge_cases"/>
    <testcase time="0.00600000000000001" classname="dbetabinom" name="dbetaMix_gives_the_correct_result_with_a_1_mixture_component"/>
    <testcase time="0.00600000000000001" classname="dbetabinom" name="dbetaMix_gives_the_correct_result_with_increased_parameters"/>
    <testcase time="0.0549999999999999" classname="dbetabinom" name="dbetaMix_gives_error_when_weights_do_not_sum_to_1"/>
    <testcase time="0.00499999999999989" classname="dbetabinom" name="dbetaMix_gives_the_correct_result_as_dbeta"/>
    <testcase time="0.00600000000000001" classname="dbetabinom" name="h_getBetamixPost_gives_the_correct_beta_mixture_parameters"/>
    <testcase time="0.00500000000000012" classname="dbetabinom" name="h_getBetamixPost_gives_weight_of_1_for_a_single_beta_distribution"/>
    <testcase time="0.00600000000000001" classname="dbetabinom" name="h_getBetamixPost_gives_correct_weights_with_2_beta_mixture_component"/>
    <testcase time="0.00299999999999989" classname="dbetabinom" name="h_getBetamixPost_gives_correct_weights_with_2_beta_mixture_component"/>
    <testcase time="0.00600000000000001" classname="dbetabinom" name="h_getBetamixPost_gives_the_correct_weights_when_sum_of_weights_is_not_1_in_beta_mixture"/>
    <testcase time="0.002" classname="dbetabinom" name="h_getBetamixPost_gives_the_correct_weights_when_sum_of_weights_is_not_1_in_beta_mixture"/>
    <testcase time="0.00800000000000001" classname="dbetabinom" name="h_getBetamixPost_gives_error_when_K_rows_of_weights_exceed_length_of_par"/>
  </testsuite>
  <testsuite name="helpers" timestamp="2024-05-18T14:35:01Z" hostname="a62121b28de0" tests="4" skipped="0" failures="0" errors="0" time="0.028">
    <testcase time="0.0170000000000001" classname="helpers" name="logit_works_as_expected"/>
    <testcase time="0.00299999999999989" classname="helpers" name="logit_works_as_expected"/>
    <testcase time="0.002" classname="helpers" name="logit_works_as_expected"/>
    <testcase time="0.00600000000000001" classname="helpers" name="logit_gives_expected_value_for_example_value_0.2"/>
  </testsuite>
  <testsuite name="ocPostprob" timestamp="2024-05-18T14:35:01Z" hostname="a62121b28de0" tests="1031" skipped="0" failures="0" errors="0" time="50.447">
    <testcase time="0.00800000000000001" classname="ocPostprob" name="h_dist0_works_as_expected"/>
    <testcase time="0.002" classname="ocPostprob" name="h_dist0_works_as_expected"/>
    <testcase time="0.00299999999999989" classname="ocPostprob" name="h_dist0_works_as_expected"/>
    <testcase time="0.002" classname="ocPostprob" name="h_dist0_works_as_expected"/>
    <testcase time="0.00300000000000011" classname="ocPostprob" name="h_dist0_works_as_expected"/>
    <testcase time="0.002" classname="ocPostprob" name="h_dist0_works_as_expected"/>
    <testcase time="0.00299999999999989" classname="ocPostprob" name="h_dist0_works_as_expected"/>
    <testcase time="0.00700000000000012" classname="ocPostprob" name="h_get_distance_gives_an_error_with_one_element_numeric"/>
    <testcase time="0.004" classname="ocPostprob" name="h_get_distance_gives_results_within_range"/>
    <testcase time="0.0089999999999999" classname="ocPostprob" name="h_get_distance_gives_an_error_with_non_sorted_argument"/>
    <testcase time="0.00600000000000001" classname="ocPostprob" name="h_get_looks_gives_correct_results_if_input_is_identical"/>
    <testcase time="0.00600000000000001" classname="ocPostprob" name="h_get_looks_gives_correct_results_if_input_is_identical"/>
    <testcase time="0.004" classname="ocPostprob" name="h_get_looks_together_with_h_get_distance_always_gives_unique_looks"/>
    <testcase time="0.00100000000000011" classname="ocPostprob" name="h_get_looks_together_with_h_get_distance_always_gives_unique_looks"/>
    <testcase time="0.00099999999999989" classname="ocPostprob" name="h_get_looks_together_with_h_get_distance_always_gives_unique_looks"/>
    <testcase time="0.00100000000000011" classname="ocPostprob" name="h_get_looks_together_with_h_get_distance_always_gives_unique_looks"/>
    <testcase time="0.00099999999999989" classname="ocPostprob" name="h_get_looks_together_with_h_get_distance_always_gives_unique_looks"/>
    <testcase time="0.00100000000000011" classname="ocPostprob" name="h_get_looks_together_with_h_get_distance_always_gives_unique_looks"/>
    <testcase time="0.00099999999999989" classname="ocPostprob" name="h_get_looks_together_with_h_get_distance_always_gives_unique_looks"/>
    <testcase time="0.00100000000000011" classname="ocPostprob" name="h_get_looks_together_with_h_get_distance_always_gives_unique_looks"/>
    <testcase time="0.002" classname="ocPostprob" name="h_get_looks_together_with_h_get_distance_always_gives_unique_looks"/>
    <testcase time="0.00099999999999989" classname="ocPostprob" name="h_get_looks_together_with_h_get_distance_always_gives_unique_looks"/>
    <testcase time="0.00100000000000011" classname="ocPostprob" name="h_get_looks_together_with_h_get_distance_always_gives_unique_looks"/>
    <testcase time="0.00099999999999989" classname="ocPostprob" name="h_get_looks_together_with_h_get_distance_always_gives_unique_looks"/>
    <testcase time="0.00100000000000011" classname="ocPostprob" name="h_get_looks_together_with_h_get_distance_always_gives_unique_looks"/>
    <testcase time="0.00099999999999989" classname="ocPostprob" name="h_get_looks_together_with_h_get_distance_always_gives_unique_looks"/>
    <testcase time="0.00100000000000011" classname="ocPostprob" name="h_get_looks_together_with_h_get_distance_always_gives_unique_looks"/>
    <testcase time="0.002" classname="ocPostprob" name="h_get_looks_together_with_h_get_distance_always_gives_unique_looks"/>
    <testcase time="0.00099999999999989" classname="ocPostprob" name="h_get_looks_together_with_h_get_distance_always_gives_unique_looks"/>
    <testcase time="0.00100000000000011" classname="ocPostprob" name="h_get_looks_together_with_h_get_distance_always_gives_unique_looks"/>
    <testcase time="0.00099999999999989" classname="ocPostprob" name="h_get_looks_together_with_h_get_distance_always_gives_unique_looks"/>
    <testcase time="0.00100000000000011" classname="ocPostprob" name="h_get_looks_together_with_h_get_distance_always_gives_unique_looks"/>
    <testcase time="0.00099999999999989" classname="ocPostprob" name="h_get_looks_together_with_h_get_distance_always_gives_unique_looks"/>
    <testcase time="0.00100000000000011" classname="ocPostprob" name="h_get_looks_together_with_h_get_distance_always_gives_unique_looks"/>
    <testcase time="0.002" classname="ocPostprob" name="h_get_looks_together_with_h_get_distance_always_gives_unique_looks"/>
    <testcase time="0.00099999999999989" classname="ocPostprob" name="h_get_looks_together_with_h_get_distance_always_gives_unique_looks"/>
    <testcase time="0.00100000000000011" classname="ocPostprob" name="h_get_looks_together_with_h_get_distance_always_gives_unique_looks"/>
    <testcase time="0.00099999999999989" classname="ocPostprob" name="h_get_looks_together_with_h_get_distance_always_gives_unique_looks"/>
    <testcase time="0.00100000000000011" classname="ocPostprob" name="h_get_looks_together_with_h_get_distance_always_gives_unique_looks"/>
    <testcase time="0.00099999999999989" classname="ocPostprob" name="h_get_looks_together_with_h_get_distance_always_gives_unique_looks"/>
    <testcase time="0.00100000000000011" classname="ocPostprob" name="h_get_looks_together_with_h_get_distance_always_gives_unique_looks"/>
    <testcase time="0.002" classname="ocPostprob" name="h_get_looks_together_with_h_get_distance_always_gives_unique_looks"/>
    <testcase time="0.00099999999999989" classname="ocPostprob" name="h_get_looks_together_with_h_get_distance_always_gives_unique_looks"/>
    <testcase time="0.00100000000000011" classname="ocPostprob" name="h_get_looks_together_with_h_get_distance_always_gives_unique_looks"/>
    <testcase time="0.00099999999999989" classname="ocPostprob" name="h_get_looks_together_with_h_get_distance_always_gives_unique_looks"/>
    <testcase time="0.00100000000000011" classname="ocPostprob" name="h_get_looks_together_with_h_get_distance_always_gives_unique_looks"/>
    <testcase time="0.00099999999999989" classname="ocPostprob" name="h_get_looks_together_with_h_get_distance_always_gives_unique_looks"/>
    <testcase time="0.002" classname="ocPostprob" name="h_get_looks_together_with_h_get_distance_always_gives_unique_looks"/>
    <testcase time="0.00100000000000011" classname="ocPostprob" name="h_get_looks_together_with_h_get_distance_always_gives_unique_looks"/>
    <testcase time="0.00099999999999989" classname="ocPostprob" name="h_get_looks_together_with_h_get_distance_always_gives_unique_looks"/>
    <testcase time="0.00100000000000011" classname="ocPostprob" name="h_get_looks_together_with_h_get_distance_always_gives_unique_looks"/>
    <testcase time="0.00299999999999989" classname="ocPostprob" name="h_get_looks_together_with_h_get_distance_always_gives_unique_looks"/>
    <testcase time="0.002" classname="ocPostprob" name="h_get_looks_together_with_h_get_distance_always_gives_unique_looks"/>
    <testcase time="0.00100000000000011" classname="ocPostprob" name="h_get_looks_together_with_h_get_distance_always_gives_unique_looks"/>
    <testcase time="0.00099999999999989" classname="ocPostprob" name="h_get_looks_together_with_h_get_distance_always_gives_unique_looks"/>
    <testcase time="0.002" classname="ocPostprob" name="h_get_looks_together_with_h_get_distance_always_gives_unique_looks"/>
    <testcase time="0.00100000000000011" classname="ocPostprob" name="h_get_looks_together_with_h_get_distance_always_gives_unique_looks"/>
    <testcase time="0.00099999999999989" classname="ocPostprob" name="h_get_looks_together_with_h_get_distance_always_gives_unique_looks"/>
    <testcase time="0.00100000000000011" classname="ocPostprob" name="h_get_looks_together_with_h_get_distance_always_gives_unique_looks"/>
    <testcase time="0.002" classname="ocPostprob" name="h_get_looks_together_with_h_get_distance_always_gives_unique_looks"/>
    <testcase time="0.00099999999999989" classname="ocPostprob" name="h_get_looks_together_with_h_get_distance_always_gives_unique_looks"/>
    <testcase time="0.00100000000000011" classname="ocPostprob" name="h_get_looks_together_with_h_get_distance_always_gives_unique_looks"/>
    <testcase time="0.00099999999999989" classname="ocPostprob" name="h_get_looks_together_with_h_get_distance_always_gives_unique_looks"/>
    <testcase time="0.00100000000000011" classname="ocPostprob" name="h_get_looks_together_with_h_get_distance_always_gives_unique_looks"/>
    <testcase time="0.00100000000000011" classname="ocPostprob" name="h_get_looks_together_with_h_get_distance_always_gives_unique_looks"/>
    <testcase time="0.00099999999999989" classname="ocPostprob" name="h_get_looks_together_with_h_get_distance_always_gives_unique_looks"/>
    <testcase time="0.00100000000000011" classname="ocPostprob" name="h_get_looks_together_with_h_get_distance_always_gives_unique_looks"/>
    <testcase time="0.00099999999999989" classname="ocPostprob" name="h_get_looks_together_with_h_get_distance_always_gives_unique_looks"/>
    <testcase time="0.002" classname="ocPostprob" name="h_get_looks_together_with_h_get_distance_always_gives_unique_looks"/>
    <testcase time="0.00100000000000011" classname="ocPostprob" name="h_get_looks_together_with_h_get_distance_always_gives_unique_looks"/>
    <testcase time="0.00099999999999989" classname="ocPostprob" name="h_get_looks_together_with_h_get_distance_always_gives_unique_looks"/>
    <testcase time="0.002" classname="ocPostprob" name="h_get_looks_together_with_h_get_distance_always_gives_unique_looks"/>
    <testcase time="0.00100000000000011" classname="ocPostprob" name="h_get_looks_together_with_h_get_distance_always_gives_unique_looks"/>
    <testcase time="0.00099999999999989" classname="ocPostprob" name="h_get_looks_together_with_h_get_distance_always_gives_unique_looks"/>
    <testcase time="0.002" classname="ocPostprob" name="h_get_looks_together_with_h_get_distance_always_gives_unique_looks"/>
    <testcase time="0.00099999999999989" classname="ocPostprob" name="h_get_looks_together_with_h_get_distance_always_gives_unique_looks"/>
    <testcase time="0.00100000000000011" classname="ocPostprob" name="h_get_looks_together_with_h_get_distance_always_gives_unique_looks"/>
    <testcase time="0.00099999999999989" classname="ocPostprob" name="h_get_looks_together_with_h_get_distance_always_gives_unique_looks"/>
    <testcase time="0.002" classname="ocPostprob" name="h_get_looks_together_with_h_get_distance_always_gives_unique_looks"/>
    <testcase time="0.00100000000000011" classname="ocPostprob" name="h_get_looks_together_with_h_get_distance_always_gives_unique_looks"/>
    <testcase time="0.00099999999999989" classname="ocPostprob" name="h_get_looks_together_with_h_get_distance_always_gives_unique_looks"/>
    <testcase time="0.002" classname="ocPostprob" name="h_get_looks_together_with_h_get_distance_always_gives_unique_looks"/>
    <testcase time="0.00100000000000011" classname="ocPostprob" name="h_get_looks_together_with_h_get_distance_always_gives_unique_looks"/>
    <testcase time="0.00099999999999989" classname="ocPostprob" name="h_get_looks_together_with_h_get_distance_always_gives_unique_looks"/>
    <testcase time="0.002" classname="ocPostprob" name="h_get_looks_together_with_h_get_distance_always_gives_unique_looks"/>
    <testcase time="0.00100000000000011" classname="ocPostprob" name="h_get_looks_together_with_h_get_distance_always_gives_unique_looks"/>
    <testcase time="0.00099999999999989" classname="ocPostprob" name="h_get_looks_together_with_h_get_distance_always_gives_unique_looks"/>
    <testcase time="0.00100000000000011" classname="ocPostprob" name="h_get_looks_together_with_h_get_distance_always_gives_unique_looks"/>
    <testcase time="0.002" classname="ocPostprob" name="h_get_looks_together_with_h_get_distance_always_gives_unique_looks"/>
    <testcase time="0.00099999999999989" classname="ocPostprob" name="h_get_looks_together_with_h_get_distance_always_gives_unique_looks"/>
    <testcase time="0.00100000000000011" classname="ocPostprob" name="h_get_looks_together_with_h_get_distance_always_gives_unique_looks"/>
    <testcase time="0.002" classname="ocPostprob" name="h_get_looks_together_with_h_get_distance_always_gives_unique_looks"/>
    <testcase time="0.00299999999999989" classname="ocPostprob" name="h_get_looks_together_with_h_get_distance_always_gives_unique_looks"/>
    <testcase time="0.00100000000000011" classname="ocPostprob" name="h_get_looks_together_with_h_get_distance_always_gives_unique_looks"/>
    <testcase time="0.002" classname="ocPostprob" name="h_get_looks_together_with_h_get_distance_always_gives_unique_looks"/>
    <testcase time="0.00099999999999989" classname="ocPostprob" name="h_get_looks_together_with_h_get_distance_always_gives_unique_looks"/>
    <testcase time="0.00100000000000011" classname="ocPostprob" name="h_get_looks_together_with_h_get_distance_always_gives_unique_looks"/>
    <testcase time="0.002" classname="ocPostprob" name="h_get_looks_together_with_h_get_distance_always_gives_unique_looks"/>
    <testcase time="0.00099999999999989" classname="ocPostprob" name="h_get_looks_together_with_h_get_distance_always_gives_unique_looks"/>
    <testcase time="0.002" classname="ocPostprob" name="h_get_looks_together_with_h_get_distance_always_gives_unique_looks"/>
    <testcase time="0.00100000000000011" classname="ocPostprob" name="h_get_looks_together_with_h_get_distance_always_gives_unique_looks"/>
    <testcase time="0.00099999999999989" classname="ocPostprob" name="h_get_looks_together_with_h_get_distance_always_gives_unique_looks"/>
    <testcase time="0.002" classname="ocPostprob" name="h_get_looks_together_with_h_get_distance_always_gives_unique_looks"/>
    <testcase time="0.00100000000000011" classname="ocPostprob" name="h_get_looks_together_with_h_get_distance_always_gives_unique_looks"/>
    <testcase time="0.002" classname="ocPostprob" name="h_get_looks_together_with_h_get_distance_always_gives_unique_looks"/>
    <testcase time="0.00099999999999989" classname="ocPostprob" name="h_get_looks_together_with_h_get_distance_always_gives_unique_looks"/>
    <testcase time="0.00100000000000011" classname="ocPostprob" name="h_get_looks_together_with_h_get_distance_always_gives_unique_looks"/>
    <testcase time="0.002" classname="ocPostprob" name="h_get_looks_together_with_h_get_distance_always_gives_unique_looks"/>
    <testcase time="0.00099999999999989" classname="ocPostprob" name="h_get_looks_together_with_h_get_distance_always_gives_unique_looks"/>
    <testcase time="0.002" classname="ocPostprob" name="h_get_looks_together_with_h_get_distance_always_gives_unique_looks"/>
    <testcase time="0.00100000000000011" classname="ocPostprob" name="h_get_looks_together_with_h_get_distance_always_gives_unique_looks"/>
    <testcase time="0.00099999999999989" classname="ocPostprob" name="h_get_looks_together_with_h_get_distance_always_gives_unique_looks"/>
    <testcase time="0.002" classname="ocPostprob" name="h_get_looks_together_with_h_get_distance_always_gives_unique_looks"/>
    <testcase time="0.00100000000000011" classname="ocPostprob" name="h_get_looks_together_with_h_get_distance_always_gives_unique_looks"/>
    <testcase time="0.00099999999999989" classname="ocPostprob" name="h_get_looks_together_with_h_get_distance_always_gives_unique_looks"/>
    <testcase time="0.002" classname="ocPostprob" name="h_get_looks_together_with_h_get_distance_always_gives_unique_looks"/>
    <testcase time="0.00100000000000011" classname="ocPostprob" name="h_get_looks_together_with_h_get_distance_always_gives_unique_looks"/>
    <testcase time="0.002" classname="ocPostprob" name="h_get_looks_together_with_h_get_distance_always_gives_unique_looks"/>
    <testcase time="0.00099999999999989" classname="ocPostprob" name="h_get_looks_together_with_h_get_distance_always_gives_unique_looks"/>
    <testcase time="0.00100000000000011" classname="ocPostprob" name="h_get_looks_together_with_h_get_distance_always_gives_unique_looks"/>
    <testcase time="0.002" classname="ocPostprob" name="h_get_looks_together_with_h_get_distance_always_gives_unique_looks"/>
    <testcase time="0.00099999999999989" classname="ocPostprob" name="h_get_looks_together_with_h_get_distance_always_gives_unique_looks"/>
    <testcase time="0.00100000000000011" classname="ocPostprob" name="h_get_looks_together_with_h_get_distance_always_gives_unique_looks"/>
    <testcase time="0.002" classname="ocPostprob" name="h_get_looks_together_with_h_get_distance_always_gives_unique_looks"/>
    <testcase time="0.00099999999999989" classname="ocPostprob" name="h_get_looks_together_with_h_get_distance_always_gives_unique_looks"/>
    <testcase time="0.002" classname="ocPostprob" name="h_get_looks_together_with_h_get_distance_always_gives_unique_looks"/>
    <testcase time="0.00100000000000011" classname="ocPostprob" name="h_get_looks_together_with_h_get_distance_always_gives_unique_looks"/>
    <testcase time="0.00299999999999989" classname="ocPostprob" name="h_get_looks_together_with_h_get_distance_always_gives_unique_looks"/>
    <testcase time="0.00100000000000011" classname="ocPostprob" name="h_get_looks_together_with_h_get_distance_always_gives_unique_looks"/>
    <testcase time="0.002" classname="ocPostprob" name="h_get_looks_together_with_h_get_distance_always_gives_unique_looks"/>
    <testcase time="0.00099999999999989" classname="ocPostprob" name="h_get_looks_together_with_h_get_distance_always_gives_unique_looks"/>
    <testcase time="0.002" classname="ocPostprob" name="h_get_looks_together_with_h_get_distance_always_gives_unique_looks"/>
    <testcase time="0.00100000000000011" classname="ocPostprob" name="h_get_looks_together_with_h_get_distance_always_gives_unique_looks"/>
    <testcase time="0.002" classname="ocPostprob" name="h_get_looks_together_with_h_get_distance_always_gives_unique_looks"/>
    <testcase time="0.00099999999999989" classname="ocPostprob" name="h_get_looks_together_with_h_get_distance_always_gives_unique_looks"/>
    <testcase time="0.00100000000000011" classname="ocPostprob" name="h_get_looks_together_with_h_get_distance_always_gives_unique_looks"/>
    <testcase time="0.002" classname="ocPostprob" name="h_get_looks_together_with_h_get_distance_always_gives_unique_looks"/>
    <testcase time="0.00099999999999989" classname="ocPostprob" name="h_get_looks_together_with_h_get_distance_always_gives_unique_looks"/>
    <testcase time="0.002" classname="ocPostprob" name="h_get_looks_together_with_h_get_distance_always_gives_unique_looks"/>
    <testcase time="0.00100000000000011" classname="ocPostprob" name="h_get_looks_together_with_h_get_distance_always_gives_unique_looks"/>
    <testcase time="0.00099999999999989" classname="ocPostprob" name="h_get_looks_together_with_h_get_distance_always_gives_unique_looks"/>
    <testcase time="0.002" classname="ocPostprob" name="h_get_looks_together_with_h_get_distance_always_gives_unique_looks"/>
    <testcase time="0.00100000000000011" classname="ocPostprob" name="h_get_looks_together_with_h_get_distance_always_gives_unique_looks"/>
    <testcase time="0.002" classname="ocPostprob" name="h_get_looks_together_with_h_get_distance_always_gives_unique_looks"/>
    <testcase time="0.00099999999999989" classname="ocPostprob" name="h_get_looks_together_with_h_get_distance_always_gives_unique_looks"/>
    <testcase time="0.002" classname="ocPostprob" name="h_get_looks_together_with_h_get_distance_always_gives_unique_looks"/>
    <testcase time="0.00100000000000011" classname="ocPostprob" name="h_get_looks_together_with_h_get_distance_always_gives_unique_looks"/>
    <testcase time="0.002" classname="ocPostprob" name="h_get_looks_together_with_h_get_distance_always_gives_unique_looks"/>
    <testcase time="0.00099999999999989" classname="ocPostprob" name="h_get_looks_together_with_h_get_distance_always_gives_unique_looks"/>
    <testcase time="0.00100000000000011" classname="ocPostprob" name="h_get_looks_together_with_h_get_distance_always_gives_unique_looks"/>
    <testcase time="0.002" classname="ocPostprob" name="h_get_looks_together_with_h_get_distance_always_gives_unique_looks"/>
    <testcase time="0.00099999999999989" classname="ocPostprob" name="h_get_looks_together_with_h_get_distance_always_gives_unique_looks"/>
    <testcase time="0.002" classname="ocPostprob" name="h_get_looks_together_with_h_get_distance_always_gives_unique_looks"/>
    <testcase time="0.00100000000000011" classname="ocPostprob" name="h_get_looks_together_with_h_get_distance_always_gives_unique_looks"/>
    <testcase time="0.002" classname="ocPostprob" name="h_get_looks_together_with_h_get_distance_always_gives_unique_looks"/>
    <testcase time="0.00099999999999989" classname="ocPostprob" name="h_get_looks_together_with_h_get_distance_always_gives_unique_looks"/>
    <testcase time="0.002" classname="ocPostprob" name="h_get_looks_together_with_h_get_distance_always_gives_unique_looks"/>
    <testcase time="0.00100000000000011" classname="ocPostprob" name="h_get_looks_together_with_h_get_distance_always_gives_unique_looks"/>
    <testcase time="0.002" classname="ocPostprob" name="h_get_looks_together_with_h_get_distance_always_gives_unique_looks"/>
    <testcase time="0.00299999999999989" classname="ocPostprob" name="h_get_looks_together_with_h_get_distance_always_gives_unique_looks"/>
    <testcase time="0.002" classname="ocPostprob" name="h_get_looks_together_with_h_get_distance_always_gives_unique_looks"/>
    <testcase time="0.002" classname="ocPostprob" name="h_get_looks_together_with_h_get_distance_always_gives_unique_looks"/>
    <testcase time="0.00099999999999989" classname="ocPostprob" name="h_get_looks_together_with_h_get_distance_always_gives_unique_looks"/>
    <testcase time="0.002" classname="ocPostprob" name="h_get_looks_together_with_h_get_distance_always_gives_unique_looks"/>
    <testcase time="0.00100000000000011" classname="ocPostprob" name="h_get_looks_together_with_h_get_distance_always_gives_unique_looks"/>
    <testcase time="0.002" classname="ocPostprob" name="h_get_looks_together_with_h_get_distance_always_gives_unique_looks"/>
    <testcase time="0.002" classname="ocPostprob" name="h_get_looks_together_with_h_get_distance_always_gives_unique_looks"/>
    <testcase time="0.00099999999999989" classname="ocPostprob" name="h_get_looks_together_with_h_get_distance_always_gives_unique_looks"/>
    <testcase time="0.002" classname="ocPostprob" name="h_get_looks_together_with_h_get_distance_always_gives_unique_looks"/>
    <testcase time="0.002" classname="ocPostprob" name="h_get_looks_together_with_h_get_distance_always_gives_unique_looks"/>
    <testcase time="0.00100000000000011" classname="ocPostprob" name="h_get_looks_together_with_h_get_distance_always_gives_unique_looks"/>
    <testcase time="0.002" classname="ocPostprob" name="h_get_looks_together_with_h_get_distance_always_gives_unique_looks"/>
    <testcase time="0.00099999999999989" classname="ocPostprob" name="h_get_looks_together_with_h_get_distance_always_gives_unique_looks"/>
    <testcase time="0.002" classname="ocPostprob" name="h_get_looks_together_with_h_get_distance_always_gives_unique_looks"/>
    <testcase time="0.002" classname="ocPostprob" name="h_get_looks_together_with_h_get_distance_always_gives_unique_looks"/>
    <testcase time="0.00100000000000011" classname="ocPostprob" name="h_get_looks_together_with_h_get_distance_always_gives_unique_looks"/>
    <testcase time="0.002" classname="ocPostprob" name="h_get_looks_together_with_h_get_distance_always_gives_unique_looks"/>
    <testcase time="0.00099999999999989" classname="ocPostprob" name="h_get_looks_together_with_h_get_distance_always_gives_unique_looks"/>
    <testcase time="0.002" classname="ocPostprob" name="h_get_looks_together_with_h_get_distance_always_gives_unique_looks"/>
    <testcase time="0.002" classname="ocPostprob" name="h_get_looks_together_with_h_get_distance_always_gives_unique_looks"/>
    <testcase time="0.00100000000000011" classname="ocPostprob" name="h_get_looks_together_with_h_get_distance_always_gives_unique_looks"/>
    <testcase time="0.002" classname="ocPostprob" name="h_get_looks_together_with_h_get_distance_always_gives_unique_looks"/>
    <testcase time="0.002" classname="ocPostprob" name="h_get_looks_together_with_h_get_distance_always_gives_unique_looks"/>
    <testcase time="0.002" classname="ocPostprob" name="h_get_looks_together_with_h_get_distance_always_gives_unique_looks"/>
    <testcase time="0.00099999999999989" classname="ocPostprob" name="h_get_looks_together_with_h_get_distance_always_gives_unique_looks"/>
    <testcase time="0.002" classname="ocPostprob" name="h_get_looks_together_with_h_get_distance_always_gives_unique_looks"/>
    <testcase time="0.002" classname="ocPostprob" name="h_get_looks_together_with_h_get_distance_always_gives_unique_looks"/>
    <testcase time="0.00100000000000011" classname="ocPostprob" name="h_get_looks_together_with_h_get_distance_always_gives_unique_looks"/>
    <testcase time="0.004" classname="ocPostprob" name="h_get_looks_together_with_h_get_distance_always_gives_unique_looks"/>
    <testcase time="0.002" classname="ocPostprob" name="h_get_looks_together_with_h_get_distance_always_gives_unique_looks"/>
    <testcase time="0.00099999999999989" classname="ocPostprob" name="h_get_looks_together_with_h_get_distance_always_gives_unique_looks"/>
    <testcase time="0.002" classname="ocPostprob" name="h_get_looks_together_with_h_get_distance_always_gives_unique_looks"/>
    <testcase time="0.002" classname="ocPostprob" name="h_get_looks_together_with_h_get_distance_always_gives_unique_looks"/>
    <testcase time="0.00100000000000011" classname="ocPostprob" name="h_get_looks_together_with_h_get_distance_always_gives_unique_looks"/>
    <testcase time="0.002" classname="ocPostprob" name="h_get_looks_together_with_h_get_distance_always_gives_unique_looks"/>
    <testcase time="0.002" classname="ocPostprob" name="h_get_looks_together_with_h_get_distance_always_gives_unique_looks"/>
    <testcase time="0.00099999999999989" classname="ocPostprob" name="h_get_looks_together_with_h_get_distance_always_gives_unique_looks"/>
    <testcase time="0.002" classname="ocPostprob" name="h_get_looks_together_with_h_get_distance_always_gives_unique_looks"/>
    <testcase time="0.00100000000000011" classname="ocPostprob" name="h_get_looks_together_with_h_get_distance_always_gives_unique_looks"/>
    <testcase time="0.002" classname="ocPostprob" name="h_get_looks_together_with_h_get_distance_always_gives_unique_looks"/>
    <testcase time="0.002" classname="ocPostprob" name="h_get_looks_together_with_h_get_distance_always_gives_unique_looks"/>
    <testcase time="0.00099999999999989" classname="ocPostprob" name="h_get_looks_together_with_h_get_distance_always_gives_unique_looks"/>
    <testcase time="0.002" classname="ocPostprob" name="h_get_looks_together_with_h_get_distance_always_gives_unique_looks"/>
    <testcase time="0.002" classname="ocPostprob" name="h_get_looks_together_with_h_get_distance_always_gives_unique_looks"/>
    <testcase time="0.00100000000000011" classname="ocPostprob" name="h_get_looks_together_with_h_get_distance_always_gives_unique_looks"/>
    <testcase time="0.002" classname="ocPostprob" name="h_get_looks_together_with_h_get_distance_always_gives_unique_looks"/>
    <testcase time="0.002" classname="ocPostprob" name="h_get_looks_together_with_h_get_distance_always_gives_unique_looks"/>
    <testcase time="0.00099999999999989" classname="ocPostprob" name="h_get_looks_together_with_h_get_distance_always_gives_unique_looks"/>
    <testcase time="0.002" classname="ocPostprob" name="h_get_looks_together_with_h_get_distance_always_gives_unique_looks"/>
    <testcase time="0.002" classname="ocPostprob" name="h_get_looks_together_with_h_get_distance_always_gives_unique_looks"/>
    <testcase time="0.00100000000000011" classname="ocPostprob" name="h_get_looks_together_with_h_get_distance_always_gives_unique_looks"/>
    <testcase time="0.002" classname="ocPostprob" name="h_get_looks_together_with_h_get_distance_always_gives_unique_looks"/>
    <testcase time="0.002" classname="ocPostprob" name="h_get_looks_together_with_h_get_distance_always_gives_unique_looks"/>
    <testcase time="0.00099999999999989" classname="ocPostprob" name="h_get_looks_together_with_h_get_distance_always_gives_unique_looks"/>
    <testcase time="0.004" classname="ocPostprob" name="h_get_looks_together_with_h_get_distance_always_gives_unique_looks"/>
    <testcase time="0.002" classname="ocPostprob" name="h_get_looks_together_with_h_get_distance_always_gives_unique_looks"/>
    <testcase time="0.00100000000000011" classname="ocPostprob" name="h_get_looks_together_with_h_get_distance_always_gives_unique_looks"/>
    <testcase time="0.002" classname="ocPostprob" name="h_get_looks_together_with_h_get_distance_always_gives_unique_looks"/>
    <testcase time="0.002" classname="ocPostprob" name="h_get_looks_together_with_h_get_distance_always_gives_unique_looks"/>
    <testcase time="0.00099999999999989" classname="ocPostprob" name="h_get_looks_together_with_h_get_distance_always_gives_unique_looks"/>
    <testcase time="0.002" classname="ocPostprob" name="h_get_looks_together_with_h_get_distance_always_gives_unique_looks"/>
    <testcase time="0.002" classname="ocPostprob" name="h_get_looks_together_with_h_get_distance_always_gives_unique_looks"/>
    <testcase time="0.002" classname="ocPostprob" name="h_get_looks_together_with_h_get_distance_always_gives_unique_looks"/>
    <testcase time="0.00100000000000011" classname="ocPostprob" name="h_get_looks_together_with_h_get_distance_always_gives_unique_looks"/>
    <testcase time="0.002" classname="ocPostprob" name="h_get_looks_together_with_h_get_distance_always_gives_unique_looks"/>
    <testcase time="0.002" classname="ocPostprob" name="h_get_looks_together_with_h_get_distance_always_gives_unique_looks"/>
    <testcase time="0.00099999999999989" classname="ocPostprob" name="h_get_looks_together_with_h_get_distance_always_gives_unique_looks"/>
    <testcase time="0.002" classname="ocPostprob" name="h_get_looks_together_with_h_get_distance_always_gives_unique_looks"/>
    <testcase time="0.002" classname="ocPostprob" name="h_get_looks_together_with_h_get_distance_always_gives_unique_looks"/>
    <testcase time="0.00300000000000011" classname="ocPostprob" name="h_get_looks_together_with_h_get_distance_always_gives_unique_looks"/>
    <testcase time="0.004" classname="ocPostprob" name="h_get_looks_together_with_h_get_distance_always_gives_unique_looks"/>
    <testcase time="0.004" classname="ocPostprob" name="h_get_looks_together_with_h_get_distance_always_gives_unique_looks"/>
    <testcase time="0.00099999999999989" classname="ocPostprob" name="h_get_looks_together_with_h_get_distance_always_gives_unique_looks"/>
    <testcase time="0.002" classname="ocPostprob" name="h_get_looks_together_with_h_get_distance_always_gives_unique_looks"/>
    <testcase time="0.002" classname="ocPostprob" name="h_get_looks_together_with_h_get_distance_always_gives_unique_looks"/>
    <testcase time="0.002" classname="ocPostprob" name="h_get_looks_together_with_h_get_distance_always_gives_unique_looks"/>
    <testcase time="0.00099999999999989" classname="ocPostprob" name="h_get_looks_together_with_h_get_distance_always_gives_unique_looks"/>
    <testcase time="0.002" classname="ocPostprob" name="h_get_looks_together_with_h_get_distance_always_gives_unique_looks"/>
    <testcase time="0.002" classname="ocPostprob" name="h_get_looks_together_with_h_get_distance_always_gives_unique_looks"/>
    <testcase time="0.0110000000000001" classname="ocPostprob" name="h_get_looks_together_with_h_get_distance_always_gives_unique_looks"/>
    <testcase time="0.002" classname="ocPostprob" name="h_get_looks_together_with_h_get_distance_always_gives_unique_looks"/>
    <testcase time="0.002" classname="ocPostprob" name="h_get_looks_together_with_h_get_distance_always_gives_unique_looks"/>
    <testcase time="0.002" classname="ocPostprob" name="h_get_looks_together_with_h_get_distance_always_gives_unique_looks"/>
    <testcase time="0.002" classname="ocPostprob" name="h_get_looks_together_with_h_get_distance_always_gives_unique_looks"/>
    <testcase time="0.002" classname="ocPostprob" name="h_get_looks_together_with_h_get_distance_always_gives_unique_looks"/>
    <testcase time="0.002" classname="ocPostprob" name="h_get_looks_together_with_h_get_distance_always_gives_unique_looks"/>
    <testcase time="0.002" classname="ocPostprob" name="h_get_looks_together_with_h_get_distance_always_gives_unique_looks"/>
    <testcase time="0.00099999999999989" classname="ocPostprob" name="h_get_looks_together_with_h_get_distance_always_gives_unique_looks"/>
    <testcase time="0.002" classname="ocPostprob" name="h_get_looks_together_with_h_get_distance_always_gives_unique_looks"/>
    <testcase time="0.002" classname="ocPostprob" name="h_get_looks_together_with_h_get_distance_always_gives_unique_looks"/>
    <testcase time="0.002" classname="ocPostprob" name="h_get_looks_together_with_h_get_distance_always_gives_unique_looks"/>
    <testcase time="0.002" classname="ocPostprob" name="h_get_looks_together_with_h_get_distance_always_gives_unique_looks"/>
    <testcase time="0.00100000000000011" classname="ocPostprob" name="h_get_looks_together_with_h_get_distance_always_gives_unique_looks"/>
    <testcase time="0.002" classname="ocPostprob" name="h_get_looks_together_with_h_get_distance_always_gives_unique_looks"/>
    <testcase time="0.002" classname="ocPostprob" name="h_get_looks_together_with_h_get_distance_always_gives_unique_looks"/>
    <testcase time="0.002" classname="ocPostprob" name="h_get_looks_together_with_h_get_distance_always_gives_unique_looks"/>
    <testcase time="0.002" classname="ocPostprob" name="h_get_looks_together_with_h_get_distance_always_gives_unique_looks"/>
    <testcase time="0.00099999999999989" classname="ocPostprob" name="h_get_looks_together_with_h_get_distance_always_gives_unique_looks"/>
    <testcase time="0.002" classname="ocPostprob" name="h_get_looks_together_with_h_get_distance_always_gives_unique_looks"/>
    <testcase time="0.002" classname="ocPostprob" name="h_get_looks_together_with_h_get_distance_always_gives_unique_looks"/>
    <testcase time="0.002" classname="ocPostprob" name="h_get_looks_together_with_h_get_distance_always_gives_unique_looks"/>
    <testcase time="0.002" classname="ocPostprob" name="h_get_looks_together_with_h_get_distance_always_gives_unique_looks"/>
    <testcase time="0.00300000000000011" classname="ocPostprob" name="h_get_looks_together_with_h_get_distance_always_gives_unique_looks"/>
    <testcase time="0.002" classname="ocPostprob" name="h_get_looks_together_with_h_get_distance_always_gives_unique_looks"/>
    <testcase time="0.002" classname="ocPostprob" name="h_get_looks_together_with_h_get_distance_always_gives_unique_looks"/>
    <testcase time="0.002" classname="ocPostprob" name="h_get_looks_together_with_h_get_distance_always_gives_unique_looks"/>
    <testcase time="0.002" classname="ocPostprob" name="h_get_looks_together_with_h_get_distance_always_gives_unique_looks"/>
    <testcase time="0.002" classname="ocPostprob" name="h_get_looks_together_with_h_get_distance_always_gives_unique_looks"/>
    <testcase time="0.002" classname="ocPostprob" name="h_get_looks_together_with_h_get_distance_always_gives_unique_looks"/>
    <testcase time="0.00099999999999989" classname="ocPostprob" name="h_get_looks_together_with_h_get_distance_always_gives_unique_looks"/>
    <testcase time="0.002" classname="ocPostprob" name="h_get_looks_together_with_h_get_distance_always_gives_unique_looks"/>
    <testcase time="0.002" classname="ocPostprob" name="h_get_looks_together_with_h_get_distance_always_gives_unique_looks"/>
    <testcase time="0.002" classname="ocPostprob" name="h_get_looks_together_with_h_get_distance_always_gives_unique_looks"/>
    <testcase time="0.002" classname="ocPostprob" name="h_get_looks_together_with_h_get_distance_always_gives_unique_looks"/>
    <testcase time="0.002" classname="ocPostprob" name="h_get_looks_together_with_h_get_distance_always_gives_unique_looks"/>
    <testcase time="0.002" classname="ocPostprob" name="h_get_looks_together_with_h_get_distance_always_gives_unique_looks"/>
    <testcase time="0.002" classname="ocPostprob" name="h_get_looks_together_with_h_get_distance_always_gives_unique_looks"/>
    <testcase time="0.002" classname="ocPostprob" name="h_get_looks_together_with_h_get_distance_always_gives_unique_looks"/>
    <testcase time="0.00100000000000011" classname="ocPostprob" name="h_get_looks_together_with_h_get_distance_always_gives_unique_looks"/>
    <testcase time="0.002" classname="ocPostprob" name="h_get_looks_together_with_h_get_distance_always_gives_unique_looks"/>
    <testcase time="0.002" classname="ocPostprob" name="h_get_looks_together_with_h_get_distance_always_gives_unique_looks"/>
    <testcase time="0.002" classname="ocPostprob" name="h_get_looks_together_with_h_get_distance_always_gives_unique_looks"/>
    <testcase time="0.002" classname="ocPostprob" name="h_get_looks_together_with_h_get_distance_always_gives_unique_looks"/>
    <testcase time="0.002" classname="ocPostprob" name="h_get_looks_together_with_h_get_distance_always_gives_unique_looks"/>
    <testcase time="0.002" classname="ocPostprob" name="h_get_looks_together_with_h_get_distance_always_gives_unique_looks"/>
    <testcase time="0.004" classname="ocPostprob" name="h_get_looks_together_with_h_get_distance_always_gives_unique_looks"/>
    <testcase time="0.002" classname="ocPostprob" name="h_get_looks_together_with_h_get_distance_always_gives_unique_looks"/>
    <testcase time="0.002" classname="ocPostprob" name="h_get_looks_together_with_h_get_distance_always_gives_unique_looks"/>
    <testcase time="0.002" classname="ocPostprob" name="h_get_looks_together_with_h_get_distance_always_gives_unique_looks"/>
    <testcase time="0.002" classname="ocPostprob" name="h_get_looks_together_with_h_get_distance_always_gives_unique_looks"/>
    <testcase time="0.002" classname="ocPostprob" name="h_get_looks_together_with_h_get_distance_always_gives_unique_looks"/>
    <testcase time="0.002" classname="ocPostprob" name="h_get_looks_together_with_h_get_distance_always_gives_unique_looks"/>
    <testcase time="0.002" classname="ocPostprob" name="h_get_looks_together_with_h_get_distance_always_gives_unique_looks"/>
    <testcase time="0.002" classname="ocPostprob" name="h_get_looks_together_with_h_get_distance_always_gives_unique_looks"/>
    <testcase time="0.00199999999999978" classname="ocPostprob" name="h_get_looks_together_with_h_get_distance_always_gives_unique_looks"/>
    <testcase time="0.002" classname="ocPostprob" name="h_get_looks_together_with_h_get_distance_always_gives_unique_looks"/>
    <testcase time="0.002" classname="ocPostprob" name="h_get_looks_together_with_h_get_distance_always_gives_unique_looks"/>
    <testcase time="0.002" classname="ocPostprob" name="h_get_looks_together_with_h_get_distance_always_gives_unique_looks"/>
    <testcase time="0.002" classname="ocPostprob" name="h_get_looks_together_with_h_get_distance_always_gives_unique_looks"/>
    <testcase time="0.002" classname="ocPostprob" name="h_get_looks_together_with_h_get_distance_always_gives_unique_looks"/>
    <testcase time="0.002" classname="ocPostprob" name="h_get_looks_together_with_h_get_distance_always_gives_unique_looks"/>
    <testcase time="0.002" classname="ocPostprob" name="h_get_looks_together_with_h_get_distance_always_gives_unique_looks"/>
    <testcase time="0.002" classname="ocPostprob" name="h_get_looks_together_with_h_get_distance_always_gives_unique_looks"/>
    <testcase time="0.002" classname="ocPostprob" name="h_get_looks_together_with_h_get_distance_always_gives_unique_looks"/>
    <testcase time="0.002" classname="ocPostprob" name="h_get_looks_together_with_h_get_distance_always_gives_unique_looks"/>
    <testcase time="0.002" classname="ocPostprob" name="h_get_looks_together_with_h_get_distance_always_gives_unique_looks"/>
    <testcase time="0.004" classname="ocPostprob" name="h_get_looks_together_with_h_get_distance_always_gives_unique_looks"/>
    <testcase time="0.002" classname="ocPostprob" name="h_get_looks_together_with_h_get_distance_always_gives_unique_looks"/>
    <testcase time="0.00300000000000011" classname="ocPostprob" name="h_get_looks_together_with_h_get_distance_always_gives_unique_looks"/>
    <testcase time="0.002" classname="ocPostprob" name="h_get_looks_together_with_h_get_distance_always_gives_unique_looks"/>
    <testcase time="0.002" classname="ocPostprob" name="h_get_looks_together_with_h_get_distance_always_gives_unique_looks"/>
    <testcase time="0.002" classname="ocPostprob" name="h_get_looks_together_with_h_get_distance_always_gives_unique_looks"/>
    <testcase time="0.002" classname="ocPostprob" name="h_get_looks_together_with_h_get_distance_always_gives_unique_looks"/>
    <testcase time="0.002" classname="ocPostprob" name="h_get_looks_together_with_h_get_distance_always_gives_unique_looks"/>
    <testcase time="0.002" classname="ocPostprob" name="h_get_looks_together_with_h_get_distance_always_gives_unique_looks"/>
    <testcase time="0.002" classname="ocPostprob" name="h_get_looks_together_with_h_get_distance_always_gives_unique_looks"/>
    <testcase time="0.002" classname="ocPostprob" name="h_get_looks_together_with_h_get_distance_always_gives_unique_looks"/>
    <testcase time="0.002" classname="ocPostprob" name="h_get_looks_together_with_h_get_distance_always_gives_unique_looks"/>
    <testcase time="0.002" classname="ocPostprob" name="h_get_looks_together_with_h_get_distance_always_gives_unique_looks"/>
    <testcase time="0.002" classname="ocPostprob" name="h_get_looks_together_with_h_get_distance_always_gives_unique_looks"/>
    <testcase time="0.00299999999999989" classname="ocPostprob" name="h_get_looks_together_with_h_get_distance_always_gives_unique_looks"/>
    <testcase time="0.002" classname="ocPostprob" name="h_get_looks_together_with_h_get_distance_always_gives_unique_looks"/>
    <testcase time="0.002" classname="ocPostprob" name="h_get_looks_together_with_h_get_distance_always_gives_unique_looks"/>
    <testcase time="0.002" classname="ocPostprob" name="h_get_looks_together_with_h_get_distance_always_gives_unique_looks"/>
    <testcase time="0.002" classname="ocPostprob" name="h_get_looks_together_with_h_get_distance_always_gives_unique_looks"/>
    <testcase time="0.002" classname="ocPostprob" name="h_get_looks_together_with_h_get_distance_always_gives_unique_looks"/>
    <testcase time="0.004" classname="ocPostprob" name="h_get_looks_together_with_h_get_distance_always_gives_unique_looks"/>
    <testcase time="0.002" classname="ocPostprob" name="h_get_looks_together_with_h_get_distance_always_gives_unique_looks"/>
    <testcase time="0.00300000000000011" classname="ocPostprob" name="h_get_looks_together_with_h_get_distance_always_gives_unique_looks"/>
    <testcase time="0.002" classname="ocPostprob" name="h_get_looks_together_with_h_get_distance_always_gives_unique_looks"/>
    <testcase time="0.002" classname="ocPostprob" name="h_get_looks_together_with_h_get_distance_always_gives_unique_looks"/>
    <testcase time="0.002" classname="ocPostprob" name="h_get_looks_together_with_h_get_distance_always_gives_unique_looks"/>
    <testcase time="0.002" classname="ocPostprob" name="h_get_looks_together_with_h_get_distance_always_gives_unique_looks"/>
    <testcase time="0.002" classname="ocPostprob" name="h_get_looks_together_with_h_get_distance_always_gives_unique_looks"/>
    <testcase time="0.002" classname="ocPostprob" name="h_get_looks_together_with_h_get_distance_always_gives_unique_looks"/>
    <testcase time="0.00299999999999989" classname="ocPostprob" name="h_get_looks_together_with_h_get_distance_always_gives_unique_looks"/>
    <testcase time="0.002" classname="ocPostprob" name="h_get_looks_together_with_h_get_distance_always_gives_unique_looks"/>
    <testcase time="0.002" classname="ocPostprob" name="h_get_looks_together_with_h_get_distance_always_gives_unique_looks"/>
    <testcase time="0.002" classname="ocPostprob" name="h_get_looks_together_with_h_get_distance_always_gives_unique_looks"/>
    <testcase time="0.002" classname="ocPostprob" name="h_get_looks_together_with_h_get_distance_always_gives_unique_looks"/>
    <testcase time="0.00300000000000011" classname="ocPostprob" name="h_get_looks_together_with_h_get_distance_always_gives_unique_looks"/>
    <testcase time="0.002" classname="ocPostprob" name="h_get_looks_together_with_h_get_distance_always_gives_unique_looks"/>
    <testcase time="0.002" classname="ocPostprob" name="h_get_looks_together_with_h_get_distance_always_gives_unique_looks"/>
    <testcase time="0.002" classname="ocPostprob" name="h_get_looks_together_with_h_get_distance_always_gives_unique_looks"/>
    <testcase time="0.002" classname="ocPostprob" name="h_get_looks_together_with_h_get_distance_always_gives_unique_looks"/>
    <testcase time="0.00299999999999989" classname="ocPostprob" name="h_get_looks_together_with_h_get_distance_always_gives_unique_looks"/>
    <testcase time="0.004" classname="ocPostprob" name="h_get_looks_together_with_h_get_distance_always_gives_unique_looks"/>
    <testcase time="0.002" classname="ocPostprob" name="h_get_looks_together_with_h_get_distance_always_gives_unique_looks"/>
    <testcase time="0.002" classname="ocPostprob" name="h_get_looks_together_with_h_get_distance_always_gives_unique_looks"/>
    <testcase time="0.00300000000000011" classname="ocPostprob" name="h_get_looks_together_with_h_get_distance_always_gives_unique_looks"/>
    <testcase time="0.002" classname="ocPostprob" name="h_get_looks_together_with_h_get_distance_always_gives_unique_looks"/>
    <testcase time="0.00199999999999978" classname="ocPostprob" name="h_get_looks_together_with_h_get_distance_always_gives_unique_looks"/>
    <testcase time="0.002" classname="ocPostprob" name="h_get_looks_together_with_h_get_distance_always_gives_unique_looks"/>
    <testcase time="0.002" classname="ocPostprob" name="h_get_looks_together_with_h_get_distance_always_gives_unique_looks"/>
    <testcase time="0.002" classname="ocPostprob" name="h_get_looks_together_with_h_get_distance_always_gives_unique_looks"/>
    <testcase time="0.002" classname="ocPostprob" name="h_get_looks_together_with_h_get_distance_always_gives_unique_looks"/>
    <testcase time="0.00299999999999989" classname="ocPostprob" name="h_get_looks_together_with_h_get_distance_always_gives_unique_looks"/>
    <testcase time="0.002" classname="ocPostprob" name="h_get_looks_together_with_h_get_distance_always_gives_unique_looks"/>
    <testcase time="0.002" classname="ocPostprob" name="h_get_looks_together_with_h_get_distance_always_gives_unique_looks"/>
    <testcase time="0.002" classname="ocPostprob" name="h_get_looks_together_with_h_get_distance_always_gives_unique_looks"/>
    <testcase time="0.00300000000000011" classname="ocPostprob" name="h_get_looks_together_with_h_get_distance_always_gives_unique_looks"/>
    <testcase time="0.002" classname="ocPostprob" name="h_get_looks_together_with_h_get_distance_always_gives_unique_looks"/>
    <testcase time="0.002" classname="ocPostprob" name="h_get_looks_together_with_h_get_distance_always_gives_unique_looks"/>
    <testcase time="0.00299999999999989" classname="ocPostprob" name="h_get_looks_together_with_h_get_distance_always_gives_unique_looks"/>
    <testcase time="0.002" classname="ocPostprob" name="h_get_looks_together_with_h_get_distance_always_gives_unique_looks"/>
    <testcase time="0.004" classname="ocPostprob" name="h_get_looks_together_with_h_get_distance_always_gives_unique_looks"/>
    <testcase time="0.00300000000000011" classname="ocPostprob" name="h_get_looks_together_with_h_get_distance_always_gives_unique_looks"/>
    <testcase time="0.002" classname="ocPostprob" name="h_get_looks_together_with_h_get_distance_always_gives_unique_looks"/>
    <testcase time="0.002" classname="ocPostprob" name="h_get_looks_together_with_h_get_distance_always_gives_unique_looks"/>
    <testcase time="0.00299999999999989" classname="ocPostprob" name="h_get_looks_together_with_h_get_distance_always_gives_unique_looks"/>
    <testcase time="0.002" classname="ocPostprob" name="h_get_looks_together_with_h_get_distance_always_gives_unique_looks"/>
    <testcase time="0.002" classname="ocPostprob" name="h_get_looks_together_with_h_get_distance_always_gives_unique_looks"/>
    <testcase time="0.00300000000000011" classname="ocPostprob" name="h_get_looks_together_with_h_get_distance_always_gives_unique_looks"/>
    <testcase time="0.002" classname="ocPostprob" name="h_get_looks_together_with_h_get_distance_always_gives_unique_looks"/>
    <testcase time="0.002" classname="ocPostprob" name="h_get_looks_together_with_h_get_distance_always_gives_unique_looks"/>
    <testcase time="0.002" classname="ocPostprob" name="h_get_looks_together_with_h_get_distance_always_gives_unique_looks"/>
    <testcase time="0.00299999999999989" classname="ocPostprob" name="h_get_looks_together_with_h_get_distance_always_gives_unique_looks"/>
    <testcase time="0.002" classname="ocPostprob" name="h_get_looks_together_with_h_get_distance_always_gives_unique_looks"/>
    <testcase time="0.002" classname="ocPostprob" name="h_get_looks_together_with_h_get_distance_always_gives_unique_looks"/>
    <testcase time="0.00300000000000011" classname="ocPostprob" name="h_get_looks_together_with_h_get_distance_always_gives_unique_looks"/>
    <testcase time="0.002" classname="ocPostprob" name="h_get_looks_together_with_h_get_distance_always_gives_unique_looks"/>
    <testcase time="0.002" classname="ocPostprob" name="h_get_looks_together_with_h_get_distance_always_gives_unique_looks"/>
    <testcase time="0.00299999999999989" classname="ocPostprob" name="h_get_looks_together_with_h_get_distance_always_gives_unique_looks"/>
    <testcase time="0.00600000000000001" classname="ocPostprob" name="h_get_looks_together_with_h_get_distance_always_gives_unique_looks"/>
    <testcase time="0.00200000000000022" classname="ocPostprob" name="h_get_looks_together_with_h_get_distance_always_gives_unique_looks"/>
    <testcase time="0.00199999999999978" classname="ocPostprob" name="h_get_looks_together_with_h_get_distance_always_gives_unique_looks"/>
    <testcase time="0.00300000000000011" classname="ocPostprob" name="h_get_looks_together_with_h_get_distance_always_gives_unique_looks"/>
    <testcase time="0.00199999999999978" classname="ocPostprob" name="h_get_looks_together_with_h_get_distance_always_gives_unique_looks"/>
    <testcase time="0.00300000000000011" classname="ocPostprob" name="h_get_looks_together_with_h_get_distance_always_gives_unique_looks"/>
    <testcase time="0.00200000000000022" classname="ocPostprob" name="h_get_looks_together_with_h_get_distance_always_gives_unique_looks"/>
    <testcase time="0.004" classname="ocPostprob" name="h_get_looks_together_with_h_get_distance_always_gives_unique_looks"/>
    <testcase time="0.00299999999999967" classname="ocPostprob" name="h_get_looks_together_with_h_get_distance_always_gives_unique_looks"/>
    <testcase time="0.00200000000000022" classname="ocPostprob" name="h_get_looks_together_with_h_get_distance_always_gives_unique_looks"/>
    <testcase time="0.00199999999999978" classname="ocPostprob" name="h_get_looks_together_with_h_get_distance_always_gives_unique_looks"/>
    <testcase time="0.00300000000000011" classname="ocPostprob" name="h_get_looks_together_with_h_get_distance_always_gives_unique_looks"/>
    <testcase time="0.00200000000000022" classname="ocPostprob" name="h_get_looks_together_with_h_get_distance_always_gives_unique_looks"/>
    <testcase time="0.00299999999999967" classname="ocPostprob" name="h_get_looks_together_with_h_get_distance_always_gives_unique_looks"/>
    <testcase time="0.00200000000000022" classname="ocPostprob" name="h_get_looks_together_with_h_get_distance_always_gives_unique_looks"/>
    <testcase time="0.00199999999999978" classname="ocPostprob" name="h_get_looks_together_with_h_get_distance_always_gives_unique_looks"/>
    <testcase time="0.00300000000000011" classname="ocPostprob" name="h_get_looks_together_with_h_get_distance_always_gives_unique_looks"/>
    <testcase time="0.004" classname="ocPostprob" name="h_get_looks_together_with_h_get_distance_always_gives_unique_looks"/>
    <testcase time="0.00300000000000011" classname="ocPostprob" name="h_get_looks_together_with_h_get_distance_always_gives_unique_looks"/>
    <testcase time="0.00199999999999978" classname="ocPostprob" name="h_get_looks_together_with_h_get_distance_always_gives_unique_looks"/>
    <testcase time="0.00300000000000011" classname="ocPostprob" name="h_get_looks_together_with_h_get_distance_always_gives_unique_looks"/>
    <testcase time="0.00199999999999978" classname="ocPostprob" name="h_get_looks_together_with_h_get_distance_always_gives_unique_looks"/>
    <testcase time="0.00200000000000022" classname="ocPostprob" name="h_get_looks_together_with_h_get_distance_always_gives_unique_looks"/>
    <testcase time="0.00300000000000011" classname="ocPostprob" name="h_get_looks_together_with_h_get_distance_always_gives_unique_looks"/>
    <testcase time="0.00199999999999978" classname="ocPostprob" name="h_get_looks_together_with_h_get_distance_always_gives_unique_looks"/>
    <testcase time="0.00300000000000011" classname="ocPostprob" name="h_get_looks_together_with_h_get_distance_always_gives_unique_looks"/>
    <testcase time="0.00199999999999978" classname="ocPostprob" name="h_get_looks_together_with_h_get_distance_always_gives_unique_looks"/>
    <testcase time="0.00300000000000011" classname="ocPostprob" name="h_get_looks_together_with_h_get_distance_always_gives_unique_looks"/>
    <testcase time="0.00200000000000022" classname="ocPostprob" name="h_get_looks_together_with_h_get_distance_always_gives_unique_looks"/>
    <testcase time="0.00299999999999967" classname="ocPostprob" name="h_get_looks_together_with_h_get_distance_always_gives_unique_looks"/>
    <testcase time="0.00200000000000022" classname="ocPostprob" name="h_get_looks_together_with_h_get_distance_always_gives_unique_looks"/>
    <testcase time="0.00300000000000011" classname="ocPostprob" name="h_get_looks_together_with_h_get_distance_always_gives_unique_looks"/>
    <testcase time="0.00199999999999978" classname="ocPostprob" name="h_get_looks_together_with_h_get_distance_always_gives_unique_looks"/>
    <testcase time="0.00200000000000022" classname="ocPostprob" name="h_get_looks_together_with_h_get_distance_always_gives_unique_looks"/>
    <testcase time="0.00499999999999989" classname="ocPostprob" name="h_get_looks_together_with_h_get_distance_always_gives_unique_looks"/>
    <testcase time="0.00200000000000022" classname="ocPostprob" name="h_get_looks_together_with_h_get_distance_always_gives_unique_looks"/>
    <testcase time="0.00299999999999967" classname="ocPostprob" name="h_get_looks_together_with_h_get_distance_always_gives_unique_looks"/>
    <testcase time="0.00200000000000022" classname="ocPostprob" name="h_get_looks_together_with_h_get_distance_always_gives_unique_looks"/>
    <testcase time="0.00300000000000011" classname="ocPostprob" name="h_get_looks_together_with_h_get_distance_always_gives_unique_looks"/>
    <testcase time="0.00199999999999978" classname="ocPostprob" name="h_get_looks_together_with_h_get_distance_always_gives_unique_looks"/>
    <testcase time="0.00300000000000011" classname="ocPostprob" name="h_get_looks_together_with_h_get_distance_always_gives_unique_looks"/>
    <testcase time="0.00199999999999978" classname="ocPostprob" name="h_get_looks_together_with_h_get_distance_always_gives_unique_looks"/>
    <testcase time="0.00300000000000011" classname="ocPostprob" name="h_get_looks_together_with_h_get_distance_always_gives_unique_looks"/>
    <testcase time="0.00200000000000022" classname="ocPostprob" name="h_get_looks_together_with_h_get_distance_always_gives_unique_looks"/>
    <testcase time="0.00299999999999967" classname="ocPostprob" name="h_get_looks_together_with_h_get_distance_always_gives_unique_looks"/>
    <testcase time="0.00200000000000022" classname="ocPostprob" name="h_get_looks_together_with_h_get_distance_always_gives_unique_looks"/>
    <testcase time="0.00300000000000011" classname="ocPostprob" name="h_get_looks_together_with_h_get_distance_always_gives_unique_looks"/>
    <testcase time="0.00199999999999978" classname="ocPostprob" name="h_get_looks_together_with_h_get_distance_always_gives_unique_looks"/>
    <testcase time="0.00300000000000011" classname="ocPostprob" name="h_get_looks_together_with_h_get_distance_always_gives_unique_looks"/>
    <testcase time="0.00199999999999978" classname="ocPostprob" name="h_get_looks_together_with_h_get_distance_always_gives_unique_looks"/>
    <testcase time="0.00500000000000034" classname="ocPostprob" name="h_get_looks_together_with_h_get_distance_always_gives_unique_looks"/>
    <testcase time="0.00199999999999978" classname="ocPostprob" name="h_get_looks_together_with_h_get_distance_always_gives_unique_looks"/>
    <testcase time="0.00300000000000011" classname="ocPostprob" name="h_get_looks_together_with_h_get_distance_always_gives_unique_looks"/>
    <testcase time="0.00199999999999978" classname="ocPostprob" name="h_get_looks_together_with_h_get_distance_always_gives_unique_looks"/>
    <testcase time="0.00300000000000011" classname="ocPostprob" name="h_get_looks_together_with_h_get_distance_always_gives_unique_looks"/>
    <testcase time="0.00200000000000022" classname="ocPostprob" name="h_get_looks_together_with_h_get_distance_always_gives_unique_looks"/>
    <testcase time="0.00299999999999967" classname="ocPostprob" name="h_get_looks_together_with_h_get_distance_always_gives_unique_looks"/>
    <testcase time="0.00200000000000022" classname="ocPostprob" name="h_get_looks_together_with_h_get_distance_always_gives_unique_looks"/>
    <testcase time="0.00300000000000011" classname="ocPostprob" name="h_get_looks_together_with_h_get_distance_always_gives_unique_looks"/>
    <testcase time="0.00299999999999967" classname="ocPostprob" name="h_get_looks_together_with_h_get_distance_always_gives_unique_looks"/>
    <testcase time="0.00200000000000022" classname="ocPostprob" name="h_get_looks_together_with_h_get_distance_always_gives_unique_looks"/>
    <testcase time="0.00300000000000011" classname="ocPostprob" name="h_get_looks_together_with_h_get_distance_always_gives_unique_looks"/>
    <testcase time="0.00199999999999978" classname="ocPostprob" name="h_get_looks_together_with_h_get_distance_always_gives_unique_looks"/>
    <testcase time="0.00300000000000011" classname="ocPostprob" name="h_get_looks_together_with_h_get_distance_always_gives_unique_looks"/>
    <testcase time="0.00199999999999978" classname="ocPostprob" name="h_get_looks_together_with_h_get_distance_always_gives_unique_looks"/>
    <testcase time="0.00500000000000034" classname="ocPostprob" name="h_get_looks_together_with_h_get_distance_always_gives_unique_looks"/>
    <testcase time="0.00299999999999967" classname="ocPostprob" name="h_get_looks_together_with_h_get_distance_always_gives_unique_looks"/>
    <testcase time="0.00200000000000022" classname="ocPostprob" name="h_get_looks_together_with_h_get_distance_always_gives_unique_looks"/>
    <testcase time="0.00299999999999967" classname="ocPostprob" name="h_get_looks_together_with_h_get_distance_always_gives_unique_looks"/>
    <testcase time="0.00200000000000022" classname="ocPostprob" name="h_get_looks_together_with_h_get_distance_always_gives_unique_looks"/>
    <testcase time="0.00300000000000011" classname="ocPostprob" name="h_get_looks_together_with_h_get_distance_always_gives_unique_looks"/>
    <testcase time="0.00299999999999967" classname="ocPostprob" name="h_get_looks_together_with_h_get_distance_always_gives_unique_looks"/>
    <testcase time="0.00200000000000022" classname="ocPostprob" name="h_get_looks_together_with_h_get_distance_always_gives_unique_looks"/>
    <testcase time="0.00300000000000011" classname="ocPostprob" name="h_get_looks_together_with_h_get_distance_always_gives_unique_looks"/>
    <testcase time="0.00199999999999978" classname="ocPostprob" name="h_get_looks_together_with_h_get_distance_always_gives_unique_looks"/>
    <testcase time="0.00300000000000011" classname="ocPostprob" name="h_get_looks_together_with_h_get_distance_always_gives_unique_looks"/>
    <testcase time="0.00300000000000011" classname="ocPostprob" name="h_get_looks_together_with_h_get_distance_always_gives_unique_looks"/>
    <testcase time="0.00199999999999978" classname="ocPostprob" name="h_get_looks_together_with_h_get_distance_always_gives_unique_looks"/>
    <testcase time="0.00300000000000011" classname="ocPostprob" name="h_get_looks_together_with_h_get_distance_always_gives_unique_looks"/>
    <testcase time="0.00199999999999978" classname="ocPostprob" name="h_get_looks_together_with_h_get_distance_always_gives_unique_looks"/>
    <testcase time="0.00300000000000011" classname="ocPostprob" name="h_get_looks_together_with_h_get_distance_always_gives_unique_looks"/>
    <testcase time="0.00499999999999989" classname="ocPostprob" name="h_get_looks_together_with_h_get_distance_always_gives_unique_looks"/>
    <testcase time="0.00200000000000022" classname="ocPostprob" name="h_get_looks_together_with_h_get_distance_always_gives_unique_looks"/>
    <testcase time="0.00300000000000011" classname="ocPostprob" name="h_get_looks_together_with_h_get_distance_always_gives_unique_looks"/>
    <testcase time="0.00299999999999967" classname="ocPostprob" name="h_get_looks_together_with_h_get_distance_always_gives_unique_looks"/>
    <testcase time="0.00200000000000022" classname="ocPostprob" name="h_get_looks_together_with_h_get_distance_always_gives_unique_looks"/>
    <testcase time="0.00300000000000011" classname="ocPostprob" name="h_get_looks_together_with_h_get_distance_always_gives_unique_looks"/>
    <testcase time="0.00299999999999967" classname="ocPostprob" name="h_get_looks_together_with_h_get_distance_always_gives_unique_looks"/>
    <testcase time="0.00200000000000022" classname="ocPostprob" name="h_get_looks_together_with_h_get_distance_always_gives_unique_looks"/>
    <testcase time="0.00300000000000011" classname="ocPostprob" name="h_get_looks_together_with_h_get_distance_always_gives_unique_looks"/>
    <testcase time="0.00299999999999967" classname="ocPostprob" name="h_get_looks_together_with_h_get_distance_always_gives_unique_looks"/>
    <testcase time="0.00200000000000022" classname="ocPostprob" name="h_get_looks_together_with_h_get_distance_always_gives_unique_looks"/>
    <testcase time="0.00300000000000011" classname="ocPostprob" name="h_get_looks_together_with_h_get_distance_always_gives_unique_looks"/>
    <testcase time="0.00299999999999967" classname="ocPostprob" name="h_get_looks_together_with_h_get_distance_always_gives_unique_looks"/>
    <testcase time="0.00200000000000022" classname="ocPostprob" name="h_get_looks_together_with_h_get_distance_always_gives_unique_looks"/>
    <testcase time="0.00499999999999989" classname="ocPostprob" name="h_get_looks_together_with_h_get_distance_always_gives_unique_looks"/>
    <testcase time="0.00300000000000011" classname="ocPostprob" name="h_get_looks_together_with_h_get_distance_always_gives_unique_looks"/>
    <testcase time="0.00199999999999978" classname="ocPostprob" name="h_get_looks_together_with_h_get_distance_always_gives_unique_looks"/>
    <testcase time="0.00199999999999978" classname="ocPostprob" name="h_get_looks_together_with_h_get_distance_always_gives_unique_looks"/>
    <testcase time="0.00300000000000011" classname="ocPostprob" name="h_get_looks_together_with_h_get_distance_always_gives_unique_looks"/>
    <testcase time="0.00300000000000011" classname="ocPostprob" name="h_get_looks_together_with_h_get_distance_always_gives_unique_looks"/>
    <testcase time="0.00199999999999978" classname="ocPostprob" name="h_get_looks_together_with_h_get_distance_always_gives_unique_looks"/>
    <testcase time="0.00300000000000011" classname="ocPostprob" name="h_get_looks_together_with_h_get_distance_always_gives_unique_looks"/>
    <testcase time="0.00300000000000011" classname="ocPostprob" name="h_get_looks_together_with_h_get_distance_always_gives_unique_looks"/>
    <testcase time="0.00299999999999967" classname="ocPostprob" name="h_get_looks_together_with_h_get_distance_always_gives_unique_looks"/>
    <testcase time="0.00200000000000022" classname="ocPostprob" name="h_get_looks_together_with_h_get_distance_always_gives_unique_looks"/>
    <testcase time="0.00300000000000011" classname="ocPostprob" name="h_get_looks_together_with_h_get_distance_always_gives_unique_looks"/>
    <testcase time="0.00299999999999967" classname="ocPostprob" name="h_get_looks_together_with_h_get_distance_always_gives_unique_looks"/>
    <testcase time="0.00200000000000022" classname="ocPostprob" name="h_get_looks_together_with_h_get_distance_always_gives_unique_looks"/>
    <testcase time="0.00300000000000011" classname="ocPostprob" name="h_get_looks_together_with_h_get_distance_always_gives_unique_looks"/>
    <testcase time="0.004" classname="ocPostprob" name="h_get_looks_together_with_h_get_distance_always_gives_unique_looks"/>
    <testcase time="0.00299999999999967" classname="ocPostprob" name="h_get_looks_together_with_h_get_distance_always_gives_unique_looks"/>
    <testcase time="0.00300000000000011" classname="ocPostprob" name="h_get_looks_together_with_h_get_distance_always_gives_unique_looks"/>
    <testcase time="0.00300000000000011" classname="ocPostprob" name="h_get_looks_together_with_h_get_distance_always_gives_unique_looks"/>
    <testcase time="0.00199999999999978" classname="ocPostprob" name="h_get_looks_together_with_h_get_distance_always_gives_unique_looks"/>
    <testcase time="0.00300000000000011" classname="ocPostprob" name="h_get_looks_together_with_h_get_distance_always_gives_unique_looks"/>
    <testcase time="0.00300000000000011" classname="ocPostprob" name="h_get_looks_together_with_h_get_distance_always_gives_unique_looks"/>
    <testcase time="0.00199999999999978" classname="ocPostprob" name="h_get_looks_together_with_h_get_distance_always_gives_unique_looks"/>
    <testcase time="0.00300000000000011" classname="ocPostprob" name="h_get_looks_together_with_h_get_distance_always_gives_unique_looks"/>
    <testcase time="0.00199999999999978" classname="ocPostprob" name="h_get_looks_together_with_h_get_distance_always_gives_unique_looks"/>
    <testcase time="0.00300000000000011" classname="ocPostprob" name="h_get_looks_together_with_h_get_distance_always_gives_unique_looks"/>
    <testcase time="0.00300000000000011" classname="ocPostprob" name="h_get_looks_together_with_h_get_distance_always_gives_unique_looks"/>
    <testcase time="0.00199999999999978" classname="ocPostprob" name="h_get_looks_together_with_h_get_distance_always_gives_unique_looks"/>
    <testcase time="0.00300000000000011" classname="ocPostprob" name="h_get_looks_together_with_h_get_distance_always_gives_unique_looks"/>
    <testcase time="0.004" classname="ocPostprob" name="h_get_looks_together_with_h_get_distance_always_gives_unique_looks"/>
    <testcase time="0.00300000000000011" classname="ocPostprob" name="h_get_looks_together_with_h_get_distance_always_gives_unique_looks"/>
    <testcase time="0.00300000000000011" classname="ocPostprob" name="h_get_looks_together_with_h_get_distance_always_gives_unique_looks"/>
    <testcase time="0.00299999999999967" classname="ocPostprob" name="h_get_looks_together_with_h_get_distance_always_gives_unique_looks"/>
    <testcase time="0.00200000000000022" classname="ocPostprob" name="h_get_looks_together_with_h_get_distance_always_gives_unique_looks"/>
    <testcase time="0.00300000000000011" classname="ocPostprob" name="h_get_looks_together_with_h_get_distance_always_gives_unique_looks"/>
    <testcase time="0.00299999999999967" classname="ocPostprob" name="h_get_looks_together_with_h_get_distance_always_gives_unique_looks"/>
    <testcase time="0.00300000000000011" classname="ocPostprob" name="h_get_looks_together_with_h_get_distance_always_gives_unique_looks"/>
    <testcase time="0.00200000000000022" classname="ocPostprob" name="h_get_looks_together_with_h_get_distance_always_gives_unique_looks"/>
    <testcase time="0.00299999999999967" classname="ocPostprob" name="h_get_looks_together_with_h_get_distance_always_gives_unique_looks"/>
    <testcase time="0.00300000000000011" classname="ocPostprob" name="h_get_looks_together_with_h_get_distance_always_gives_unique_looks"/>
    <testcase time="0.00300000000000011" classname="ocPostprob" name="h_get_looks_together_with_h_get_distance_always_gives_unique_looks"/>
    <testcase time="0.00199999999999978" classname="ocPostprob" name="h_get_looks_together_with_h_get_distance_always_gives_unique_looks"/>
    <testcase time="0.00300000000000011" classname="ocPostprob" name="h_get_looks_together_with_h_get_distance_always_gives_unique_looks"/>
    <testcase time="0.00499999999999989" classname="ocPostprob" name="h_get_looks_together_with_h_get_distance_always_gives_unique_looks"/>
    <testcase time="0.00300000000000011" classname="ocPostprob" name="h_get_looks_together_with_h_get_distance_always_gives_unique_looks"/>
    <testcase time="0.00300000000000011" classname="ocPostprob" name="h_get_looks_together_with_h_get_distance_always_gives_unique_looks"/>
    <testcase time="0.00300000000000011" classname="ocPostprob" name="h_get_looks_together_with_h_get_distance_always_gives_unique_looks"/>
    <testcase time="0.00199999999999978" classname="ocPostprob" name="h_get_looks_together_with_h_get_distance_always_gives_unique_looks"/>
    <testcase time="0.00300000000000011" classname="ocPostprob" name="h_get_looks_together_with_h_get_distance_always_gives_unique_looks"/>
    <testcase time="0.00300000000000011" classname="ocPostprob" name="h_get_looks_together_with_h_get_distance_always_gives_unique_looks"/>
    <testcase time="0.00299999999999967" classname="ocPostprob" name="h_get_looks_together_with_h_get_distance_always_gives_unique_looks"/>
    <testcase time="0.00300000000000011" classname="ocPostprob" name="h_get_looks_together_with_h_get_distance_always_gives_unique_looks"/>
    <testcase time="0.00300000000000011" classname="ocPostprob" name="h_get_looks_together_with_h_get_distance_always_gives_unique_looks"/>
    <testcase time="0.00199999999999978" classname="ocPostprob" name="h_get_looks_together_with_h_get_distance_always_gives_unique_looks"/>
    <testcase time="0.00300000000000011" classname="ocPostprob" name="h_get_looks_together_with_h_get_distance_always_gives_unique_looks"/>
    <testcase time="0.00300000000000011" classname="ocPostprob" name="h_get_looks_together_with_h_get_distance_always_gives_unique_looks"/>
    <testcase time="0.00499999999999989" classname="ocPostprob" name="h_get_looks_together_with_h_get_distance_always_gives_unique_looks"/>
    <testcase time="0.00300000000000011" classname="ocPostprob" name="h_get_looks_together_with_h_get_distance_always_gives_unique_looks"/>
    <testcase time="0.00300000000000011" classname="ocPostprob" name="h_get_looks_together_with_h_get_distance_always_gives_unique_looks"/>
    <testcase time="0.00299999999999967" classname="ocPostprob" name="h_get_looks_together_with_h_get_distance_always_gives_unique_looks"/>
    <testcase time="0.00200000000000022" classname="ocPostprob" name="h_get_looks_together_with_h_get_distance_always_gives_unique_looks"/>
    <testcase time="0.00300000000000011" classname="ocPostprob" name="h_get_looks_together_with_h_get_distance_always_gives_unique_looks"/>
    <testcase time="0.00299999999999967" classname="ocPostprob" name="h_get_looks_together_with_h_get_distance_always_gives_unique_looks"/>
    <testcase time="0.00300000000000011" classname="ocPostprob" name="h_get_looks_together_with_h_get_distance_always_gives_unique_looks"/>
    <testcase time="0.00300000000000011" classname="ocPostprob" name="h_get_looks_together_with_h_get_distance_always_gives_unique_looks"/>
    <testcase time="0.00199999999999978" classname="ocPostprob" name="h_get_looks_together_with_h_get_distance_always_gives_unique_looks"/>
    <testcase time="0.00300000000000011" classname="ocPostprob" name="h_get_looks_together_with_h_get_distance_always_gives_unique_looks"/>
    <testcase time="0.00300000000000011" classname="ocPostprob" name="h_get_looks_together_with_h_get_distance_always_gives_unique_looks"/>
    <testcase time="0.00299999999999967" classname="ocPostprob" name="h_get_looks_together_with_h_get_distance_always_gives_unique_looks"/>
    <testcase time="0.00500000000000034" classname="ocPostprob" name="h_get_looks_together_with_h_get_distance_always_gives_unique_looks"/>
    <testcase time="0.00199999999999978" classname="ocPostprob" name="h_get_looks_together_with_h_get_distance_always_gives_unique_looks"/>
    <testcase time="0.00300000000000011" classname="ocPostprob" name="h_get_looks_together_with_h_get_distance_always_gives_unique_looks"/>
    <testcase time="0.00300000000000011" classname="ocPostprob" name="h_get_looks_together_with_h_get_distance_always_gives_unique_looks"/>
    <testcase time="0.00299999999999967" classname="ocPostprob" name="h_get_looks_together_with_h_get_distance_always_gives_unique_looks"/>
    <testcase time="0.00300000000000011" classname="ocPostprob" name="h_get_looks_together_with_h_get_distance_always_gives_unique_looks"/>
    <testcase time="0.00200000000000022" classname="ocPostprob" name="h_get_looks_together_with_h_get_distance_always_gives_unique_looks"/>
    <testcase time="0.00299999999999967" classname="ocPostprob" name="h_get_looks_together_with_h_get_distance_always_gives_unique_looks"/>
    <testcase time="0.00300000000000011" classname="ocPostprob" name="h_get_looks_together_with_h_get_distance_always_gives_unique_looks"/>
    <testcase time="0.00300000000000011" classname="ocPostprob" name="h_get_looks_together_with_h_get_distance_always_gives_unique_looks"/>
    <testcase time="0.00300000000000011" classname="ocPostprob" name="h_get_looks_together_with_h_get_distance_always_gives_unique_looks"/>
    <testcase time="0.00299999999999967" classname="ocPostprob" name="h_get_looks_together_with_h_get_distance_always_gives_unique_looks"/>
    <testcase time="0.00300000000000011" classname="ocPostprob" name="h_get_looks_together_with_h_get_distance_always_gives_unique_looks"/>
    <testcase time="0.00499999999999989" classname="ocPostprob" name="h_get_looks_together_with_h_get_distance_always_gives_unique_looks"/>
    <testcase time="0.00300000000000011" classname="ocPostprob" name="h_get_looks_together_with_h_get_distance_always_gives_unique_looks"/>
    <testcase time="0.00300000000000011" classname="ocPostprob" name="h_get_looks_together_with_h_get_distance_always_gives_unique_looks"/>
    <testcase time="0.00300000000000011" classname="ocPostprob" name="h_get_looks_together_with_h_get_distance_always_gives_unique_looks"/>
    <testcase time="0.00299999999999967" classname="ocPostprob" name="h_get_looks_together_with_h_get_distance_always_gives_unique_looks"/>
    <testcase time="0.00300000000000011" classname="ocPostprob" name="h_get_looks_together_with_h_get_distance_always_gives_unique_looks"/>
    <testcase time="0.00300000000000011" classname="ocPostprob" name="h_get_looks_together_with_h_get_distance_always_gives_unique_looks"/>
    <testcase time="0.00300000000000011" classname="ocPostprob" name="h_get_looks_together_with_h_get_distance_always_gives_unique_looks"/>
    <testcase time="0.00299999999999967" classname="ocPostprob" name="h_get_looks_together_with_h_get_distance_always_gives_unique_looks"/>
    <testcase time="0.00300000000000011" classname="ocPostprob" name="h_get_looks_together_with_h_get_distance_always_gives_unique_looks"/>
    <testcase time="0.00300000000000011" classname="ocPostprob" name="h_get_looks_together_with_h_get_distance_always_gives_unique_looks"/>
    <testcase time="0.00300000000000011" classname="ocPostprob" name="h_get_looks_together_with_h_get_distance_always_gives_unique_looks"/>
    <testcase time="0.00499999999999989" classname="ocPostprob" name="h_get_looks_together_with_h_get_distance_always_gives_unique_looks"/>
    <testcase time="0.00300000000000011" classname="ocPostprob" name="h_get_looks_together_with_h_get_distance_always_gives_unique_looks"/>
    <testcase time="0.00299999999999967" classname="ocPostprob" name="h_get_looks_together_with_h_get_distance_always_gives_unique_looks"/>
    <testcase time="0.00300000000000011" classname="ocPostprob" name="h_get_looks_together_with_h_get_distance_always_gives_unique_looks"/>
    <testcase time="0.00300000000000011" classname="ocPostprob" name="h_get_looks_together_with_h_get_distance_always_gives_unique_looks"/>
    <testcase time="0.00300000000000011" classname="ocPostprob" name="h_get_looks_together_with_h_get_distance_always_gives_unique_looks"/>
    <testcase time="0.00299999999999967" classname="ocPostprob" name="h_get_looks_together_with_h_get_distance_always_gives_unique_looks"/>
    <testcase time="0.00300000000000011" classname="ocPostprob" name="h_get_looks_together_with_h_get_distance_always_gives_unique_looks"/>
    <testcase time="0.00300000000000011" classname="ocPostprob" name="h_get_looks_together_with_h_get_distance_always_gives_unique_looks"/>
    <testcase time="0.00300000000000011" classname="ocPostprob" name="h_get_looks_together_with_h_get_distance_always_gives_unique_looks"/>
    <testcase time="0.00299999999999967" classname="ocPostprob" name="h_get_looks_together_with_h_get_distance_always_gives_unique_looks"/>
    <testcase time="0.00300000000000011" classname="ocPostprob" name="h_get_looks_together_with_h_get_distance_always_gives_unique_looks"/>
    <testcase time="0.0089999999999999" classname="ocPostprob" name="h_get_looks_together_with_h_get_distance_always_gives_unique_looks"/>
    <testcase time="0.00300000000000011" classname="ocPostprob" name="h_get_looks_together_with_h_get_distance_always_gives_unique_looks"/>
    <testcase time="0.00300000000000011" classname="ocPostprob" name="h_get_looks_together_with_h_get_distance_always_gives_unique_looks"/>
    <testcase time="0.004" classname="ocPostprob" name="h_get_looks_together_with_h_get_distance_always_gives_unique_looks"/>
    <testcase time="0.00299999999999967" classname="ocPostprob" name="h_get_looks_together_with_h_get_distance_always_gives_unique_looks"/>
    <testcase time="0.00300000000000011" classname="ocPostprob" name="h_get_looks_together_with_h_get_distance_always_gives_unique_looks"/>
    <testcase time="0.00300000000000011" classname="ocPostprob" name="h_get_looks_together_with_h_get_distance_always_gives_unique_looks"/>
    <testcase time="0.00300000000000011" classname="ocPostprob" name="h_get_looks_together_with_h_get_distance_always_gives_unique_looks"/>
    <testcase time="0.00299999999999967" classname="ocPostprob" name="h_get_looks_together_with_h_get_distance_always_gives_unique_looks"/>
    <testcase time="0.00300000000000011" classname="ocPostprob" name="h_get_looks_together_with_h_get_distance_always_gives_unique_looks"/>
    <testcase time="0.00300000000000011" classname="ocPostprob" name="h_get_looks_together_with_h_get_distance_always_gives_unique_looks"/>
    <testcase time="0.004" classname="ocPostprob" name="h_get_looks_together_with_h_get_distance_always_gives_unique_looks"/>
    <testcase time="0.00300000000000011" classname="ocPostprob" name="h_get_looks_together_with_h_get_distance_always_gives_unique_looks"/>
    <testcase time="0.00499999999999989" classname="ocPostprob" name="h_get_looks_together_with_h_get_distance_always_gives_unique_looks"/>
    <testcase time="0.00300000000000011" classname="ocPostprob" name="h_get_looks_together_with_h_get_distance_always_gives_unique_looks"/>
    <testcase time="0.00299999999999967" classname="ocPostprob" name="h_get_looks_together_with_h_get_distance_always_gives_unique_looks"/>
    <testcase time="0.004" classname="ocPostprob" name="h_get_looks_together_with_h_get_distance_always_gives_unique_looks"/>
    <testcase time="0.00300000000000011" classname="ocPostprob" name="h_get_looks_together_with_h_get_distance_always_gives_unique_looks"/>
    <testcase time="0.00300000000000011" classname="ocPostprob" name="h_get_looks_together_with_h_get_distance_always_gives_unique_looks"/>
    <testcase time="0.00300000000000011" classname="ocPostprob" name="h_get_looks_together_with_h_get_distance_always_gives_unique_looks"/>
    <testcase time="0.00299999999999967" classname="ocPostprob" name="h_get_looks_together_with_h_get_distance_always_gives_unique_looks"/>
    <testcase time="0.00300000000000011" classname="ocPostprob" name="h_get_looks_together_with_h_get_distance_always_gives_unique_looks"/>
    <testcase time="0.00300000000000011" classname="ocPostprob" name="h_get_looks_together_with_h_get_distance_always_gives_unique_looks"/>
    <testcase time="0.004" classname="ocPostprob" name="h_get_looks_together_with_h_get_distance_always_gives_unique_looks"/>
    <testcase time="0.00300000000000011" classname="ocPostprob" name="h_get_looks_together_with_h_get_distance_always_gives_unique_looks"/>
    <testcase time="0.00299999999999967" classname="ocPostprob" name="h_get_looks_together_with_h_get_distance_always_gives_unique_looks"/>
    <testcase time="0.00500000000000034" classname="ocPostprob" name="h_get_looks_together_with_h_get_distance_always_gives_unique_looks"/>
    <testcase time="0.00299999999999967" classname="ocPostprob" name="h_get_looks_together_with_h_get_distance_always_gives_unique_looks"/>
    <testcase time="0.004" classname="ocPostprob" name="h_get_looks_together_with_h_get_distance_always_gives_unique_looks"/>
    <testcase time="0.00300000000000011" classname="ocPostprob" name="h_get_looks_together_with_h_get_distance_always_gives_unique_looks"/>
    <testcase time="0.00300000000000011" classname="ocPostprob" name="h_get_looks_together_with_h_get_distance_always_gives_unique_looks"/>
    <testcase time="0.00300000000000011" classname="ocPostprob" name="h_get_looks_together_with_h_get_distance_always_gives_unique_looks"/>
    <testcase time="0.00299999999999967" classname="ocPostprob" name="h_get_looks_together_with_h_get_distance_always_gives_unique_looks"/>
    <testcase time="0.00300000000000011" classname="ocPostprob" name="h_get_looks_together_with_h_get_distance_always_gives_unique_looks"/>
    <testcase time="0.004" classname="ocPostprob" name="h_get_looks_together_with_h_get_distance_always_gives_unique_looks"/>
    <testcase time="0.00300000000000011" classname="ocPostprob" name="h_get_looks_together_with_h_get_distance_always_gives_unique_looks"/>
    <testcase time="0.00299999999999967" classname="ocPostprob" name="h_get_looks_together_with_h_get_distance_always_gives_unique_looks"/>
    <testcase time="0.00300000000000011" classname="ocPostprob" name="h_get_looks_together_with_h_get_distance_always_gives_unique_looks"/>
    <testcase time="0.00499999999999989" classname="ocPostprob" name="h_get_looks_together_with_h_get_distance_always_gives_unique_looks"/>
    <testcase time="0.004" classname="ocPostprob" name="h_get_looks_together_with_h_get_distance_always_gives_unique_looks"/>
    <testcase time="0.00300000000000011" classname="ocPostprob" name="h_get_looks_together_with_h_get_distance_always_gives_unique_looks"/>
    <testcase time="0.00300000000000011" classname="ocPostprob" name="h_get_looks_together_with_h_get_distance_always_gives_unique_looks"/>
    <testcase time="0.00300000000000011" classname="ocPostprob" name="h_get_looks_together_with_h_get_distance_always_gives_unique_looks"/>
    <testcase time="0.004" classname="ocPostprob" name="h_get_looks_together_with_h_get_distance_always_gives_unique_looks"/>
    <testcase time="0.00299999999999967" classname="ocPostprob" name="h_get_looks_together_with_h_get_distance_always_gives_unique_looks"/>
    <testcase time="0.00300000000000011" classname="ocPostprob" name="h_get_looks_together_with_h_get_distance_always_gives_unique_looks"/>
    <testcase time="0.00300000000000011" classname="ocPostprob" name="h_get_looks_together_with_h_get_distance_always_gives_unique_looks"/>
    <testcase time="0.004" classname="ocPostprob" name="h_get_looks_together_with_h_get_distance_always_gives_unique_looks"/>
    <testcase time="0.00300000000000011" classname="ocPostprob" name="h_get_looks_together_with_h_get_distance_always_gives_unique_looks"/>
    <testcase time="0.00299999999999967" classname="ocPostprob" name="h_get_looks_together_with_h_get_distance_always_gives_unique_looks"/>
    <testcase time="0.00600000000000023" classname="ocPostprob" name="h_get_looks_together_with_h_get_distance_always_gives_unique_looks"/>
    <testcase time="0.00300000000000011" classname="ocPostprob" name="h_get_looks_together_with_h_get_distance_always_gives_unique_looks"/>
    <testcase time="0.00299999999999967" classname="ocPostprob" name="h_get_looks_together_with_h_get_distance_always_gives_unique_looks"/>
    <testcase time="0.004" classname="ocPostprob" name="h_get_looks_together_with_h_get_distance_always_gives_unique_looks"/>
    <testcase time="0.00300000000000011" classname="ocPostprob" name="h_get_looks_together_with_h_get_distance_always_gives_unique_looks"/>
    <testcase time="0.004" classname="ocPostprob" name="h_get_looks_together_with_h_get_distance_always_gives_unique_looks"/>
    <testcase time="0.00300000000000011" classname="ocPostprob" name="h_get_looks_together_with_h_get_distance_always_gives_unique_looks"/>
    <testcase time="0.00300000000000011" classname="ocPostprob" name="h_get_looks_together_with_h_get_distance_always_gives_unique_looks"/>
    <testcase time="0.004" classname="ocPostprob" name="h_get_looks_together_with_h_get_distance_always_gives_unique_looks"/>
    <testcase time="0.00299999999999967" classname="ocPostprob" name="h_get_looks_together_with_h_get_distance_always_gives_unique_looks"/>
    <testcase time="0.00300000000000011" classname="ocPostprob" name="h_get_looks_together_with_h_get_distance_always_gives_unique_looks"/>
    <testcase time="0.00300000000000011" classname="ocPostprob" name="h_get_looks_together_with_h_get_distance_always_gives_unique_looks"/>
    <testcase time="0.00599999999999978" classname="ocPostprob" name="h_get_looks_together_with_h_get_distance_always_gives_unique_looks"/>
    <testcase time="0.00300000000000011" classname="ocPostprob" name="h_get_looks_together_with_h_get_distance_always_gives_unique_looks"/>
    <testcase time="0.004" classname="ocPostprob" name="h_get_looks_together_with_h_get_distance_always_gives_unique_looks"/>
    <testcase time="0.00300000000000011" classname="ocPostprob" name="h_get_looks_together_with_h_get_distance_always_gives_unique_looks"/>
    <testcase time="0.00300000000000011" classname="ocPostprob" name="h_get_looks_together_with_h_get_distance_always_gives_unique_looks"/>
    <testcase time="0.004" classname="ocPostprob" name="h_get_looks_together_with_h_get_distance_always_gives_unique_looks"/>
    <testcase time="0.00299999999999967" classname="ocPostprob" name="h_get_looks_together_with_h_get_distance_always_gives_unique_looks"/>
    <testcase time="0.00300000000000011" classname="ocPostprob" name="h_get_looks_together_with_h_get_distance_always_gives_unique_looks"/>
    <testcase time="0.004" classname="ocPostprob" name="h_get_looks_together_with_h_get_distance_always_gives_unique_looks"/>
    <testcase time="0.00300000000000011" classname="ocPostprob" name="h_get_looks_together_with_h_get_distance_always_gives_unique_looks"/>
    <testcase time="0.00299999999999967" classname="ocPostprob" name="h_get_looks_together_with_h_get_distance_always_gives_unique_looks"/>
    <testcase time="0.00500000000000034" classname="ocPostprob" name="h_get_looks_together_with_h_get_distance_always_gives_unique_looks"/>
    <testcase time="0.004" classname="ocPostprob" name="h_get_looks_together_with_h_get_distance_always_gives_unique_looks"/>
    <testcase time="0.00299999999999967" classname="ocPostprob" name="h_get_looks_together_with_h_get_distance_always_gives_unique_looks"/>
    <testcase time="0.004" classname="ocPostprob" name="h_get_looks_together_with_h_get_distance_always_gives_unique_looks"/>
    <testcase time="0.00300000000000011" classname="ocPostprob" name="h_get_looks_together_with_h_get_distance_always_gives_unique_looks"/>
    <testcase time="0.00300000000000011" classname="ocPostprob" name="h_get_looks_together_with_h_get_distance_always_gives_unique_looks"/>
    <testcase time="0.00300000000000011" classname="ocPostprob" name="h_get_looks_together_with_h_get_distance_always_gives_unique_looks"/>
    <testcase time="0.004" classname="ocPostprob" name="h_get_looks_together_with_h_get_distance_always_gives_unique_looks"/>
    <testcase time="0.00299999999999967" classname="ocPostprob" name="h_get_looks_together_with_h_get_distance_always_gives_unique_looks"/>
    <testcase time="0.00300000000000011" classname="ocPostprob" name="h_get_looks_together_with_h_get_distance_always_gives_unique_looks"/>
    <testcase time="0.00300000000000011" classname="ocPostprob" name="h_get_looks_together_with_h_get_distance_always_gives_unique_looks"/>
    <testcase time="0.00300000000000011" classname="ocPostprob" name="h_get_looks_together_with_h_get_distance_always_gives_unique_looks"/>
    <testcase time="0.00599999999999978" classname="ocPostprob" name="h_get_looks_together_with_h_get_distance_always_gives_unique_looks"/>
    <testcase time="0.00300000000000011" classname="ocPostprob" name="h_get_looks_together_with_h_get_distance_always_gives_unique_looks"/>
    <testcase time="0.00300000000000011" classname="ocPostprob" name="h_get_looks_together_with_h_get_distance_always_gives_unique_looks"/>
    <testcase time="0.004" classname="ocPostprob" name="h_get_looks_together_with_h_get_distance_always_gives_unique_looks"/>
    <testcase time="0.00299999999999967" classname="ocPostprob" name="h_get_looks_together_with_h_get_distance_always_gives_unique_looks"/>
    <testcase time="0.00300000000000011" classname="ocPostprob" name="h_get_looks_together_with_h_get_distance_always_gives_unique_looks"/>
    <testcase time="0.00300000000000011" classname="ocPostprob" name="h_get_looks_together_with_h_get_distance_always_gives_unique_looks"/>
    <testcase time="0.004" classname="ocPostprob" name="h_get_looks_together_with_h_get_distance_always_gives_unique_looks"/>
    <testcase time="0.00300000000000011" classname="ocPostprob" name="h_get_looks_together_with_h_get_distance_always_gives_unique_looks"/>
    <testcase time="0.00299999999999967" classname="ocPostprob" name="h_get_looks_together_with_h_get_distance_always_gives_unique_looks"/>
    <testcase time="0.00300000000000011" classname="ocPostprob" name="h_get_looks_together_with_h_get_distance_always_gives_unique_looks"/>
    <testcase time="0.00499999999999989" classname="ocPostprob" name="h_get_looks_together_with_h_get_distance_always_gives_unique_looks"/>
    <testcase time="0.004" classname="ocPostprob" name="h_get_looks_together_with_h_get_distance_always_gives_unique_looks"/>
    <testcase time="0.00300000000000011" classname="ocPostprob" name="h_get_looks_together_with_h_get_distance_always_gives_unique_looks"/>
    <testcase time="0.00300000000000011" classname="ocPostprob" name="h_get_looks_together_with_h_get_distance_always_gives_unique_looks"/>
    <testcase time="0.004" classname="ocPostprob" name="h_get_looks_together_with_h_get_distance_always_gives_unique_looks"/>
    <testcase time="0.00300000000000011" classname="ocPostprob" name="h_get_looks_together_with_h_get_distance_always_gives_unique_looks"/>
    <testcase time="0.00299999999999967" classname="ocPostprob" name="h_get_looks_together_with_h_get_distance_always_gives_unique_looks"/>
    <testcase time="0.00300000000000011" classname="ocPostprob" name="h_get_looks_together_with_h_get_distance_always_gives_unique_looks"/>
    <testcase time="0.004" classname="ocPostprob" name="h_get_looks_together_with_h_get_distance_always_gives_unique_looks"/>
    <testcase time="0.00300000000000011" classname="ocPostprob" name="h_get_looks_together_with_h_get_distance_always_gives_unique_looks"/>
    <testcase time="0.00300000000000011" classname="ocPostprob" name="h_get_looks_together_with_h_get_distance_always_gives_unique_looks"/>
    <testcase time="0.00499999999999989" classname="ocPostprob" name="h_get_looks_together_with_h_get_distance_always_gives_unique_looks"/>
    <testcase time="0.004" classname="ocPostprob" name="h_get_looks_together_with_h_get_distance_always_gives_unique_looks"/>
    <testcase time="0.00299999999999967" classname="ocPostprob" name="h_get_looks_together_with_h_get_distance_always_gives_unique_looks"/>
    <testcase time="0.004" classname="ocPostprob" name="h_get_looks_together_with_h_get_distance_always_gives_unique_looks"/>
    <testcase time="0.00300000000000011" classname="ocPostprob" name="h_get_looks_together_with_h_get_distance_always_gives_unique_looks"/>
    <testcase time="0.004" classname="ocPostprob" name="h_get_looks_together_with_h_get_distance_always_gives_unique_looks"/>
    <testcase time="0.00300000000000011" classname="ocPostprob" name="h_get_looks_together_with_h_get_distance_always_gives_unique_looks"/>
    <testcase time="0.004" classname="ocPostprob" name="h_get_looks_together_with_h_get_distance_always_gives_unique_looks"/>
    <testcase time="0.00300000000000011" classname="ocPostprob" name="h_get_looks_together_with_h_get_distance_always_gives_unique_looks"/>
    <testcase time="0.00299999999999967" classname="ocPostprob" name="h_get_looks_together_with_h_get_distance_always_gives_unique_looks"/>
    <testcase time="0.00600000000000023" classname="ocPostprob" name="h_get_looks_together_with_h_get_distance_always_gives_unique_looks"/>
    <testcase time="0.00300000000000011" classname="ocPostprob" name="h_get_looks_together_with_h_get_distance_always_gives_unique_looks"/>
    <testcase time="0.004" classname="ocPostprob" name="h_get_looks_together_with_h_get_distance_always_gives_unique_looks"/>
    <testcase time="0.00299999999999967" classname="ocPostprob" name="h_get_looks_together_with_h_get_distance_always_gives_unique_looks"/>
    <testcase time="0.004" classname="ocPostprob" name="h_get_looks_together_with_h_get_distance_always_gives_unique_looks"/>
    <testcase time="0.00300000000000011" classname="ocPostprob" name="h_get_looks_together_with_h_get_distance_always_gives_unique_looks"/>
    <testcase time="0.004" classname="ocPostprob" name="h_get_looks_together_with_h_get_distance_always_gives_unique_looks"/>
    <testcase time="0.00300000000000011" classname="ocPostprob" name="h_get_looks_together_with_h_get_distance_always_gives_unique_looks"/>
    <testcase time="0.00300000000000011" classname="ocPostprob" name="h_get_looks_together_with_h_get_distance_always_gives_unique_looks"/>
    <testcase time="0.004" classname="ocPostprob" name="h_get_looks_together_with_h_get_distance_always_gives_unique_looks"/>
    <testcase time="0.00299999999999967" classname="ocPostprob" name="h_get_looks_together_with_h_get_distance_always_gives_unique_looks"/>
    <testcase time="0.00600000000000023" classname="ocPostprob" name="h_get_looks_together_with_h_get_distance_always_gives_unique_looks"/>
    <testcase time="0.00300000000000011" classname="ocPostprob" name="h_get_looks_together_with_h_get_distance_always_gives_unique_looks"/>
    <testcase time="0.00599999999999978" classname="ocPostprob" name="h_get_looks_together_with_h_get_distance_always_gives_unique_looks"/>
    <testcase time="0.00300000000000011" classname="ocPostprob" name="h_get_looks_together_with_h_get_distance_always_gives_unique_looks"/>
    <testcase time="0.004" classname="ocPostprob" name="h_get_looks_together_with_h_get_distance_always_gives_unique_looks"/>
    <testcase time="0.00300000000000011" classname="ocPostprob" name="h_get_looks_together_with_h_get_distance_always_gives_unique_looks"/>
    <testcase time="0.004" classname="ocPostprob" name="h_get_looks_together_with_h_get_distance_always_gives_unique_looks"/>
    <testcase time="0.00299999999999967" classname="ocPostprob" name="h_get_looks_together_with_h_get_distance_always_gives_unique_looks"/>
    <testcase time="0.004" classname="ocPostprob" name="h_get_looks_together_with_h_get_distance_always_gives_unique_looks"/>
    <testcase time="0.00300000000000011" classname="ocPostprob" name="h_get_looks_together_with_h_get_distance_always_gives_unique_looks"/>
    <testcase time="0.00600000000000023" classname="ocPostprob" name="h_get_looks_together_with_h_get_distance_always_gives_unique_looks"/>
    <testcase time="0.004" classname="ocPostprob" name="h_get_looks_together_with_h_get_distance_always_gives_unique_looks"/>
    <testcase time="0.00299999999999967" classname="ocPostprob" name="h_get_looks_together_with_h_get_distance_always_gives_unique_looks"/>
    <testcase time="0.004" classname="ocPostprob" name="h_get_looks_together_with_h_get_distance_always_gives_unique_looks"/>
    <testcase time="0.00300000000000011" classname="ocPostprob" name="h_get_looks_together_with_h_get_distance_always_gives_unique_looks"/>
    <testcase time="0.004" classname="ocPostprob" name="h_get_looks_together_with_h_get_distance_always_gives_unique_looks"/>
    <testcase time="0.004" classname="ocPostprob" name="h_get_looks_together_with_h_get_distance_always_gives_unique_looks"/>
    <testcase time="0.00300000000000011" classname="ocPostprob" name="h_get_looks_together_with_h_get_distance_always_gives_unique_looks"/>
    <testcase time="0.004" classname="ocPostprob" name="h_get_looks_together_with_h_get_distance_always_gives_unique_looks"/>
    <testcase time="0.00299999999999967" classname="ocPostprob" name="h_get_looks_together_with_h_get_distance_always_gives_unique_looks"/>
    <testcase time="0.00600000000000023" classname="ocPostprob" name="h_get_looks_together_with_h_get_distance_always_gives_unique_looks"/>
    <testcase time="0.00300000000000011" classname="ocPostprob" name="h_get_looks_together_with_h_get_distance_always_gives_unique_looks"/>
    <testcase time="0.004" classname="ocPostprob" name="h_get_looks_together_with_h_get_distance_always_gives_unique_looks"/>
    <testcase time="0.00299999999999967" classname="ocPostprob" name="h_get_looks_together_with_h_get_distance_always_gives_unique_looks"/>
    <testcase time="0.004" classname="ocPostprob" name="h_get_looks_together_with_h_get_distance_always_gives_unique_looks"/>
    <testcase time="0.00300000000000011" classname="ocPostprob" name="h_get_looks_together_with_h_get_distance_always_gives_unique_looks"/>
    <testcase time="0.004" classname="ocPostprob" name="h_get_looks_together_with_h_get_distance_always_gives_unique_looks"/>
    <testcase time="0.00300000000000011" classname="ocPostprob" name="h_get_looks_together_with_h_get_distance_always_gives_unique_looks"/>
    <testcase time="0.004" classname="ocPostprob" name="h_get_looks_together_with_h_get_distance_always_gives_unique_looks"/>
    <testcase time="0.00300000000000011" classname="ocPostprob" name="h_get_looks_together_with_h_get_distance_always_gives_unique_looks"/>
    <testcase time="0.00599999999999978" classname="ocPostprob" name="h_get_looks_together_with_h_get_distance_always_gives_unique_looks"/>
    <testcase time="0.00300000000000011" classname="ocPostprob" name="h_get_looks_together_with_h_get_distance_always_gives_unique_looks"/>
    <testcase time="0.004" classname="ocPostprob" name="h_get_looks_together_with_h_get_distance_always_gives_unique_looks"/>
    <testcase time="0.004" classname="ocPostprob" name="h_get_looks_together_with_h_get_distance_always_gives_unique_looks"/>
    <testcase time="0.00300000000000011" classname="ocPostprob" name="h_get_looks_together_with_h_get_distance_always_gives_unique_looks"/>
    <testcase time="0.004" classname="ocPostprob" name="h_get_looks_together_with_h_get_distance_always_gives_unique_looks"/>
    <testcase time="0.00299999999999967" classname="ocPostprob" name="h_get_looks_together_with_h_get_distance_always_gives_unique_looks"/>
    <testcase time="0.004" classname="ocPostprob" name="h_get_looks_together_with_h_get_distance_always_gives_unique_looks"/>
    <testcase time="0.00300000000000011" classname="ocPostprob" name="h_get_looks_together_with_h_get_distance_always_gives_unique_looks"/>
    <testcase time="0.00600000000000023" classname="ocPostprob" name="h_get_looks_together_with_h_get_distance_always_gives_unique_looks"/>
    <testcase time="0.00299999999999967" classname="ocPostprob" name="h_get_looks_together_with_h_get_distance_always_gives_unique_looks"/>
    <testcase time="0.004" classname="ocPostprob" name="h_get_looks_together_with_h_get_distance_always_gives_unique_looks"/>
    <testcase time="0.004" classname="ocPostprob" name="h_get_looks_together_with_h_get_distance_always_gives_unique_looks"/>
    <testcase time="0.00300000000000011" classname="ocPostprob" name="h_get_looks_together_with_h_get_distance_always_gives_unique_looks"/>
    <testcase time="0.004" classname="ocPostprob" name="h_get_looks_together_with_h_get_distance_always_gives_unique_looks"/>
    <testcase time="0.00300000000000011" classname="ocPostprob" name="h_get_looks_together_with_h_get_distance_always_gives_unique_looks"/>
    <testcase time="0.004" classname="ocPostprob" name="h_get_looks_together_with_h_get_distance_always_gives_unique_looks"/>
    <testcase time="0.00300000000000011" classname="ocPostprob" name="h_get_looks_together_with_h_get_distance_always_gives_unique_looks"/>
    <testcase time="0.004" classname="ocPostprob" name="h_get_looks_together_with_h_get_distance_always_gives_unique_looks"/>
    <testcase time="0.00499999999999989" classname="ocPostprob" name="h_get_looks_together_with_h_get_distance_always_gives_unique_looks"/>
    <testcase time="0.00300000000000011" classname="ocPostprob" name="h_get_looks_together_with_h_get_distance_always_gives_unique_looks"/>
    <testcase time="0.004" classname="ocPostprob" name="h_get_looks_together_with_h_get_distance_always_gives_unique_looks"/>
    <testcase time="0.00299999999999967" classname="ocPostprob" name="h_get_looks_together_with_h_get_distance_always_gives_unique_looks"/>
    <testcase time="0.004" classname="ocPostprob" name="h_get_looks_together_with_h_get_distance_always_gives_unique_looks"/>
    <testcase time="0.00300000000000011" classname="ocPostprob" name="h_get_looks_together_with_h_get_distance_always_gives_unique_looks"/>
    <testcase time="0.004" classname="ocPostprob" name="h_get_looks_together_with_h_get_distance_always_gives_unique_looks"/>
    <testcase time="0.00300000000000011" classname="ocPostprob" name="h_get_looks_together_with_h_get_distance_always_gives_unique_looks"/>
    <testcase time="0.004" classname="ocPostprob" name="h_get_looks_together_with_h_get_distance_always_gives_unique_looks"/>
    <testcase time="0.00499999999999989" classname="ocPostprob" name="h_get_looks_together_with_h_get_distance_always_gives_unique_looks"/>
    <testcase time="0.004" classname="ocPostprob" name="h_get_looks_together_with_h_get_distance_always_gives_unique_looks"/>
    <testcase time="0.004" classname="ocPostprob" name="h_get_looks_together_with_h_get_distance_always_gives_unique_looks"/>
    <testcase time="0.00300000000000011" classname="ocPostprob" name="h_get_looks_together_with_h_get_distance_always_gives_unique_looks"/>
    <testcase time="0.004" classname="ocPostprob" name="h_get_looks_together_with_h_get_distance_always_gives_unique_looks"/>
    <testcase time="0.00300000000000011" classname="ocPostprob" name="h_get_looks_together_with_h_get_distance_always_gives_unique_looks"/>
    <testcase time="0.004" classname="ocPostprob" name="h_get_looks_together_with_h_get_distance_always_gives_unique_looks"/>
    <testcase time="0.00299999999999967" classname="ocPostprob" name="h_get_looks_together_with_h_get_distance_always_gives_unique_looks"/>
    <testcase time="0.004" classname="ocPostprob" name="h_get_looks_together_with_h_get_distance_always_gives_unique_looks"/>
    <testcase time="0.00500000000000034" classname="ocPostprob" name="h_get_looks_together_with_h_get_distance_always_gives_unique_looks"/>
    <testcase time="0.004" classname="ocPostprob" name="h_get_looks_together_with_h_get_distance_always_gives_unique_looks"/>
    <testcase time="0.004" classname="ocPostprob" name="h_get_looks_together_with_h_get_distance_always_gives_unique_looks"/>
    <testcase time="0.00299999999999967" classname="ocPostprob" name="h_get_looks_together_with_h_get_distance_always_gives_unique_looks"/>
    <testcase time="0.004" classname="ocPostprob" name="h_get_looks_together_with_h_get_distance_always_gives_unique_looks"/>
    <testcase time="0.004" classname="ocPostprob" name="h_get_looks_together_with_h_get_distance_always_gives_unique_looks"/>
    <testcase time="0.00300000000000011" classname="ocPostprob" name="h_get_looks_together_with_h_get_distance_always_gives_unique_looks"/>
    <testcase time="0.004" classname="ocPostprob" name="h_get_looks_together_with_h_get_distance_always_gives_unique_looks"/>
    <testcase time="0.004" classname="ocPostprob" name="h_get_looks_together_with_h_get_distance_always_gives_unique_looks"/>
    <testcase time="0.00499999999999989" classname="ocPostprob" name="h_get_looks_together_with_h_get_distance_always_gives_unique_looks"/>
    <testcase time="0.004" classname="ocPostprob" name="h_get_looks_together_with_h_get_distance_always_gives_unique_looks"/>
    <testcase time="0.004" classname="ocPostprob" name="h_get_looks_together_with_h_get_distance_always_gives_unique_looks"/>
    <testcase time="0.004" classname="ocPostprob" name="h_get_looks_together_with_h_get_distance_always_gives_unique_looks"/>
    <testcase time="0.00300000000000011" classname="ocPostprob" name="h_get_looks_together_with_h_get_distance_always_gives_unique_looks"/>
    <testcase time="0.004" classname="ocPostprob" name="h_get_looks_together_with_h_get_distance_always_gives_unique_looks"/>
    <testcase time="0.00300000000000011" classname="ocPostprob" name="h_get_looks_together_with_h_get_distance_always_gives_unique_looks"/>
    <testcase time="0.004" classname="ocPostprob" name="h_get_looks_together_with_h_get_distance_always_gives_unique_looks"/>
    <testcase time="0.00299999999999967" classname="ocPostprob" name="h_get_looks_together_with_h_get_distance_always_gives_unique_looks"/>
    <testcase time="0.00600000000000023" classname="ocPostprob" name="h_get_looks_together_with_h_get_distance_always_gives_unique_looks"/>
    <testcase time="0.004" classname="ocPostprob" name="h_get_looks_together_with_h_get_distance_always_gives_unique_looks"/>
    <testcase time="0.004" classname="ocPostprob" name="h_get_looks_together_with_h_get_distance_always_gives_unique_looks"/>
    <testcase time="0.00300000000000011" classname="ocPostprob" name="h_get_looks_together_with_h_get_distance_always_gives_unique_looks"/>
    <testcase time="0.004" classname="ocPostprob" name="h_get_looks_together_with_h_get_distance_always_gives_unique_looks"/>
    <testcase time="0.004" classname="ocPostprob" name="h_get_looks_together_with_h_get_distance_always_gives_unique_looks"/>
    <testcase time="0.00299999999999967" classname="ocPostprob" name="h_get_looks_together_with_h_get_distance_always_gives_unique_looks"/>
    <testcase time="0.004" classname="ocPostprob" name="h_get_looks_together_with_h_get_distance_always_gives_unique_looks"/>
    <testcase time="0.00800000000000001" classname="ocPostprob" name="h_get_looks_together_with_h_get_distance_always_gives_unique_looks"/>
    <testcase time="0.004" classname="ocPostprob" name="h_get_looks_together_with_h_get_distance_always_gives_unique_looks"/>
    <testcase time="0.004" classname="ocPostprob" name="h_get_looks_together_with_h_get_distance_always_gives_unique_looks"/>
    <testcase time="0.004" classname="ocPostprob" name="h_get_looks_together_with_h_get_distance_always_gives_unique_looks"/>
    <testcase time="0.00300000000000011" classname="ocPostprob" name="h_get_looks_together_with_h_get_distance_always_gives_unique_looks"/>
    <testcase time="0.004" classname="ocPostprob" name="h_get_looks_together_with_h_get_distance_always_gives_unique_looks"/>
    <testcase time="0.004" classname="ocPostprob" name="h_get_looks_together_with_h_get_distance_always_gives_unique_looks"/>
    <testcase time="0.00300000000000011" classname="ocPostprob" name="h_get_looks_together_with_h_get_distance_always_gives_unique_looks"/>
    <testcase time="0.004" classname="ocPostprob" name="h_get_looks_together_with_h_get_distance_always_gives_unique_looks"/>
    <testcase time="0.004" classname="ocPostprob" name="h_get_looks_together_with_h_get_distance_always_gives_unique_looks"/>
    <testcase time="0.00599999999999978" classname="ocPostprob" name="h_get_looks_together_with_h_get_distance_always_gives_unique_looks"/>
    <testcase time="0.004" classname="ocPostprob" name="h_get_looks_together_with_h_get_distance_always_gives_unique_looks"/>
    <testcase time="0.004" classname="ocPostprob" name="h_get_looks_together_with_h_get_distance_always_gives_unique_looks"/>
    <testcase time="0.004" classname="ocPostprob" name="h_get_looks_together_with_h_get_distance_always_gives_unique_looks"/>
    <testcase time="0.004" classname="ocPostprob" name="h_get_looks_together_with_h_get_distance_always_gives_unique_looks"/>
    <testcase time="0.00300000000000011" classname="ocPostprob" name="h_get_looks_together_with_h_get_distance_always_gives_unique_looks"/>
    <testcase time="0.004" classname="ocPostprob" name="h_get_looks_together_with_h_get_distance_always_gives_unique_looks"/>
    <testcase time="0.004" classname="ocPostprob" name="h_get_looks_together_with_h_get_distance_always_gives_unique_looks"/>
    <testcase time="0.00300000000000011" classname="ocPostprob" name="h_get_looks_together_with_h_get_distance_always_gives_unique_looks"/>
    <testcase time="0.00300000000000011" classname="ocPostprob" name="h_get_looks_together_with_h_get_distance_always_gives_unique_looks"/>
    <testcase time="0.00599999999999978" classname="ocPostprob" name="h_get_looks_together_with_h_get_distance_always_gives_unique_looks"/>
    <testcase time="0.004" classname="ocPostprob" name="h_get_looks_together_with_h_get_distance_always_gives_unique_looks"/>
    <testcase time="0.004" classname="ocPostprob" name="h_get_looks_together_with_h_get_distance_always_gives_unique_looks"/>
    <testcase time="0.004" classname="ocPostprob" name="h_get_looks_together_with_h_get_distance_always_gives_unique_looks"/>
    <testcase time="0.004" classname="ocPostprob" name="h_get_looks_together_with_h_get_distance_always_gives_unique_looks"/>
    <testcase time="0.00300000000000011" classname="ocPostprob" name="h_get_looks_together_with_h_get_distance_always_gives_unique_looks"/>
    <testcase time="0.004" classname="ocPostprob" name="h_get_looks_together_with_h_get_distance_always_gives_unique_looks"/>
    <testcase time="0.004" classname="ocPostprob" name="h_get_looks_together_with_h_get_distance_always_gives_unique_looks"/>
    <testcase time="0.00300000000000011" classname="ocPostprob" name="h_get_looks_together_with_h_get_distance_always_gives_unique_looks"/>
    <testcase time="0.004" classname="ocPostprob" name="h_get_looks_together_with_h_get_distance_always_gives_unique_looks"/>
    <testcase time="0.00599999999999978" classname="ocPostprob" name="h_get_looks_together_with_h_get_distance_always_gives_unique_looks"/>
    <testcase time="0.004" classname="ocPostprob" name="h_get_looks_together_with_h_get_distance_always_gives_unique_looks"/>
    <testcase time="0.004" classname="ocPostprob" name="h_get_looks_together_with_h_get_distance_always_gives_unique_looks"/>
    <testcase time="0.004" classname="ocPostprob" name="h_get_looks_together_with_h_get_distance_always_gives_unique_looks"/>
    <testcase time="0.004" classname="ocPostprob" name="h_get_looks_together_with_h_get_distance_always_gives_unique_looks"/>
    <testcase time="0.00300000000000011" classname="ocPostprob" name="h_get_looks_together_with_h_get_distance_always_gives_unique_looks"/>
    <testcase time="0.004" classname="ocPostprob" name="h_get_looks_together_with_h_get_distance_always_gives_unique_looks"/>
    <testcase time="0.004" classname="ocPostprob" name="h_get_looks_together_with_h_get_distance_always_gives_unique_looks"/>
    <testcase time="0.004" classname="ocPostprob" name="h_get_looks_together_with_h_get_distance_always_gives_unique_looks"/>
    <testcase time="0.00499999999999989" classname="ocPostprob" name="h_get_looks_together_with_h_get_distance_always_gives_unique_looks"/>
    <testcase time="0.004" classname="ocPostprob" name="h_get_looks_together_with_h_get_distance_always_gives_unique_looks"/>
    <testcase time="0.004" classname="ocPostprob" name="h_get_looks_together_with_h_get_distance_always_gives_unique_looks"/>
    <testcase time="0.004" classname="ocPostprob" name="h_get_looks_together_with_h_get_distance_always_gives_unique_looks"/>
    <testcase time="0.00300000000000011" classname="ocPostprob" name="h_get_looks_together_with_h_get_distance_always_gives_unique_looks"/>
    <testcase time="0.004" classname="ocPostprob" name="h_get_looks_together_with_h_get_distance_always_gives_unique_looks"/>
    <testcase time="0.004" classname="ocPostprob" name="h_get_looks_together_with_h_get_distance_always_gives_unique_looks"/>
    <testcase time="0.004" classname="ocPostprob" name="h_get_looks_together_with_h_get_distance_always_gives_unique_looks"/>
    <testcase time="0.004" classname="ocPostprob" name="h_get_looks_together_with_h_get_distance_always_gives_unique_looks"/>
    <testcase time="0.00499999999999989" classname="ocPostprob" name="h_get_looks_together_with_h_get_distance_always_gives_unique_looks"/>
    <testcase time="0.00500000000000034" classname="ocPostprob" name="h_get_looks_together_with_h_get_distance_always_gives_unique_looks"/>
    <testcase time="0.004" classname="ocPostprob" name="h_get_looks_together_with_h_get_distance_always_gives_unique_looks"/>
    <testcase time="0.004" classname="ocPostprob" name="h_get_looks_together_with_h_get_distance_always_gives_unique_looks"/>
    <testcase time="0.004" classname="ocPostprob" name="h_get_looks_together_with_h_get_distance_always_gives_unique_looks"/>
    <testcase time="0.00399999999999956" classname="ocPostprob" name="h_get_looks_together_with_h_get_distance_always_gives_unique_looks"/>
    <testcase time="0.00300000000000011" classname="ocPostprob" name="h_get_looks_together_with_h_get_distance_always_gives_unique_looks"/>
    <testcase time="0.004" classname="ocPostprob" name="h_get_looks_together_with_h_get_distance_always_gives_unique_looks"/>
    <testcase time="0.004" classname="ocPostprob" name="h_get_looks_together_with_h_get_distance_always_gives_unique_looks"/>
    <testcase time="0.004" classname="ocPostprob" name="h_get_looks_together_with_h_get_distance_always_gives_unique_looks"/>
    <testcase time="0.00600000000000023" classname="ocPostprob" name="h_get_looks_together_with_h_get_distance_always_gives_unique_looks"/>
    <testcase time="0.00499999999999989" classname="ocPostprob" name="h_get_looks_together_with_h_get_distance_always_gives_unique_looks"/>
    <testcase time="0.004" classname="ocPostprob" name="h_get_looks_together_with_h_get_distance_always_gives_unique_looks"/>
    <testcase time="0.004" classname="ocPostprob" name="h_get_looks_together_with_h_get_distance_always_gives_unique_looks"/>
    <testcase time="0.004" classname="ocPostprob" name="h_get_looks_together_with_h_get_distance_always_gives_unique_looks"/>
    <testcase time="0.00300000000000011" classname="ocPostprob" name="h_get_looks_together_with_h_get_distance_always_gives_unique_looks"/>
    <testcase time="0.004" classname="ocPostprob" name="h_get_looks_together_with_h_get_distance_always_gives_unique_looks"/>
    <testcase time="0.004" classname="ocPostprob" name="h_get_looks_together_with_h_get_distance_always_gives_unique_looks"/>
    <testcase time="0.004" classname="ocPostprob" name="h_get_looks_together_with_h_get_distance_always_gives_unique_looks"/>
    <testcase time="0.00699999999999967" classname="ocPostprob" name="h_get_looks_together_with_h_get_distance_always_gives_unique_looks"/>
    <testcase time="0.004" classname="ocPostprob" name="h_get_looks_together_with_h_get_distance_always_gives_unique_looks"/>
    <testcase time="0.00500000000000034" classname="ocPostprob" name="h_get_looks_together_with_h_get_distance_always_gives_unique_looks"/>
    <testcase time="0.004" classname="ocPostprob" name="h_get_looks_together_with_h_get_distance_always_gives_unique_looks"/>
    <testcase time="0.004" classname="ocPostprob" name="h_get_looks_together_with_h_get_distance_always_gives_unique_looks"/>
    <testcase time="0.004" classname="ocPostprob" name="h_get_looks_together_with_h_get_distance_always_gives_unique_looks"/>
    <testcase time="0.004" classname="ocPostprob" name="h_get_looks_together_with_h_get_distance_always_gives_unique_looks"/>
    <testcase time="0.004" classname="ocPostprob" name="h_get_looks_together_with_h_get_distance_always_gives_unique_looks"/>
    <testcase time="0.00599999999999978" classname="ocPostprob" name="h_get_looks_together_with_h_get_distance_always_gives_unique_looks"/>
    <testcase time="0.00499999999999989" classname="ocPostprob" name="h_get_looks_together_with_h_get_distance_always_gives_unique_looks"/>
    <testcase time="0.00500000000000034" classname="ocPostprob" name="h_get_looks_together_with_h_get_distance_always_gives_unique_looks"/>
    <testcase time="0.004" classname="ocPostprob" name="h_get_looks_together_with_h_get_distance_always_gives_unique_looks"/>
    <testcase time="0.004" classname="ocPostprob" name="h_get_looks_together_with_h_get_distance_always_gives_unique_looks"/>
    <testcase time="0.004" classname="ocPostprob" name="h_get_looks_together_with_h_get_distance_always_gives_unique_looks"/>
    <testcase time="0.004" classname="ocPostprob" name="h_get_looks_together_with_h_get_distance_always_gives_unique_looks"/>
    <testcase time="0.004" classname="ocPostprob" name="h_get_looks_together_with_h_get_distance_always_gives_unique_looks"/>
    <testcase time="0.00399999999999956" classname="ocPostprob" name="h_get_looks_together_with_h_get_distance_always_gives_unique_looks"/>
    <testcase time="0.00700000000000012" classname="ocPostprob" name="h_get_looks_together_with_h_get_distance_always_gives_unique_looks"/>
    <testcase time="0.004" classname="ocPostprob" name="h_get_looks_together_with_h_get_distance_always_gives_unique_looks"/>
    <testcase time="0.004" classname="ocPostprob" name="h_get_looks_together_with_h_get_distance_always_gives_unique_looks"/>
    <testcase time="0.004" classname="ocPostprob" name="h_get_looks_together_with_h_get_distance_always_gives_unique_looks"/>
    <testcase time="0.004" classname="ocPostprob" name="h_get_looks_together_with_h_get_distance_always_gives_unique_looks"/>
    <testcase time="0.004" classname="ocPostprob" name="h_get_looks_together_with_h_get_distance_always_gives_unique_looks"/>
    <testcase time="0.004" classname="ocPostprob" name="h_get_looks_together_with_h_get_distance_always_gives_unique_looks"/>
    <testcase time="0.004" classname="ocPostprob" name="h_get_looks_together_with_h_get_distance_always_gives_unique_looks"/>
    <testcase time="0.00500000000000034" classname="ocPostprob" name="h_get_looks_together_with_h_get_distance_always_gives_unique_looks"/>
    <testcase time="0.00599999999999978" classname="ocPostprob" name="h_get_looks_together_with_h_get_distance_always_gives_unique_looks"/>
    <testcase time="0.00499999999999989" classname="ocPostprob" name="h_get_looks_together_with_h_get_distance_always_gives_unique_looks"/>
    <testcase time="0.004" classname="ocPostprob" name="h_get_looks_together_with_h_get_distance_always_gives_unique_looks"/>
    <testcase time="0.004" classname="ocPostprob" name="h_get_looks_together_with_h_get_distance_always_gives_unique_looks"/>
    <testcase time="0.00500000000000034" classname="ocPostprob" name="h_get_looks_together_with_h_get_distance_always_gives_unique_looks"/>
    <testcase time="0.004" classname="ocPostprob" name="h_get_looks_together_with_h_get_distance_always_gives_unique_looks"/>
    <testcase time="0.004" classname="ocPostprob" name="h_get_looks_together_with_h_get_distance_always_gives_unique_looks"/>
    <testcase time="0.004" classname="ocPostprob" name="h_get_looks_together_with_h_get_distance_always_gives_unique_looks"/>
    <testcase time="0.00699999999999967" classname="ocPostprob" name="h_get_looks_together_with_h_get_distance_always_gives_unique_looks"/>
    <testcase time="0.004" classname="ocPostprob" name="h_get_looks_together_with_h_get_distance_always_gives_unique_looks"/>
    <testcase time="0.00500000000000034" classname="ocPostprob" name="h_get_looks_together_with_h_get_distance_always_gives_unique_looks"/>
    <testcase time="0.004" classname="ocPostprob" name="h_get_looks_together_with_h_get_distance_always_gives_unique_looks"/>
    <testcase time="0.004" classname="ocPostprob" name="h_get_looks_together_with_h_get_distance_always_gives_unique_looks"/>
    <testcase time="0.004" classname="ocPostprob" name="h_get_looks_together_with_h_get_distance_always_gives_unique_looks"/>
    <testcase time="0.00499999999999989" classname="ocPostprob" name="h_get_looks_together_with_h_get_distance_always_gives_unique_looks"/>
    <testcase time="0.004" classname="ocPostprob" name="h_get_looks_together_with_h_get_distance_always_gives_unique_looks"/>
    <testcase time="0.004" classname="ocPostprob" name="h_get_looks_together_with_h_get_distance_always_gives_unique_looks"/>
    <testcase time="0.00699999999999967" classname="ocPostprob" name="h_get_looks_together_with_h_get_distance_always_gives_unique_looks"/>
    <testcase time="0.004" classname="ocPostprob" name="h_get_looks_together_with_h_get_distance_always_gives_unique_looks"/>
    <testcase time="0.00500000000000034" classname="ocPostprob" name="h_get_looks_together_with_h_get_distance_always_gives_unique_looks"/>
    <testcase time="0.00499999999999989" classname="ocPostprob" name="h_get_looks_together_with_h_get_distance_always_gives_unique_looks"/>
    <testcase time="0.00499999999999989" classname="ocPostprob" name="h_get_looks_together_with_h_get_distance_always_gives_unique_looks"/>
    <testcase time="0.004" classname="ocPostprob" name="h_get_looks_together_with_h_get_distance_always_gives_unique_looks"/>
    <testcase time="0.00499999999999989" classname="ocPostprob" name="h_get_looks_together_with_h_get_distance_always_gives_unique_looks"/>
    <testcase time="0.004" classname="ocPostprob" name="h_get_looks_together_with_h_get_distance_always_gives_unique_looks"/>
    <testcase time="0.00700000000000012" classname="ocPostprob" name="h_get_looks_together_with_h_get_distance_always_gives_unique_looks"/>
    <testcase time="0.004" classname="ocPostprob" name="h_get_looks_together_with_h_get_distance_always_gives_unique_looks"/>
    <testcase time="0.00499999999999989" classname="ocPostprob" name="h_get_looks_together_with_h_get_distance_always_gives_unique_looks"/>
    <testcase time="0.004" classname="ocPostprob" name="h_get_looks_together_with_h_get_distance_always_gives_unique_looks"/>
    <testcase time="0.004" classname="ocPostprob" name="h_get_looks_together_with_h_get_distance_always_gives_unique_looks"/>
    <testcase time="0.004" classname="ocPostprob" name="h_get_looks_together_with_h_get_distance_always_gives_unique_looks"/>
    <testcase time="0.00500000000000034" classname="ocPostprob" name="h_get_looks_together_with_h_get_distance_always_gives_unique_looks"/>
    <testcase time="0.004" classname="ocPostprob" name="h_get_looks_together_with_h_get_distance_always_gives_unique_looks"/>
    <testcase time="0.00699999999999967" classname="ocPostprob" name="h_get_looks_together_with_h_get_distance_always_gives_unique_looks"/>
    <testcase time="0.00500000000000034" classname="ocPostprob" name="h_get_looks_together_with_h_get_distance_always_gives_unique_looks"/>
    <testcase time="0.004" classname="ocPostprob" name="h_get_looks_together_with_h_get_distance_always_gives_unique_looks"/>
    <testcase time="0.004" classname="ocPostprob" name="h_get_looks_together_with_h_get_distance_always_gives_unique_looks"/>
    <testcase time="0.00499999999999989" classname="ocPostprob" name="h_get_looks_together_with_h_get_distance_always_gives_unique_looks"/>
    <testcase time="0.004" classname="ocPostprob" name="h_get_looks_together_with_h_get_distance_always_gives_unique_looks"/>
    <testcase time="0.004" classname="ocPostprob" name="h_get_looks_together_with_h_get_distance_always_gives_unique_looks"/>
    <testcase time="0.00499999999999989" classname="ocPostprob" name="h_get_looks_together_with_h_get_distance_always_gives_unique_looks"/>
    <testcase time="0.00700000000000012" classname="ocPostprob" name="h_get_looks_together_with_h_get_distance_always_gives_unique_looks"/>
    <testcase time="0.004" classname="ocPostprob" name="h_get_looks_together_with_h_get_distance_always_gives_unique_looks"/>
    <testcase time="0.00499999999999989" classname="ocPostprob" name="h_get_looks_together_with_h_get_distance_always_gives_unique_looks"/>
    <testcase time="0.004" classname="ocPostprob" name="h_get_looks_together_with_h_get_distance_always_gives_unique_looks"/>
    <testcase time="0.004" classname="ocPostprob" name="h_get_looks_together_with_h_get_distance_always_gives_unique_looks"/>
    <testcase time="0.00499999999999989" classname="ocPostprob" name="h_get_looks_together_with_h_get_distance_always_gives_unique_looks"/>
    <testcase time="0.004" classname="ocPostprob" name="h_get_looks_together_with_h_get_distance_always_gives_unique_looks"/>
    <testcase time="0.00600000000000023" classname="ocPostprob" name="h_get_looks_together_with_h_get_distance_always_gives_unique_looks"/>
    <testcase time="0.00699999999999967" classname="ocPostprob" name="h_get_looks_together_with_h_get_distance_always_gives_unique_looks"/>
    <testcase time="0.004" classname="ocPostprob" name="h_get_looks_together_with_h_get_distance_always_gives_unique_looks"/>
    <testcase time="0.00400000000000045" classname="ocPostprob" name="h_get_looks_together_with_h_get_distance_always_gives_unique_looks"/>
    <testcase time="0.00499999999999989" classname="ocPostprob" name="h_get_looks_together_with_h_get_distance_always_gives_unique_looks"/>
    <testcase time="0.00399999999999956" classname="ocPostprob" name="h_get_looks_together_with_h_get_distance_always_gives_unique_looks"/>
    <testcase time="0.00400000000000045" classname="ocPostprob" name="h_get_looks_together_with_h_get_distance_always_gives_unique_looks"/>
    <testcase time="0.00499999999999989" classname="ocPostprob" name="h_get_looks_together_with_h_get_distance_always_gives_unique_looks"/>
    <testcase time="0.00800000000000001" classname="ocPostprob" name="h_get_looks_together_with_h_get_distance_always_gives_unique_looks"/>
    <testcase time="0.00499999999999989" classname="ocPostprob" name="h_get_looks_together_with_h_get_distance_always_gives_unique_looks"/>
    <testcase time="0.00400000000000045" classname="ocPostprob" name="h_get_looks_together_with_h_get_distance_always_gives_unique_looks"/>
    <testcase time="0.00499999999999989" classname="ocPostprob" name="h_get_looks_together_with_h_get_distance_always_gives_unique_looks"/>
    <testcase time="0.00399999999999956" classname="ocPostprob" name="h_get_looks_together_with_h_get_distance_always_gives_unique_looks"/>
    <testcase time="0.00499999999999989" classname="ocPostprob" name="h_get_looks_together_with_h_get_distance_always_gives_unique_looks"/>
    <testcase time="0.00400000000000045" classname="ocPostprob" name="h_get_looks_together_with_h_get_distance_always_gives_unique_looks"/>
    <testcase time="0.00399999999999956" classname="ocPostprob" name="h_get_looks_together_with_h_get_distance_always_gives_unique_looks"/>
    <testcase time="0.00800000000000001" classname="ocPostprob" name="h_get_looks_together_with_h_get_distance_always_gives_unique_looks"/>
    <testcase time="0.00400000000000045" classname="ocPostprob" name="h_get_looks_together_with_h_get_distance_always_gives_unique_looks"/>
    <testcase time="0.00499999999999989" classname="ocPostprob" name="h_get_looks_together_with_h_get_distance_always_gives_unique_looks"/>
    <testcase time="0.00399999999999956" classname="ocPostprob" name="h_get_looks_together_with_h_get_distance_always_gives_unique_looks"/>
    <testcase time="0.00500000000000078" classname="ocPostprob" name="h_get_looks_together_with_h_get_distance_always_gives_unique_looks"/>
    <testcase time="0.00399999999999956" classname="ocPostprob" name="h_get_looks_together_with_h_get_distance_always_gives_unique_looks"/>
    <testcase time="0.00499999999999989" classname="ocPostprob" name="h_get_looks_together_with_h_get_distance_always_gives_unique_looks"/>
    <testcase time="0.00699999999999967" classname="ocPostprob" name="h_get_looks_together_with_h_get_distance_always_gives_unique_looks"/>
    <testcase time="0.00400000000000045" classname="ocPostprob" name="h_get_looks_together_with_h_get_distance_always_gives_unique_looks"/>
    <testcase time="0.00499999999999989" classname="ocPostprob" name="h_get_looks_together_with_h_get_distance_always_gives_unique_looks"/>
    <testcase time="0.00400000000000045" classname="ocPostprob" name="h_get_looks_together_with_h_get_distance_always_gives_unique_looks"/>
    <testcase time="0.00499999999999989" classname="ocPostprob" name="h_get_looks_together_with_h_get_distance_always_gives_unique_looks"/>
    <testcase time="0.00399999999999956" classname="ocPostprob" name="h_get_looks_together_with_h_get_distance_always_gives_unique_looks"/>
    <testcase time="0.00499999999999989" classname="ocPostprob" name="h_get_looks_together_with_h_get_distance_always_gives_unique_looks"/>
    <testcase time="0.00600000000000023" classname="ocPostprob" name="h_get_looks_together_with_h_get_distance_always_gives_unique_looks"/>
    <testcase time="0.00499999999999989" classname="ocPostprob" name="h_get_looks_together_with_h_get_distance_always_gives_unique_looks"/>
    <testcase time="0.00499999999999989" classname="ocPostprob" name="h_get_looks_together_with_h_get_distance_always_gives_unique_looks"/>
    <testcase time="0.00400000000000045" classname="ocPostprob" name="h_get_looks_together_with_h_get_distance_always_gives_unique_looks"/>
    <testcase time="0.00499999999999989" classname="ocPostprob" name="h_get_looks_together_with_h_get_distance_always_gives_unique_looks"/>
    <testcase time="0.00399999999999956" classname="ocPostprob" name="h_get_looks_together_with_h_get_distance_always_gives_unique_looks"/>
    <testcase time="0.00400000000000045" classname="ocPostprob" name="h_get_looks_together_with_h_get_distance_always_gives_unique_looks"/>
    <testcase time="0.00499999999999989" classname="ocPostprob" name="h_get_looks_together_with_h_get_distance_always_gives_unique_looks"/>
    <testcase time="0.0120000000000005" classname="ocPostprob" name="h_get_looks_together_with_h_get_distance_always_gives_unique_looks"/>
    <testcase time="0.00499999999999989" classname="ocPostprob" name="h_get_looks_together_with_h_get_distance_always_gives_unique_looks"/>
    <testcase time="0.00399999999999956" classname="ocPostprob" name="h_get_looks_together_with_h_get_distance_always_gives_unique_looks"/>
    <testcase time="0.00499999999999989" classname="ocPostprob" name="h_get_looks_together_with_h_get_distance_always_gives_unique_looks"/>
    <testcase time="0.00400000000000045" classname="ocPostprob" name="h_get_looks_together_with_h_get_distance_always_gives_unique_looks"/>
    <testcase time="0.00499999999999989" classname="ocPostprob" name="h_get_looks_together_with_h_get_distance_always_gives_unique_looks"/>
    <testcase time="0.00499999999999989" classname="ocPostprob" name="h_get_looks_together_with_h_get_distance_always_gives_unique_looks"/>
    <testcase time="0.00400000000000045" classname="ocPostprob" name="h_get_looks_together_with_h_get_distance_always_gives_unique_looks"/>
    <testcase time="0.00699999999999967" classname="ocPostprob" name="h_get_looks_together_with_h_get_distance_always_gives_unique_looks"/>
    <testcase time="0.00499999999999989" classname="ocPostprob" name="h_get_looks_together_with_h_get_distance_always_gives_unique_looks"/>
    <testcase time="0.00499999999999989" classname="ocPostprob" name="h_get_looks_together_with_h_get_distance_always_gives_unique_looks"/>
    <testcase time="0.00400000000000045" classname="ocPostprob" name="h_get_looks_together_with_h_get_distance_always_gives_unique_looks"/>
    <testcase time="0.00499999999999989" classname="ocPostprob" name="h_get_looks_together_with_h_get_distance_always_gives_unique_looks"/>
    <testcase time="0.00399999999999956" classname="ocPostprob" name="h_get_looks_together_with_h_get_distance_always_gives_unique_looks"/>
    <testcase time="0.00499999999999989" classname="ocPostprob" name="h_get_looks_together_with_h_get_distance_always_gives_unique_looks"/>
    <testcase time="0.00499999999999989" classname="ocPostprob" name="h_get_looks_together_with_h_get_distance_always_gives_unique_looks"/>
    <testcase time="0.00600000000000023" classname="ocPostprob" name="h_get_looks_together_with_h_get_distance_always_gives_unique_looks"/>
    <testcase time="0.00499999999999989" classname="ocPostprob" name="h_get_looks_together_with_h_get_distance_always_gives_unique_looks"/>
    <testcase time="0.00499999999999989" classname="ocPostprob" name="h_get_looks_together_with_h_get_distance_always_gives_unique_looks"/>
    <testcase time="0.00400000000000045" classname="ocPostprob" name="h_get_looks_together_with_h_get_distance_always_gives_unique_looks"/>
    <testcase time="0.00499999999999989" classname="ocPostprob" name="h_get_looks_together_with_h_get_distance_always_gives_unique_looks"/>
    <testcase time="0.00400000000000045" classname="ocPostprob" name="h_get_looks_together_with_h_get_distance_always_gives_unique_looks"/>
    <testcase time="0.00499999999999989" classname="ocPostprob" name="h_get_looks_together_with_h_get_distance_always_gives_unique_looks"/>
    <testcase time="0.00399999999999956" classname="ocPostprob" name="h_get_looks_together_with_h_get_distance_always_gives_unique_looks"/>
    <testcase time="0.00700000000000056" classname="ocPostprob" name="h_get_looks_together_with_h_get_distance_always_gives_unique_looks"/>
    <testcase time="0.00499999999999989" classname="ocPostprob" name="h_get_looks_together_with_h_get_distance_always_gives_unique_looks"/>
    <testcase time="0.00499999999999989" classname="ocPostprob" name="h_get_looks_together_with_h_get_distance_always_gives_unique_looks"/>
    <testcase time="0.00399999999999956" classname="ocPostprob" name="h_get_looks_together_with_h_get_distance_always_gives_unique_looks"/>
    <testcase time="0.0179999999999998" classname="ocPostprob" name="h_get_decision_will_give_GO_decision_in_favourable_conditions"/>
    <testcase time="0.00600000000000023" classname="ocPostprob" name="h_get_decision_will_give_GO_decision_in_favourable_conditions"/>
    <testcase time="0.0129999999999999" classname="ocPostprob" name="the_probability_results_of_h_get_oc_are_less_than_1"/>
    <testcase time="0.00600000000000023" classname="ocPostprob" name="the_probability_results_of_h_get_oc_are_less_than_1"/>
    <testcase time="0.00599999999999934" classname="ocPostprob" name="the_probability_results_of_h_get_oc_are_less_than_1"/>
    <testcase time="0.00600000000000023" classname="ocPostprob" name="the_probability_results_of_h_get_oc_are_less_than_1"/>
    <testcase time="0.00900000000000034" classname="ocPostprob" name="the_ExpectedN_is_within_range_based_on_vector_of_looks"/>
    <testcase time="4.012" classname="ocPostprob" name="the_sum_of_Eff_Fut_Gray_zone_probabiliy_is_1"/>
    <testcase time="0.00699999999999967" classname="ocPostprob" name="the_sum_of_Eff_Fut_Gray_zone_probabiliy_is_1"/>
    <testcase time="7.112" classname="ocPostprob" name="the_PrFutility_increases_with_increase_futility_looks"/>
    <testcase time="5.475" classname="ocPostprob" name="the_PrFutility_increases_with_increase_futility_looks"/>
    <testcase time="0.00800000000000267" classname="ocPostprob" name="the_PrFutility_increases_with_increase_futility_looks"/>
    <testcase time="3.866" classname="ocPostprob" name="the_PrEfficacy_increases_with_increase_Efficacy_looks"/>
    <testcase time="6.995" classname="ocPostprob" name="the_PrEfficacy_increases_with_increase_Efficacy_looks"/>
    <testcase time="0.00600000000000023" classname="ocPostprob" name="the_PrEfficacy_increases_with_increase_Efficacy_looks"/>
    <testcase time="19.857" classname="ocPostprob" name="ocPostprob_gives_results_that_are_within_range_to_stats_pbinom"/>
    <testcase time="0.00600000000000023" classname="ocPostprob" name="ocPostprob_gives_results_that_are_within_range_to_stats_pbinom"/>
    <testcase time="0.00600000000000023" classname="ocPostprob" name="ocPostprob_gives_results_that_are_within_range_to_stats_pbinom"/>
    <testcase time="0.007000000000005" classname="ocPostprob" name="ocPostprob_gives_results_that_are_within_range_to_stats_pbinom"/>
  </testsuite>
  <testsuite name="ocPostprobDist" timestamp="2024-05-18T14:35:51Z" hostname="a62121b28de0" tests="17" skipped="0" failures="0" errors="0" time="10.364">
    <testcase time="0.0329999999999941" classname="ocPostprobDist" name="h_get_decisionDist_gives_correct_result_when_relativeDelta_TRUE"/>
    <testcase time="0.00200000000000244" classname="ocPostprobDist" name="h_get_decisionDist_gives_correct_result_when_relativeDelta_TRUE"/>
    <testcase time="0.00300000000000011" classname="ocPostprobDist" name="h_get_decisionDist_gives_correct_result_when_relativeDelta_TRUE"/>
    <testcase time="0.0120000000000005" classname="ocPostprobDist" name="h_get_decisionDist_gives_correct_result_relativeDelta_FALSE"/>
    <testcase time="0.00200000000000244" classname="ocPostprobDist" name="h_get_decisionDist_gives_correct_result_relativeDelta_FALSE"/>
    <testcase time="0.00300000000000011" classname="ocPostprobDist" name="h_get_decisionDist_gives_correct_result_relativeDelta_FALSE"/>
    <testcase time="0.00600000000000023" classname="ocPostprobDist" name="h_get_decisionDist_gives_correct_result_when_nnE_U_2260_nnF"/>
    <testcase time="0.00199999999999534" classname="ocPostprobDist" name="h_get_decisionDist_gives_correct_result_when_nnE_U_2260_nnF"/>
    <testcase time="0.00200000000000244" classname="ocPostprobDist" name="h_get_decisionDist_gives_correct_result_when_nnE_U_2260_nnF"/>
    <testcase time="7.136" classname="ocPostprobDist" name="the_sum_of_Eff_Fut_Gray_zone_probabiliy_is_1"/>
    <testcase time="0.00399999999999778" classname="ocPostprobDist" name="the_sum_of_Eff_Fut_Gray_zone_probabiliy_is_1"/>
    <testcase time="1.157" classname="ocPostprobDist" name="the_PrFutility_increases_with_increase_futility_looks"/>
    <testcase time="0.745000000000005" classname="ocPostprobDist" name="the_PrFutility_increases_with_increase_futility_looks"/>
    <testcase time="0.00199999999999534" classname="ocPostprobDist" name="the_PrFutility_increases_with_increase_futility_looks"/>
    <testcase time="0.454000000000001" classname="ocPostprobDist" name="the_PrEfficacy_increases_with_increase_Efficacy_looks"/>
    <testcase time="0.798000000000002" classname="ocPostprobDist" name="the_PrEfficacy_increases_with_increase_Efficacy_looks"/>
    <testcase time="0.00300000000000011" classname="ocPostprobDist" name="the_PrEfficacy_increases_with_increase_Efficacy_looks"/>
  </testsuite>
  <testsuite name="ocPredprob" timestamp="2024-05-18T14:36:02Z" hostname="a62121b28de0" tests="14" skipped="0" failures="0" errors="0" time="16.783">
    <testcase time="0.0180000000000007" classname="ocPredprob" name="h_get_decision_one_predprob_gives_correct_result_and_list"/>
    <testcase time="0.00200000000000244" classname="ocPredprob" name="h_get_decision_one_predprob_gives_correct_result_and_list"/>
    <testcase time="0.000999999999997669" classname="ocPredprob" name="h_get_decision_one_predprob_gives_correct_result_and_list"/>
    <testcase time="0.0110000000000028" classname="ocPredprob" name="h_get_decision_two_predprob_gives_correct_result_and_list"/>
    <testcase time="0.00299999999999301" classname="ocPredprob" name="h_get_decision_two_predprob_gives_correct_result_and_list"/>
    <testcase time="0.00100000000000477" classname="ocPredprob" name="h_get_decision_two_predprob_gives_correct_result_and_list"/>
    <testcase time="0.461999999999996" classname="ocPredprob" name="the_sum_of_Eff_Fut_Gray_zone_probability_is_1"/>
    <testcase time="0.00300000000000011" classname="ocPredprob" name="the_sum_of_Eff_Fut_Gray_zone_probability_is_1"/>
    <testcase time="4.40600000000001" classname="ocPredprob" name="the_PrFutility_increases_with_increase_futility_looks"/>
    <testcase time="4.509" classname="ocPredprob" name="the_PrFutility_increases_with_increase_futility_looks"/>
    <testcase time="0.00399999999999068" classname="ocPredprob" name="the_PrFutility_increases_with_increase_futility_looks"/>
    <testcase time="2.16500000000001" classname="ocPredprob" name="the_PrEfficacy_increases_with_increase_Efficacy_looks"/>
    <testcase time="5.19499999999999" classname="ocPredprob" name="the_PrEfficacy_increases_with_increase_Efficacy_looks"/>
    <testcase time="0.00300000000000011" classname="ocPredprob" name="the_PrEfficacy_increases_with_increase_Efficacy_looks"/>
  </testsuite>
  <testsuite name="ocPredprobDist" timestamp="2024-05-18T14:36:18Z" hostname="a62121b28de0" tests="16" skipped="0" failures="0" errors="0" time="427.954">
    <testcase time="0.0160000000000053" classname="ocPredprobDist" name="h_decision_one_predprobDist_gives_correct_result_and_list"/>
    <testcase time="0.00199999999999534" classname="ocPredprobDist" name="h_decision_one_predprobDist_gives_correct_result_and_list"/>
    <testcase time="0.00100000000000477" classname="ocPredprobDist" name="h_decision_one_predprobDist_gives_correct_result_and_list"/>
    <testcase time="0.0160000000000053" classname="ocPredprobDist" name="h_decision_two_predprobDist_gives_correct_result_and_list"/>
    <testcase time="0.00300000000000011" classname="ocPredprobDist" name="h_decision_two_predprobDist_gives_correct_result_and_list"/>
    <testcase time="0.000999999999990564" classname="ocPredprobDist" name="h_decision_two_predprobDist_gives_correct_result_and_list"/>
    <testcase time="0.007000000000005" classname="ocPredprobDist" name="ocPredprobDist_gives_correct_result_and_list_when_relativeDelta_FALSE"/>
    <testcase time="102.646" classname="ocPredprobDist" name="ocPredprobDist_gives_correct_result_and_list_when_relativeDelta_FALSE"/>
    <testcase time="119.335" classname="ocPredprobDist" name="ocPredprobDist_gives_correct_result_and_list_when_relativeDelta_TRUE"/>
    <testcase time="0.0029999999999859" classname="ocPredprobDist" name="ocPredprobDist_gives_correct_result_and_list_when_relativeDelta_TRUE"/>
    <testcase time="37.069" classname="ocPredprobDist" name="ocPredprobDist_gives_higher_PrFutility_with_more_futility_looks"/>
    <testcase time="122.498" classname="ocPredprobDist" name="ocPredprobDist_gives_higher_PrFutility_with_more_futility_looks"/>
    <testcase time="0.00300000000004275" classname="ocPredprobDist" name="ocPredprobDist_gives_higher_PrFutility_with_more_futility_looks"/>
    <testcase time="12.192" classname="ocPredprobDist" name="ocPredprobDist_gives_higher_PrEfficacy_with_more_efficacy_looks"/>
    <testcase time="34.159" classname="ocPredprobDist" name="ocPredprobDist_gives_higher_PrEfficacy_with_more_efficacy_looks"/>
    <testcase time="0.0029999999999859" classname="ocPredprobDist" name="ocPredprobDist_gives_higher_PrEfficacy_with_more_efficacy_looks"/>
  </testsuite>
  <testsuite name="ocRctPostprobDist" timestamp="2024-05-18T14:43:26Z" hostname="a62121b28de0" tests="24" skipped="0" failures="0" errors="0" time="3.017">
    <testcase time="0.01400000000001" classname="ocRctPostprobDist" name="h_get_decisionDist_rct_gives_correct_result_and_list_when_relativeDelta_TRUE"/>
    <testcase time="0.0029999999999859" classname="ocRctPostprobDist" name="h_get_decisionDist_rct_gives_correct_result_and_list_when_relativeDelta_TRUE"/>
    <testcase time="0.0029999999999859" classname="ocRctPostprobDist" name="h_get_decisionDist_rct_gives_correct_result_and_list_when_relativeDelta_TRUE"/>
    <testcase time="0.00499999999999545" classname="ocRctPostprobDist" name="h_get_decisionDist_rct_gives_correct_result_and_list_when_relativeDelta_TRUE"/>
    <testcase time="0.0010000000000332" classname="ocRctPostprobDist" name="h_get_decisionDist_rct_gives_correct_result_and_list_when_relativeDelta_TRUE"/>
    <testcase time="0.00799999999998136" classname="ocRctPostprobDist" name="h_get_decisionDist_rct_gives_correct_result_and_list_when_relativeDelta_FALSE"/>
    <testcase time="0.0029999999999859" classname="ocRctPostprobDist" name="h_get_decisionDist_rct_gives_correct_result_and_list_when_relativeDelta_FALSE"/>
    <testcase time="0.00300000000004275" classname="ocRctPostprobDist" name="h_get_decisionDist_rct_gives_correct_result_and_list_when_relativeDelta_FALSE"/>
    <testcase time="0.0029999999999859" classname="ocRctPostprobDist" name="h_get_decisionDist_rct_gives_correct_result_and_list_when_relativeDelta_FALSE"/>
    <testcase time="0.000999999999976353" classname="ocRctPostprobDist" name="h_get_decisionDist_rct_gives_correct_result_and_list_when_relativeDelta_FALSE"/>
    <testcase time="0.00499999999999545" classname="ocRctPostprobDist" name="the_ExpectedN_is_within_range_based_on_vector_of_looks"/>
    <testcase time="0.00300000000004275" classname="ocRctPostprobDist" name="the_ExpectedN_is_within_range_based_on_vector_of_looks"/>
    <testcase time="0.0029999999999859" classname="ocRctPostprobDist" name="the_ExpectedN_is_within_range_based_on_vector_of_looks"/>
    <testcase time="0.0029999999999859" classname="ocRctPostprobDist" name="the_ExpectedN_is_within_range_based_on_vector_of_looks"/>
    <testcase time="0.0029999999999859" classname="ocRctPostprobDist" name="the_ExpectedN_is_within_range_based_on_vector_of_looks"/>
    <testcase time="0.00300000000004275" classname="ocRctPostprobDist" name="the_ExpectedN_is_within_range_based_on_vector_of_looks"/>
    <testcase time="0.761999999999944" classname="ocRctPostprobDist" name="the_sum_of_Eff_Fut_Gray_zone_probabiliy_is_1"/>
    <testcase time="0.00300000000004275" classname="ocRctPostprobDist" name="the_sum_of_Eff_Fut_Gray_zone_probabiliy_is_1"/>
    <testcase time="0.70999999999998" classname="ocRctPostprobDist" name="ocRctPostprobDist_gives_higher_PrFutility_with_decreased_pE"/>
    <testcase time="0.701000000000022" classname="ocRctPostprobDist" name="ocRctPostprobDist_gives_higher_PrFutility_with_decreased_pE"/>
    <testcase time="0.0029999999999859" classname="ocRctPostprobDist" name="ocRctPostprobDist_gives_higher_PrFutility_with_decreased_pE"/>
    <testcase time="0.425999999999988" classname="ocRctPostprobDist" name="ocRctPostprobDist_gives_higher_PrEfficacy_with_increased_pE"/>
    <testcase time="0.345000000000027" classname="ocRctPostprobDist" name="ocRctPostprobDist_gives_higher_PrEfficacy_with_increased_pE"/>
    <testcase time="0.0029999999999859" classname="ocRctPostprobDist" name="ocRctPostprobDist_gives_higher_PrEfficacy_with_increased_pE"/>
  </testsuite>
  <testsuite name="ocRctPredprobDist" timestamp="2024-05-18T14:43:29Z" hostname="a62121b28de0" tests="10" skipped="0" failures="0" errors="0" time="0.041">
    <testcase time="0.0129999999999768" classname="ocRctPredprobDist" name="h_decision_one_RctPredProbDist_gives_correct_result_and_list_when_relativeDelta_TRUE"/>
    <testcase time="0.00300000000004275" classname="ocRctPredprobDist" name="h_decision_one_RctPredProbDist_gives_correct_result_and_list_when_relativeDelta_TRUE"/>
    <testcase time="0.0029999999999859" classname="ocRctPredprobDist" name="h_decision_one_RctPredProbDist_gives_correct_result_and_list_when_relativeDelta_TRUE"/>
    <testcase time="0.0029999999999859" classname="ocRctPredprobDist" name="h_decision_one_RctPredProbDist_gives_correct_result_and_list_when_relativeDelta_TRUE"/>
    <testcase time="0.0010000000000332" classname="ocRctPredprobDist" name="h_decision_one_RctPredProbDist_gives_correct_result_and_list_when_relativeDelta_TRUE"/>
    <testcase time="0.00799999999998136" classname="ocRctPredprobDist" name="h_decision_one_RctPredProbDist_gives_correct_result_and_list_when_relativeDelta_FALSE"/>
    <testcase time="0.0029999999999859" classname="ocRctPredprobDist" name="h_decision_one_RctPredProbDist_gives_correct_result_and_list_when_relativeDelta_FALSE"/>
    <testcase time="0.0029999999999859" classname="ocRctPredprobDist" name="h_decision_one_RctPredProbDist_gives_correct_result_and_list_when_relativeDelta_FALSE"/>
    <testcase time="0.00300000000004275" classname="ocRctPredprobDist" name="h_decision_one_RctPredProbDist_gives_correct_result_and_list_when_relativeDelta_FALSE"/>
    <testcase time="0.000999999999976353" classname="ocRctPredprobDist" name="h_decision_one_RctPredProbDist_gives_correct_result_and_list_when_relativeDelta_FALSE"/>
  </testsuite>
  <testsuite name="postprob" timestamp="2024-05-18T14:43:29Z" hostname="a62121b28de0" tests="5" skipped="0" failures="0" errors="0" time="0.033">
    <testcase time="0.00799999999998136" classname="postprob" name="postprobBeta_gives_the_correct_number_result"/>
    <testcase time="0.00499999999999545" classname="postprob" name="postprobBeta_gives_incrementally_higher_values_with_increase_x_support"/>
    <testcase time="0.00600000000002865" classname="postprob" name="postprob_gives_the_correct_number_result"/>
    <testcase time="0.00599999999997181" classname="postprob" name="postprob_gives_the_correct_number_result"/>
    <testcase time="0.0080000000000382" classname="postprob" name="postprob_gives_incrementally_higher_values_with_increased_x"/>
  </testsuite>
  <testsuite name="postprobDist" timestamp="2024-05-18T14:43:29Z" hostname="a62121b28de0" tests="12" skipped="0" failures="0" errors="0" time="0.269">
    <testcase time="0.0229999999999677" classname="postprobDist" name="postprobDist_gives_the_correct_number_result."/>
    <testcase time="0.0370000000000346" classname="postprobDist" name="postprobDist_gives_incrementally_higher_values_with_larger_x"/>
    <testcase time="0.0729999999999791" classname="postprobDist" name="postprobDist_gives_higher_values_with_larger_x_and_returns_identical_result_when_x_is_a_vector"/>
    <testcase time="0.0230000000000246" classname="postprobDist" name="postprobDist_gives_the_correct_result_for_a_beta_mixture"/>
    <testcase time="0.0369999999999777" classname="postprobDist" name="postprobDist_gives_incrementally_higher_values_with_larger_x_for_a_beta_mixture"/>
    <testcase time="0.021000000000015" classname="postprobDist" name="postprobDist_gives_the_correct_result_for_a_weighted_beta_mixture"/>
    <testcase time="0.01400000000001" classname="postprobDist" name="postprobDist_gives_an_error_when_n_is_not_a_number."/>
    <testcase time="0.0159999999999627" classname="postprobDist" name="postprobDist_gives_an_error_when_xS_and_nS_are_not_numbers"/>
    <testcase time="0.00600000000002865" classname="postprobDist" name="h_integrand_relDelta_gives_the_correct_numerical_result_for_a_beta_mixture."/>
    <testcase time="0.00599999999997181" classname="postprobDist" name="h_integrand_relDelta_gives_the_correct_numerical_result_for_a_weighted_beta_mixture."/>
    <testcase time="0.00600000000002865" classname="postprobDist" name="h_integrand_gives_the_correct_numerical_result_for_a_beta_mixture"/>
    <testcase time="0.007000000000005" classname="postprobDist" name="h_integrand_works_as_expected_for_a_weighted_beta_mixture."/>
  </testsuite>
  <testsuite name="predprob" timestamp="2024-05-18T14:43:30Z" hostname="a62121b28de0" tests="10" skipped="0" failures="0" errors="0" time="0.099">
    <testcase time="0.0109999999999673" classname="predprob" name="predprob_gives_correct_result"/>
    <testcase time="0.01400000000001" classname="predprob" name="Higher_thetaT_decreases_predprob"/>
    <testcase time="0.007000000000005" classname="predprob" name="predprob_gives_an_error_when_x_is_a_numeric"/>
    <testcase time="0.00799999999998136" classname="predprob" name="predprob_gives_an_error_when_K_columns_of_weights_exceed_rows_parE"/>
    <testcase time="0.007000000000005" classname="predprob" name="predprob_gives_an_error_when_K_columns_of_weights_is_less_than_rows_parE"/>
    <testcase time="0.0080000000000382" classname="predprob" name="predprob_gives_an_error_when_thetaT_exceeds_1"/>
    <testcase time="0.00899999999995771" classname="predprob" name="predprob_gives_the_correct_numeric_result_with_a_beta_mixture"/>
    <testcase time="0.007000000000005" classname="predprob" name="predprob_gives_an_error_when_x_exceeds_interim_n"/>
    <testcase time="0.0149999999999864" classname="predprob" name="predprob_gives_an_error_when_Nmax_is_less_than_n"/>
    <testcase time="0.0130000000000337" classname="predprob" name="predprob_gives_correct_list"/>
  </testsuite>
  <testsuite name="predprobDist" timestamp="2024-05-18T14:43:30Z" hostname="a62121b28de0" tests="28" skipped="0" failures="0" errors="0" time="9.063">
    <testcase time="0.0989999999999895" classname="predprobDist" name="h_predprobdist_single_arm_gives_correct_results"/>
    <testcase time="0.0029999999999859" classname="predprobDist" name="h_predprobdist_single_arm_gives_correct_results"/>
    <testcase time="0.00200000000000955" classname="predprobDist" name="h_predprobdist_single_arm_gives_correct_results"/>
    <testcase time="0.180999999999983" classname="predprobDist" name="h_predprobdist_single_arm_gives_higher_predictive_probability_when_thetaT_is_lower"/>
    <testcase time="0.100999999999999" classname="predprobDist" name="h_predprobdist_single_arm_gives_correct_list"/>
    <testcase time="1.39699999999999" classname="predprobDist" name="h_predprobdist_gives_correct_list"/>
    <testcase time="0.00300000000004275" classname="predprobDist" name="h_predprobdist_gives_correct_list"/>
    <testcase time="0.000999999999976353" classname="predprobDist" name="h_predprobdist_gives_correct_list"/>
    <testcase time="0.00200000000006639" classname="predprobDist" name="h_predprobdist_gives_correct_list"/>
    <testcase time="0.00299999999992906" classname="predprobDist" name="h_predprobdist_gives_correct_list"/>
    <testcase time="0.000999999999976353" classname="predprobDist" name="h_predprobdist_gives_correct_list"/>
    <testcase time="0.00200000000006639" classname="predprobDist" name="h_predprobdist_gives_correct_list"/>
    <testcase time="0.00299999999992906" classname="predprobDist" name="h_predprobdist_gives_correct_list"/>
    <testcase time="0.00100000000009004" classname="predprobDist" name="h_predprobdist_gives_correct_list"/>
    <testcase time="0.00199999999995271" classname="predprobDist" name="h_predprobdist_gives_correct_list"/>
    <testcase time="0.00300000000004275" classname="predprobDist" name="h_predprobdist_gives_correct_list"/>
    <testcase time="2.755" classname="predprobDist" name="h_predprobdist_gives_higher_predictive_probability_when_thetaT_is_lower"/>
    <testcase time="0.0789999999999509" classname="predprobDist" name="h_predprobdist_gives_correct_results"/>
    <testcase time="0.00200000000006639" classname="predprobDist" name="h_predprobdist_gives_correct_results"/>
    <testcase time="0.00299999999992906" classname="predprobDist" name="h_predprobdist_gives_correct_results"/>
    <testcase time="0.0800000000000409" classname="predprobDist" name="predprobDist_gives_the_correct_results_in_a_single_arm_study"/>
    <testcase time="0.00299999999992906" classname="predprobDist" name="predprobDist_gives_the_correct_results_in_a_single_arm_study"/>
    <testcase time="0.00300000000004275" classname="predprobDist" name="predprobDist_gives_the_correct_results_in_a_single_arm_study"/>
    <testcase time="1.35400000000004" classname="predprobDist" name="predprobDist_gives_the_correct_results_in_a_two_arm_study"/>
    <testcase time="0.00199999999995271" classname="predprobDist" name="predprobDist_gives_the_correct_results_in_a_two_arm_study"/>
    <testcase time="0.00300000000004275" classname="predprobDist" name="predprobDist_gives_the_correct_results_in_a_two_arm_study"/>
    <testcase time="2.77099999999996" classname="predprobDist" name="predprobDist_gives_higher_predictive_probability_when_thetaT_is_lower_in_a_single_arm_trial"/>
    <testcase time="0.204000000000065" classname="predprobDist" name="predprobDist_gives_higher_predictive_probability_when_thetaT_is_lower_in_a_two_arm_trial"/>
  </testsuite>
</testsuites>
