<?xml version="1.0" encoding="UTF-8"?>
<testsuites>
  <testsuite name="helpers" timestamp="2023-08-17T00:04:51Z" hostname="b74839fb7c62" tests="4" skipped="0" failures="0" errors="0" time="0.112">
    <testcase time="0.034" classname="helpers" name="logit_works_as_expected"/>
    <testcase time="0.051" classname="helpers" name="logit_works_as_expected"/>
    <testcase time="0.015" classname="helpers" name="logit_works_as_expected"/>
    <testcase time="0.012" classname="helpers" name="logit_gives_expected_value_for_example_value_0.2"/>
  </testsuite>
</testsuites>
