<?xml version="1.0" encoding="UTF-8"?>
<testsuites>
  <testsuite name="dbetabinom" timestamp="2023-09-20T09:48:25Z" hostname="83e3714638c7" tests="13" skipped="0" failures="0" errors="0" time="0.292">
    <testcase time="0.04" classname="dbetabinom" name="dbetabinom_for_every_x_support_is_between_0_and_1"/>
    <testcase time="0.079" classname="dbetabinom" name="sum_of_the_dbetabinom_values_over_the_whole_support_for_x_is_1"/>
    <testcase time="0.023" classname="dbetabinom" name="dbetabinom_gives_correct_numeric_result"/>
    <testcase time="0.00600000000000001" classname="dbetabinom" name="dbetabinomMix_gives_a_result_between_0_and_1"/>
    <testcase time="0.00800000000000001" classname="dbetabinom" name="dbetabinomMix_gives_the_correct_numeric_result"/>
    <testcase time="0.01" classname="dbetabinom" name="Sum_of_dbetabinomMix_for_all_x_is_1"/>
    <testcase time="0.00900000000000001" classname="dbetabinom" name="dbetabinomMix_gives_the_correct_numeric_result"/>
    <testcase time="0.00800000000000001" classname="dbetabinom" name="pbetaMix_cdf_gives_incrementally_higher_values_with_increase_x_support"/>
    <testcase time="0.00900000000000001" classname="dbetabinom" name="pbetaMix_gives_the_correct_number_result"/>
    <testcase time="0.00800000000000001" classname="dbetabinom" name="The_complement_of_pbetaMix_can_be_derived_with_a_different_lower.tail_flag"/>
    <testcase time="0.011" classname="dbetabinom" name="qbetaMix_gives_the_correct_number_result"/>
    <testcase time="0.011" classname="dbetabinom" name="qbetaMix_gives_the_correct_number_result"/>
    <testcase time="0.07" classname="dbetabinom" name="qbetaMix_gives_a_number_result"/>
  </testsuite>
  <testsuite name="helpers" timestamp="2023-09-20T09:48:25Z" hostname="83e3714638c7" tests="4" skipped="0" failures="0" errors="0" time="0.032">
    <testcase time="0.016" classname="helpers" name="logit_works_as_expected"/>
    <testcase time="0.004" classname="helpers" name="logit_works_as_expected"/>
    <testcase time="0.003" classname="helpers" name="logit_works_as_expected"/>
    <testcase time="0.00900000000000001" classname="helpers" name="logit_gives_expected_value_for_example_value_0.2"/>
  </testsuite>
  <testsuite name="postprob" timestamp="2023-09-20T09:48:25Z" hostname="83e3714638c7" tests="5" skipped="0" failures="0" errors="0" time="0.067">
    <testcase time="0.021" classname="postprob" name="postprobBeta_gives_the_correct_number_result"/>
    <testcase time="0.00800000000000001" classname="postprob" name="postprobBeta_gives_incrementally_higher_values_with_increase_x_support"/>
    <testcase time="0.0119999999999999" classname="postprob" name="postprob_gives_the_correct_number_result"/>
    <testcase time="0.017" classname="postprob" name="postprob_gives_the_correct_number_result"/>
    <testcase time="0.00900000000000001" classname="postprob" name="postprob_gives_incrementally_higher_values_with_increased_x"/>
  </testsuite>
</testsuites>
