<?xml version="1.0" encoding="UTF-8"?>
<testsuites>
  <testsuite name="dbetabinom" timestamp="2023-08-25T08:05:14Z" hostname="852b5b8a9a31" tests="7" skipped="0" failures="0" errors="0" time="0.15">
    <testcase time="0.012" classname="dbetabinom" name="the_dbetabinom_density_for_every_x_support_is_between_0_and_1"/>
    <testcase time="0.081" classname="dbetabinom" name="the_sum_of_the_dbetabinom_density_for_all_x_is_1"/>
    <testcase time="0.023" classname="dbetabinom" name="Beta_binomial_density_has_correct_numeric_result_for_specific_inputs"/>
    <testcase time="0.00700000000000001" classname="dbetabinom" name="the_beta_mixture_has_a_result_between_0_and_1"/>
    <testcase time="0.00800000000000001" classname="dbetabinom" name="the_beta_mixture_density_has_the_correct_numeric_result"/>
    <testcase time="0.01" classname="dbetabinom" name="the_sum_of_the_beta_mixture_density_for_all_x_is_1"/>
    <testcase time="0.00900000000000001" classname="dbetabinom" name="Beta_mixture_density_has_the_correct_numeric_result"/>
  </testsuite>
  <testsuite name="helpers" timestamp="2023-08-25T08:05:14Z" hostname="852b5b8a9a31" tests="4" skipped="0" failures="0" errors="0" time="0.033">
    <testcase time="0.017" classname="helpers" name="logit_works_as_expected"/>
    <testcase time="0.003" classname="helpers" name="logit_works_as_expected"/>
    <testcase time="0.004" classname="helpers" name="logit_works_as_expected"/>
    <testcase time="0.00900000000000001" classname="helpers" name="logit_gives_expected_value_for_example_value_0.2"/>
  </testsuite>
</testsuites>
