<?xml version="1.0" encoding="UTF-8"?>
<testsuites>
  <testsuite name="dbetabinom" timestamp="2023-08-24T14:05:10Z" hostname="73cd115063b4" tests="7" skipped="0" failures="1" errors="1" time="0.517">
    <testcase time="0.016" classname="dbetabinom" name="the_dbetabinom_density_for_every_x_support_is_between_0_and_1"/>
    <testcase time="0.102" classname="dbetabinom" name="the_sum_of_the_dbetabinom_density_for_all_x_is_1"/>
    <testcase time="0.311" classname="dbetabinom" name="Beta_binomial_density_has_correct_numeric_result_for_specific_inputs">
      <failure type="failure" message="`result` (`actual`) not equal to 0.04286893 (`expected`). ('test-dbetabinom.R:15:3')">`result` (`actual`) not equal to 0.04286893 (`expected`).

actual != expected but don't know how to show the difference</failure>
    </testcase>
    <testcase time="0.036" classname="dbetabinom" name="the_beta_mixture_has_a_result_between_0_and_1"/>
    <testcase time="0.016" classname="dbetabinom" name="the_beta_mixture_density_has_the_correct_numeric_result"/>
    <testcase time="0.0130000000000001" classname="dbetabinom" name="the_sum_of_the_beta_mixture_density_for_all_x_is_1"/>
    <testcase time="0.0229999999999999" classname="dbetabinom" name="Beta_mixture_density_has_the_correct_numeric_result">
      <error type="error" message="Error in `dbetabinom(x, m, par[, 1], par[, 2])`: Assertion on 'a' failed: Must have length 1. ('test-dbetabinom.R:47:3')">Error in `dbetabinom(x, m, par[, 1], par[, 2])`: Assertion on 'a' failed: Must have length 1.
Backtrace:
    x
 1. \-base (local) dbetabinomMix(...) at test-dbetabinom.R:47:2
 2.   +-base::do.call(...)
 3.   \-base::mapply(...)
 4.     \-phase1b (local) `&lt;fn&gt;`(x = dots[[1L]][[1L]], m = 29, par = `&lt;dbl[,2]&gt;`, weights = `&lt;dbl&gt;`)
 5.       \-phase1b::dbetabinom(x, m, par[, 1], par[, 2])
 6.         \-checkmate::assert_number(a, lower = 0, finite = TRUE)
 7.           \-checkmate::makeAssertion(x, res, .var.name, add)
 8.             \-checkmate:::mstop(...)</error>
    </testcase>
  </testsuite>
  <testsuite name="helpers" timestamp="2023-08-24T14:05:10Z" hostname="73cd115063b4" tests="4" skipped="0" failures="0" errors="0" time="0.08">
    <testcase time="0.0589999999999999" classname="helpers" name="logit_works_as_expected"/>
    <testcase time="0.00500000000000012" classname="helpers" name="logit_works_as_expected"/>
    <testcase time="0.004" classname="helpers" name="logit_works_as_expected"/>
    <testcase time="0.012" classname="helpers" name="logit_gives_expected_value_for_example_value_0.2"/>
  </testsuite>
</testsuites>
